Sender: LSF System <lsf@node0915>
Subject: Job 9582120: <scrape.1> in cluster <cromwell> Done

Job <scrape.1> was submitted from host <gold> by user <birnbaum> in cluster <cromwell>.
Job was executed on host(s) <node0915>, in queue <hour>, as user <birnbaum> in cluster <cromwell>.
</home/unix/birnbaum> was used as the home directory.
</humgen/atgu1/fs03/birnbaum/cryptic-splice> was used as the working directory.
Started at Thu Jun  2 16:37:40 2016
Results reported on Thu Jun  2 16:47:23 2016

Your job looked like:

------------------------------------------------------------
# LSBATCH: User input
python src/scrape_pubmed_abstracts.py -p data/skip/hgmd_splice_pmids.txt --include "exon skipping" --include "skipping of exon" --exclude "cryptic splice site" --exclude "cryptic donor" --exclude "cryptic acceptor" -o data/skip/scraping_pubmed_chunks/chunk1.txt --chunk 1/30
------------------------------------------------------------

Successfully completed.

Resource usage summary:

    CPU time :               110.60 sec.
    Max Memory :             52 MB
    Average Memory :         49.81 MB
    Total Requested Memory : 750.00 MB
    Delta Memory :           698.00 MB
    (Delta: the difference between Total Requested Memory and Max Memory.)
    Max Processes :          3
    Max Threads :            4

The output (if any) follows:

http://www.ncbi.nlm.nih.gov/pubmed/12966032
http://www.ncbi.nlm.nih.gov/pubmed/20499090
http://www.ncbi.nlm.nih.gov/pubmed/11701718
http://www.ncbi.nlm.nih.gov/pubmed/11062474
http://www.ncbi.nlm.nih.gov/pubmed/20051279
http://www.ncbi.nlm.nih.gov/pubmed/11062474
http://www.ncbi.nlm.nih.gov/pubmed/16938764
http://www.ncbi.nlm.nih.gov/pubmed/23861206
http://www.ncbi.nlm.nih.gov/pubmed/24289292
http://www.ncbi.nlm.nih.gov/pubmed/23633024
http://www.ncbi.nlm.nih.gov/pubmed/23064416
http://www.ncbi.nlm.nih.gov/pubmed/23890588
http://www.ncbi.nlm.nih.gov/pubmed/22959828
invalid literal for int() with base 10: 'NO ID'
http://www.ncbi.nlm.nih.gov/pubmed/23136402
http://www.ncbi.nlm.nih.gov/pubmed/20880529
http://www.ncbi.nlm.nih.gov/pubmed/23685560
http://www.ncbi.nlm.nih.gov/pubmed/12576507
http://www.ncbi.nlm.nih.gov/pubmed/20093111
http://www.ncbi.nlm.nih.gov/pubmed/23685560
http://www.ncbi.nlm.nih.gov/pubmed/10431236
http://www.ncbi.nlm.nih.gov/pubmed/14746569
http://www.ncbi.nlm.nih.gov/pubmed/22453657
http://www.ncbi.nlm.nih.gov/pubmed/22959828
http://www.ncbi.nlm.nih.gov/pubmed/19133158
http://www.ncbi.nlm.nih.gov/pubmed/20800056
http://www.ncbi.nlm.nih.gov/pubmed/17510949
http://www.ncbi.nlm.nih.gov/pubmed/23351586
http://www.ncbi.nlm.nih.gov/pubmed/20070997
http://www.ncbi.nlm.nih.gov/pubmed/19019193
http://www.ncbi.nlm.nih.gov/pubmed/20800056
http://www.ncbi.nlm.nih.gov/pubmed/20880529
http://www.ncbi.nlm.nih.gov/pubmed/19133158
http://www.ncbi.nlm.nih.gov/pubmed/22992804
http://www.ncbi.nlm.nih.gov/pubmed/16007253
http://www.ncbi.nlm.nih.gov/pubmed/23528209
http://www.ncbi.nlm.nih.gov/pubmed/17986308
http://www.ncbi.nlm.nih.gov/pubmed/21729033
http://www.ncbi.nlm.nih.gov/pubmed/22495968
http://www.ncbi.nlm.nih.gov/pubmed/17986308
http://www.ncbi.nlm.nih.gov/pubmed/21729033
http://www.ncbi.nlm.nih.gov/pubmed/15756637
http://www.ncbi.nlm.nih.gov/pubmed/17082782
http://www.ncbi.nlm.nih.gov/pubmed/19944402
http://www.ncbi.nlm.nih.gov/pubmed/16641205
http://www.ncbi.nlm.nih.gov/pubmed/15976379
http://www.ncbi.nlm.nih.gov/pubmed/15976379
http://www.ncbi.nlm.nih.gov/pubmed/16728712
http://www.ncbi.nlm.nih.gov/pubmed/16728712
http://www.ncbi.nlm.nih.gov/pubmed/15976379
http://www.ncbi.nlm.nih.gov/pubmed/22337229
http://www.ncbi.nlm.nih.gov/pubmed/18628224
http://www.ncbi.nlm.nih.gov/pubmed/22455634
http://www.ncbi.nlm.nih.gov/pubmed/15044640
http://www.ncbi.nlm.nih.gov/pubmed/23882696
http://www.ncbi.nlm.nih.gov/pubmed/22427542
http://www.ncbi.nlm.nih.gov/pubmed/22334370
http://www.ncbi.nlm.nih.gov/pubmed/14517951
http://www.ncbi.nlm.nih.gov/pubmed/14517951
http://www.ncbi.nlm.nih.gov/pubmed/23953153
http://www.ncbi.nlm.nih.gov/pubmed/12202497
http://www.ncbi.nlm.nih.gov/pubmed/10958763
http://www.ncbi.nlm.nih.gov/pubmed/11527935
http://www.ncbi.nlm.nih.gov/pubmed/9781034
http://www.ncbi.nlm.nih.gov/pubmed/10874631
http://www.ncbi.nlm.nih.gov/pubmed/9973280
http://www.ncbi.nlm.nih.gov/pubmed/21911583
http://www.ncbi.nlm.nih.gov/pubmed/23755871
http://www.ncbi.nlm.nih.gov/pubmed/10090887
http://www.ncbi.nlm.nih.gov/pubmed/12192456
http://www.ncbi.nlm.nih.gov/pubmed/21911583
http://www.ncbi.nlm.nih.gov/pubmed/15108289
http://www.ncbi.nlm.nih.gov/pubmed/11328725
http://www.ncbi.nlm.nih.gov/pubmed/21911583
http://www.ncbi.nlm.nih.gov/pubmed/10958763
http://www.ncbi.nlm.nih.gov/pubmed/23982839
http://www.ncbi.nlm.nih.gov/pubmed/22229821
http://www.ncbi.nlm.nih.gov/pubmed/23982839
http://www.ncbi.nlm.nih.gov/pubmed/23329737
http://www.ncbi.nlm.nih.gov/pubmed/17982420
invalid literal for int() with base 10: 'HGOL'
http://www.ncbi.nlm.nih.gov/pubmed/16123440
http://www.ncbi.nlm.nih.gov/pubmed/21911583
http://www.ncbi.nlm.nih.gov/pubmed/14517951
http://www.ncbi.nlm.nih.gov/pubmed/21911583
http://www.ncbi.nlm.nih.gov/pubmed/11527935
http://www.ncbi.nlm.nih.gov/pubmed/22264887
http://www.ncbi.nlm.nih.gov/pubmed/24763286
http://www.ncbi.nlm.nih.gov/pubmed/15108289
http://www.ncbi.nlm.nih.gov/pubmed/10958763
http://www.ncbi.nlm.nih.gov/pubmed/9973280
http://www.ncbi.nlm.nih.gov/pubmed/14517951
http://www.ncbi.nlm.nih.gov/pubmed/20029649
http://www.ncbi.nlm.nih.gov/pubmed/11328725
http://www.ncbi.nlm.nih.gov/pubmed/20029649
http://www.ncbi.nlm.nih.gov/pubmed/11846518
http://www.ncbi.nlm.nih.gov/pubmed/23918662
http://www.ncbi.nlm.nih.gov/pubmed/23918662
http://www.ncbi.nlm.nih.gov/pubmed/9466990
http://www.ncbi.nlm.nih.gov/pubmed/23982839
http://www.ncbi.nlm.nih.gov/pubmed/14517951
http://www.ncbi.nlm.nih.gov/pubmed/21911583
http://www.ncbi.nlm.nih.gov/pubmed/15192030
http://www.ncbi.nlm.nih.gov/pubmed/9781034
http://www.ncbi.nlm.nih.gov/pubmed/17982420
http://www.ncbi.nlm.nih.gov/pubmed/22229821
http://www.ncbi.nlm.nih.gov/pubmed/23755871
http://www.ncbi.nlm.nih.gov/pubmed/22229821
http://www.ncbi.nlm.nih.gov/pubmed/23953153
http://www.ncbi.nlm.nih.gov/pubmed/14517951
http://www.ncbi.nlm.nih.gov/pubmed/22229821
http://www.ncbi.nlm.nih.gov/pubmed/23982839
http://www.ncbi.nlm.nih.gov/pubmed/11857735
http://www.ncbi.nlm.nih.gov/pubmed/11846518
http://www.ncbi.nlm.nih.gov/pubmed/10634594
http://www.ncbi.nlm.nih.gov/pubmed/18285826
http://www.ncbi.nlm.nih.gov/pubmed/14517951
http://www.ncbi.nlm.nih.gov/pubmed/10958763
http://www.ncbi.nlm.nih.gov/pubmed/19074458
http://www.ncbi.nlm.nih.gov/pubmed/23918662
http://www.ncbi.nlm.nih.gov/pubmed/23918662
http://www.ncbi.nlm.nih.gov/pubmed/9295268
http://www.ncbi.nlm.nih.gov/pubmed/23918662
http://www.ncbi.nlm.nih.gov/pubmed/22449572
http://www.ncbi.nlm.nih.gov/pubmed/9054934
http://www.ncbi.nlm.nih.gov/pubmed/17982420
http://www.ncbi.nlm.nih.gov/pubmed/17296903
http://www.ncbi.nlm.nih.gov/pubmed/19352439
http://www.ncbi.nlm.nih.gov/pubmed/21911583
http://www.ncbi.nlm.nih.gov/pubmed/23143460
http://www.ncbi.nlm.nih.gov/pubmed/22264887
http://www.ncbi.nlm.nih.gov/pubmed/10958763
invalid literal for int() with base 10: 'HGOL'
http://www.ncbi.nlm.nih.gov/pubmed/15614537
http://www.ncbi.nlm.nih.gov/pubmed/22229821
http://www.ncbi.nlm.nih.gov/pubmed/11328725
http://www.ncbi.nlm.nih.gov/pubmed/10090887
http://www.ncbi.nlm.nih.gov/pubmed/9973280
http://www.ncbi.nlm.nih.gov/pubmed/9466990
http://www.ncbi.nlm.nih.gov/pubmed/21911583
http://www.ncbi.nlm.nih.gov/pubmed/11379881
http://www.ncbi.nlm.nih.gov/pubmed/9973280
http://www.ncbi.nlm.nih.gov/pubmed/22229821
http://www.ncbi.nlm.nih.gov/pubmed/9054934
http://www.ncbi.nlm.nih.gov/pubmed/17325136
http://www.ncbi.nlm.nih.gov/pubmed/10634594
http://www.ncbi.nlm.nih.gov/pubmed/22661472
http://www.ncbi.nlm.nih.gov/pubmed/14517951
http://www.ncbi.nlm.nih.gov/pubmed/23918662
http://www.ncbi.nlm.nih.gov/pubmed/22229821
http://www.ncbi.nlm.nih.gov/pubmed/21911583
http://www.ncbi.nlm.nih.gov/pubmed/21911583
http://www.ncbi.nlm.nih.gov/pubmed/21911583
http://www.ncbi.nlm.nih.gov/pubmed/11328725
http://www.ncbi.nlm.nih.gov/pubmed/21911583
http://www.ncbi.nlm.nih.gov/pubmed/23143460
http://www.ncbi.nlm.nih.gov/pubmed/15192030
http://www.ncbi.nlm.nih.gov/pubmed/9503029
http://www.ncbi.nlm.nih.gov/pubmed/23341817
http://www.ncbi.nlm.nih.gov/pubmed/11702214
http://www.ncbi.nlm.nih.gov/pubmed/10090887
http://www.ncbi.nlm.nih.gov/pubmed/22661472
http://www.ncbi.nlm.nih.gov/pubmed/19265867
http://www.ncbi.nlm.nih.gov/pubmed/11857735
http://www.ncbi.nlm.nih.gov/pubmed/23982839
http://www.ncbi.nlm.nih.gov/pubmed/22427542
http://www.ncbi.nlm.nih.gov/pubmed/23419329
http://www.ncbi.nlm.nih.gov/pubmed/22427542
http://www.ncbi.nlm.nih.gov/pubmed/21911583
http://www.ncbi.nlm.nih.gov/pubmed/19265867
http://www.ncbi.nlm.nih.gov/pubmed/21911583
http://www.ncbi.nlm.nih.gov/pubmed/23279303
http://www.ncbi.nlm.nih.gov/pubmed/24214725
http://www.ncbi.nlm.nih.gov/pubmed/16871584
http://www.ncbi.nlm.nih.gov/pubmed/15300568
http://www.ncbi.nlm.nih.gov/pubmed/18395098
http://www.ncbi.nlm.nih.gov/pubmed/18395098
http://www.ncbi.nlm.nih.gov/pubmed/18395098
http://www.ncbi.nlm.nih.gov/pubmed/17452236
http://www.ncbi.nlm.nih.gov/pubmed/16871584
http://www.ncbi.nlm.nih.gov/pubmed/20232290
http://www.ncbi.nlm.nih.gov/pubmed/21404481
http://www.ncbi.nlm.nih.gov/pubmed/18395098
http://www.ncbi.nlm.nih.gov/pubmed/19845854
http://www.ncbi.nlm.nih.gov/pubmed/20232290
http://www.ncbi.nlm.nih.gov/pubmed/20232290
http://www.ncbi.nlm.nih.gov/pubmed/17414143
http://www.ncbi.nlm.nih.gov/pubmed/19845854
http://www.ncbi.nlm.nih.gov/pubmed/21404481
http://www.ncbi.nlm.nih.gov/pubmed/16039748
http://www.ncbi.nlm.nih.gov/pubmed/18395098
http://www.ncbi.nlm.nih.gov/pubmed/21766090
http://www.ncbi.nlm.nih.gov/pubmed/16871584
http://www.ncbi.nlm.nih.gov/pubmed/23279303
http://www.ncbi.nlm.nih.gov/pubmed/18395098
http://www.ncbi.nlm.nih.gov/pubmed/16871584
http://www.ncbi.nlm.nih.gov/pubmed/20422496
http://www.ncbi.nlm.nih.gov/pubmed/23022423
http://www.ncbi.nlm.nih.gov/pubmed/11313315
http://www.ncbi.nlm.nih.gov/pubmed/15077010
http://www.ncbi.nlm.nih.gov/pubmed/15077010
http://www.ncbi.nlm.nih.gov/pubmed/15077010
http://www.ncbi.nlm.nih.gov/pubmed/17187437
http://www.ncbi.nlm.nih.gov/pubmed/15077010
http://www.ncbi.nlm.nih.gov/pubmed/21638239
http://www.ncbi.nlm.nih.gov/pubmed/20422496
http://www.ncbi.nlm.nih.gov/pubmed/19261551
http://www.ncbi.nlm.nih.gov/pubmed/22331132
http://www.ncbi.nlm.nih.gov/pubmed/23352160
http://www.ncbi.nlm.nih.gov/pubmed/24400966
http://www.ncbi.nlm.nih.gov/pubmed/22246506
http://www.ncbi.nlm.nih.gov/pubmed/24400966
http://www.ncbi.nlm.nih.gov/pubmed/9425227
http://www.ncbi.nlm.nih.gov/pubmed/9878557
http://www.ncbi.nlm.nih.gov/pubmed/9425227
http://www.ncbi.nlm.nih.gov/pubmed/23429660
http://www.ncbi.nlm.nih.gov/pubmed/15777714
http://www.ncbi.nlm.nih.gov/pubmed/16835894
http://www.ncbi.nlm.nih.gov/pubmed/15894595
http://www.ncbi.nlm.nih.gov/pubmed/15894595
http://www.ncbi.nlm.nih.gov/pubmed/17617515
http://www.ncbi.nlm.nih.gov/pubmed/17617515
http://www.ncbi.nlm.nih.gov/pubmed/10835642
http://www.ncbi.nlm.nih.gov/pubmed/19726431
http://www.ncbi.nlm.nih.gov/pubmed/18157818
http://www.ncbi.nlm.nih.gov/pubmed/16835894
http://www.ncbi.nlm.nih.gov/pubmed/16086317
http://www.ncbi.nlm.nih.gov/pubmed/15086542
http://www.ncbi.nlm.nih.gov/pubmed/16086317
http://www.ncbi.nlm.nih.gov/pubmed/16086317
http://www.ncbi.nlm.nih.gov/pubmed/10811882
http://www.ncbi.nlm.nih.gov/pubmed/16086317
http://www.ncbi.nlm.nih.gov/pubmed/17617515
http://www.ncbi.nlm.nih.gov/pubmed/16835894
http://www.ncbi.nlm.nih.gov/pubmed/23275527
http://www.ncbi.nlm.nih.gov/pubmed/23275527
http://www.ncbi.nlm.nih.gov/pubmed/14715863
http://www.ncbi.nlm.nih.gov/pubmed/21422196
http://www.ncbi.nlm.nih.gov/pubmed/9618169
http://www.ncbi.nlm.nih.gov/pubmed/8751851
http://www.ncbi.nlm.nih.gov/pubmed/23345197
http://www.ncbi.nlm.nih.gov/pubmed/14551916
http://www.ncbi.nlm.nih.gov/pubmed/24401662
http://www.ncbi.nlm.nih.gov/pubmed/20685672
http://www.ncbi.nlm.nih.gov/pubmed/23275527
http://www.ncbi.nlm.nih.gov/pubmed/22876555
http://www.ncbi.nlm.nih.gov/pubmed/15807877
http://www.ncbi.nlm.nih.gov/pubmed/11272144
http://www.ncbi.nlm.nih.gov/pubmed/14692646
http://www.ncbi.nlm.nih.gov/pubmed/20685672
http://www.ncbi.nlm.nih.gov/pubmed/21835061
http://www.ncbi.nlm.nih.gov/pubmed/8635661
http://www.ncbi.nlm.nih.gov/pubmed/9618169
http://www.ncbi.nlm.nih.gov/pubmed/23275527
http://www.ncbi.nlm.nih.gov/pubmed/14551916
http://www.ncbi.nlm.nih.gov/pubmed/8751851
http://www.ncbi.nlm.nih.gov/pubmed/16429405
http://www.ncbi.nlm.nih.gov/pubmed/24401662
http://www.ncbi.nlm.nih.gov/pubmed/23275527
http://www.ncbi.nlm.nih.gov/pubmed/23275527
http://www.ncbi.nlm.nih.gov/pubmed/10720932
http://www.ncbi.nlm.nih.gov/pubmed/10204114
http://www.ncbi.nlm.nih.gov/pubmed/24401662
http://www.ncbi.nlm.nih.gov/pubmed/23275527
http://www.ncbi.nlm.nih.gov/pubmed/23275527
http://www.ncbi.nlm.nih.gov/pubmed/20685672
http://www.ncbi.nlm.nih.gov/pubmed/15562009
http://www.ncbi.nlm.nih.gov/pubmed/16357843
http://www.ncbi.nlm.nih.gov/pubmed/11395395
http://www.ncbi.nlm.nih.gov/pubmed/23652837
http://www.ncbi.nlm.nih.gov/pubmed/23275527
http://www.ncbi.nlm.nih.gov/pubmed/23275527
http://www.ncbi.nlm.nih.gov/pubmed/24401662
http://www.ncbi.nlm.nih.gov/pubmed/23275527
http://www.ncbi.nlm.nih.gov/pubmed/21968111
http://www.ncbi.nlm.nih.gov/pubmed/15807877
http://www.ncbi.nlm.nih.gov/pubmed/10204114
http://www.ncbi.nlm.nih.gov/pubmed/23275527
http://www.ncbi.nlm.nih.gov/pubmed/23345197
http://www.ncbi.nlm.nih.gov/pubmed/22876564
http://www.ncbi.nlm.nih.gov/pubmed/23869231
http://www.ncbi.nlm.nih.gov/pubmed/9618169
http://www.ncbi.nlm.nih.gov/pubmed/7716548
http://www.ncbi.nlm.nih.gov/pubmed/23275527
http://www.ncbi.nlm.nih.gov/pubmed/16429405
http://www.ncbi.nlm.nih.gov/pubmed/24401662
http://www.ncbi.nlm.nih.gov/pubmed/7716548
http://www.ncbi.nlm.nih.gov/pubmed/23345197
http://www.ncbi.nlm.nih.gov/pubmed/10204114
http://www.ncbi.nlm.nih.gov/pubmed/23275527
http://www.ncbi.nlm.nih.gov/pubmed/20943781
http://www.ncbi.nlm.nih.gov/pubmed/23067144
http://www.ncbi.nlm.nih.gov/pubmed/12199344
http://www.ncbi.nlm.nih.gov/pubmed/16429405
http://www.ncbi.nlm.nih.gov/pubmed/20685672
http://www.ncbi.nlm.nih.gov/pubmed/23275527
http://www.ncbi.nlm.nih.gov/pubmed/23345197
http://www.ncbi.nlm.nih.gov/pubmed/19475716
http://www.ncbi.nlm.nih.gov/pubmed/20685672
http://www.ncbi.nlm.nih.gov/pubmed/17236890
http://www.ncbi.nlm.nih.gov/pubmed/23275527
http://www.ncbi.nlm.nih.gov/pubmed/23273570
http://www.ncbi.nlm.nih.gov/pubmed/24401662
http://www.ncbi.nlm.nih.gov/pubmed/21378087
http://www.ncbi.nlm.nih.gov/pubmed/14551916
http://www.ncbi.nlm.nih.gov/pubmed/23861362
http://www.ncbi.nlm.nih.gov/pubmed/11810273
http://www.ncbi.nlm.nih.gov/pubmed/11748843
http://www.ncbi.nlm.nih.gov/pubmed/16996397
invalid literal for int() with base 10: 'LSDB'
http://www.ncbi.nlm.nih.gov/pubmed/15811009
http://www.ncbi.nlm.nih.gov/pubmed/11748843
http://www.ncbi.nlm.nih.gov/pubmed/23300730
invalid literal for int() with base 10: 'LSDB'
http://www.ncbi.nlm.nih.gov/pubmed/7581394
http://www.ncbi.nlm.nih.gov/pubmed/22687851
invalid literal for int() with base 10: 'LSDB'
http://www.ncbi.nlm.nih.gov/pubmed/21700483
http://www.ncbi.nlm.nih.gov/pubmed/23835273
invalid literal for int() with base 10: 'HGOL'
http://www.ncbi.nlm.nih.gov/pubmed/10980539
http://www.ncbi.nlm.nih.gov/pubmed/8040304
http://www.ncbi.nlm.nih.gov/pubmed/11748843
http://www.ncbi.nlm.nih.gov/pubmed/8535452
http://www.ncbi.nlm.nih.gov/pubmed/8651290
http://www.ncbi.nlm.nih.gov/pubmed/10480364
invalid literal for int() with base 10: 'LSDB'
http://www.ncbi.nlm.nih.gov/pubmed/21700483
invalid literal for int() with base 10: 'LSDB'
http://www.ncbi.nlm.nih.gov/pubmed/11810273
invalid literal for int() with base 10: 'LSDB'
invalid literal for int() with base 10: 'LSDB'
http://www.ncbi.nlm.nih.gov/pubmed/8535452
http://www.ncbi.nlm.nih.gov/pubmed/11748843
http://www.ncbi.nlm.nih.gov/pubmed/11748843
http://www.ncbi.nlm.nih.gov/pubmed/1301993
http://www.ncbi.nlm.nih.gov/pubmed/22922874
http://www.ncbi.nlm.nih.gov/pubmed/22922874
http://www.ncbi.nlm.nih.gov/pubmed/24623560
http://www.ncbi.nlm.nih.gov/pubmed/11855938
http://www.ncbi.nlm.nih.gov/pubmed/21729603
http://www.ncbi.nlm.nih.gov/pubmed/11452359
http://www.ncbi.nlm.nih.gov/pubmed/21122093
http://www.ncbi.nlm.nih.gov/pubmed/11590543
http://www.ncbi.nlm.nih.gov/pubmed/18339307
http://www.ncbi.nlm.nih.gov/pubmed/11590543
http://www.ncbi.nlm.nih.gov/pubmed/21122093
http://www.ncbi.nlm.nih.gov/pubmed/20836999
http://www.ncbi.nlm.nih.gov/pubmed/22542437
http://www.ncbi.nlm.nih.gov/pubmed/16291504
http://www.ncbi.nlm.nih.gov/pubmed/22542437
http://www.ncbi.nlm.nih.gov/pubmed/23810226
http://www.ncbi.nlm.nih.gov/pubmed/22542437
http://www.ncbi.nlm.nih.gov/pubmed/22542437
http://www.ncbi.nlm.nih.gov/pubmed/22796001
http://www.ncbi.nlm.nih.gov/pubmed/22630369
http://www.ncbi.nlm.nih.gov/pubmed/16291504
http://www.ncbi.nlm.nih.gov/pubmed/22796001
http://www.ncbi.nlm.nih.gov/pubmed/15171999
http://www.ncbi.nlm.nih.gov/pubmed/22796001
http://www.ncbi.nlm.nih.gov/pubmed/11349232
http://www.ncbi.nlm.nih.gov/pubmed/21083904
http://www.ncbi.nlm.nih.gov/pubmed/22542437
http://www.ncbi.nlm.nih.gov/pubmed/16291504
http://www.ncbi.nlm.nih.gov/pubmed/11349232
http://www.ncbi.nlm.nih.gov/pubmed/21083904
http://www.ncbi.nlm.nih.gov/pubmed/15832312
http://www.ncbi.nlm.nih.gov/pubmed/16926354
http://www.ncbi.nlm.nih.gov/pubmed/11013134
http://www.ncbi.nlm.nih.gov/pubmed/12837870
http://www.ncbi.nlm.nih.gov/pubmed/9973285
http://www.ncbi.nlm.nih.gov/pubmed/21932095
http://www.ncbi.nlm.nih.gov/pubmed/9973285
http://www.ncbi.nlm.nih.gov/pubmed/7479827
http://www.ncbi.nlm.nih.gov/pubmed/23480858
http://www.ncbi.nlm.nih.gov/pubmed/9973285
http://www.ncbi.nlm.nih.gov/pubmed/9973285
http://www.ncbi.nlm.nih.gov/pubmed/21932095
http://www.ncbi.nlm.nih.gov/pubmed/24330285
http://www.ncbi.nlm.nih.gov/pubmed/9709714
http://www.ncbi.nlm.nih.gov/pubmed/23700290
http://www.ncbi.nlm.nih.gov/pubmed/10790204
http://www.ncbi.nlm.nih.gov/pubmed/22847164
http://www.ncbi.nlm.nih.gov/pubmed/20107901
http://www.ncbi.nlm.nih.gov/pubmed/10077518
http://www.ncbi.nlm.nih.gov/pubmed/10077518
http://www.ncbi.nlm.nih.gov/pubmed/9973285
http://www.ncbi.nlm.nih.gov/pubmed/9973285
http://www.ncbi.nlm.nih.gov/pubmed/19208414
http://www.ncbi.nlm.nih.gov/pubmed/1346617
http://www.ncbi.nlm.nih.gov/pubmed/1627655
http://www.ncbi.nlm.nih.gov/pubmed/18511318
http://www.ncbi.nlm.nih.gov/pubmed/8103405
http://www.ncbi.nlm.nih.gov/pubmed/11161836
http://www.ncbi.nlm.nih.gov/pubmed/9090533
http://www.ncbi.nlm.nih.gov/pubmed/7907600
http://www.ncbi.nlm.nih.gov/pubmed/1346617
http://www.ncbi.nlm.nih.gov/pubmed/20046049
http://www.ncbi.nlm.nih.gov/pubmed/20488739
http://www.ncbi.nlm.nih.gov/pubmed/23105016
http://www.ncbi.nlm.nih.gov/pubmed/18854755
http://www.ncbi.nlm.nih.gov/pubmed/22095942
http://www.ncbi.nlm.nih.gov/pubmed/22095942
http://www.ncbi.nlm.nih.gov/pubmed/23560051
http://www.ncbi.nlm.nih.gov/pubmed/17458872
http://www.ncbi.nlm.nih.gov/pubmed/23665959
http://www.ncbi.nlm.nih.gov/pubmed/11889465
http://www.ncbi.nlm.nih.gov/pubmed/11772874
http://www.ncbi.nlm.nih.gov/pubmed/19562689
http://www.ncbi.nlm.nih.gov/pubmed/19562689
http://www.ncbi.nlm.nih.gov/pubmed/19562689
http://www.ncbi.nlm.nih.gov/pubmed/12921789
http://www.ncbi.nlm.nih.gov/pubmed/19562689
http://www.ncbi.nlm.nih.gov/pubmed/21212136
http://www.ncbi.nlm.nih.gov/pubmed/19639654
http://www.ncbi.nlm.nih.gov/pubmed/15024723
http://www.ncbi.nlm.nih.gov/pubmed/16690726
http://www.ncbi.nlm.nih.gov/pubmed/18495117
http://www.ncbi.nlm.nih.gov/pubmed/16752392
http://www.ncbi.nlm.nih.gov/pubmed/17425869
http://www.ncbi.nlm.nih.gov/pubmed/17384219
http://www.ncbi.nlm.nih.gov/pubmed/24196379
http://www.ncbi.nlm.nih.gov/pubmed/16525724
http://www.ncbi.nlm.nih.gov/pubmed/16429404
http://www.ncbi.nlm.nih.gov/pubmed/16705692
http://www.ncbi.nlm.nih.gov/pubmed/21158752
http://www.ncbi.nlm.nih.gov/pubmed/15024723
http://www.ncbi.nlm.nih.gov/pubmed/16705692
http://www.ncbi.nlm.nih.gov/pubmed/18673552
http://www.ncbi.nlm.nih.gov/pubmed/16705692
http://www.ncbi.nlm.nih.gov/pubmed/16752392
http://www.ncbi.nlm.nih.gov/pubmed/16429404
http://www.ncbi.nlm.nih.gov/pubmed/15712270
http://www.ncbi.nlm.nih.gov/pubmed/23736532
http://www.ncbi.nlm.nih.gov/pubmed/16542389
http://www.ncbi.nlm.nih.gov/pubmed/18673552
http://www.ncbi.nlm.nih.gov/pubmed/16465618
http://www.ncbi.nlm.nih.gov/pubmed/8227344
http://www.ncbi.nlm.nih.gov/pubmed/8227344
http://www.ncbi.nlm.nih.gov/pubmed/11807006
http://www.ncbi.nlm.nih.gov/pubmed/8178821
http://www.ncbi.nlm.nih.gov/pubmed/3182793
http://www.ncbi.nlm.nih.gov/pubmed/7599635
http://www.ncbi.nlm.nih.gov/pubmed/8227344
http://www.ncbi.nlm.nih.gov/pubmed/8501134
http://www.ncbi.nlm.nih.gov/pubmed/21664875
http://www.ncbi.nlm.nih.gov/pubmed/23666529
http://www.ncbi.nlm.nih.gov/pubmed/19409519
http://www.ncbi.nlm.nih.gov/pubmed/19409519
http://www.ncbi.nlm.nih.gov/pubmed/15368195
http://www.ncbi.nlm.nih.gov/pubmed/15368195
http://www.ncbi.nlm.nih.gov/pubmed/22529288
http://www.ncbi.nlm.nih.gov/pubmed/14563640
http://www.ncbi.nlm.nih.gov/pubmed/22529288
http://www.ncbi.nlm.nih.gov/pubmed/15009458
http://www.ncbi.nlm.nih.gov/pubmed/11586351
http://www.ncbi.nlm.nih.gov/pubmed/22488907
http://www.ncbi.nlm.nih.gov/pubmed/15126318
http://www.ncbi.nlm.nih.gov/pubmed/14563640
http://www.ncbi.nlm.nih.gov/pubmed/14563640
http://www.ncbi.nlm.nih.gov/pubmed/15367436


PS:

Read file <data/skip/scraping_pubmed_chunks/logs/chunk1.e> for stderr output of this job.

