Sender: LSF System <lsf@node0909>
Subject: Job 9582136: <scrape.17> in cluster <cromwell> Done

Job <scrape.17> was submitted from host <gold> by user <birnbaum> in cluster <cromwell>.
Job was executed on host(s) <node0909>, in queue <hour>, as user <birnbaum> in cluster <cromwell>.
</home/unix/birnbaum> was used as the home directory.
</humgen/atgu1/fs03/birnbaum/cryptic-splice> was used as the working directory.
Started at Thu Jun  2 16:37:57 2016
Results reported on Thu Jun  2 16:48:06 2016

Your job looked like:

------------------------------------------------------------
# LSBATCH: User input
python src/scrape_pubmed_abstracts.py -p data/skip/hgmd_splice_pmids.txt --include "exon skipping" --include "skipping of exon" --exclude "cryptic splice site" --exclude "cryptic donor" --exclude "cryptic acceptor" -o data/skip/scraping_pubmed_chunks/chunk17.txt --chunk 17/30
------------------------------------------------------------

Successfully completed.

Resource usage summary:

    CPU time :               110.75 sec.
    Max Memory :             56 MB
    Average Memory :         52.50 MB
    Total Requested Memory : 750.00 MB
    Delta Memory :           694.00 MB
    (Delta: the difference between Total Requested Memory and Max Memory.)
    Max Processes :          3
    Max Threads :            4

The output (if any) follows:

http://www.ncbi.nlm.nih.gov/pubmed/12810002
http://www.ncbi.nlm.nih.gov/pubmed/24058906
http://www.ncbi.nlm.nih.gov/pubmed/12404106
http://www.ncbi.nlm.nih.gov/pubmed/24689081
http://www.ncbi.nlm.nih.gov/pubmed/12854741
http://www.ncbi.nlm.nih.gov/pubmed/23595507
http://www.ncbi.nlm.nih.gov/pubmed/24689081
http://www.ncbi.nlm.nih.gov/pubmed/12404106
http://www.ncbi.nlm.nih.gov/pubmed/23595507
http://www.ncbi.nlm.nih.gov/pubmed/23595507
http://www.ncbi.nlm.nih.gov/pubmed/23595507
http://www.ncbi.nlm.nih.gov/pubmed/10545614
http://www.ncbi.nlm.nih.gov/pubmed/14755725
http://www.ncbi.nlm.nih.gov/pubmed/15079030
http://www.ncbi.nlm.nih.gov/pubmed/10508515
http://www.ncbi.nlm.nih.gov/pubmed/14755725
http://www.ncbi.nlm.nih.gov/pubmed/23595507
http://www.ncbi.nlm.nih.gov/pubmed/10508515
http://www.ncbi.nlm.nih.gov/pubmed/17043900
http://www.ncbi.nlm.nih.gov/pubmed/23595507
http://www.ncbi.nlm.nih.gov/pubmed/14755725
http://www.ncbi.nlm.nih.gov/pubmed/18300272
http://www.ncbi.nlm.nih.gov/pubmed/23595507
http://www.ncbi.nlm.nih.gov/pubmed/21029238
http://www.ncbi.nlm.nih.gov/pubmed/12404106
http://www.ncbi.nlm.nih.gov/pubmed/19099113
http://www.ncbi.nlm.nih.gov/pubmed/17277691
http://www.ncbi.nlm.nih.gov/pubmed/24689081
http://www.ncbi.nlm.nih.gov/pubmed/15079030
http://www.ncbi.nlm.nih.gov/pubmed/11222804
http://www.ncbi.nlm.nih.gov/pubmed/12854741
http://www.ncbi.nlm.nih.gov/pubmed/24466005
http://www.ncbi.nlm.nih.gov/pubmed/24689081
http://www.ncbi.nlm.nih.gov/pubmed/23806994
http://www.ncbi.nlm.nih.gov/pubmed/24689081
http://www.ncbi.nlm.nih.gov/pubmed/10814716
http://www.ncbi.nlm.nih.gov/pubmed/21029238
http://www.ncbi.nlm.nih.gov/pubmed/11558869
http://www.ncbi.nlm.nih.gov/pubmed/11558869
http://www.ncbi.nlm.nih.gov/pubmed/12406346
http://www.ncbi.nlm.nih.gov/pubmed/11286630
http://www.ncbi.nlm.nih.gov/pubmed/20302579
http://www.ncbi.nlm.nih.gov/pubmed/20798280
http://www.ncbi.nlm.nih.gov/pubmed/20798280
http://www.ncbi.nlm.nih.gov/pubmed/20798280
http://www.ncbi.nlm.nih.gov/pubmed/20798280
http://www.ncbi.nlm.nih.gov/pubmed/24626314
http://www.ncbi.nlm.nih.gov/pubmed/8875963
http://www.ncbi.nlm.nih.gov/pubmed/12655565
http://www.ncbi.nlm.nih.gov/pubmed/21375516
http://www.ncbi.nlm.nih.gov/pubmed/9405442
http://www.ncbi.nlm.nih.gov/pubmed/10234505
http://www.ncbi.nlm.nih.gov/pubmed/12655565
http://www.ncbi.nlm.nih.gov/pubmed/20199538
http://www.ncbi.nlm.nih.gov/pubmed/21375516
http://www.ncbi.nlm.nih.gov/pubmed/15099398
http://www.ncbi.nlm.nih.gov/pubmed/21326300
http://www.ncbi.nlm.nih.gov/pubmed/21326300
http://www.ncbi.nlm.nih.gov/pubmed/21326300
http://www.ncbi.nlm.nih.gov/pubmed/21326300
http://www.ncbi.nlm.nih.gov/pubmed/22668561
http://www.ncbi.nlm.nih.gov/pubmed/21188418
http://www.ncbi.nlm.nih.gov/pubmed/23397986
http://www.ncbi.nlm.nih.gov/pubmed/24463508
http://www.ncbi.nlm.nih.gov/pubmed/19846429
http://www.ncbi.nlm.nih.gov/pubmed/19846429
http://www.ncbi.nlm.nih.gov/pubmed/7823673
http://www.ncbi.nlm.nih.gov/pubmed/7762552
http://www.ncbi.nlm.nih.gov/pubmed/8826452
http://www.ncbi.nlm.nih.gov/pubmed/9521424
http://www.ncbi.nlm.nih.gov/pubmed/19846429
http://www.ncbi.nlm.nih.gov/pubmed/9521424
http://www.ncbi.nlm.nih.gov/pubmed/19846429
http://www.ncbi.nlm.nih.gov/pubmed/10797421
http://www.ncbi.nlm.nih.gov/pubmed/19846429
http://www.ncbi.nlm.nih.gov/pubmed/17328266
http://www.ncbi.nlm.nih.gov/pubmed/23820807
http://www.ncbi.nlm.nih.gov/pubmed/17328266
http://www.ncbi.nlm.nih.gov/pubmed/19846429
http://www.ncbi.nlm.nih.gov/pubmed/15148591
http://www.ncbi.nlm.nih.gov/pubmed/19846429
http://www.ncbi.nlm.nih.gov/pubmed/10797421
http://www.ncbi.nlm.nih.gov/pubmed/1303258
http://www.ncbi.nlm.nih.gov/pubmed/19846429
http://www.ncbi.nlm.nih.gov/pubmed/17328266
http://www.ncbi.nlm.nih.gov/pubmed/9452098
http://www.ncbi.nlm.nih.gov/pubmed/17328266
http://www.ncbi.nlm.nih.gov/pubmed/19846429
http://www.ncbi.nlm.nih.gov/pubmed/9195224
http://www.ncbi.nlm.nih.gov/pubmed/23820807
http://www.ncbi.nlm.nih.gov/pubmed/15108295
http://www.ncbi.nlm.nih.gov/pubmed/24690944
http://www.ncbi.nlm.nih.gov/pubmed/21271669
http://www.ncbi.nlm.nih.gov/pubmed/7762552
http://www.ncbi.nlm.nih.gov/pubmed/19846429
http://www.ncbi.nlm.nih.gov/pubmed/17328266
http://www.ncbi.nlm.nih.gov/pubmed/10797421
http://www.ncbi.nlm.nih.gov/pubmed/10797421
http://www.ncbi.nlm.nih.gov/pubmed/17328266
http://www.ncbi.nlm.nih.gov/pubmed/8069317
http://www.ncbi.nlm.nih.gov/pubmed/19846429
http://www.ncbi.nlm.nih.gov/pubmed/15108295
http://www.ncbi.nlm.nih.gov/pubmed/15108295
http://www.ncbi.nlm.nih.gov/pubmed/9300653
http://www.ncbi.nlm.nih.gov/pubmed/10797421
http://www.ncbi.nlm.nih.gov/pubmed/19846429
http://www.ncbi.nlm.nih.gov/pubmed/17328266
http://www.ncbi.nlm.nih.gov/pubmed/10797421
http://www.ncbi.nlm.nih.gov/pubmed/9195224
http://www.ncbi.nlm.nih.gov/pubmed/9643285
http://www.ncbi.nlm.nih.gov/pubmed/19846429
http://www.ncbi.nlm.nih.gov/pubmed/10797421
http://www.ncbi.nlm.nih.gov/pubmed/10797421
http://www.ncbi.nlm.nih.gov/pubmed/15108295
http://www.ncbi.nlm.nih.gov/pubmed/9300653
http://www.ncbi.nlm.nih.gov/pubmed/9300653
http://www.ncbi.nlm.nih.gov/pubmed/16134148
http://www.ncbi.nlm.nih.gov/pubmed/19911013
http://www.ncbi.nlm.nih.gov/pubmed/20052767
http://www.ncbi.nlm.nih.gov/pubmed/19005678
http://www.ncbi.nlm.nih.gov/pubmed/15385440
http://www.ncbi.nlm.nih.gov/pubmed/20052767
http://www.ncbi.nlm.nih.gov/pubmed/15385440
http://www.ncbi.nlm.nih.gov/pubmed/16134148
http://www.ncbi.nlm.nih.gov/pubmed/20052767
http://www.ncbi.nlm.nih.gov/pubmed/11938437
http://www.ncbi.nlm.nih.gov/pubmed/20207543
http://www.ncbi.nlm.nih.gov/pubmed/20207543
http://www.ncbi.nlm.nih.gov/pubmed/11287370
http://www.ncbi.nlm.nih.gov/pubmed/20207543
http://www.ncbi.nlm.nih.gov/pubmed/20207543
http://www.ncbi.nlm.nih.gov/pubmed/21922472
http://www.ncbi.nlm.nih.gov/pubmed/11938437
http://www.ncbi.nlm.nih.gov/pubmed/20207543
http://www.ncbi.nlm.nih.gov/pubmed/9158149
http://www.ncbi.nlm.nih.gov/pubmed/9829280
http://www.ncbi.nlm.nih.gov/pubmed/20207543
http://www.ncbi.nlm.nih.gov/pubmed/17765811
http://www.ncbi.nlm.nih.gov/pubmed/7550355
http://www.ncbi.nlm.nih.gov/pubmed/23042115
http://www.ncbi.nlm.nih.gov/pubmed/18700894
http://www.ncbi.nlm.nih.gov/pubmed/20207543
http://www.ncbi.nlm.nih.gov/pubmed/12552556
http://www.ncbi.nlm.nih.gov/pubmed/10611118
http://www.ncbi.nlm.nih.gov/pubmed/9541105
http://www.ncbi.nlm.nih.gov/pubmed/18700894
http://www.ncbi.nlm.nih.gov/pubmed/20207543
http://www.ncbi.nlm.nih.gov/pubmed/20207543
http://www.ncbi.nlm.nih.gov/pubmed/20207543
http://www.ncbi.nlm.nih.gov/pubmed/17949279
http://www.ncbi.nlm.nih.gov/pubmed/24225367
http://www.ncbi.nlm.nih.gov/pubmed/20207543
http://www.ncbi.nlm.nih.gov/pubmed/10611118
http://www.ncbi.nlm.nih.gov/pubmed/20207543
http://www.ncbi.nlm.nih.gov/pubmed/11938437
http://www.ncbi.nlm.nih.gov/pubmed/20207543
http://www.ncbi.nlm.nih.gov/pubmed/16473856
invalid literal for int() with base 10: 'HGOL'
http://www.ncbi.nlm.nih.gov/pubmed/15373767
http://www.ncbi.nlm.nih.gov/pubmed/11810295
http://www.ncbi.nlm.nih.gov/pubmed/11810295
http://www.ncbi.nlm.nih.gov/pubmed/11810295
http://www.ncbi.nlm.nih.gov/pubmed/23472759
http://www.ncbi.nlm.nih.gov/pubmed/18672223
http://www.ncbi.nlm.nih.gov/pubmed/20507940
http://www.ncbi.nlm.nih.gov/pubmed/17256789
http://www.ncbi.nlm.nih.gov/pubmed/18672223
http://www.ncbi.nlm.nih.gov/pubmed/20556798
http://www.ncbi.nlm.nih.gov/pubmed/20556798
http://www.ncbi.nlm.nih.gov/pubmed/24032283
http://www.ncbi.nlm.nih.gov/pubmed/11810295
http://www.ncbi.nlm.nih.gov/pubmed/9583749
http://www.ncbi.nlm.nih.gov/pubmed/9856852
http://www.ncbi.nlm.nih.gov/pubmed/10951252
http://www.ncbi.nlm.nih.gov/pubmed/9242513
http://www.ncbi.nlm.nih.gov/pubmed/21801158
http://www.ncbi.nlm.nih.gov/pubmed/15311214
http://www.ncbi.nlm.nih.gov/pubmed/11810295
http://www.ncbi.nlm.nih.gov/pubmed/21801158
http://www.ncbi.nlm.nih.gov/pubmed/11023379
http://www.ncbi.nlm.nih.gov/pubmed/16473856
http://www.ncbi.nlm.nih.gov/pubmed/16473856
http://www.ncbi.nlm.nih.gov/pubmed/11023379
http://www.ncbi.nlm.nih.gov/pubmed/9242513
http://www.ncbi.nlm.nih.gov/pubmed/7550237
http://www.ncbi.nlm.nih.gov/pubmed/9085255
http://www.ncbi.nlm.nih.gov/pubmed/11564184
http://www.ncbi.nlm.nih.gov/pubmed/11279058
http://www.ncbi.nlm.nih.gov/pubmed/7861013
http://www.ncbi.nlm.nih.gov/pubmed/8012393
http://www.ncbi.nlm.nih.gov/pubmed/23585368
http://www.ncbi.nlm.nih.gov/pubmed/23160955
http://www.ncbi.nlm.nih.gov/pubmed/21070164
http://www.ncbi.nlm.nih.gov/pubmed/15673802
http://www.ncbi.nlm.nih.gov/pubmed/15673802
http://www.ncbi.nlm.nih.gov/pubmed/21415759
http://www.ncbi.nlm.nih.gov/pubmed/10972294
http://www.ncbi.nlm.nih.gov/pubmed/10972294
http://www.ncbi.nlm.nih.gov/pubmed/15673802
http://www.ncbi.nlm.nih.gov/pubmed/18004770
http://www.ncbi.nlm.nih.gov/pubmed/21415759
http://www.ncbi.nlm.nih.gov/pubmed/15673802
http://www.ncbi.nlm.nih.gov/pubmed/14598234
http://www.ncbi.nlm.nih.gov/pubmed/18990578
http://www.ncbi.nlm.nih.gov/pubmed/18061453
http://www.ncbi.nlm.nih.gov/pubmed/22865819
http://www.ncbi.nlm.nih.gov/pubmed/12118250
http://www.ncbi.nlm.nih.gov/pubmed/14617022
http://www.ncbi.nlm.nih.gov/pubmed/12118250
http://www.ncbi.nlm.nih.gov/pubmed/12118250
http://www.ncbi.nlm.nih.gov/pubmed/24144451
http://www.ncbi.nlm.nih.gov/pubmed/18334959
http://www.ncbi.nlm.nih.gov/pubmed/8755645
http://www.ncbi.nlm.nih.gov/pubmed/7944300
http://www.ncbi.nlm.nih.gov/pubmed/19717150
invalid literal for int() with base 10: 'LSDB'
http://www.ncbi.nlm.nih.gov/pubmed/12436241
http://www.ncbi.nlm.nih.gov/pubmed/22881376
http://www.ncbi.nlm.nih.gov/pubmed/22698793
http://www.ncbi.nlm.nih.gov/pubmed/10200052
http://www.ncbi.nlm.nih.gov/pubmed/20145306
http://www.ncbi.nlm.nih.gov/pubmed/21722902
http://www.ncbi.nlm.nih.gov/pubmed/9974426
http://www.ncbi.nlm.nih.gov/pubmed/7635461
http://www.ncbi.nlm.nih.gov/pubmed/17964958
http://www.ncbi.nlm.nih.gov/pubmed/22353362
http://www.ncbi.nlm.nih.gov/pubmed/16250003
http://www.ncbi.nlm.nih.gov/pubmed/12052488
http://www.ncbi.nlm.nih.gov/pubmed/20809525
http://www.ncbi.nlm.nih.gov/pubmed/7616128
http://www.ncbi.nlm.nih.gov/pubmed/10532689
http://www.ncbi.nlm.nih.gov/pubmed/11916007
http://www.ncbi.nlm.nih.gov/pubmed/7635482
http://www.ncbi.nlm.nih.gov/pubmed/19318025
http://www.ncbi.nlm.nih.gov/pubmed/20809525
http://www.ncbi.nlm.nih.gov/pubmed/10206683
http://www.ncbi.nlm.nih.gov/pubmed/16159606
http://www.ncbi.nlm.nih.gov/pubmed/9763532
http://www.ncbi.nlm.nih.gov/pubmed/15576851
http://www.ncbi.nlm.nih.gov/pubmed/16159606
http://www.ncbi.nlm.nih.gov/pubmed/20809525
http://www.ncbi.nlm.nih.gov/pubmed/17539906
http://www.ncbi.nlm.nih.gov/pubmed/15556094
http://www.ncbi.nlm.nih.gov/pubmed/10790219
http://www.ncbi.nlm.nih.gov/pubmed/11668640
http://www.ncbi.nlm.nih.gov/pubmed/7583548
http://www.ncbi.nlm.nih.gov/pubmed/20145306
http://www.ncbi.nlm.nih.gov/pubmed/17347910
http://www.ncbi.nlm.nih.gov/pubmed/8828981
http://www.ncbi.nlm.nih.gov/pubmed/17347910
http://www.ncbi.nlm.nih.gov/pubmed/23375686
http://www.ncbi.nlm.nih.gov/pubmed/19318025
http://www.ncbi.nlm.nih.gov/pubmed/16389549
http://www.ncbi.nlm.nih.gov/pubmed/16792510
http://www.ncbi.nlm.nih.gov/pubmed/20703241
http://www.ncbi.nlm.nih.gov/pubmed/12522687
http://www.ncbi.nlm.nih.gov/pubmed/10208479
http://www.ncbi.nlm.nih.gov/pubmed/20809525
http://www.ncbi.nlm.nih.gov/pubmed/11313767
http://www.ncbi.nlm.nih.gov/pubmed/10441197
http://www.ncbi.nlm.nih.gov/pubmed/8882879
http://www.ncbi.nlm.nih.gov/pubmed/22698793
http://www.ncbi.nlm.nih.gov/pubmed/7545204
http://www.ncbi.nlm.nih.gov/pubmed/16389549
http://www.ncbi.nlm.nih.gov/pubmed/20809525
http://www.ncbi.nlm.nih.gov/pubmed/12436241
http://www.ncbi.nlm.nih.gov/pubmed/11317362
http://www.ncbi.nlm.nih.gov/pubmed/19318025
http://www.ncbi.nlm.nih.gov/pubmed/15241806
http://www.ncbi.nlm.nih.gov/pubmed/9974426
http://www.ncbi.nlm.nih.gov/pubmed/19827648
http://www.ncbi.nlm.nih.gov/pubmed/10735632
http://www.ncbi.nlm.nih.gov/pubmed/15823276
http://www.ncbi.nlm.nih.gov/pubmed/17426749
invalid literal for int() with base 10: 'LSDB'
http://www.ncbi.nlm.nih.gov/pubmed/8141835
http://www.ncbi.nlm.nih.gov/pubmed/16465405
http://www.ncbi.nlm.nih.gov/pubmed/10206683
http://www.ncbi.nlm.nih.gov/pubmed/17765246
http://www.ncbi.nlm.nih.gov/pubmed/20809525
http://www.ncbi.nlm.nih.gov/pubmed/8844215
http://www.ncbi.nlm.nih.gov/pubmed/16250003
http://www.ncbi.nlm.nih.gov/pubmed/10441197
http://www.ncbi.nlm.nih.gov/pubmed/17347910
http://www.ncbi.nlm.nih.gov/pubmed/15576851
http://www.ncbi.nlm.nih.gov/pubmed/9259195
http://www.ncbi.nlm.nih.gov/pubmed/12436241
http://www.ncbi.nlm.nih.gov/pubmed/7718019
http://www.ncbi.nlm.nih.gov/pubmed/11317362
http://www.ncbi.nlm.nih.gov/pubmed/7616128
http://www.ncbi.nlm.nih.gov/pubmed/8829662
http://www.ncbi.nlm.nih.gov/pubmed/16806138
http://www.ncbi.nlm.nih.gov/pubmed/12436241
http://www.ncbi.nlm.nih.gov/pubmed/7616128
http://www.ncbi.nlm.nih.gov/pubmed/17765246
http://www.ncbi.nlm.nih.gov/pubmed/11668627
http://www.ncbi.nlm.nih.gov/pubmed/16250003
http://www.ncbi.nlm.nih.gov/pubmed/9452078
http://www.ncbi.nlm.nih.gov/pubmed/18400033
http://www.ncbi.nlm.nih.gov/pubmed/11668640
http://www.ncbi.nlm.nih.gov/pubmed/16542394
http://www.ncbi.nlm.nih.gov/pubmed/20809525
http://www.ncbi.nlm.nih.gov/pubmed/9222758
http://www.ncbi.nlm.nih.gov/pubmed/21722902
http://www.ncbi.nlm.nih.gov/pubmed/21310417
http://www.ncbi.nlm.nih.gov/pubmed/23833242
http://www.ncbi.nlm.nih.gov/pubmed/22881376
http://www.ncbi.nlm.nih.gov/pubmed/17765246
http://www.ncbi.nlm.nih.gov/pubmed/16389549
http://www.ncbi.nlm.nih.gov/pubmed/20809525
http://www.ncbi.nlm.nih.gov/pubmed/20809525
http://www.ncbi.nlm.nih.gov/pubmed/20809525
http://www.ncbi.nlm.nih.gov/pubmed/19208450
http://www.ncbi.nlm.nih.gov/pubmed/20145306
http://www.ncbi.nlm.nih.gov/pubmed/12436241
http://www.ncbi.nlm.nih.gov/pubmed/15241806
http://www.ncbi.nlm.nih.gov/pubmed/10422804
http://www.ncbi.nlm.nih.gov/pubmed/15359125
http://www.ncbi.nlm.nih.gov/pubmed/20145306
http://www.ncbi.nlm.nih.gov/pubmed/20809525
http://www.ncbi.nlm.nih.gov/pubmed/17765246
http://www.ncbi.nlm.nih.gov/pubmed/12436241
http://www.ncbi.nlm.nih.gov/pubmed/18239150
http://www.ncbi.nlm.nih.gov/pubmed/14974088
http://www.ncbi.nlm.nih.gov/pubmed/15199436
http://www.ncbi.nlm.nih.gov/pubmed/20145306
http://www.ncbi.nlm.nih.gov/pubmed/11472756
http://www.ncbi.nlm.nih.gov/pubmed/17539906
http://www.ncbi.nlm.nih.gov/pubmed/10487495
http://www.ncbi.nlm.nih.gov/pubmed/8697568
http://www.ncbi.nlm.nih.gov/pubmed/17426749
http://www.ncbi.nlm.nih.gov/pubmed/18355452
http://www.ncbi.nlm.nih.gov/pubmed/12436241
http://www.ncbi.nlm.nih.gov/pubmed/15998910
http://www.ncbi.nlm.nih.gov/pubmed/15823288
http://www.ncbi.nlm.nih.gov/pubmed/19208450
http://www.ncbi.nlm.nih.gov/pubmed/17335829
http://www.ncbi.nlm.nih.gov/pubmed/11668627
invalid literal for int() with base 10: 'LSDB'
http://www.ncbi.nlm.nih.gov/pubmed/20145306
http://www.ncbi.nlm.nih.gov/pubmed/8314561
http://www.ncbi.nlm.nih.gov/pubmed/22881376
http://www.ncbi.nlm.nih.gov/pubmed/11196104
http://www.ncbi.nlm.nih.gov/pubmed/19411563
http://www.ncbi.nlm.nih.gov/pubmed/9254862
http://www.ncbi.nlm.nih.gov/pubmed/19318025
http://www.ncbi.nlm.nih.gov/pubmed/23555315
http://www.ncbi.nlm.nih.gov/pubmed/12016260
http://www.ncbi.nlm.nih.gov/pubmed/15599766
http://www.ncbi.nlm.nih.gov/pubmed/12417523
http://www.ncbi.nlm.nih.gov/pubmed/17223882
http://www.ncbi.nlm.nih.gov/pubmed/17505164
http://www.ncbi.nlm.nih.gov/pubmed/21985280
http://www.ncbi.nlm.nih.gov/pubmed/9745435
http://www.ncbi.nlm.nih.gov/pubmed/24319006
http://www.ncbi.nlm.nih.gov/pubmed/9537324
http://www.ncbi.nlm.nih.gov/pubmed/23949901
http://www.ncbi.nlm.nih.gov/pubmed/21667357
http://www.ncbi.nlm.nih.gov/pubmed/19088120
http://www.ncbi.nlm.nih.gov/pubmed/23054245
http://www.ncbi.nlm.nih.gov/pubmed/17277775
http://www.ncbi.nlm.nih.gov/pubmed/18566967
http://www.ncbi.nlm.nih.gov/pubmed/18566967
http://www.ncbi.nlm.nih.gov/pubmed/23613367
http://www.ncbi.nlm.nih.gov/pubmed/21667357
http://www.ncbi.nlm.nih.gov/pubmed/17277775
http://www.ncbi.nlm.nih.gov/pubmed/15129282
http://www.ncbi.nlm.nih.gov/pubmed/11810107
http://www.ncbi.nlm.nih.gov/pubmed/17296837
http://www.ncbi.nlm.nih.gov/pubmed/16359474
http://www.ncbi.nlm.nih.gov/pubmed/17761593
http://www.ncbi.nlm.nih.gov/pubmed/22723313
http://www.ncbi.nlm.nih.gov/pubmed/18508780
http://www.ncbi.nlm.nih.gov/pubmed/19551906
http://www.ncbi.nlm.nih.gov/pubmed/22238406
http://www.ncbi.nlm.nih.gov/pubmed/23029363
invalid literal for int() with base 10: 'NO ID'
http://www.ncbi.nlm.nih.gov/pubmed/11567216
http://www.ncbi.nlm.nih.gov/pubmed/20447141
http://www.ncbi.nlm.nih.gov/pubmed/14740318
http://www.ncbi.nlm.nih.gov/pubmed/14740318
http://www.ncbi.nlm.nih.gov/pubmed/16501917
http://www.ncbi.nlm.nih.gov/pubmed/21482675
http://www.ncbi.nlm.nih.gov/pubmed/21482675
http://www.ncbi.nlm.nih.gov/pubmed/22227072
http://www.ncbi.nlm.nih.gov/pubmed/8894696
invalid literal for int() with base 10: 'ABST'
http://www.ncbi.nlm.nih.gov/pubmed/8864960
http://www.ncbi.nlm.nih.gov/pubmed/8254026
http://www.ncbi.nlm.nih.gov/pubmed/8617513
http://www.ncbi.nlm.nih.gov/pubmed/14551916
http://www.ncbi.nlm.nih.gov/pubmed/8808756
http://www.ncbi.nlm.nih.gov/pubmed/20107739
http://www.ncbi.nlm.nih.gov/pubmed/12719377
http://www.ncbi.nlm.nih.gov/pubmed/10090934
http://www.ncbi.nlm.nih.gov/pubmed/10090934
http://www.ncbi.nlm.nih.gov/pubmed/16304051
http://www.ncbi.nlm.nih.gov/pubmed/15876275
http://www.ncbi.nlm.nih.gov/pubmed/23006835
http://www.ncbi.nlm.nih.gov/pubmed/9546392
http://www.ncbi.nlm.nih.gov/pubmed/10090934
http://www.ncbi.nlm.nih.gov/pubmed/21303734
http://www.ncbi.nlm.nih.gov/pubmed/21303734
http://www.ncbi.nlm.nih.gov/pubmed/22413764
http://www.ncbi.nlm.nih.gov/pubmed/23183350
http://www.ncbi.nlm.nih.gov/pubmed/23062543
http://www.ncbi.nlm.nih.gov/pubmed/20848652
http://www.ncbi.nlm.nih.gov/pubmed/18585512
http://www.ncbi.nlm.nih.gov/pubmed/15121795
http://www.ncbi.nlm.nih.gov/pubmed/12702809
http://www.ncbi.nlm.nih.gov/pubmed/17469202
http://www.ncbi.nlm.nih.gov/pubmed/12714972
http://www.ncbi.nlm.nih.gov/pubmed/22065502
http://www.ncbi.nlm.nih.gov/pubmed/15317753
http://www.ncbi.nlm.nih.gov/pubmed/22065502
http://www.ncbi.nlm.nih.gov/pubmed/22065502
http://www.ncbi.nlm.nih.gov/pubmed/14569138
http://www.ncbi.nlm.nih.gov/pubmed/23360689
http://www.ncbi.nlm.nih.gov/pubmed/23062543
http://www.ncbi.nlm.nih.gov/pubmed/23183350
http://www.ncbi.nlm.nih.gov/pubmed/15720451
http://www.ncbi.nlm.nih.gov/pubmed/20848652
http://www.ncbi.nlm.nih.gov/pubmed/20848652
http://www.ncbi.nlm.nih.gov/pubmed/23062543
invalid literal for int() with base 10: 'HGOL'
http://www.ncbi.nlm.nih.gov/pubmed/23349452
http://www.ncbi.nlm.nih.gov/pubmed/21462202
http://www.ncbi.nlm.nih.gov/pubmed/17377071
http://www.ncbi.nlm.nih.gov/pubmed/10939567
http://www.ncbi.nlm.nih.gov/pubmed/18926329
http://www.ncbi.nlm.nih.gov/pubmed/22224630
http://www.ncbi.nlm.nih.gov/pubmed/20848652
http://www.ncbi.nlm.nih.gov/pubmed/19427440
http://www.ncbi.nlm.nih.gov/pubmed/18035086
http://www.ncbi.nlm.nih.gov/pubmed/18551513
http://www.ncbi.nlm.nih.gov/pubmed/20848652
http://www.ncbi.nlm.nih.gov/pubmed/20848652
http://www.ncbi.nlm.nih.gov/pubmed/16636128
http://www.ncbi.nlm.nih.gov/pubmed/23183350
http://www.ncbi.nlm.nih.gov/pubmed/22224630
http://www.ncbi.nlm.nih.gov/pubmed/23349452
http://www.ncbi.nlm.nih.gov/pubmed/13129702
http://www.ncbi.nlm.nih.gov/pubmed/15372542
http://www.ncbi.nlm.nih.gov/pubmed/23183350
http://www.ncbi.nlm.nih.gov/pubmed/10814726
http://www.ncbi.nlm.nih.gov/pubmed/23062543
http://www.ncbi.nlm.nih.gov/pubmed/18714801
http://www.ncbi.nlm.nih.gov/pubmed/18611980
http://www.ncbi.nlm.nih.gov/pubmed/16826530
http://www.ncbi.nlm.nih.gov/pubmed/10571942
http://www.ncbi.nlm.nih.gov/pubmed/9837817
http://www.ncbi.nlm.nih.gov/pubmed/19194568
http://www.ncbi.nlm.nih.gov/pubmed/15498463
http://www.ncbi.nlm.nih.gov/pubmed/9837817
http://www.ncbi.nlm.nih.gov/pubmed/10571942
http://www.ncbi.nlm.nih.gov/pubmed/9837817
http://www.ncbi.nlm.nih.gov/pubmed/11668639
http://www.ncbi.nlm.nih.gov/pubmed/9837817
http://www.ncbi.nlm.nih.gov/pubmed/10571942
http://www.ncbi.nlm.nih.gov/pubmed/15498463


PS:

Read file <data/skip/scraping_pubmed_chunks/logs/chunk17.e> for stderr output of this job.

