Sender: LSF System <lsf@node0909>
Subject: Job 9582134: <scrape.15> in cluster <cromwell> Done

Job <scrape.15> was submitted from host <gold> by user <birnbaum> in cluster <cromwell>.
Job was executed on host(s) <node0909>, in queue <hour>, as user <birnbaum> in cluster <cromwell>.
</home/unix/birnbaum> was used as the home directory.
</humgen/atgu1/fs03/birnbaum/cryptic-splice> was used as the working directory.
Started at Thu Jun  2 16:37:55 2016
Results reported on Thu Jun  2 16:48:04 2016

Your job looked like:

------------------------------------------------------------
# LSBATCH: User input
python src/scrape_pubmed_abstracts.py -p data/skip/hgmd_splice_pmids.txt --include "exon skipping" --include "skipping of exon" --exclude "cryptic splice site" --exclude "cryptic donor" --exclude "cryptic acceptor" -o data/skip/scraping_pubmed_chunks/chunk15.txt --chunk 15/30
------------------------------------------------------------

Successfully completed.

Resource usage summary:

    CPU time :               110.72 sec.
    Max Memory :             52 MB
    Average Memory :         49.05 MB
    Total Requested Memory : 750.00 MB
    Delta Memory :           698.00 MB
    (Delta: the difference between Total Requested Memory and Max Memory.)
    Max Processes :          3
    Max Threads :            4

The output (if any) follows:

http://www.ncbi.nlm.nih.gov/pubmed/6572978
http://www.ncbi.nlm.nih.gov/pubmed/2393712
http://www.ncbi.nlm.nih.gov/pubmed/2917118
http://www.ncbi.nlm.nih.gov/pubmed/6280057
http://www.ncbi.nlm.nih.gov/pubmed/3422218
http://www.ncbi.nlm.nih.gov/pubmed/12752111
http://www.ncbi.nlm.nih.gov/pubmed/9340427
http://www.ncbi.nlm.nih.gov/pubmed/6264477
http://www.ncbi.nlm.nih.gov/pubmed/2283297
http://www.ncbi.nlm.nih.gov/pubmed/1577489
http://www.ncbi.nlm.nih.gov/pubmed/9140720
http://www.ncbi.nlm.nih.gov/pubmed/10815781
http://www.ncbi.nlm.nih.gov/pubmed/3780671
http://www.ncbi.nlm.nih.gov/pubmed/2920213
http://www.ncbi.nlm.nih.gov/pubmed/17994377
http://www.ncbi.nlm.nih.gov/pubmed/6280057
http://www.ncbi.nlm.nih.gov/pubmed/12709369
http://www.ncbi.nlm.nih.gov/pubmed/6585831
http://www.ncbi.nlm.nih.gov/pubmed/7151176
invalid literal for int() with base 10: 'LSDB'
http://www.ncbi.nlm.nih.gov/pubmed/8144358
http://www.ncbi.nlm.nih.gov/pubmed/3828533
http://www.ncbi.nlm.nih.gov/pubmed/19657836
http://www.ncbi.nlm.nih.gov/pubmed/6298782
http://www.ncbi.nlm.nih.gov/pubmed/2424301
http://www.ncbi.nlm.nih.gov/pubmed/20395516
http://www.ncbi.nlm.nih.gov/pubmed/6583702
http://www.ncbi.nlm.nih.gov/pubmed/17565724
http://www.ncbi.nlm.nih.gov/pubmed/2458145
http://www.ncbi.nlm.nih.gov/pubmed/2001456
http://www.ncbi.nlm.nih.gov/pubmed/1634368
http://www.ncbi.nlm.nih.gov/pubmed/7558878
http://www.ncbi.nlm.nih.gov/pubmed/1398296
http://www.ncbi.nlm.nih.gov/pubmed/9101288
http://www.ncbi.nlm.nih.gov/pubmed/19254853
http://www.ncbi.nlm.nih.gov/pubmed/1772786
http://www.ncbi.nlm.nih.gov/pubmed/3387213
http://www.ncbi.nlm.nih.gov/pubmed/3401592
http://www.ncbi.nlm.nih.gov/pubmed/21077769
http://www.ncbi.nlm.nih.gov/pubmed/3401592
invalid literal for int() with base 10: 'LSDB'
http://www.ncbi.nlm.nih.gov/pubmed/20642335
http://www.ncbi.nlm.nih.gov/pubmed/12402333
http://www.ncbi.nlm.nih.gov/pubmed/1742490
invalid literal for int() with base 10: 'LSDB'
http://www.ncbi.nlm.nih.gov/pubmed/24288412
http://www.ncbi.nlm.nih.gov/pubmed/17931874
http://www.ncbi.nlm.nih.gov/pubmed/22889856
http://www.ncbi.nlm.nih.gov/pubmed/24403048
http://www.ncbi.nlm.nih.gov/pubmed/24307375
http://www.ncbi.nlm.nih.gov/pubmed/23585368
http://www.ncbi.nlm.nih.gov/pubmed/21325470
http://www.ncbi.nlm.nih.gov/pubmed/16940453
invalid literal for int() with base 10: 'NO ID'
http://www.ncbi.nlm.nih.gov/pubmed/7717398
http://www.ncbi.nlm.nih.gov/pubmed/22789865
http://www.ncbi.nlm.nih.gov/pubmed/20363167
http://www.ncbi.nlm.nih.gov/pubmed/16088929
http://www.ncbi.nlm.nih.gov/pubmed/7887427
http://www.ncbi.nlm.nih.gov/pubmed/2837213
http://www.ncbi.nlm.nih.gov/pubmed/22789865
http://www.ncbi.nlm.nih.gov/pubmed/1837283
http://www.ncbi.nlm.nih.gov/pubmed/1833974
http://www.ncbi.nlm.nih.gov/pubmed/12689701
http://www.ncbi.nlm.nih.gov/pubmed/7837766
http://www.ncbi.nlm.nih.gov/pubmed/22789865
http://www.ncbi.nlm.nih.gov/pubmed/1837283
http://www.ncbi.nlm.nih.gov/pubmed/1827945
http://www.ncbi.nlm.nih.gov/pubmed/22789865
http://www.ncbi.nlm.nih.gov/pubmed/2139660
http://www.ncbi.nlm.nih.gov/pubmed/7749419
http://www.ncbi.nlm.nih.gov/pubmed/22441121
http://www.ncbi.nlm.nih.gov/pubmed/9338583
http://www.ncbi.nlm.nih.gov/pubmed/8484765
http://www.ncbi.nlm.nih.gov/pubmed/8490625
http://www.ncbi.nlm.nih.gov/pubmed/7717398
http://www.ncbi.nlm.nih.gov/pubmed/1483696
http://www.ncbi.nlm.nih.gov/pubmed/7827134
http://www.ncbi.nlm.nih.gov/pubmed/16088929
http://www.ncbi.nlm.nih.gov/pubmed/9272736
http://www.ncbi.nlm.nih.gov/pubmed/20363167
http://www.ncbi.nlm.nih.gov/pubmed/7551830
http://www.ncbi.nlm.nih.gov/pubmed/20100466
http://www.ncbi.nlm.nih.gov/pubmed/15108204
http://www.ncbi.nlm.nih.gov/pubmed/1837283
http://www.ncbi.nlm.nih.gov/pubmed/7749415
http://www.ncbi.nlm.nih.gov/pubmed/18758829
http://www.ncbi.nlm.nih.gov/pubmed/18758829
http://www.ncbi.nlm.nih.gov/pubmed/9475608
http://www.ncbi.nlm.nih.gov/pubmed/22848519
http://www.ncbi.nlm.nih.gov/pubmed/9856491
http://www.ncbi.nlm.nih.gov/pubmed/1531140
http://www.ncbi.nlm.nih.gov/pubmed/23010210
http://www.ncbi.nlm.nih.gov/pubmed/2522450
http://www.ncbi.nlm.nih.gov/pubmed/8535449
http://www.ncbi.nlm.nih.gov/pubmed/8076944
http://www.ncbi.nlm.nih.gov/pubmed/11897243
http://www.ncbi.nlm.nih.gov/pubmed/23158871
http://www.ncbi.nlm.nih.gov/pubmed/18758829
http://www.ncbi.nlm.nih.gov/pubmed/23046579
http://www.ncbi.nlm.nih.gov/pubmed/23010210
http://www.ncbi.nlm.nih.gov/pubmed/22848519
http://www.ncbi.nlm.nih.gov/pubmed/9888387
http://www.ncbi.nlm.nih.gov/pubmed/22848519
http://www.ncbi.nlm.nih.gov/pubmed/10401000
http://www.ncbi.nlm.nih.gov/pubmed/10348824
http://www.ncbi.nlm.nih.gov/pubmed/11875012
http://www.ncbi.nlm.nih.gov/pubmed/21412944
http://www.ncbi.nlm.nih.gov/pubmed/24597873
http://www.ncbi.nlm.nih.gov/pubmed/10205262
http://www.ncbi.nlm.nih.gov/pubmed/21437689
http://www.ncbi.nlm.nih.gov/pubmed/19862842
http://www.ncbi.nlm.nih.gov/pubmed/19862842
http://www.ncbi.nlm.nih.gov/pubmed/11001939
http://www.ncbi.nlm.nih.gov/pubmed/24575791
http://www.ncbi.nlm.nih.gov/pubmed/12501223
http://www.ncbi.nlm.nih.gov/pubmed/10482952
http://www.ncbi.nlm.nih.gov/pubmed/9529363
http://www.ncbi.nlm.nih.gov/pubmed/10819641
http://www.ncbi.nlm.nih.gov/pubmed/23353776
http://www.ncbi.nlm.nih.gov/pubmed/12501223
http://www.ncbi.nlm.nih.gov/pubmed/19862842
http://www.ncbi.nlm.nih.gov/pubmed/12501223
http://www.ncbi.nlm.nih.gov/pubmed/9529363
http://www.ncbi.nlm.nih.gov/pubmed/9529363
http://www.ncbi.nlm.nih.gov/pubmed/19576567
http://www.ncbi.nlm.nih.gov/pubmed/17033958
http://www.ncbi.nlm.nih.gov/pubmed/17033958
invalid literal for int() with base 10: 'ABST'
http://www.ncbi.nlm.nih.gov/pubmed/20825431
http://www.ncbi.nlm.nih.gov/pubmed/17397050
http://www.ncbi.nlm.nih.gov/pubmed/17033958
http://www.ncbi.nlm.nih.gov/pubmed/17033958
http://www.ncbi.nlm.nih.gov/pubmed/18518886
http://www.ncbi.nlm.nih.gov/pubmed/16960811
http://www.ncbi.nlm.nih.gov/pubmed/20825431
http://www.ncbi.nlm.nih.gov/pubmed/19479962
http://www.ncbi.nlm.nih.gov/pubmed/17033958
http://www.ncbi.nlm.nih.gov/pubmed/17397050
http://www.ncbi.nlm.nih.gov/pubmed/17160907
http://www.ncbi.nlm.nih.gov/pubmed/17160907
http://www.ncbi.nlm.nih.gov/pubmed/22865819
http://www.ncbi.nlm.nih.gov/pubmed/19608687
http://www.ncbi.nlm.nih.gov/pubmed/9164942
http://www.ncbi.nlm.nih.gov/pubmed/18257900
http://www.ncbi.nlm.nih.gov/pubmed/16216676
http://www.ncbi.nlm.nih.gov/pubmed/19775378
http://www.ncbi.nlm.nih.gov/pubmed/19140825
http://www.ncbi.nlm.nih.gov/pubmed/12028543
http://www.ncbi.nlm.nih.gov/pubmed/10773349
http://www.ncbi.nlm.nih.gov/pubmed/12376743
http://www.ncbi.nlm.nih.gov/pubmed/10653324
http://www.ncbi.nlm.nih.gov/pubmed/23609978
http://www.ncbi.nlm.nih.gov/pubmed/2789372
http://www.ncbi.nlm.nih.gov/pubmed/20536026
http://www.ncbi.nlm.nih.gov/pubmed/9860299
http://www.ncbi.nlm.nih.gov/pubmed/2511016
http://www.ncbi.nlm.nih.gov/pubmed/11185747
http://www.ncbi.nlm.nih.gov/pubmed/9654202
http://www.ncbi.nlm.nih.gov/pubmed/9860299
http://www.ncbi.nlm.nih.gov/pubmed/15003823
http://www.ncbi.nlm.nih.gov/pubmed/19460837
http://www.ncbi.nlm.nih.gov/pubmed/12406973
http://www.ncbi.nlm.nih.gov/pubmed/12406973
http://www.ncbi.nlm.nih.gov/pubmed/1714233
http://www.ncbi.nlm.nih.gov/pubmed/9199558
http://www.ncbi.nlm.nih.gov/pubmed/9199558
http://www.ncbi.nlm.nih.gov/pubmed/15359917
http://www.ncbi.nlm.nih.gov/pubmed/19460837
http://www.ncbi.nlm.nih.gov/pubmed/14669009
http://www.ncbi.nlm.nih.gov/pubmed/20536026
http://www.ncbi.nlm.nih.gov/pubmed/11030413
http://www.ncbi.nlm.nih.gov/pubmed/9702975
http://www.ncbi.nlm.nih.gov/pubmed/10453740
http://www.ncbi.nlm.nih.gov/pubmed/9702975
http://www.ncbi.nlm.nih.gov/pubmed/8733062
http://www.ncbi.nlm.nih.gov/pubmed/9199558
http://www.ncbi.nlm.nih.gov/pubmed/19460837
http://www.ncbi.nlm.nih.gov/pubmed/2789372
http://www.ncbi.nlm.nih.gov/pubmed/8860014
http://www.ncbi.nlm.nih.gov/pubmed/8262514
http://www.ncbi.nlm.nih.gov/pubmed/10494093
http://www.ncbi.nlm.nih.gov/pubmed/12406973
http://www.ncbi.nlm.nih.gov/pubmed/16211556
http://www.ncbi.nlm.nih.gov/pubmed/11857754
http://www.ncbi.nlm.nih.gov/pubmed/20536026
http://www.ncbi.nlm.nih.gov/pubmed/19460837
http://www.ncbi.nlm.nih.gov/pubmed/9199558
http://www.ncbi.nlm.nih.gov/pubmed/21986212
http://www.ncbi.nlm.nih.gov/pubmed/8733062
http://www.ncbi.nlm.nih.gov/pubmed/15003823
http://www.ncbi.nlm.nih.gov/pubmed/16211556
http://www.ncbi.nlm.nih.gov/pubmed/10657149
http://www.ncbi.nlm.nih.gov/pubmed/15003823
http://www.ncbi.nlm.nih.gov/pubmed/9654202
http://www.ncbi.nlm.nih.gov/pubmed/11831862
http://www.ncbi.nlm.nih.gov/pubmed/8268934
http://www.ncbi.nlm.nih.gov/pubmed/10453740
http://www.ncbi.nlm.nih.gov/pubmed/20536026
http://www.ncbi.nlm.nih.gov/pubmed/12372055
http://www.ncbi.nlm.nih.gov/pubmed/9654202
http://www.ncbi.nlm.nih.gov/pubmed/8733062
http://www.ncbi.nlm.nih.gov/pubmed/8825929
http://www.ncbi.nlm.nih.gov/pubmed/20978940
http://www.ncbi.nlm.nih.gov/pubmed/16542395
http://www.ncbi.nlm.nih.gov/pubmed/16542395
http://www.ncbi.nlm.nih.gov/pubmed/19460837
http://www.ncbi.nlm.nih.gov/pubmed/12372055
http://www.ncbi.nlm.nih.gov/pubmed/14669009
http://www.ncbi.nlm.nih.gov/pubmed/10453740
http://www.ncbi.nlm.nih.gov/pubmed/9199558
http://www.ncbi.nlm.nih.gov/pubmed/10453740
http://www.ncbi.nlm.nih.gov/pubmed/10453740
http://www.ncbi.nlm.nih.gov/pubmed/9702975
http://www.ncbi.nlm.nih.gov/pubmed/12372055
http://www.ncbi.nlm.nih.gov/pubmed/8270254
http://www.ncbi.nlm.nih.gov/pubmed/10453740
http://www.ncbi.nlm.nih.gov/pubmed/20536026
invalid literal for int() with base 10: 'HGOL'
http://www.ncbi.nlm.nih.gov/pubmed/11436563
http://www.ncbi.nlm.nih.gov/pubmed/9225970
http://www.ncbi.nlm.nih.gov/pubmed/11030413
http://www.ncbi.nlm.nih.gov/pubmed/12899439
http://www.ncbi.nlm.nih.gov/pubmed/10453740
invalid literal for int() with base 10: 'HGOL'
http://www.ncbi.nlm.nih.gov/pubmed/12372055
http://www.ncbi.nlm.nih.gov/pubmed/8070086
http://www.ncbi.nlm.nih.gov/pubmed/15003823
http://www.ncbi.nlm.nih.gov/pubmed/8825929
invalid literal for int() with base 10: 'HGOL'
http://www.ncbi.nlm.nih.gov/pubmed/10502788
http://www.ncbi.nlm.nih.gov/pubmed/9054089
http://www.ncbi.nlm.nih.gov/pubmed/11831862
http://www.ncbi.nlm.nih.gov/pubmed/15003823
http://www.ncbi.nlm.nih.gov/pubmed/8270256
http://www.ncbi.nlm.nih.gov/pubmed/19036343
http://www.ncbi.nlm.nih.gov/pubmed/19177531
http://www.ncbi.nlm.nih.gov/pubmed/11129331
http://www.ncbi.nlm.nih.gov/pubmed/17173698
http://www.ncbi.nlm.nih.gov/pubmed/19177531
http://www.ncbi.nlm.nih.gov/pubmed/8978493
http://www.ncbi.nlm.nih.gov/pubmed/18559695
http://www.ncbi.nlm.nih.gov/pubmed/12072887
http://www.ncbi.nlm.nih.gov/pubmed/17409267
http://www.ncbi.nlm.nih.gov/pubmed/23348805
http://www.ncbi.nlm.nih.gov/pubmed/23348805
http://www.ncbi.nlm.nih.gov/pubmed/16917892
http://www.ncbi.nlm.nih.gov/pubmed/23348805
http://www.ncbi.nlm.nih.gov/pubmed/11272211
http://www.ncbi.nlm.nih.gov/pubmed/18003757
http://www.ncbi.nlm.nih.gov/pubmed/18003757
http://www.ncbi.nlm.nih.gov/pubmed/10588527
http://www.ncbi.nlm.nih.gov/pubmed/18003757
http://www.ncbi.nlm.nih.gov/pubmed/23348805
http://www.ncbi.nlm.nih.gov/pubmed/12574234
http://www.ncbi.nlm.nih.gov/pubmed/23348805
http://www.ncbi.nlm.nih.gov/pubmed/18003757
http://www.ncbi.nlm.nih.gov/pubmed/11272211
http://www.ncbi.nlm.nih.gov/pubmed/23348805
http://www.ncbi.nlm.nih.gov/pubmed/19150152
http://www.ncbi.nlm.nih.gov/pubmed/23348805
http://www.ncbi.nlm.nih.gov/pubmed/9754819
http://www.ncbi.nlm.nih.gov/pubmed/8945470
http://www.ncbi.nlm.nih.gov/pubmed/23348805
http://www.ncbi.nlm.nih.gov/pubmed/19169489
http://www.ncbi.nlm.nih.gov/pubmed/18003757
http://www.ncbi.nlm.nih.gov/pubmed/18003757
http://www.ncbi.nlm.nih.gov/pubmed/12107757
http://www.ncbi.nlm.nih.gov/pubmed/11272211
http://www.ncbi.nlm.nih.gov/pubmed/18003757
http://www.ncbi.nlm.nih.gov/pubmed/18003757
http://www.ncbi.nlm.nih.gov/pubmed/8945470
http://www.ncbi.nlm.nih.gov/pubmed/23348805
http://www.ncbi.nlm.nih.gov/pubmed/11272211
http://www.ncbi.nlm.nih.gov/pubmed/20378641
http://www.ncbi.nlm.nih.gov/pubmed/11317673
http://www.ncbi.nlm.nih.gov/pubmed/16371430
http://www.ncbi.nlm.nih.gov/pubmed/12675839
http://www.ncbi.nlm.nih.gov/pubmed/20378641
http://www.ncbi.nlm.nih.gov/pubmed/19389850
http://www.ncbi.nlm.nih.gov/pubmed/16971658
http://www.ncbi.nlm.nih.gov/pubmed/17267738
http://www.ncbi.nlm.nih.gov/pubmed/10983627
http://www.ncbi.nlm.nih.gov/pubmed/18268044
http://www.ncbi.nlm.nih.gov/pubmed/17407387
http://www.ncbi.nlm.nih.gov/pubmed/15281001
http://www.ncbi.nlm.nih.gov/pubmed/15830177
http://www.ncbi.nlm.nih.gov/pubmed/15693590
http://www.ncbi.nlm.nih.gov/pubmed/20797690
http://www.ncbi.nlm.nih.gov/pubmed/19914345
http://www.ncbi.nlm.nih.gov/pubmed/24055421
http://www.ncbi.nlm.nih.gov/pubmed/23036342
http://www.ncbi.nlm.nih.gov/pubmed/20406614
http://www.ncbi.nlm.nih.gov/pubmed/20299379
invalid literal for int() with base 10: 'ABST'
http://www.ncbi.nlm.nih.gov/pubmed/8111415
http://www.ncbi.nlm.nih.gov/pubmed/17027311
http://www.ncbi.nlm.nih.gov/pubmed/11018746
http://www.ncbi.nlm.nih.gov/pubmed/11018746
http://www.ncbi.nlm.nih.gov/pubmed/2347587
http://www.ncbi.nlm.nih.gov/pubmed/15571220
http://www.ncbi.nlm.nih.gov/pubmed/11018746
http://www.ncbi.nlm.nih.gov/pubmed/15505382
http://www.ncbi.nlm.nih.gov/pubmed/20544509
http://www.ncbi.nlm.nih.gov/pubmed/23975452
http://www.ncbi.nlm.nih.gov/pubmed/23975452
http://www.ncbi.nlm.nih.gov/pubmed/11018746
http://www.ncbi.nlm.nih.gov/pubmed/21780909
http://www.ncbi.nlm.nih.gov/pubmed/23975452
http://www.ncbi.nlm.nih.gov/pubmed/11018746
http://www.ncbi.nlm.nih.gov/pubmed/8186419
http://www.ncbi.nlm.nih.gov/pubmed/16549399
http://www.ncbi.nlm.nih.gov/pubmed/11018746
http://www.ncbi.nlm.nih.gov/pubmed/15571220
http://www.ncbi.nlm.nih.gov/pubmed/20544510
http://www.ncbi.nlm.nih.gov/pubmed/11068166
http://www.ncbi.nlm.nih.gov/pubmed/1301916
http://www.ncbi.nlm.nih.gov/pubmed/11018746
http://www.ncbi.nlm.nih.gov/pubmed/23975452
http://www.ncbi.nlm.nih.gov/pubmed/15571220
http://www.ncbi.nlm.nih.gov/pubmed/11018746
http://www.ncbi.nlm.nih.gov/pubmed/17062485
http://www.ncbi.nlm.nih.gov/pubmed/1840549
http://www.ncbi.nlm.nih.gov/pubmed/22132984
http://www.ncbi.nlm.nih.gov/pubmed/11783490
http://www.ncbi.nlm.nih.gov/pubmed/21122112
http://www.ncbi.nlm.nih.gov/pubmed/22132984
http://www.ncbi.nlm.nih.gov/pubmed/18779430
http://www.ncbi.nlm.nih.gov/pubmed/23975452
http://www.ncbi.nlm.nih.gov/pubmed/15505382
http://www.ncbi.nlm.nih.gov/pubmed/11018746
http://www.ncbi.nlm.nih.gov/pubmed/2347587
http://www.ncbi.nlm.nih.gov/pubmed/21122112
http://www.ncbi.nlm.nih.gov/pubmed/23975452
http://www.ncbi.nlm.nih.gov/pubmed/11783502
http://www.ncbi.nlm.nih.gov/pubmed/10737990
http://www.ncbi.nlm.nih.gov/pubmed/10518289
http://www.ncbi.nlm.nih.gov/pubmed/7660995
http://www.ncbi.nlm.nih.gov/pubmed/15505382
http://www.ncbi.nlm.nih.gov/pubmed/9288634
http://www.ncbi.nlm.nih.gov/pubmed/23975452
http://www.ncbi.nlm.nih.gov/pubmed/11783490
http://www.ncbi.nlm.nih.gov/pubmed/11018746
http://www.ncbi.nlm.nih.gov/pubmed/16549399
http://www.ncbi.nlm.nih.gov/pubmed/2347587
http://www.ncbi.nlm.nih.gov/pubmed/11018746
http://www.ncbi.nlm.nih.gov/pubmed/11018746
http://www.ncbi.nlm.nih.gov/pubmed/8111415
http://www.ncbi.nlm.nih.gov/pubmed/2347587
http://www.ncbi.nlm.nih.gov/pubmed/11783502
http://www.ncbi.nlm.nih.gov/pubmed/23975452
http://www.ncbi.nlm.nih.gov/pubmed/20662851
http://www.ncbi.nlm.nih.gov/pubmed/19398212
http://www.ncbi.nlm.nih.gov/pubmed/10094567
http://www.ncbi.nlm.nih.gov/pubmed/9497254
http://www.ncbi.nlm.nih.gov/pubmed/19334085
http://www.ncbi.nlm.nih.gov/pubmed/15982315
http://www.ncbi.nlm.nih.gov/pubmed/11590544
http://www.ncbi.nlm.nih.gov/pubmed/11590544
http://www.ncbi.nlm.nih.gov/pubmed/11590544
http://www.ncbi.nlm.nih.gov/pubmed/11590544
http://www.ncbi.nlm.nih.gov/pubmed/21833017
http://www.ncbi.nlm.nih.gov/pubmed/9736769
http://www.ncbi.nlm.nih.gov/pubmed/12880440
http://www.ncbi.nlm.nih.gov/pubmed/21718278
http://www.ncbi.nlm.nih.gov/pubmed/12880440
http://www.ncbi.nlm.nih.gov/pubmed/16172039
http://www.ncbi.nlm.nih.gov/pubmed/12858176
http://www.ncbi.nlm.nih.gov/pubmed/7670488
http://www.ncbi.nlm.nih.gov/pubmed/12860834
http://www.ncbi.nlm.nih.gov/pubmed/12860834
http://www.ncbi.nlm.nih.gov/pubmed/17236142
http://www.ncbi.nlm.nih.gov/pubmed/10599740
http://www.ncbi.nlm.nih.gov/pubmed/23295294
http://www.ncbi.nlm.nih.gov/pubmed/8075637
invalid literal for int() with base 10: 'HGOL'
http://www.ncbi.nlm.nih.gov/pubmed/8075637
http://www.ncbi.nlm.nih.gov/pubmed/11810648
http://www.ncbi.nlm.nih.gov/pubmed/7962268
http://www.ncbi.nlm.nih.gov/pubmed/12679481
http://www.ncbi.nlm.nih.gov/pubmed/12679481
http://www.ncbi.nlm.nih.gov/pubmed/15277496
http://www.ncbi.nlm.nih.gov/pubmed/17805476
http://www.ncbi.nlm.nih.gov/pubmed/21149811
http://www.ncbi.nlm.nih.gov/pubmed/24011702
http://www.ncbi.nlm.nih.gov/pubmed/11101850
http://www.ncbi.nlm.nih.gov/pubmed/16927315
http://www.ncbi.nlm.nih.gov/pubmed/16927315
http://www.ncbi.nlm.nih.gov/pubmed/11279527
http://www.ncbi.nlm.nih.gov/pubmed/11941538
http://www.ncbi.nlm.nih.gov/pubmed/16927315
http://www.ncbi.nlm.nih.gov/pubmed/16927315
http://www.ncbi.nlm.nih.gov/pubmed/11101850
http://www.ncbi.nlm.nih.gov/pubmed/11941538
http://www.ncbi.nlm.nih.gov/pubmed/11279527
http://www.ncbi.nlm.nih.gov/pubmed/16927315
http://www.ncbi.nlm.nih.gov/pubmed/16927315
http://www.ncbi.nlm.nih.gov/pubmed/16927315
http://www.ncbi.nlm.nih.gov/pubmed/23158458
http://www.ncbi.nlm.nih.gov/pubmed/21701785
http://www.ncbi.nlm.nih.gov/pubmed/21338583
http://www.ncbi.nlm.nih.gov/pubmed/23849777
http://www.ncbi.nlm.nih.gov/pubmed/23022101
http://www.ncbi.nlm.nih.gov/pubmed/20098734
http://www.ncbi.nlm.nih.gov/pubmed/21617756
http://www.ncbi.nlm.nih.gov/pubmed/9921913
http://www.ncbi.nlm.nih.gov/pubmed/22976768
http://www.ncbi.nlm.nih.gov/pubmed/9660053
http://www.ncbi.nlm.nih.gov/pubmed/15614569
http://www.ncbi.nlm.nih.gov/pubmed/9501270
http://www.ncbi.nlm.nih.gov/pubmed/17063374
http://www.ncbi.nlm.nih.gov/pubmed/9452044
http://www.ncbi.nlm.nih.gov/pubmed/17063374
http://www.ncbi.nlm.nih.gov/pubmed/9875019
invalid literal for int() with base 10: 'HGOL'
http://www.ncbi.nlm.nih.gov/pubmed/7887413
http://www.ncbi.nlm.nih.gov/pubmed/17063374
http://www.ncbi.nlm.nih.gov/pubmed/24125893
http://www.ncbi.nlm.nih.gov/pubmed/16699754
http://www.ncbi.nlm.nih.gov/pubmed/8281149
http://www.ncbi.nlm.nih.gov/pubmed/9921913
http://www.ncbi.nlm.nih.gov/pubmed/11683780
http://www.ncbi.nlm.nih.gov/pubmed/8940265
http://www.ncbi.nlm.nih.gov/pubmed/8940265
http://www.ncbi.nlm.nih.gov/pubmed/10220152
http://www.ncbi.nlm.nih.gov/pubmed/9875019
http://www.ncbi.nlm.nih.gov/pubmed/9266380
http://www.ncbi.nlm.nih.gov/pubmed/24125893
http://www.ncbi.nlm.nih.gov/pubmed/21829674
http://www.ncbi.nlm.nih.gov/pubmed/9921913
invalid literal for int() with base 10: 'HGOL'
http://www.ncbi.nlm.nih.gov/pubmed/22976768
invalid literal for int() with base 10: 'HGOL'
http://www.ncbi.nlm.nih.gov/pubmed/8281149
http://www.ncbi.nlm.nih.gov/pubmed/17284421
http://www.ncbi.nlm.nih.gov/pubmed/1639384
http://www.ncbi.nlm.nih.gov/pubmed/8830188
http://www.ncbi.nlm.nih.gov/pubmed/17063374
http://www.ncbi.nlm.nih.gov/pubmed/9950361
http://www.ncbi.nlm.nih.gov/pubmed/22976768
http://www.ncbi.nlm.nih.gov/pubmed/9875019
http://www.ncbi.nlm.nih.gov/pubmed/22976768
http://www.ncbi.nlm.nih.gov/pubmed/8940265
http://www.ncbi.nlm.nih.gov/pubmed/21291454
http://www.ncbi.nlm.nih.gov/pubmed/8281149
http://www.ncbi.nlm.nih.gov/pubmed/24125893
http://www.ncbi.nlm.nih.gov/pubmed/8111411
http://www.ncbi.nlm.nih.gov/pubmed/8940265
http://www.ncbi.nlm.nih.gov/pubmed/11683780
http://www.ncbi.nlm.nih.gov/pubmed/7728156
http://www.ncbi.nlm.nih.gov/pubmed/17063374
http://www.ncbi.nlm.nih.gov/pubmed/12203999
http://www.ncbi.nlm.nih.gov/pubmed/21394825
http://www.ncbi.nlm.nih.gov/pubmed/12559846
http://www.ncbi.nlm.nih.gov/pubmed/21394825
http://www.ncbi.nlm.nih.gov/pubmed/21394825
http://www.ncbi.nlm.nih.gov/pubmed/11735025
http://www.ncbi.nlm.nih.gov/pubmed/21831683
http://www.ncbi.nlm.nih.gov/pubmed/21394825
http://www.ncbi.nlm.nih.gov/pubmed/15300847


PS:

Read file <data/skip/scraping_pubmed_chunks/logs/chunk15.e> for stderr output of this job.

