Sender: LSF System <lsf@node0920>
Subject: Job 9582133: <scrape.14> in cluster <cromwell> Done

Job <scrape.14> was submitted from host <gold> by user <birnbaum> in cluster <cromwell>.
Job was executed on host(s) <node0920>, in queue <hour>, as user <birnbaum> in cluster <cromwell>.
</home/unix/birnbaum> was used as the home directory.
</humgen/atgu1/fs03/birnbaum/cryptic-splice> was used as the working directory.
Started at Thu Jun  2 16:37:54 2016
Results reported on Thu Jun  2 16:47:06 2016

Your job looked like:

------------------------------------------------------------
# LSBATCH: User input
python src/scrape_pubmed_abstracts.py -p data/skip/hgmd_splice_pmids.txt --include "exon skipping" --include "skipping of exon" --exclude "cryptic splice site" --exclude "cryptic donor" --exclude "cryptic acceptor" -o data/skip/scraping_pubmed_chunks/chunk14.txt --chunk 14/30
------------------------------------------------------------

Successfully completed.

Resource usage summary:

    CPU time :               109.32 sec.
    Max Memory :             50 MB
    Average Memory :         48.65 MB
    Total Requested Memory : 750.00 MB
    Delta Memory :           700.00 MB
    (Delta: the difference between Total Requested Memory and Max Memory.)
    Max Processes :          3
    Max Threads :            4

The output (if any) follows:

http://www.ncbi.nlm.nih.gov/pubmed/23211702
http://www.ncbi.nlm.nih.gov/pubmed/10732814
http://www.ncbi.nlm.nih.gov/pubmed/17898029
http://www.ncbi.nlm.nih.gov/pubmed/14509676
http://www.ncbi.nlm.nih.gov/pubmed/19491146
http://www.ncbi.nlm.nih.gov/pubmed/11113234
http://www.ncbi.nlm.nih.gov/pubmed/9566388
http://www.ncbi.nlm.nih.gov/pubmed/15753436
http://www.ncbi.nlm.nih.gov/pubmed/11113234
http://www.ncbi.nlm.nih.gov/pubmed/11113234
http://www.ncbi.nlm.nih.gov/pubmed/9177267
http://www.ncbi.nlm.nih.gov/pubmed/17898029
http://www.ncbi.nlm.nih.gov/pubmed/9749603
http://www.ncbi.nlm.nih.gov/pubmed/11113234
http://www.ncbi.nlm.nih.gov/pubmed/15303002
http://www.ncbi.nlm.nih.gov/pubmed/19491146
http://www.ncbi.nlm.nih.gov/pubmed/22373569
http://www.ncbi.nlm.nih.gov/pubmed/18248649
http://www.ncbi.nlm.nih.gov/pubmed/16936201
http://www.ncbi.nlm.nih.gov/pubmed/11508276
http://www.ncbi.nlm.nih.gov/pubmed/17573900
http://www.ncbi.nlm.nih.gov/pubmed/19790256
http://www.ncbi.nlm.nih.gov/pubmed/19790256
http://www.ncbi.nlm.nih.gov/pubmed/19790256
http://www.ncbi.nlm.nih.gov/pubmed/10447526
http://www.ncbi.nlm.nih.gov/pubmed/19790256
http://www.ncbi.nlm.nih.gov/pubmed/11508276
http://www.ncbi.nlm.nih.gov/pubmed/24097065
http://www.ncbi.nlm.nih.gov/pubmed/19790256
http://www.ncbi.nlm.nih.gov/pubmed/10447526
http://www.ncbi.nlm.nih.gov/pubmed/19790256
http://www.ncbi.nlm.nih.gov/pubmed/19564454
http://www.ncbi.nlm.nih.gov/pubmed/9049484
http://www.ncbi.nlm.nih.gov/pubmed/11692182
http://www.ncbi.nlm.nih.gov/pubmed/19564454
http://www.ncbi.nlm.nih.gov/pubmed/19790256
http://www.ncbi.nlm.nih.gov/pubmed/19790256
http://www.ncbi.nlm.nih.gov/pubmed/21288587
http://www.ncbi.nlm.nih.gov/pubmed/23771925
http://www.ncbi.nlm.nih.gov/pubmed/19790256
http://www.ncbi.nlm.nih.gov/pubmed/19790256
http://www.ncbi.nlm.nih.gov/pubmed/16731834
http://www.ncbi.nlm.nih.gov/pubmed/19790256
http://www.ncbi.nlm.nih.gov/pubmed/19790256
http://www.ncbi.nlm.nih.gov/pubmed/22761713
http://www.ncbi.nlm.nih.gov/pubmed/15841481
http://www.ncbi.nlm.nih.gov/pubmed/17573900
http://www.ncbi.nlm.nih.gov/pubmed/17573900
http://www.ncbi.nlm.nih.gov/pubmed/19790256
http://www.ncbi.nlm.nih.gov/pubmed/19790256
http://www.ncbi.nlm.nih.gov/pubmed/11508276
http://www.ncbi.nlm.nih.gov/pubmed/19790256
http://www.ncbi.nlm.nih.gov/pubmed/8446612
http://www.ncbi.nlm.nih.gov/pubmed/16965331
http://www.ncbi.nlm.nih.gov/pubmed/16965331
http://www.ncbi.nlm.nih.gov/pubmed/8433729
http://www.ncbi.nlm.nih.gov/pubmed/19790256
http://www.ncbi.nlm.nih.gov/pubmed/17573900
http://www.ncbi.nlm.nih.gov/pubmed/21696527
http://www.ncbi.nlm.nih.gov/pubmed/10753050
http://www.ncbi.nlm.nih.gov/pubmed/20337973
http://www.ncbi.nlm.nih.gov/pubmed/15928245
http://www.ncbi.nlm.nih.gov/pubmed/19564454
http://www.ncbi.nlm.nih.gov/pubmed/19515026
http://www.ncbi.nlm.nih.gov/pubmed/19790256
http://www.ncbi.nlm.nih.gov/pubmed/14578306
http://www.ncbi.nlm.nih.gov/pubmed/18248649
http://www.ncbi.nlm.nih.gov/pubmed/11508276
http://www.ncbi.nlm.nih.gov/pubmed/12955723
http://www.ncbi.nlm.nih.gov/pubmed/19790256
http://www.ncbi.nlm.nih.gov/pubmed/8446612
http://www.ncbi.nlm.nih.gov/pubmed/19790256
http://www.ncbi.nlm.nih.gov/pubmed/9275370
http://www.ncbi.nlm.nih.gov/pubmed/12402263
http://www.ncbi.nlm.nih.gov/pubmed/21322820
http://www.ncbi.nlm.nih.gov/pubmed/15944907
http://www.ncbi.nlm.nih.gov/pubmed/12843336
http://www.ncbi.nlm.nih.gov/pubmed/12566285
http://www.ncbi.nlm.nih.gov/pubmed/24343878
http://www.ncbi.nlm.nih.gov/pubmed/22488673
http://www.ncbi.nlm.nih.gov/pubmed/22700954
http://www.ncbi.nlm.nih.gov/pubmed/23794683
http://www.ncbi.nlm.nih.gov/pubmed/23794683
http://www.ncbi.nlm.nih.gov/pubmed/19340858
http://www.ncbi.nlm.nih.gov/pubmed/19340858
http://www.ncbi.nlm.nih.gov/pubmed/15287948
http://www.ncbi.nlm.nih.gov/pubmed/17726075
http://www.ncbi.nlm.nih.gov/pubmed/11836331
http://www.ncbi.nlm.nih.gov/pubmed/12574219
http://www.ncbi.nlm.nih.gov/pubmed/12655557
http://www.ncbi.nlm.nih.gov/pubmed/18554279
http://www.ncbi.nlm.nih.gov/pubmed/24280736
http://www.ncbi.nlm.nih.gov/pubmed/12000366
http://www.ncbi.nlm.nih.gov/pubmed/19567534
http://www.ncbi.nlm.nih.gov/pubmed/8530604
http://www.ncbi.nlm.nih.gov/pubmed/9385381
http://www.ncbi.nlm.nih.gov/pubmed/9175738
http://www.ncbi.nlm.nih.gov/pubmed/7714096
http://www.ncbi.nlm.nih.gov/pubmed/10629163
invalid literal for int() with base 10: 'NO ID'
http://www.ncbi.nlm.nih.gov/pubmed/17360215
http://www.ncbi.nlm.nih.gov/pubmed/19567534
http://www.ncbi.nlm.nih.gov/pubmed/17073157
http://www.ncbi.nlm.nih.gov/pubmed/8288694
http://www.ncbi.nlm.nih.gov/pubmed/11914025
http://www.ncbi.nlm.nih.gov/pubmed/17073157
http://www.ncbi.nlm.nih.gov/pubmed/8496314
http://www.ncbi.nlm.nih.gov/pubmed/10678654
http://www.ncbi.nlm.nih.gov/pubmed/8288694
http://www.ncbi.nlm.nih.gov/pubmed/11904318
http://www.ncbi.nlm.nih.gov/pubmed/2035535
http://www.ncbi.nlm.nih.gov/pubmed/9024232
http://www.ncbi.nlm.nih.gov/pubmed/8530604
http://www.ncbi.nlm.nih.gov/pubmed/8488849
http://www.ncbi.nlm.nih.gov/pubmed/24296660
http://www.ncbi.nlm.nih.gov/pubmed/8504296
http://www.ncbi.nlm.nih.gov/pubmed/1284474
http://www.ncbi.nlm.nih.gov/pubmed/24335149
http://www.ncbi.nlm.nih.gov/pubmed/11468686
http://www.ncbi.nlm.nih.gov/pubmed/15751611
http://www.ncbi.nlm.nih.gov/pubmed/10102073
http://www.ncbi.nlm.nih.gov/pubmed/8488849
http://www.ncbi.nlm.nih.gov/pubmed/9024232
http://www.ncbi.nlm.nih.gov/pubmed/10870033
http://www.ncbi.nlm.nih.gov/pubmed/23006617
http://www.ncbi.nlm.nih.gov/pubmed/19339792
http://www.ncbi.nlm.nih.gov/pubmed/9388817
http://www.ncbi.nlm.nih.gov/pubmed/19812236
http://www.ncbi.nlm.nih.gov/pubmed/8626815
http://www.ncbi.nlm.nih.gov/pubmed/9140387
http://www.ncbi.nlm.nih.gov/pubmed/9467570
http://www.ncbi.nlm.nih.gov/pubmed/10084571
http://www.ncbi.nlm.nih.gov/pubmed/18297129
http://www.ncbi.nlm.nih.gov/pubmed/21044116
http://www.ncbi.nlm.nih.gov/pubmed/15049962
http://www.ncbi.nlm.nih.gov/pubmed/23602557
http://www.ncbi.nlm.nih.gov/pubmed/12444890
http://www.ncbi.nlm.nih.gov/pubmed/11397840
http://www.ncbi.nlm.nih.gov/pubmed/23052699
http://www.ncbi.nlm.nih.gov/pubmed/19733620
http://www.ncbi.nlm.nih.gov/pubmed/15738392
http://www.ncbi.nlm.nih.gov/pubmed/15738392
http://www.ncbi.nlm.nih.gov/pubmed/18620679
http://www.ncbi.nlm.nih.gov/pubmed/22929189
invalid literal for int() with base 10: 'NO ID'
http://www.ncbi.nlm.nih.gov/pubmed/21149811
http://www.ncbi.nlm.nih.gov/pubmed/10218527
http://www.ncbi.nlm.nih.gov/pubmed/18941476
http://www.ncbi.nlm.nih.gov/pubmed/24039984
http://www.ncbi.nlm.nih.gov/pubmed/23143715
http://www.ncbi.nlm.nih.gov/pubmed/12636049
http://www.ncbi.nlm.nih.gov/pubmed/16549535
http://www.ncbi.nlm.nih.gov/pubmed/16549535
http://www.ncbi.nlm.nih.gov/pubmed/15026783
http://www.ncbi.nlm.nih.gov/pubmed/10851254
http://www.ncbi.nlm.nih.gov/pubmed/16549535
http://www.ncbi.nlm.nih.gov/pubmed/8651297
http://www.ncbi.nlm.nih.gov/pubmed/9554750
http://www.ncbi.nlm.nih.gov/pubmed/15806320
http://www.ncbi.nlm.nih.gov/pubmed/20367968
http://www.ncbi.nlm.nih.gov/pubmed/8996967
http://www.ncbi.nlm.nih.gov/pubmed/10916280
http://www.ncbi.nlm.nih.gov/pubmed/7504405
http://www.ncbi.nlm.nih.gov/pubmed/15776423
http://www.ncbi.nlm.nih.gov/pubmed/10916280
http://www.ncbi.nlm.nih.gov/pubmed/15243806
http://www.ncbi.nlm.nih.gov/pubmed/21333496
http://www.ncbi.nlm.nih.gov/pubmed/1753437
http://www.ncbi.nlm.nih.gov/pubmed/10208848
http://www.ncbi.nlm.nih.gov/pubmed/8069316
http://www.ncbi.nlm.nih.gov/pubmed/10666480
http://www.ncbi.nlm.nih.gov/pubmed/18560446
http://www.ncbi.nlm.nih.gov/pubmed/12938095
http://www.ncbi.nlm.nih.gov/pubmed/11828341
http://www.ncbi.nlm.nih.gov/pubmed/10916280
http://www.ncbi.nlm.nih.gov/pubmed/7759078
http://www.ncbi.nlm.nih.gov/pubmed/9100224
http://www.ncbi.nlm.nih.gov/pubmed/24613481
http://www.ncbi.nlm.nih.gov/pubmed/18023222
invalid literal for int() with base 10: 'ABST'
http://www.ncbi.nlm.nih.gov/pubmed/16595074
http://www.ncbi.nlm.nih.gov/pubmed/20505683
http://www.ncbi.nlm.nih.gov/pubmed/16595074
http://www.ncbi.nlm.nih.gov/pubmed/16595074
http://www.ncbi.nlm.nih.gov/pubmed/11668641
http://www.ncbi.nlm.nih.gov/pubmed/16595074
http://www.ncbi.nlm.nih.gov/pubmed/23545674
http://www.ncbi.nlm.nih.gov/pubmed/1315304
http://www.ncbi.nlm.nih.gov/pubmed/10666480
http://www.ncbi.nlm.nih.gov/pubmed/20022777
http://www.ncbi.nlm.nih.gov/pubmed/18023222
http://www.ncbi.nlm.nih.gov/pubmed/10200059
http://www.ncbi.nlm.nih.gov/pubmed/16595074
http://www.ncbi.nlm.nih.gov/pubmed/17309651
http://www.ncbi.nlm.nih.gov/pubmed/16941474
http://www.ncbi.nlm.nih.gov/pubmed/10737981
http://www.ncbi.nlm.nih.gov/pubmed/15365997
http://www.ncbi.nlm.nih.gov/pubmed/10737981
http://www.ncbi.nlm.nih.gov/pubmed/19472408
http://www.ncbi.nlm.nih.gov/pubmed/15714521
http://www.ncbi.nlm.nih.gov/pubmed/20175788
http://www.ncbi.nlm.nih.gov/pubmed/15365997
http://www.ncbi.nlm.nih.gov/pubmed/16941474
http://www.ncbi.nlm.nih.gov/pubmed/10737981
http://www.ncbi.nlm.nih.gov/pubmed/16450403
http://www.ncbi.nlm.nih.gov/pubmed/16450403
http://www.ncbi.nlm.nih.gov/pubmed/12126939
http://www.ncbi.nlm.nih.gov/pubmed/16601880
http://www.ncbi.nlm.nih.gov/pubmed/15851735
http://www.ncbi.nlm.nih.gov/pubmed/16450403
http://www.ncbi.nlm.nih.gov/pubmed/16601880
http://www.ncbi.nlm.nih.gov/pubmed/16450403
http://www.ncbi.nlm.nih.gov/pubmed/16601880
http://www.ncbi.nlm.nih.gov/pubmed/16601880
http://www.ncbi.nlm.nih.gov/pubmed/18204449
http://www.ncbi.nlm.nih.gov/pubmed/15739154
http://www.ncbi.nlm.nih.gov/pubmed/10441342
http://www.ncbi.nlm.nih.gov/pubmed/15739154
http://www.ncbi.nlm.nih.gov/pubmed/10441342
http://www.ncbi.nlm.nih.gov/pubmed/15739154
http://www.ncbi.nlm.nih.gov/pubmed/10441342
http://www.ncbi.nlm.nih.gov/pubmed/22903559
http://www.ncbi.nlm.nih.gov/pubmed/15739154
http://www.ncbi.nlm.nih.gov/pubmed/23334564
http://www.ncbi.nlm.nih.gov/pubmed/17618285
http://www.ncbi.nlm.nih.gov/pubmed/23801931
http://www.ncbi.nlm.nih.gov/pubmed/23801931
http://www.ncbi.nlm.nih.gov/pubmed/23801931
http://www.ncbi.nlm.nih.gov/pubmed/23801931
http://www.ncbi.nlm.nih.gov/pubmed/23801931
http://www.ncbi.nlm.nih.gov/pubmed/23801931
http://www.ncbi.nlm.nih.gov/pubmed/23801931
http://www.ncbi.nlm.nih.gov/pubmed/22532536
http://www.ncbi.nlm.nih.gov/pubmed/11929858
http://www.ncbi.nlm.nih.gov/pubmed/17485548
http://www.ncbi.nlm.nih.gov/pubmed/24463508
http://www.ncbi.nlm.nih.gov/pubmed/23830515
http://www.ncbi.nlm.nih.gov/pubmed/24035193
http://www.ncbi.nlm.nih.gov/pubmed/23759320
http://www.ncbi.nlm.nih.gov/pubmed/23222958
http://www.ncbi.nlm.nih.gov/pubmed/20015054
http://www.ncbi.nlm.nih.gov/pubmed/23281139
http://www.ncbi.nlm.nih.gov/pubmed/23884777
http://www.ncbi.nlm.nih.gov/pubmed/2122458
http://www.ncbi.nlm.nih.gov/pubmed/24651309
http://www.ncbi.nlm.nih.gov/pubmed/19858129
http://www.ncbi.nlm.nih.gov/pubmed/20427508
http://www.ncbi.nlm.nih.gov/pubmed/11784876
http://www.ncbi.nlm.nih.gov/pubmed/23281139
invalid literal for int() with base 10: 'ABST'
http://www.ncbi.nlm.nih.gov/pubmed/8699958
http://www.ncbi.nlm.nih.gov/pubmed/18089698
http://www.ncbi.nlm.nih.gov/pubmed/12624854
http://www.ncbi.nlm.nih.gov/pubmed/7853365
http://www.ncbi.nlm.nih.gov/pubmed/11600516
http://www.ncbi.nlm.nih.gov/pubmed/11788646
http://www.ncbi.nlm.nih.gov/pubmed/11598374
http://www.ncbi.nlm.nih.gov/pubmed/23884777
http://www.ncbi.nlm.nih.gov/pubmed/23884777
http://www.ncbi.nlm.nih.gov/pubmed/12624854
http://www.ncbi.nlm.nih.gov/pubmed/17164301
invalid literal for int() with base 10: 'NO ID'
http://www.ncbi.nlm.nih.gov/pubmed/23796510
http://www.ncbi.nlm.nih.gov/pubmed/11788646
http://www.ncbi.nlm.nih.gov/pubmed/15557429
http://www.ncbi.nlm.nih.gov/pubmed/9425898
http://www.ncbi.nlm.nih.gov/pubmed/21708040
http://www.ncbi.nlm.nih.gov/pubmed/22855677
http://www.ncbi.nlm.nih.gov/pubmed/12473753
http://www.ncbi.nlm.nih.gov/pubmed/24027297
http://www.ncbi.nlm.nih.gov/pubmed/24027297
http://www.ncbi.nlm.nih.gov/pubmed/21990100
http://www.ncbi.nlm.nih.gov/pubmed/20681997
http://www.ncbi.nlm.nih.gov/pubmed/23572185
http://www.ncbi.nlm.nih.gov/pubmed/21990100
http://www.ncbi.nlm.nih.gov/pubmed/16630736
http://www.ncbi.nlm.nih.gov/pubmed/19617216
http://www.ncbi.nlm.nih.gov/pubmed/16116615
http://www.ncbi.nlm.nih.gov/pubmed/19617216
http://www.ncbi.nlm.nih.gov/pubmed/23566849
http://www.ncbi.nlm.nih.gov/pubmed/19617216
http://www.ncbi.nlm.nih.gov/pubmed/16200072
http://www.ncbi.nlm.nih.gov/pubmed/16465621
http://www.ncbi.nlm.nih.gov/pubmed/19617216
http://www.ncbi.nlm.nih.gov/pubmed/16630736
http://www.ncbi.nlm.nih.gov/pubmed/16465621
http://www.ncbi.nlm.nih.gov/pubmed/19938078
http://www.ncbi.nlm.nih.gov/pubmed/16465621
http://www.ncbi.nlm.nih.gov/pubmed/19617216
http://www.ncbi.nlm.nih.gov/pubmed/15633164
http://www.ncbi.nlm.nih.gov/pubmed/20951619
http://www.ncbi.nlm.nih.gov/pubmed/15060128
http://www.ncbi.nlm.nih.gov/pubmed/20034096
http://www.ncbi.nlm.nih.gov/pubmed/24316125
http://www.ncbi.nlm.nih.gov/pubmed/19370764
http://www.ncbi.nlm.nih.gov/pubmed/19659762
http://www.ncbi.nlm.nih.gov/pubmed/12050282
http://www.ncbi.nlm.nih.gov/pubmed/20232353
http://www.ncbi.nlm.nih.gov/pubmed/20232353
http://www.ncbi.nlm.nih.gov/pubmed/17998446
http://www.ncbi.nlm.nih.gov/pubmed/21937992
http://www.ncbi.nlm.nih.gov/pubmed/18997784
invalid literal for int() with base 10: 'NO ID'
http://www.ncbi.nlm.nih.gov/pubmed/19919903
http://www.ncbi.nlm.nih.gov/pubmed/16158429
http://www.ncbi.nlm.nih.gov/pubmed/10814714
http://www.ncbi.nlm.nih.gov/pubmed/22226083
http://www.ncbi.nlm.nih.gov/pubmed/9362562
http://www.ncbi.nlm.nih.gov/pubmed/9529334
http://www.ncbi.nlm.nih.gov/pubmed/9887374
http://www.ncbi.nlm.nih.gov/pubmed/22486324
http://www.ncbi.nlm.nih.gov/pubmed/8634705
http://www.ncbi.nlm.nih.gov/pubmed/24526317
http://www.ncbi.nlm.nih.gov/pubmed/12180081
http://www.ncbi.nlm.nih.gov/pubmed/11214907
http://www.ncbi.nlm.nih.gov/pubmed/16646960
http://www.ncbi.nlm.nih.gov/pubmed/18978956
http://www.ncbi.nlm.nih.gov/pubmed/21423867
http://www.ncbi.nlm.nih.gov/pubmed/24301936
http://www.ncbi.nlm.nih.gov/pubmed/11214907
http://www.ncbi.nlm.nih.gov/pubmed/16550551
http://www.ncbi.nlm.nih.gov/pubmed/16646960
http://www.ncbi.nlm.nih.gov/pubmed/22325361
http://www.ncbi.nlm.nih.gov/pubmed/15044805
http://www.ncbi.nlm.nih.gov/pubmed/15044805
http://www.ncbi.nlm.nih.gov/pubmed/22147658
http://www.ncbi.nlm.nih.gov/pubmed/22147658
http://www.ncbi.nlm.nih.gov/pubmed/22135276
http://www.ncbi.nlm.nih.gov/pubmed/23441107
http://www.ncbi.nlm.nih.gov/pubmed/22147658
http://www.ncbi.nlm.nih.gov/pubmed/22135276
http://www.ncbi.nlm.nih.gov/pubmed/22578326
http://www.ncbi.nlm.nih.gov/pubmed/23813623
http://www.ncbi.nlm.nih.gov/pubmed/24360809
http://www.ncbi.nlm.nih.gov/pubmed/14635115
http://www.ncbi.nlm.nih.gov/pubmed/11030416
http://www.ncbi.nlm.nih.gov/pubmed/23933819
http://www.ncbi.nlm.nih.gov/pubmed/23933818
http://www.ncbi.nlm.nih.gov/pubmed/23933819
http://www.ncbi.nlm.nih.gov/pubmed/23933820
http://www.ncbi.nlm.nih.gov/pubmed/21572417
http://www.ncbi.nlm.nih.gov/pubmed/20890276
http://www.ncbi.nlm.nih.gov/pubmed/20890276
http://www.ncbi.nlm.nih.gov/pubmed/22510445
http://www.ncbi.nlm.nih.gov/pubmed/22959359
http://www.ncbi.nlm.nih.gov/pubmed/19862333
http://www.ncbi.nlm.nih.gov/pubmed/17436289
http://www.ncbi.nlm.nih.gov/pubmed/16862115
http://www.ncbi.nlm.nih.gov/pubmed/20142524
http://www.ncbi.nlm.nih.gov/pubmed/20142524
http://www.ncbi.nlm.nih.gov/pubmed/22312439
http://www.ncbi.nlm.nih.gov/pubmed/16950801
http://www.ncbi.nlm.nih.gov/pubmed/18543312
http://www.ncbi.nlm.nih.gov/pubmed/20142524
http://www.ncbi.nlm.nih.gov/pubmed/23463024
http://www.ncbi.nlm.nih.gov/pubmed/18245784
http://www.ncbi.nlm.nih.gov/pubmed/16950801
http://www.ncbi.nlm.nih.gov/pubmed/17030534
http://www.ncbi.nlm.nih.gov/pubmed/16950801
http://www.ncbi.nlm.nih.gov/pubmed/17202431
http://www.ncbi.nlm.nih.gov/pubmed/19101631
http://www.ncbi.nlm.nih.gov/pubmed/17950702
http://www.ncbi.nlm.nih.gov/pubmed/16950801
http://www.ncbi.nlm.nih.gov/pubmed/22647257
http://www.ncbi.nlm.nih.gov/pubmed/16862116
http://www.ncbi.nlm.nih.gov/pubmed/20137778
http://www.ncbi.nlm.nih.gov/pubmed/20137778
http://www.ncbi.nlm.nih.gov/pubmed/24290375
http://www.ncbi.nlm.nih.gov/pubmed/18852354
http://www.ncbi.nlm.nih.gov/pubmed/16315267
http://www.ncbi.nlm.nih.gov/pubmed/14635114
http://www.ncbi.nlm.nih.gov/pubmed/15717202
http://www.ncbi.nlm.nih.gov/pubmed/15717202
http://www.ncbi.nlm.nih.gov/pubmed/14635114
http://www.ncbi.nlm.nih.gov/pubmed/19728142
http://www.ncbi.nlm.nih.gov/pubmed/8896573
http://www.ncbi.nlm.nih.gov/pubmed/15717202
http://www.ncbi.nlm.nih.gov/pubmed/15717202
http://www.ncbi.nlm.nih.gov/pubmed/16854533
http://www.ncbi.nlm.nih.gov/pubmed/24581742
http://www.ncbi.nlm.nih.gov/pubmed/17964524
http://www.ncbi.nlm.nih.gov/pubmed/20683928
http://www.ncbi.nlm.nih.gov/pubmed/22261762
http://www.ncbi.nlm.nih.gov/pubmed/15024725
http://www.ncbi.nlm.nih.gov/pubmed/23035049
http://www.ncbi.nlm.nih.gov/pubmed/17964524
http://www.ncbi.nlm.nih.gov/pubmed/21602930
http://www.ncbi.nlm.nih.gov/pubmed/15024725
http://www.ncbi.nlm.nih.gov/pubmed/21602930
http://www.ncbi.nlm.nih.gov/pubmed/23661368
http://www.ncbi.nlm.nih.gov/pubmed/10951519
http://www.ncbi.nlm.nih.gov/pubmed/10951519
http://www.ncbi.nlm.nih.gov/pubmed/10951519
http://www.ncbi.nlm.nih.gov/pubmed/16272959
http://www.ncbi.nlm.nih.gov/pubmed/7633414
http://www.ncbi.nlm.nih.gov/pubmed/19224584
http://www.ncbi.nlm.nih.gov/pubmed/9099834
http://www.ncbi.nlm.nih.gov/pubmed/16272959
http://www.ncbi.nlm.nih.gov/pubmed/8245024
http://www.ncbi.nlm.nih.gov/pubmed/14641872
http://www.ncbi.nlm.nih.gov/pubmed/14641872
http://www.ncbi.nlm.nih.gov/pubmed/21958591
http://www.ncbi.nlm.nih.gov/pubmed/21958591
http://www.ncbi.nlm.nih.gov/pubmed/16337419
http://www.ncbi.nlm.nih.gov/pubmed/9691087
http://www.ncbi.nlm.nih.gov/pubmed/18628520
http://www.ncbi.nlm.nih.gov/pubmed/21347589
http://www.ncbi.nlm.nih.gov/pubmed/23273570
http://www.ncbi.nlm.nih.gov/pubmed/21252247
http://www.ncbi.nlm.nih.gov/pubmed/15870679
http://www.ncbi.nlm.nih.gov/pubmed/12413376
http://www.ncbi.nlm.nih.gov/pubmed/17143551
http://www.ncbi.nlm.nih.gov/pubmed/23430857
http://www.ncbi.nlm.nih.gov/pubmed/14630990
http://www.ncbi.nlm.nih.gov/pubmed/7738175
http://www.ncbi.nlm.nih.gov/pubmed/7738175
http://www.ncbi.nlm.nih.gov/pubmed/10352164
http://www.ncbi.nlm.nih.gov/pubmed/10352164
http://www.ncbi.nlm.nih.gov/pubmed/21549624
http://www.ncbi.nlm.nih.gov/pubmed/21549624
http://www.ncbi.nlm.nih.gov/pubmed/21549624
http://www.ncbi.nlm.nih.gov/pubmed/15902556
http://www.ncbi.nlm.nih.gov/pubmed/20659813
http://www.ncbi.nlm.nih.gov/pubmed/21549624
http://www.ncbi.nlm.nih.gov/pubmed/24314034
http://www.ncbi.nlm.nih.gov/pubmed/22494545
http://www.ncbi.nlm.nih.gov/pubmed/24379101
http://www.ncbi.nlm.nih.gov/pubmed/18693053
http://www.ncbi.nlm.nih.gov/pubmed/19657838
http://www.ncbi.nlm.nih.gov/pubmed/14508795
http://www.ncbi.nlm.nih.gov/pubmed/10997982
http://www.ncbi.nlm.nih.gov/pubmed/23402770
http://www.ncbi.nlm.nih.gov/pubmed/8251382
http://www.ncbi.nlm.nih.gov/pubmed/14508795
http://www.ncbi.nlm.nih.gov/pubmed/22738642
http://www.ncbi.nlm.nih.gov/pubmed/22531344
http://www.ncbi.nlm.nih.gov/pubmed/22524210
http://www.ncbi.nlm.nih.gov/pubmed/24274170
http://www.ncbi.nlm.nih.gov/pubmed/15481895
http://www.ncbi.nlm.nih.gov/pubmed/19958200
http://www.ncbi.nlm.nih.gov/pubmed/19958200
http://www.ncbi.nlm.nih.gov/pubmed/8943885
invalid literal for int() with base 10: 'HGOL'
http://www.ncbi.nlm.nih.gov/pubmed/16540408
http://www.ncbi.nlm.nih.gov/pubmed/11570724
http://www.ncbi.nlm.nih.gov/pubmed/11939519
http://www.ncbi.nlm.nih.gov/pubmed/9494053
http://www.ncbi.nlm.nih.gov/pubmed/9160698
http://www.ncbi.nlm.nih.gov/pubmed/19205975
http://www.ncbi.nlm.nih.gov/pubmed/7786794
http://www.ncbi.nlm.nih.gov/pubmed/7177196
http://www.ncbi.nlm.nih.gov/pubmed/11939519
http://www.ncbi.nlm.nih.gov/pubmed/1634236
http://www.ncbi.nlm.nih.gov/pubmed/3021139
http://www.ncbi.nlm.nih.gov/pubmed/2915972
http://www.ncbi.nlm.nih.gov/pubmed/11939519
http://www.ncbi.nlm.nih.gov/pubmed/6188062
http://www.ncbi.nlm.nih.gov/pubmed/6733281
http://www.ncbi.nlm.nih.gov/pubmed/6714226
http://www.ncbi.nlm.nih.gov/pubmed/2439149


PS:

Read file <data/skip/scraping_pubmed_chunks/logs/chunk14.e> for stderr output of this job.

