Sender: LSF System <lsf@node0910>
Subject: Job 9582141: <scrape.22> in cluster <cromwell> Done

Job <scrape.22> was submitted from host <gold> by user <birnbaum> in cluster <cromwell>.
Job was executed on host(s) <node0910>, in queue <hour>, as user <birnbaum> in cluster <cromwell>.
</home/unix/birnbaum> was used as the home directory.
</humgen/atgu1/fs03/birnbaum/cryptic-splice> was used as the working directory.
Started at Thu Jun  2 16:38:02 2016
Results reported on Thu Jun  2 16:48:02 2016

Your job looked like:

------------------------------------------------------------
# LSBATCH: User input
python src/scrape_pubmed_abstracts.py -p data/skip/hgmd_splice_pmids.txt --include "exon skipping" --include "skipping of exon" --exclude "cryptic splice site" --exclude "cryptic donor" --exclude "cryptic acceptor" -o data/skip/scraping_pubmed_chunks/chunk22.txt --chunk 22/30
------------------------------------------------------------

Successfully completed.

Resource usage summary:

    CPU time :               102.45 sec.
    Max Memory :             53 MB
    Average Memory :         49.93 MB
    Total Requested Memory : 750.00 MB
    Delta Memory :           697.00 MB
    (Delta: the difference between Total Requested Memory and Max Memory.)
    Max Processes :          3
    Max Threads :            4

The output (if any) follows:

http://www.ncbi.nlm.nih.gov/pubmed/8530002
http://www.ncbi.nlm.nih.gov/pubmed/16786505
http://www.ncbi.nlm.nih.gov/pubmed/16786505
http://www.ncbi.nlm.nih.gov/pubmed/16786505
http://www.ncbi.nlm.nih.gov/pubmed/17334707
http://www.ncbi.nlm.nih.gov/pubmed/18204299
http://www.ncbi.nlm.nih.gov/pubmed/8281162
http://www.ncbi.nlm.nih.gov/pubmed/16786505
http://www.ncbi.nlm.nih.gov/pubmed/16786505
http://www.ncbi.nlm.nih.gov/pubmed/10946359
http://www.ncbi.nlm.nih.gov/pubmed/2035531
http://www.ncbi.nlm.nih.gov/pubmed/2035531
http://www.ncbi.nlm.nih.gov/pubmed/18204299
http://www.ncbi.nlm.nih.gov/pubmed/9452024
http://www.ncbi.nlm.nih.gov/pubmed/8566955
http://www.ncbi.nlm.nih.gov/pubmed/16786505
http://www.ncbi.nlm.nih.gov/pubmed/7474892
http://www.ncbi.nlm.nih.gov/pubmed/19138872
http://www.ncbi.nlm.nih.gov/pubmed/11117428
http://www.ncbi.nlm.nih.gov/pubmed/9452024
http://www.ncbi.nlm.nih.gov/pubmed/9266388
http://www.ncbi.nlm.nih.gov/pubmed/8566955
http://www.ncbi.nlm.nih.gov/pubmed/9266388
http://www.ncbi.nlm.nih.gov/pubmed/16786505
http://www.ncbi.nlm.nih.gov/pubmed/2035531
http://www.ncbi.nlm.nih.gov/pubmed/9266388
http://www.ncbi.nlm.nih.gov/pubmed/11117428
http://www.ncbi.nlm.nih.gov/pubmed/11793468
http://www.ncbi.nlm.nih.gov/pubmed/2035531
http://www.ncbi.nlm.nih.gov/pubmed/10070627
http://www.ncbi.nlm.nih.gov/pubmed/18440262
http://www.ncbi.nlm.nih.gov/pubmed/23278509
http://www.ncbi.nlm.nih.gov/pubmed/10946359
http://www.ncbi.nlm.nih.gov/pubmed/8566955
http://www.ncbi.nlm.nih.gov/pubmed/18440262
http://www.ncbi.nlm.nih.gov/pubmed/17334707
http://www.ncbi.nlm.nih.gov/pubmed/9266388
http://www.ncbi.nlm.nih.gov/pubmed/11793468
http://www.ncbi.nlm.nih.gov/pubmed/11793483
http://www.ncbi.nlm.nih.gov/pubmed/16786505
http://www.ncbi.nlm.nih.gov/pubmed/11972037
http://www.ncbi.nlm.nih.gov/pubmed/22575033
http://www.ncbi.nlm.nih.gov/pubmed/24498627
http://www.ncbi.nlm.nih.gov/pubmed/16371502
http://www.ncbi.nlm.nih.gov/pubmed/10878664
http://www.ncbi.nlm.nih.gov/pubmed/16371502
http://www.ncbi.nlm.nih.gov/pubmed/24135434
http://www.ncbi.nlm.nih.gov/pubmed/21935370
http://www.ncbi.nlm.nih.gov/pubmed/21935370
http://www.ncbi.nlm.nih.gov/pubmed/18381613
http://www.ncbi.nlm.nih.gov/pubmed/14635104
http://www.ncbi.nlm.nih.gov/pubmed/23767834
http://www.ncbi.nlm.nih.gov/pubmed/22575033
http://www.ncbi.nlm.nih.gov/pubmed/10903124
http://www.ncbi.nlm.nih.gov/pubmed/23352160
http://www.ncbi.nlm.nih.gov/pubmed/23122586
http://www.ncbi.nlm.nih.gov/pubmed/17541950
http://www.ncbi.nlm.nih.gov/pubmed/17169596
http://www.ncbi.nlm.nih.gov/pubmed/15856016
http://www.ncbi.nlm.nih.gov/pubmed/15856016
http://www.ncbi.nlm.nih.gov/pubmed/15856016
http://www.ncbi.nlm.nih.gov/pubmed/12019208
http://www.ncbi.nlm.nih.gov/pubmed/15856016
http://www.ncbi.nlm.nih.gov/pubmed/15862308
http://www.ncbi.nlm.nih.gov/pubmed/12390976
http://www.ncbi.nlm.nih.gov/pubmed/17664403
http://www.ncbi.nlm.nih.gov/pubmed/19667223
http://www.ncbi.nlm.nih.gov/pubmed/17664403
http://www.ncbi.nlm.nih.gov/pubmed/11115846
http://www.ncbi.nlm.nih.gov/pubmed/11754098
http://www.ncbi.nlm.nih.gov/pubmed/21410694
http://www.ncbi.nlm.nih.gov/pubmed/11115846
http://www.ncbi.nlm.nih.gov/pubmed/9817918
http://www.ncbi.nlm.nih.gov/pubmed/19667223
http://www.ncbi.nlm.nih.gov/pubmed/20457534
http://www.ncbi.nlm.nih.gov/pubmed/15171997
http://www.ncbi.nlm.nih.gov/pubmed/10394930
http://www.ncbi.nlm.nih.gov/pubmed/8406445
http://www.ncbi.nlm.nih.gov/pubmed/10394930
http://www.ncbi.nlm.nih.gov/pubmed/8088845
http://www.ncbi.nlm.nih.gov/pubmed/10947211
http://www.ncbi.nlm.nih.gov/pubmed/10679941
http://www.ncbi.nlm.nih.gov/pubmed/18299955
invalid literal for int() with base 10: 'LSDB'
http://www.ncbi.nlm.nih.gov/pubmed/21307867
http://www.ncbi.nlm.nih.gov/pubmed/12655553
http://www.ncbi.nlm.nih.gov/pubmed/21154324
http://www.ncbi.nlm.nih.gov/pubmed/15503242
http://www.ncbi.nlm.nih.gov/pubmed/8098245
http://www.ncbi.nlm.nih.gov/pubmed/1769645
http://www.ncbi.nlm.nih.gov/pubmed/21871829
http://www.ncbi.nlm.nih.gov/pubmed/9634518
http://www.ncbi.nlm.nih.gov/pubmed/24705691
http://www.ncbi.nlm.nih.gov/pubmed/10527663
http://www.ncbi.nlm.nih.gov/pubmed/10394930
http://www.ncbi.nlm.nih.gov/pubmed/11214902
http://www.ncbi.nlm.nih.gov/pubmed/9634518
http://www.ncbi.nlm.nih.gov/pubmed/10980574
http://www.ncbi.nlm.nih.gov/pubmed/11139255
invalid literal for int() with base 10: 'LSDB'
http://www.ncbi.nlm.nih.gov/pubmed/8659548
http://www.ncbi.nlm.nih.gov/pubmed/10408782
http://www.ncbi.nlm.nih.gov/pubmed/22698810
http://www.ncbi.nlm.nih.gov/pubmed/16256386
http://www.ncbi.nlm.nih.gov/pubmed/21890392
http://www.ncbi.nlm.nih.gov/pubmed/9391881
invalid literal for int() with base 10: 'LSDB'
http://www.ncbi.nlm.nih.gov/pubmed/16256386
http://www.ncbi.nlm.nih.gov/pubmed/3008810
http://www.ncbi.nlm.nih.gov/pubmed/20017307
http://www.ncbi.nlm.nih.gov/pubmed/10598814
http://www.ncbi.nlm.nih.gov/pubmed/16256386
http://www.ncbi.nlm.nih.gov/pubmed/9452062
http://www.ncbi.nlm.nih.gov/pubmed/8807331
http://www.ncbi.nlm.nih.gov/pubmed/9429153
http://www.ncbi.nlm.nih.gov/pubmed/8364593
http://www.ncbi.nlm.nih.gov/pubmed/8406445
http://www.ncbi.nlm.nih.gov/pubmed/12905706
http://www.ncbi.nlm.nih.gov/pubmed/23690520
http://www.ncbi.nlm.nih.gov/pubmed/8889590
http://www.ncbi.nlm.nih.gov/pubmed/20188615
http://www.ncbi.nlm.nih.gov/pubmed/9521426
http://www.ncbi.nlm.nih.gov/pubmed/18937293
http://www.ncbi.nlm.nih.gov/pubmed/20140859
http://www.ncbi.nlm.nih.gov/pubmed/19444284
http://www.ncbi.nlm.nih.gov/pubmed/10234516
http://www.ncbi.nlm.nih.gov/pubmed/9860305
http://www.ncbi.nlm.nih.gov/pubmed/8807331
invalid literal for int() with base 10: 'LSDB'
http://www.ncbi.nlm.nih.gov/pubmed/8535445
http://www.ncbi.nlm.nih.gov/pubmed/18321666
http://www.ncbi.nlm.nih.gov/pubmed/24048906
http://www.ncbi.nlm.nih.gov/pubmed/16256386
http://www.ncbi.nlm.nih.gov/pubmed/9429153
http://www.ncbi.nlm.nih.gov/pubmed/19915519
http://www.ncbi.nlm.nih.gov/pubmed/22526846
http://www.ncbi.nlm.nih.gov/pubmed/23430918
http://www.ncbi.nlm.nih.gov/pubmed/9048935
http://www.ncbi.nlm.nih.gov/pubmed/8268925
http://www.ncbi.nlm.nih.gov/pubmed/1998345
http://www.ncbi.nlm.nih.gov/pubmed/8889590
http://www.ncbi.nlm.nih.gov/pubmed/19915519
http://www.ncbi.nlm.nih.gov/pubmed/24368688
invalid literal for int() with base 10: 'LSDB'
http://www.ncbi.nlm.nih.gov/pubmed/9012412
http://www.ncbi.nlm.nih.gov/pubmed/2071149
http://www.ncbi.nlm.nih.gov/pubmed/1563085
invalid literal for int() with base 10: 'LSDB'
http://www.ncbi.nlm.nih.gov/pubmed/8750617
http://www.ncbi.nlm.nih.gov/pubmed/21147011
http://www.ncbi.nlm.nih.gov/pubmed/1671810
http://www.ncbi.nlm.nih.gov/pubmed/8889590
http://www.ncbi.nlm.nih.gov/pubmed/8860005
http://www.ncbi.nlm.nih.gov/pubmed/1349576
http://www.ncbi.nlm.nih.gov/pubmed/10429004
http://www.ncbi.nlm.nih.gov/pubmed/9452062
http://www.ncbi.nlm.nih.gov/pubmed/22526846
http://www.ncbi.nlm.nih.gov/pubmed/9359039
http://www.ncbi.nlm.nih.gov/pubmed/8659548
http://www.ncbi.nlm.nih.gov/pubmed/10598814
http://www.ncbi.nlm.nih.gov/pubmed/12655552
http://www.ncbi.nlm.nih.gov/pubmed/8981952
http://www.ncbi.nlm.nih.gov/pubmed/19394257
invalid literal for int() with base 10: 'LSDB'
http://www.ncbi.nlm.nih.gov/pubmed/10679941
http://www.ncbi.nlm.nih.gov/pubmed/10947211
http://www.ncbi.nlm.nih.gov/pubmed/15793771
http://www.ncbi.nlm.nih.gov/pubmed/8659548
http://www.ncbi.nlm.nih.gov/pubmed/7866411
http://www.ncbi.nlm.nih.gov/pubmed/21147011
http://www.ncbi.nlm.nih.gov/pubmed/20437613
invalid literal for int() with base 10: 'LSDB'
http://www.ncbi.nlm.nih.gov/pubmed/7766957
http://www.ncbi.nlm.nih.gov/pubmed/18523455
http://www.ncbi.nlm.nih.gov/pubmed/24556926
http://www.ncbi.nlm.nih.gov/pubmed/21618343
http://www.ncbi.nlm.nih.gov/pubmed/17200671
http://www.ncbi.nlm.nih.gov/pubmed/22241545
http://www.ncbi.nlm.nih.gov/pubmed/17200671
http://www.ncbi.nlm.nih.gov/pubmed/23334666
http://www.ncbi.nlm.nih.gov/pubmed/19264984
http://www.ncbi.nlm.nih.gov/pubmed/21285249
http://www.ncbi.nlm.nih.gov/pubmed/21285249
http://www.ncbi.nlm.nih.gov/pubmed/22221393
http://www.ncbi.nlm.nih.gov/pubmed/22930366
http://www.ncbi.nlm.nih.gov/pubmed/12510040
http://www.ncbi.nlm.nih.gov/pubmed/12510040
invalid literal for int() with base 10: 'HGOL'
http://www.ncbi.nlm.nih.gov/pubmed/22221393
http://www.ncbi.nlm.nih.gov/pubmed/15565311
http://www.ncbi.nlm.nih.gov/pubmed/19224615
http://www.ncbi.nlm.nih.gov/pubmed/12510040
http://www.ncbi.nlm.nih.gov/pubmed/11479594
http://www.ncbi.nlm.nih.gov/pubmed/16962235
http://www.ncbi.nlm.nih.gov/pubmed/12510040
http://www.ncbi.nlm.nih.gov/pubmed/16437574
http://www.ncbi.nlm.nih.gov/pubmed/23824674
http://www.ncbi.nlm.nih.gov/pubmed/23824674
http://www.ncbi.nlm.nih.gov/pubmed/23824674
http://www.ncbi.nlm.nih.gov/pubmed/12889082
http://www.ncbi.nlm.nih.gov/pubmed/16328510
http://www.ncbi.nlm.nih.gov/pubmed/15584030
http://www.ncbi.nlm.nih.gov/pubmed/15192821
http://www.ncbi.nlm.nih.gov/pubmed/18188499
http://www.ncbi.nlm.nih.gov/pubmed/19636047
http://www.ncbi.nlm.nih.gov/pubmed/19405094
http://www.ncbi.nlm.nih.gov/pubmed/12116199
http://www.ncbi.nlm.nih.gov/pubmed/19405094
http://www.ncbi.nlm.nih.gov/pubmed/21061302
HTTP Error 404: Not Found
http://www.ncbi.nlm.nih.gov/pubmed/19636047
http://www.ncbi.nlm.nih.gov/pubmed/21061302
HTTP Error 404: Not Found
http://www.ncbi.nlm.nih.gov/pubmed/12891685
http://www.ncbi.nlm.nih.gov/pubmed/20011102
http://www.ncbi.nlm.nih.gov/pubmed/12774041
http://www.ncbi.nlm.nih.gov/pubmed/12774041
http://www.ncbi.nlm.nih.gov/pubmed/9232624
http://www.ncbi.nlm.nih.gov/pubmed/9067759
http://www.ncbi.nlm.nih.gov/pubmed/8162027
http://www.ncbi.nlm.nih.gov/pubmed/7981674
http://www.ncbi.nlm.nih.gov/pubmed/7981674
http://www.ncbi.nlm.nih.gov/pubmed/12949970
http://www.ncbi.nlm.nih.gov/pubmed/17139175
http://www.ncbi.nlm.nih.gov/pubmed/23512835
http://www.ncbi.nlm.nih.gov/pubmed/20127975
http://www.ncbi.nlm.nih.gov/pubmed/24503134
http://www.ncbi.nlm.nih.gov/pubmed/17426099
http://www.ncbi.nlm.nih.gov/pubmed/17893655
http://www.ncbi.nlm.nih.gov/pubmed/11479730
invalid literal for int() with base 10: 'LSDB'
http://www.ncbi.nlm.nih.gov/pubmed/7668281
http://www.ncbi.nlm.nih.gov/pubmed/16712695
http://www.ncbi.nlm.nih.gov/pubmed/9792406
http://www.ncbi.nlm.nih.gov/pubmed/7550230
invalid literal for int() with base 10: 'LSDB'
http://www.ncbi.nlm.nih.gov/pubmed/10234503
http://www.ncbi.nlm.nih.gov/pubmed/16712695
http://www.ncbi.nlm.nih.gov/pubmed/21376398
http://www.ncbi.nlm.nih.gov/pubmed/9482572
http://www.ncbi.nlm.nih.gov/pubmed/10694925
http://www.ncbi.nlm.nih.gov/pubmed/7666404
http://www.ncbi.nlm.nih.gov/pubmed/21633710
http://www.ncbi.nlm.nih.gov/pubmed/17417613
http://www.ncbi.nlm.nih.gov/pubmed/17148041
http://www.ncbi.nlm.nih.gov/pubmed/21376398
http://www.ncbi.nlm.nih.gov/pubmed/10234503
http://www.ncbi.nlm.nih.gov/pubmed/12634864
http://www.ncbi.nlm.nih.gov/pubmed/10857836
http://www.ncbi.nlm.nih.gov/pubmed/9482572
http://www.ncbi.nlm.nih.gov/pubmed/8111379
http://www.ncbi.nlm.nih.gov/pubmed/18241071
http://www.ncbi.nlm.nih.gov/pubmed/16785853
http://www.ncbi.nlm.nih.gov/pubmed/12782766
http://www.ncbi.nlm.nih.gov/pubmed/9792406
http://www.ncbi.nlm.nih.gov/pubmed/16785853
invalid literal for int() with base 10: 'LSDB'
http://www.ncbi.nlm.nih.gov/pubmed/19898691
http://www.ncbi.nlm.nih.gov/pubmed/8364574
http://www.ncbi.nlm.nih.gov/pubmed/18483559
http://www.ncbi.nlm.nih.gov/pubmed/16712695
http://www.ncbi.nlm.nih.gov/pubmed/9452088
http://www.ncbi.nlm.nih.gov/pubmed/19610080
http://www.ncbi.nlm.nih.gov/pubmed/12634864
http://www.ncbi.nlm.nih.gov/pubmed/16712695
http://www.ncbi.nlm.nih.gov/pubmed/9727514
http://www.ncbi.nlm.nih.gov/pubmed/12953159
http://www.ncbi.nlm.nih.gov/pubmed/9138149
http://www.ncbi.nlm.nih.gov/pubmed/22361317
http://www.ncbi.nlm.nih.gov/pubmed/1302030
http://www.ncbi.nlm.nih.gov/pubmed/18241071
http://www.ncbi.nlm.nih.gov/pubmed/10737978
http://www.ncbi.nlm.nih.gov/pubmed/9727514
http://www.ncbi.nlm.nih.gov/pubmed/12552561
http://www.ncbi.nlm.nih.gov/pubmed/9138149
http://www.ncbi.nlm.nih.gov/pubmed/21274015
http://www.ncbi.nlm.nih.gov/pubmed/23685560
http://www.ncbi.nlm.nih.gov/pubmed/23430542
http://www.ncbi.nlm.nih.gov/pubmed/18676167
http://www.ncbi.nlm.nih.gov/pubmed/23430542
http://www.ncbi.nlm.nih.gov/pubmed/19306334
http://www.ncbi.nlm.nih.gov/pubmed/23430542
http://www.ncbi.nlm.nih.gov/pubmed/17051315
http://www.ncbi.nlm.nih.gov/pubmed/24059531
http://www.ncbi.nlm.nih.gov/pubmed/11592820
http://www.ncbi.nlm.nih.gov/pubmed/17966092
http://www.ncbi.nlm.nih.gov/pubmed/17051315
http://www.ncbi.nlm.nih.gov/pubmed/10518292
http://www.ncbi.nlm.nih.gov/pubmed/15059621
http://www.ncbi.nlm.nih.gov/pubmed/15059621
http://www.ncbi.nlm.nih.gov/pubmed/15059621
http://www.ncbi.nlm.nih.gov/pubmed/9887338
http://www.ncbi.nlm.nih.gov/pubmed/22033733
http://www.ncbi.nlm.nih.gov/pubmed/12559849
http://www.ncbi.nlm.nih.gov/pubmed/17051315
http://www.ncbi.nlm.nih.gov/pubmed/24464666
http://www.ncbi.nlm.nih.gov/pubmed/20549364
http://www.ncbi.nlm.nih.gov/pubmed/22033733
http://www.ncbi.nlm.nih.gov/pubmed/19099776
http://www.ncbi.nlm.nih.gov/pubmed/9683601
http://www.ncbi.nlm.nih.gov/pubmed/17051315
http://www.ncbi.nlm.nih.gov/pubmed/12559849
http://www.ncbi.nlm.nih.gov/pubmed/12189489
http://www.ncbi.nlm.nih.gov/pubmed/12409268
http://www.ncbi.nlm.nih.gov/pubmed/8023851
http://www.ncbi.nlm.nih.gov/pubmed/17051315
http://www.ncbi.nlm.nih.gov/pubmed/12559849
http://www.ncbi.nlm.nih.gov/pubmed/12559849
http://www.ncbi.nlm.nih.gov/pubmed/17966092
http://www.ncbi.nlm.nih.gov/pubmed/23053474
http://www.ncbi.nlm.nih.gov/pubmed/19238581
http://www.ncbi.nlm.nih.gov/pubmed/22033733
http://www.ncbi.nlm.nih.gov/pubmed/15059621
http://www.ncbi.nlm.nih.gov/pubmed/23352160
http://www.ncbi.nlm.nih.gov/pubmed/24498627
http://www.ncbi.nlm.nih.gov/pubmed/21117948
http://www.ncbi.nlm.nih.gov/pubmed/22815625
http://www.ncbi.nlm.nih.gov/pubmed/21436283
http://www.ncbi.nlm.nih.gov/pubmed/22135276
http://www.ncbi.nlm.nih.gov/pubmed/22135276
http://www.ncbi.nlm.nih.gov/pubmed/18719945
http://www.ncbi.nlm.nih.gov/pubmed/11398101
http://www.ncbi.nlm.nih.gov/pubmed/24618850
http://www.ncbi.nlm.nih.gov/pubmed/20713952
http://www.ncbi.nlm.nih.gov/pubmed/22267240
http://www.ncbi.nlm.nih.gov/pubmed/20713952
http://www.ncbi.nlm.nih.gov/pubmed/19048012
http://www.ncbi.nlm.nih.gov/pubmed/18174396
http://www.ncbi.nlm.nih.gov/pubmed/24106199
http://www.ncbi.nlm.nih.gov/pubmed/18174396
http://www.ncbi.nlm.nih.gov/pubmed/22527565
http://www.ncbi.nlm.nih.gov/pubmed/24106199
http://www.ncbi.nlm.nih.gov/pubmed/19643772
http://www.ncbi.nlm.nih.gov/pubmed/19643772
http://www.ncbi.nlm.nih.gov/pubmed/22821869
http://www.ncbi.nlm.nih.gov/pubmed/22821869
http://www.ncbi.nlm.nih.gov/pubmed/18174396
http://www.ncbi.nlm.nih.gov/pubmed/19643772
http://www.ncbi.nlm.nih.gov/pubmed/21270239
http://www.ncbi.nlm.nih.gov/pubmed/18174396
http://www.ncbi.nlm.nih.gov/pubmed/18174396
http://www.ncbi.nlm.nih.gov/pubmed/9207799
http://www.ncbi.nlm.nih.gov/pubmed/23562752
http://www.ncbi.nlm.nih.gov/pubmed/23562752
http://www.ncbi.nlm.nih.gov/pubmed/23685560
http://www.ncbi.nlm.nih.gov/pubmed/17316651
http://www.ncbi.nlm.nih.gov/pubmed/23595507
http://www.ncbi.nlm.nih.gov/pubmed/23595507
http://www.ncbi.nlm.nih.gov/pubmed/20419355
http://www.ncbi.nlm.nih.gov/pubmed/24689081
http://www.ncbi.nlm.nih.gov/pubmed/21029238
http://www.ncbi.nlm.nih.gov/pubmed/24466005
http://www.ncbi.nlm.nih.gov/pubmed/23801932
http://www.ncbi.nlm.nih.gov/pubmed/23801932
http://www.ncbi.nlm.nih.gov/pubmed/23595507
http://www.ncbi.nlm.nih.gov/pubmed/16329096
http://www.ncbi.nlm.nih.gov/pubmed/16329096
http://www.ncbi.nlm.nih.gov/pubmed/23595507
http://www.ncbi.nlm.nih.gov/pubmed/23801932
http://www.ncbi.nlm.nih.gov/pubmed/24689081
http://www.ncbi.nlm.nih.gov/pubmed/15543491
http://www.ncbi.nlm.nih.gov/pubmed/23801932
http://www.ncbi.nlm.nih.gov/pubmed/24689081
http://www.ncbi.nlm.nih.gov/pubmed/24689081
http://www.ncbi.nlm.nih.gov/pubmed/17110911
http://www.ncbi.nlm.nih.gov/pubmed/24416769
http://www.ncbi.nlm.nih.gov/pubmed/10393062
http://www.ncbi.nlm.nih.gov/pubmed/23661369
http://www.ncbi.nlm.nih.gov/pubmed/21987686
http://www.ncbi.nlm.nih.gov/pubmed/22334370
http://www.ncbi.nlm.nih.gov/pubmed/7724547
http://www.ncbi.nlm.nih.gov/pubmed/22968130
http://www.ncbi.nlm.nih.gov/pubmed/8595886
http://www.ncbi.nlm.nih.gov/pubmed/22334370
http://www.ncbi.nlm.nih.gov/pubmed/19887631
http://www.ncbi.nlm.nih.gov/pubmed/19887631
http://www.ncbi.nlm.nih.gov/pubmed/21127010
http://www.ncbi.nlm.nih.gov/pubmed/19615668
http://www.ncbi.nlm.nih.gov/pubmed/23776498
http://www.ncbi.nlm.nih.gov/pubmed/23776498
http://www.ncbi.nlm.nih.gov/pubmed/24166846
http://www.ncbi.nlm.nih.gov/pubmed/20655036
http://www.ncbi.nlm.nih.gov/pubmed/22335482
http://www.ncbi.nlm.nih.gov/pubmed/20169295
http://www.ncbi.nlm.nih.gov/pubmed/21914562
http://www.ncbi.nlm.nih.gov/pubmed/18023225
http://www.ncbi.nlm.nih.gov/pubmed/18023225
http://www.ncbi.nlm.nih.gov/pubmed/7898978
http://www.ncbi.nlm.nih.gov/pubmed/20002461
http://www.ncbi.nlm.nih.gov/pubmed/7887409
http://www.ncbi.nlm.nih.gov/pubmed/16412675
http://www.ncbi.nlm.nih.gov/pubmed/24718837
http://www.ncbi.nlm.nih.gov/pubmed/18273899
http://www.ncbi.nlm.nih.gov/pubmed/12551913
http://www.ncbi.nlm.nih.gov/pubmed/21895644
http://www.ncbi.nlm.nih.gov/pubmed/21723463
http://www.ncbi.nlm.nih.gov/pubmed/18709504
http://www.ncbi.nlm.nih.gov/pubmed/21914562
http://www.ncbi.nlm.nih.gov/pubmed/12208141
http://www.ncbi.nlm.nih.gov/pubmed/11935326
http://www.ncbi.nlm.nih.gov/pubmed/16904023
http://www.ncbi.nlm.nih.gov/pubmed/12208141
http://www.ncbi.nlm.nih.gov/pubmed/11935326
http://www.ncbi.nlm.nih.gov/pubmed/21914562
http://www.ncbi.nlm.nih.gov/pubmed/20440071
http://www.ncbi.nlm.nih.gov/pubmed/12384772
http://www.ncbi.nlm.nih.gov/pubmed/8198124
http://www.ncbi.nlm.nih.gov/pubmed/8198124
http://www.ncbi.nlm.nih.gov/pubmed/12384772
http://www.ncbi.nlm.nih.gov/pubmed/15608650
http://www.ncbi.nlm.nih.gov/pubmed/21031596
http://www.ncbi.nlm.nih.gov/pubmed/19105186
http://www.ncbi.nlm.nih.gov/pubmed/11389485
http://www.ncbi.nlm.nih.gov/pubmed/21846392
http://www.ncbi.nlm.nih.gov/pubmed/21031596
http://www.ncbi.nlm.nih.gov/pubmed/21846392
http://www.ncbi.nlm.nih.gov/pubmed/9398847
http://www.ncbi.nlm.nih.gov/pubmed/11389485
http://www.ncbi.nlm.nih.gov/pubmed/21031596
http://www.ncbi.nlm.nih.gov/pubmed/21846392
http://www.ncbi.nlm.nih.gov/pubmed/9398847
http://www.ncbi.nlm.nih.gov/pubmed/19105186
http://www.ncbi.nlm.nih.gov/pubmed/19105186
http://www.ncbi.nlm.nih.gov/pubmed/19105186
http://www.ncbi.nlm.nih.gov/pubmed/11389485
http://www.ncbi.nlm.nih.gov/pubmed/9683594
http://www.ncbi.nlm.nih.gov/pubmed/9792857
http://www.ncbi.nlm.nih.gov/pubmed/15542397
http://www.ncbi.nlm.nih.gov/pubmed/21031596
http://www.ncbi.nlm.nih.gov/pubmed/21031596
http://www.ncbi.nlm.nih.gov/pubmed/11890679
http://www.ncbi.nlm.nih.gov/pubmed/20681997
http://www.ncbi.nlm.nih.gov/pubmed/16257970
http://www.ncbi.nlm.nih.gov/pubmed/15542397
http://www.ncbi.nlm.nih.gov/pubmed/10958759
http://www.ncbi.nlm.nih.gov/pubmed/18712838
http://www.ncbi.nlm.nih.gov/pubmed/18712838
http://www.ncbi.nlm.nih.gov/pubmed/15542397
http://www.ncbi.nlm.nih.gov/pubmed/10408779
http://www.ncbi.nlm.nih.gov/pubmed/11873320
http://www.ncbi.nlm.nih.gov/pubmed/19877282
http://www.ncbi.nlm.nih.gov/pubmed/19877282
http://www.ncbi.nlm.nih.gov/pubmed/19877282
http://www.ncbi.nlm.nih.gov/pubmed/19877282
http://www.ncbi.nlm.nih.gov/pubmed/11355018
http://www.ncbi.nlm.nih.gov/pubmed/10408779
http://www.ncbi.nlm.nih.gov/pubmed/19877282
http://www.ncbi.nlm.nih.gov/pubmed/19877282
http://www.ncbi.nlm.nih.gov/pubmed/19877282
http://www.ncbi.nlm.nih.gov/pubmed/19877282
http://www.ncbi.nlm.nih.gov/pubmed/19877282
http://www.ncbi.nlm.nih.gov/pubmed/8940266
http://www.ncbi.nlm.nih.gov/pubmed/19877282
http://www.ncbi.nlm.nih.gov/pubmed/10408779
http://www.ncbi.nlm.nih.gov/pubmed/19877282
http://www.ncbi.nlm.nih.gov/pubmed/8670792
http://www.ncbi.nlm.nih.gov/pubmed/12325024
http://www.ncbi.nlm.nih.gov/pubmed/11781871
http://www.ncbi.nlm.nih.gov/pubmed/11781871
http://www.ncbi.nlm.nih.gov/pubmed/12325024
http://www.ncbi.nlm.nih.gov/pubmed/12325024
http://www.ncbi.nlm.nih.gov/pubmed/11781871


PS:

Read file <data/skip/scraping_pubmed_chunks/logs/chunk22.e> for stderr output of this job.

