Sender: LSF System <lsf@node0905>
Subject: Job 9582126: <scrape.7> in cluster <cromwell> Done

Job <scrape.7> was submitted from host <gold> by user <birnbaum> in cluster <cromwell>.
Job was executed on host(s) <node0905>, in queue <hour>, as user <birnbaum> in cluster <cromwell>.
</home/unix/birnbaum> was used as the home directory.
</humgen/atgu1/fs03/birnbaum/cryptic-splice> was used as the working directory.
Started at Thu Jun  2 16:37:46 2016
Results reported on Thu Jun  2 16:47:37 2016

Your job looked like:

------------------------------------------------------------
# LSBATCH: User input
python src/scrape_pubmed_abstracts.py -p data/skip/hgmd_splice_pmids.txt --include "exon skipping" --include "skipping of exon" --exclude "cryptic splice site" --exclude "cryptic donor" --exclude "cryptic acceptor" -o data/skip/scraping_pubmed_chunks/chunk7.txt --chunk 7/30
------------------------------------------------------------

Successfully completed.

Resource usage summary:

    CPU time :               112.33 sec.
    Max Memory :             51 MB
    Average Memory :         48.79 MB
    Total Requested Memory : 750.00 MB
    Delta Memory :           699.00 MB
    (Delta: the difference between Total Requested Memory and Max Memory.)
    Max Processes :          3
    Max Threads :            4

The output (if any) follows:

http://www.ncbi.nlm.nih.gov/pubmed/15657609
http://www.ncbi.nlm.nih.gov/pubmed/15657609
http://www.ncbi.nlm.nih.gov/pubmed/15657609
http://www.ncbi.nlm.nih.gov/pubmed/15459792
http://www.ncbi.nlm.nih.gov/pubmed/23144630
http://www.ncbi.nlm.nih.gov/pubmed/23160955
http://www.ncbi.nlm.nih.gov/pubmed/8075647
http://www.ncbi.nlm.nih.gov/pubmed/19896112
http://www.ncbi.nlm.nih.gov/pubmed/21827697
http://www.ncbi.nlm.nih.gov/pubmed/19008299
http://www.ncbi.nlm.nih.gov/pubmed/23228021
http://www.ncbi.nlm.nih.gov/pubmed/23606727
http://www.ncbi.nlm.nih.gov/pubmed/15107842
http://www.ncbi.nlm.nih.gov/pubmed/19577670
http://www.ncbi.nlm.nih.gov/pubmed/17331980
http://www.ncbi.nlm.nih.gov/pubmed/20513134
http://www.ncbi.nlm.nih.gov/pubmed/20513134
http://www.ncbi.nlm.nih.gov/pubmed/20513134
http://www.ncbi.nlm.nih.gov/pubmed/20513134
http://www.ncbi.nlm.nih.gov/pubmed/12673280
http://www.ncbi.nlm.nih.gov/pubmed/23922384
http://www.ncbi.nlm.nih.gov/pubmed/20513134
http://www.ncbi.nlm.nih.gov/pubmed/10486316
http://www.ncbi.nlm.nih.gov/pubmed/10486316
http://www.ncbi.nlm.nih.gov/pubmed/10486316
http://www.ncbi.nlm.nih.gov/pubmed/22189268
http://www.ncbi.nlm.nih.gov/pubmed/12673280
http://www.ncbi.nlm.nih.gov/pubmed/10486316
http://www.ncbi.nlm.nih.gov/pubmed/21668896
http://www.ncbi.nlm.nih.gov/pubmed/10486316
http://www.ncbi.nlm.nih.gov/pubmed/9529347
http://www.ncbi.nlm.nih.gov/pubmed/10486316
http://www.ncbi.nlm.nih.gov/pubmed/15286167
http://www.ncbi.nlm.nih.gov/pubmed/17236192
http://www.ncbi.nlm.nih.gov/pubmed/10486316
http://www.ncbi.nlm.nih.gov/pubmed/17236192
http://www.ncbi.nlm.nih.gov/pubmed/15286167
http://www.ncbi.nlm.nih.gov/pubmed/23922384
http://www.ncbi.nlm.nih.gov/pubmed/10677296
http://www.ncbi.nlm.nih.gov/pubmed/10677296
http://www.ncbi.nlm.nih.gov/pubmed/11341341
http://www.ncbi.nlm.nih.gov/pubmed/7859284
http://www.ncbi.nlm.nih.gov/pubmed/24334604
http://www.ncbi.nlm.nih.gov/pubmed/23834121
http://www.ncbi.nlm.nih.gov/pubmed/16473856
http://www.ncbi.nlm.nih.gov/pubmed/21357940
http://www.ncbi.nlm.nih.gov/pubmed/15377356
http://www.ncbi.nlm.nih.gov/pubmed/24005051
http://www.ncbi.nlm.nih.gov/pubmed/9204958
http://www.ncbi.nlm.nih.gov/pubmed/9457913
http://www.ncbi.nlm.nih.gov/pubmed/16473856
http://www.ncbi.nlm.nih.gov/pubmed/16473856
http://www.ncbi.nlm.nih.gov/pubmed/10636730
http://www.ncbi.nlm.nih.gov/pubmed/16473856
http://www.ncbi.nlm.nih.gov/pubmed/21357940
http://www.ncbi.nlm.nih.gov/pubmed/10636730
http://www.ncbi.nlm.nih.gov/pubmed/21357940
http://www.ncbi.nlm.nih.gov/pubmed/11406649
http://www.ncbi.nlm.nih.gov/pubmed/16473856
http://www.ncbi.nlm.nih.gov/pubmed/23708140
http://www.ncbi.nlm.nih.gov/pubmed/15241796
http://www.ncbi.nlm.nih.gov/pubmed/15241796
http://www.ncbi.nlm.nih.gov/pubmed/8841196
http://www.ncbi.nlm.nih.gov/pubmed/22753364
http://www.ncbi.nlm.nih.gov/pubmed/17078022
http://www.ncbi.nlm.nih.gov/pubmed/9443882
http://www.ncbi.nlm.nih.gov/pubmed/17078022
http://www.ncbi.nlm.nih.gov/pubmed/16879195
http://www.ncbi.nlm.nih.gov/pubmed/17078022
invalid literal for int() with base 10: 'HGOL'
http://www.ncbi.nlm.nih.gov/pubmed/2298750
http://www.ncbi.nlm.nih.gov/pubmed/17078022
http://www.ncbi.nlm.nih.gov/pubmed/17078022
http://www.ncbi.nlm.nih.gov/pubmed/17078022
http://www.ncbi.nlm.nih.gov/pubmed/17078022
http://www.ncbi.nlm.nih.gov/pubmed/17078022
http://www.ncbi.nlm.nih.gov/pubmed/15502558
http://www.ncbi.nlm.nih.gov/pubmed/8456806
http://www.ncbi.nlm.nih.gov/pubmed/16879195
http://www.ncbi.nlm.nih.gov/pubmed/9203215
http://www.ncbi.nlm.nih.gov/pubmed/7942841
http://www.ncbi.nlm.nih.gov/pubmed/9443882
http://www.ncbi.nlm.nih.gov/pubmed/12590186
http://www.ncbi.nlm.nih.gov/pubmed/15024692
http://www.ncbi.nlm.nih.gov/pubmed/17078022
http://www.ncbi.nlm.nih.gov/pubmed/17078022
http://www.ncbi.nlm.nih.gov/pubmed/11317364
http://www.ncbi.nlm.nih.gov/pubmed/12590186
http://www.ncbi.nlm.nih.gov/pubmed/9443882
http://www.ncbi.nlm.nih.gov/pubmed/16879195
http://www.ncbi.nlm.nih.gov/pubmed/9443882
http://www.ncbi.nlm.nih.gov/pubmed/12590186
http://www.ncbi.nlm.nih.gov/pubmed/17078022
http://www.ncbi.nlm.nih.gov/pubmed/17078022
http://www.ncbi.nlm.nih.gov/pubmed/16705691
http://www.ncbi.nlm.nih.gov/pubmed/22753364
http://www.ncbi.nlm.nih.gov/pubmed/17078022
http://www.ncbi.nlm.nih.gov/pubmed/9443882
http://www.ncbi.nlm.nih.gov/pubmed/8408653
http://www.ncbi.nlm.nih.gov/pubmed/17078022
http://www.ncbi.nlm.nih.gov/pubmed/9067755
http://www.ncbi.nlm.nih.gov/pubmed/9203215
http://www.ncbi.nlm.nih.gov/pubmed/18755172
http://www.ncbi.nlm.nih.gov/pubmed/19283684
http://www.ncbi.nlm.nih.gov/pubmed/16786509
http://www.ncbi.nlm.nih.gov/pubmed/11317364
http://www.ncbi.nlm.nih.gov/pubmed/17078022
http://www.ncbi.nlm.nih.gov/pubmed/16879195
http://www.ncbi.nlm.nih.gov/pubmed/15241796
http://www.ncbi.nlm.nih.gov/pubmed/22206639
http://www.ncbi.nlm.nih.gov/pubmed/15241796
http://www.ncbi.nlm.nih.gov/pubmed/22206639
http://www.ncbi.nlm.nih.gov/pubmed/22206639
http://www.ncbi.nlm.nih.gov/pubmed/15241796
http://www.ncbi.nlm.nih.gov/pubmed/23054245
http://www.ncbi.nlm.nih.gov/pubmed/15241796
http://www.ncbi.nlm.nih.gov/pubmed/17078022
http://www.ncbi.nlm.nih.gov/pubmed/17078022
http://www.ncbi.nlm.nih.gov/pubmed/22206639
http://www.ncbi.nlm.nih.gov/pubmed/19358256
http://www.ncbi.nlm.nih.gov/pubmed/16705691
http://www.ncbi.nlm.nih.gov/pubmed/15241796
http://www.ncbi.nlm.nih.gov/pubmed/22206639
http://www.ncbi.nlm.nih.gov/pubmed/17078022
http://www.ncbi.nlm.nih.gov/pubmed/17078022
http://www.ncbi.nlm.nih.gov/pubmed/16879195
http://www.ncbi.nlm.nih.gov/pubmed/21667357
http://www.ncbi.nlm.nih.gov/pubmed/15241796
http://www.ncbi.nlm.nih.gov/pubmed/17078022
http://www.ncbi.nlm.nih.gov/pubmed/11706004
http://www.ncbi.nlm.nih.gov/pubmed/15241796
http://www.ncbi.nlm.nih.gov/pubmed/17078022
http://www.ncbi.nlm.nih.gov/pubmed/17078022
http://www.ncbi.nlm.nih.gov/pubmed/17078022
http://www.ncbi.nlm.nih.gov/pubmed/22206639
http://www.ncbi.nlm.nih.gov/pubmed/22565191
http://www.ncbi.nlm.nih.gov/pubmed/17078022
http://www.ncbi.nlm.nih.gov/pubmed/15241796
http://www.ncbi.nlm.nih.gov/pubmed/15241796
http://www.ncbi.nlm.nih.gov/pubmed/18996919
invalid literal for int() with base 10: 'LSDB'
http://www.ncbi.nlm.nih.gov/pubmed/18996919
http://www.ncbi.nlm.nih.gov/pubmed/9203215
http://www.ncbi.nlm.nih.gov/pubmed/18996919
http://www.ncbi.nlm.nih.gov/pubmed/7942841
http://www.ncbi.nlm.nih.gov/pubmed/17078022
http://www.ncbi.nlm.nih.gov/pubmed/22674700
http://www.ncbi.nlm.nih.gov/pubmed/15235039
http://www.ncbi.nlm.nih.gov/pubmed/16786509
http://www.ncbi.nlm.nih.gov/pubmed/9443882
http://www.ncbi.nlm.nih.gov/pubmed/18409203
http://www.ncbi.nlm.nih.gov/pubmed/9295084
http://www.ncbi.nlm.nih.gov/pubmed/2767050
http://www.ncbi.nlm.nih.gov/pubmed/22206639
http://www.ncbi.nlm.nih.gov/pubmed/15728585
http://www.ncbi.nlm.nih.gov/pubmed/17078022
http://www.ncbi.nlm.nih.gov/pubmed/16786509
http://www.ncbi.nlm.nih.gov/pubmed/10417276
http://www.ncbi.nlm.nih.gov/pubmed/7945197
http://www.ncbi.nlm.nih.gov/pubmed/18755172
http://www.ncbi.nlm.nih.gov/pubmed/17078022
http://www.ncbi.nlm.nih.gov/pubmed/15241796
http://www.ncbi.nlm.nih.gov/pubmed/17078022
http://www.ncbi.nlm.nih.gov/pubmed/24501682
http://www.ncbi.nlm.nih.gov/pubmed/9203215
http://www.ncbi.nlm.nih.gov/pubmed/15077201
http://www.ncbi.nlm.nih.gov/pubmed/22206639
http://www.ncbi.nlm.nih.gov/pubmed/15077201
http://www.ncbi.nlm.nih.gov/pubmed/1642148
http://www.ncbi.nlm.nih.gov/pubmed/16705691
http://www.ncbi.nlm.nih.gov/pubmed/11317364
http://www.ncbi.nlm.nih.gov/pubmed/17078022
http://www.ncbi.nlm.nih.gov/pubmed/23692737
http://www.ncbi.nlm.nih.gov/pubmed/17078022
http://www.ncbi.nlm.nih.gov/pubmed/17078022
http://www.ncbi.nlm.nih.gov/pubmed/17078022
http://www.ncbi.nlm.nih.gov/pubmed/8257992
http://www.ncbi.nlm.nih.gov/pubmed/11317364
http://www.ncbi.nlm.nih.gov/pubmed/17078022
http://www.ncbi.nlm.nih.gov/pubmed/8535451
http://www.ncbi.nlm.nih.gov/pubmed/8005592
http://www.ncbi.nlm.nih.gov/pubmed/8829655
http://www.ncbi.nlm.nih.gov/pubmed/17078022
http://www.ncbi.nlm.nih.gov/pubmed/15077201
http://www.ncbi.nlm.nih.gov/pubmed/15077201
http://www.ncbi.nlm.nih.gov/pubmed/17078022
http://www.ncbi.nlm.nih.gov/pubmed/9268111
http://www.ncbi.nlm.nih.gov/pubmed/2839839
http://www.ncbi.nlm.nih.gov/pubmed/18996919
http://www.ncbi.nlm.nih.gov/pubmed/17078022
invalid literal for int() with base 10: 'LSDB'
http://www.ncbi.nlm.nih.gov/pubmed/8456807
http://www.ncbi.nlm.nih.gov/pubmed/1711048
http://www.ncbi.nlm.nih.gov/pubmed/21239989
http://www.ncbi.nlm.nih.gov/pubmed/16705691
http://www.ncbi.nlm.nih.gov/pubmed/16705691
http://www.ncbi.nlm.nih.gov/pubmed/17078022
http://www.ncbi.nlm.nih.gov/pubmed/17078022
http://www.ncbi.nlm.nih.gov/pubmed/16705691
http://www.ncbi.nlm.nih.gov/pubmed/11317364
http://www.ncbi.nlm.nih.gov/pubmed/18996919
http://www.ncbi.nlm.nih.gov/pubmed/17078022
http://www.ncbi.nlm.nih.gov/pubmed/15241796
http://www.ncbi.nlm.nih.gov/pubmed/16786509
http://www.ncbi.nlm.nih.gov/pubmed/11288717
http://www.ncbi.nlm.nih.gov/pubmed/17078022
http://www.ncbi.nlm.nih.gov/pubmed/9295084
http://www.ncbi.nlm.nih.gov/pubmed/9295084
http://www.ncbi.nlm.nih.gov/pubmed/1556139
http://www.ncbi.nlm.nih.gov/pubmed/2777808
http://www.ncbi.nlm.nih.gov/pubmed/2394758
http://www.ncbi.nlm.nih.gov/pubmed/21801164
http://www.ncbi.nlm.nih.gov/pubmed/9295084
http://www.ncbi.nlm.nih.gov/pubmed/2454224
http://www.ncbi.nlm.nih.gov/pubmed/21801164
http://www.ncbi.nlm.nih.gov/pubmed/10694924
http://www.ncbi.nlm.nih.gov/pubmed/17078022
http://www.ncbi.nlm.nih.gov/pubmed/17078022
http://www.ncbi.nlm.nih.gov/pubmed/16189708
http://www.ncbi.nlm.nih.gov/pubmed/22189268
http://www.ncbi.nlm.nih.gov/pubmed/22791362
http://www.ncbi.nlm.nih.gov/pubmed/22189268
http://www.ncbi.nlm.nih.gov/pubmed/22791362
http://www.ncbi.nlm.nih.gov/pubmed/20513134
http://www.ncbi.nlm.nih.gov/pubmed/20179744
http://www.ncbi.nlm.nih.gov/pubmed/16395149
http://www.ncbi.nlm.nih.gov/pubmed/7977371
http://www.ncbi.nlm.nih.gov/pubmed/10486316
http://www.ncbi.nlm.nih.gov/pubmed/17347327
http://www.ncbi.nlm.nih.gov/pubmed/15895462
http://www.ncbi.nlm.nih.gov/pubmed/21250907
http://www.ncbi.nlm.nih.gov/pubmed/9675039
http://www.ncbi.nlm.nih.gov/pubmed/21186996
http://www.ncbi.nlm.nih.gov/pubmed/20179744
http://www.ncbi.nlm.nih.gov/pubmed/20179744
http://www.ncbi.nlm.nih.gov/pubmed/20513134
http://www.ncbi.nlm.nih.gov/pubmed/8737653
http://www.ncbi.nlm.nih.gov/pubmed/20513134
http://www.ncbi.nlm.nih.gov/pubmed/23188137
http://www.ncbi.nlm.nih.gov/pubmed/7847372
http://www.ncbi.nlm.nih.gov/pubmed/22791362
http://www.ncbi.nlm.nih.gov/pubmed/7849719
http://www.ncbi.nlm.nih.gov/pubmed/22791362
http://www.ncbi.nlm.nih.gov/pubmed/16752401
http://www.ncbi.nlm.nih.gov/pubmed/22189268
http://www.ncbi.nlm.nih.gov/pubmed/22791362
http://www.ncbi.nlm.nih.gov/pubmed/17347327
http://www.ncbi.nlm.nih.gov/pubmed/9468540
http://www.ncbi.nlm.nih.gov/pubmed/18276201
http://www.ncbi.nlm.nih.gov/pubmed/10706362
http://www.ncbi.nlm.nih.gov/pubmed/16752401
http://www.ncbi.nlm.nih.gov/pubmed/20179744
http://www.ncbi.nlm.nih.gov/pubmed/18309338
http://www.ncbi.nlm.nih.gov/pubmed/16752401
http://www.ncbi.nlm.nih.gov/pubmed/16752401
http://www.ncbi.nlm.nih.gov/pubmed/17437277
http://www.ncbi.nlm.nih.gov/pubmed/15895462
http://www.ncbi.nlm.nih.gov/pubmed/20179744
http://www.ncbi.nlm.nih.gov/pubmed/20179744
http://www.ncbi.nlm.nih.gov/pubmed/20179744
http://www.ncbi.nlm.nih.gov/pubmed/20513134
http://www.ncbi.nlm.nih.gov/pubmed/10797431
http://www.ncbi.nlm.nih.gov/pubmed/18276201
http://www.ncbi.nlm.nih.gov/pubmed/20179744
http://www.ncbi.nlm.nih.gov/pubmed/22791362
http://www.ncbi.nlm.nih.gov/pubmed/20513134
http://www.ncbi.nlm.nih.gov/pubmed/20179744
http://www.ncbi.nlm.nih.gov/pubmed/20179744
http://www.ncbi.nlm.nih.gov/pubmed/20513134
http://www.ncbi.nlm.nih.gov/pubmed/16752401
http://www.ncbi.nlm.nih.gov/pubmed/20179744
http://www.ncbi.nlm.nih.gov/pubmed/16752401
http://www.ncbi.nlm.nih.gov/pubmed/10486316
http://www.ncbi.nlm.nih.gov/pubmed/20513134
http://www.ncbi.nlm.nih.gov/pubmed/20513134
http://www.ncbi.nlm.nih.gov/pubmed/20513134
http://www.ncbi.nlm.nih.gov/pubmed/20179744
http://www.ncbi.nlm.nih.gov/pubmed/16752401
http://www.ncbi.nlm.nih.gov/pubmed/20179744
http://www.ncbi.nlm.nih.gov/pubmed/20179744
http://www.ncbi.nlm.nih.gov/pubmed/22796116
http://www.ncbi.nlm.nih.gov/pubmed/22189268
http://www.ncbi.nlm.nih.gov/pubmed/22189268
http://www.ncbi.nlm.nih.gov/pubmed/22189268
http://www.ncbi.nlm.nih.gov/pubmed/18276201
http://www.ncbi.nlm.nih.gov/pubmed/16752401
http://www.ncbi.nlm.nih.gov/pubmed/16752401
http://www.ncbi.nlm.nih.gov/pubmed/15671297
http://www.ncbi.nlm.nih.gov/pubmed/16752401
http://www.ncbi.nlm.nih.gov/pubmed/15895462
http://www.ncbi.nlm.nih.gov/pubmed/20179744
http://www.ncbi.nlm.nih.gov/pubmed/20179744
http://www.ncbi.nlm.nih.gov/pubmed/20179744
http://www.ncbi.nlm.nih.gov/pubmed/20179744
http://www.ncbi.nlm.nih.gov/pubmed/16752401
http://www.ncbi.nlm.nih.gov/pubmed/21637106
http://www.ncbi.nlm.nih.gov/pubmed/21219851
http://www.ncbi.nlm.nih.gov/pubmed/10923041
http://www.ncbi.nlm.nih.gov/pubmed/8881656
http://www.ncbi.nlm.nih.gov/pubmed/23688910
http://www.ncbi.nlm.nih.gov/pubmed/9399899
http://www.ncbi.nlm.nih.gov/pubmed/22019127
http://www.ncbi.nlm.nih.gov/pubmed/24399159
http://www.ncbi.nlm.nih.gov/pubmed/2365710
http://www.ncbi.nlm.nih.gov/pubmed/9399899
http://www.ncbi.nlm.nih.gov/pubmed/24399159
http://www.ncbi.nlm.nih.gov/pubmed/7487954
http://www.ncbi.nlm.nih.gov/pubmed/9399899
http://www.ncbi.nlm.nih.gov/pubmed/2349939
http://www.ncbi.nlm.nih.gov/pubmed/24399159
http://www.ncbi.nlm.nih.gov/pubmed/8881656
http://www.ncbi.nlm.nih.gov/pubmed/18779970
invalid literal for int() with base 10: 'NO ID'
http://www.ncbi.nlm.nih.gov/pubmed/1672129
http://www.ncbi.nlm.nih.gov/pubmed/22065459
http://www.ncbi.nlm.nih.gov/pubmed/22001912
http://www.ncbi.nlm.nih.gov/pubmed/23293852
http://www.ncbi.nlm.nih.gov/pubmed/7581395
http://www.ncbi.nlm.nih.gov/pubmed/20518783
http://www.ncbi.nlm.nih.gov/pubmed/9399899
http://www.ncbi.nlm.nih.gov/pubmed/9399899
http://www.ncbi.nlm.nih.gov/pubmed/9399899
http://www.ncbi.nlm.nih.gov/pubmed/19695909
http://www.ncbi.nlm.nih.gov/pubmed/7665911
http://www.ncbi.nlm.nih.gov/pubmed/9399899
http://www.ncbi.nlm.nih.gov/pubmed/9399899
http://www.ncbi.nlm.nih.gov/pubmed/10923041
http://www.ncbi.nlm.nih.gov/pubmed/8477261
http://www.ncbi.nlm.nih.gov/pubmed/7849722
http://www.ncbi.nlm.nih.gov/pubmed/21637106
http://www.ncbi.nlm.nih.gov/pubmed/9399899
http://www.ncbi.nlm.nih.gov/pubmed/9399899
http://www.ncbi.nlm.nih.gov/pubmed/21637106
http://www.ncbi.nlm.nih.gov/pubmed/21637106
http://www.ncbi.nlm.nih.gov/pubmed/2145268
http://www.ncbi.nlm.nih.gov/pubmed/20518783
http://www.ncbi.nlm.nih.gov/pubmed/2365710
http://www.ncbi.nlm.nih.gov/pubmed/19543901
http://www.ncbi.nlm.nih.gov/pubmed/10923041
http://www.ncbi.nlm.nih.gov/pubmed/8881656
http://www.ncbi.nlm.nih.gov/pubmed/9399899
http://www.ncbi.nlm.nih.gov/pubmed/17224388
http://www.ncbi.nlm.nih.gov/pubmed/8881656
http://www.ncbi.nlm.nih.gov/pubmed/9399899
http://www.ncbi.nlm.nih.gov/pubmed/9399899
http://www.ncbi.nlm.nih.gov/pubmed/22019127
http://www.ncbi.nlm.nih.gov/pubmed/9399899
http://www.ncbi.nlm.nih.gov/pubmed/9399899
http://www.ncbi.nlm.nih.gov/pubmed/8320698
http://www.ncbi.nlm.nih.gov/pubmed/9399899
http://www.ncbi.nlm.nih.gov/pubmed/9399899
http://www.ncbi.nlm.nih.gov/pubmed/9399899
http://www.ncbi.nlm.nih.gov/pubmed/9399899
http://www.ncbi.nlm.nih.gov/pubmed/10923041
http://www.ncbi.nlm.nih.gov/pubmed/23225343
http://www.ncbi.nlm.nih.gov/pubmed/23225343
http://www.ncbi.nlm.nih.gov/pubmed/23065703
http://www.ncbi.nlm.nih.gov/pubmed/21357838
http://www.ncbi.nlm.nih.gov/pubmed/22887978
http://www.ncbi.nlm.nih.gov/pubmed/24633401
http://www.ncbi.nlm.nih.gov/pubmed/11044206
http://www.ncbi.nlm.nih.gov/pubmed/17216251
http://www.ncbi.nlm.nih.gov/pubmed/16338941
http://www.ncbi.nlm.nih.gov/pubmed/22887978
http://www.ncbi.nlm.nih.gov/pubmed/14871398
http://www.ncbi.nlm.nih.gov/pubmed/14871398
http://www.ncbi.nlm.nih.gov/pubmed/24052634
http://www.ncbi.nlm.nih.gov/pubmed/11134255
http://www.ncbi.nlm.nih.gov/pubmed/18649777
http://www.ncbi.nlm.nih.gov/pubmed/14871398
http://www.ncbi.nlm.nih.gov/pubmed/11134255
http://www.ncbi.nlm.nih.gov/pubmed/22887978
http://www.ncbi.nlm.nih.gov/pubmed/11134255
http://www.ncbi.nlm.nih.gov/pubmed/24633401
http://www.ncbi.nlm.nih.gov/pubmed/22887978
invalid literal for int() with base 10: 'NO ID'
http://www.ncbi.nlm.nih.gov/pubmed/22887978
http://www.ncbi.nlm.nih.gov/pubmed/7633417
http://www.ncbi.nlm.nih.gov/pubmed/24052634
http://www.ncbi.nlm.nih.gov/pubmed/24052634
http://www.ncbi.nlm.nih.gov/pubmed/22887978
http://www.ncbi.nlm.nih.gov/pubmed/11961012
http://www.ncbi.nlm.nih.gov/pubmed/16338941
http://www.ncbi.nlm.nih.gov/pubmed/22887978
http://www.ncbi.nlm.nih.gov/pubmed/19129241
http://www.ncbi.nlm.nih.gov/pubmed/17396119
http://www.ncbi.nlm.nih.gov/pubmed/17396119
http://www.ncbi.nlm.nih.gov/pubmed/9792860
http://www.ncbi.nlm.nih.gov/pubmed/20884774
http://www.ncbi.nlm.nih.gov/pubmed/20378821
http://www.ncbi.nlm.nih.gov/pubmed/14993485
http://www.ncbi.nlm.nih.gov/pubmed/11462238
http://www.ncbi.nlm.nih.gov/pubmed/24304881
http://www.ncbi.nlm.nih.gov/pubmed/15954103
http://www.ncbi.nlm.nih.gov/pubmed/8940267
http://www.ncbi.nlm.nih.gov/pubmed/7599631
http://www.ncbi.nlm.nih.gov/pubmed/8738805
http://www.ncbi.nlm.nih.gov/pubmed/22921432
http://www.ncbi.nlm.nih.gov/pubmed/8940267
http://www.ncbi.nlm.nih.gov/pubmed/17660027
http://www.ncbi.nlm.nih.gov/pubmed/8940267
http://www.ncbi.nlm.nih.gov/pubmed/22921432
http://www.ncbi.nlm.nih.gov/pubmed/15780079
http://www.ncbi.nlm.nih.gov/pubmed/23371956
http://www.ncbi.nlm.nih.gov/pubmed/8940267
http://www.ncbi.nlm.nih.gov/pubmed/8738805
http://www.ncbi.nlm.nih.gov/pubmed/8738805
http://www.ncbi.nlm.nih.gov/pubmed/15954103
http://www.ncbi.nlm.nih.gov/pubmed/17396119
http://www.ncbi.nlm.nih.gov/pubmed/8651296
http://www.ncbi.nlm.nih.gov/pubmed/8651296
http://www.ncbi.nlm.nih.gov/pubmed/22921432
http://www.ncbi.nlm.nih.gov/pubmed/10094548
http://www.ncbi.nlm.nih.gov/pubmed/9195222
http://www.ncbi.nlm.nih.gov/pubmed/9848783
http://www.ncbi.nlm.nih.gov/pubmed/15780079
http://www.ncbi.nlm.nih.gov/pubmed/20378821
http://www.ncbi.nlm.nih.gov/pubmed/15780079
http://www.ncbi.nlm.nih.gov/pubmed/19065523
http://www.ncbi.nlm.nih.gov/pubmed/10094548
http://www.ncbi.nlm.nih.gov/pubmed/22921432
http://www.ncbi.nlm.nih.gov/pubmed/20378821
http://www.ncbi.nlm.nih.gov/pubmed/8651296
http://www.ncbi.nlm.nih.gov/pubmed/22921432
http://www.ncbi.nlm.nih.gov/pubmed/16941480
http://www.ncbi.nlm.nih.gov/pubmed/22921432
http://www.ncbi.nlm.nih.gov/pubmed/24304881
http://www.ncbi.nlm.nih.gov/pubmed/11462238
http://www.ncbi.nlm.nih.gov/pubmed/15780079
http://www.ncbi.nlm.nih.gov/pubmed/14993485
http://www.ncbi.nlm.nih.gov/pubmed/9848783
invalid literal for int() with base 10: 'HGOL'
http://www.ncbi.nlm.nih.gov/pubmed/15954103
http://www.ncbi.nlm.nih.gov/pubmed/8648925
http://www.ncbi.nlm.nih.gov/pubmed/15954103
http://www.ncbi.nlm.nih.gov/pubmed/9848783
http://www.ncbi.nlm.nih.gov/pubmed/10684360
http://www.ncbi.nlm.nih.gov/pubmed/20378821
http://www.ncbi.nlm.nih.gov/pubmed/16941480
http://www.ncbi.nlm.nih.gov/pubmed/9848783
http://www.ncbi.nlm.nih.gov/pubmed/22921432
http://www.ncbi.nlm.nih.gov/pubmed/20378821
http://www.ncbi.nlm.nih.gov/pubmed/12436246
http://www.ncbi.nlm.nih.gov/pubmed/22921432
http://www.ncbi.nlm.nih.gov/pubmed/23732293
http://www.ncbi.nlm.nih.gov/pubmed/11223851
http://www.ncbi.nlm.nih.gov/pubmed/11223851
http://www.ncbi.nlm.nih.gov/pubmed/17660027
http://www.ncbi.nlm.nih.gov/pubmed/20884774
http://www.ncbi.nlm.nih.gov/pubmed/22921432
http://www.ncbi.nlm.nih.gov/pubmed/20378821
http://www.ncbi.nlm.nih.gov/pubmed/12436246
http://www.ncbi.nlm.nih.gov/pubmed/11223851
http://www.ncbi.nlm.nih.gov/pubmed/8940267
http://www.ncbi.nlm.nih.gov/pubmed/11223851
http://www.ncbi.nlm.nih.gov/pubmed/19728970
http://www.ncbi.nlm.nih.gov/pubmed/8940267
http://www.ncbi.nlm.nih.gov/pubmed/11223851
http://www.ncbi.nlm.nih.gov/pubmed/20884774
http://www.ncbi.nlm.nih.gov/pubmed/11223851
http://www.ncbi.nlm.nih.gov/pubmed/9848783


PS:

Read file <data/skip/scraping_pubmed_chunks/logs/chunk7.e> for stderr output of this job.

