Sender: LSF System <lsf@node0914>
Subject: Job 9582127: <scrape.8> in cluster <cromwell> Done

Job <scrape.8> was submitted from host <gold> by user <birnbaum> in cluster <cromwell>.
Job was executed on host(s) <node0914>, in queue <hour>, as user <birnbaum> in cluster <cromwell>.
</home/unix/birnbaum> was used as the home directory.
</humgen/atgu1/fs03/birnbaum/cryptic-splice> was used as the working directory.
Started at Thu Jun  2 16:37:47 2016
Results reported on Thu Jun  2 16:47:38 2016

Your job looked like:

------------------------------------------------------------
# LSBATCH: User input
python src/scrape_pubmed_abstracts.py -p data/skip/hgmd_splice_pmids.txt --include "exon skipping" --include "skipping of exon" --exclude "cryptic splice site" --exclude "cryptic donor" --exclude "cryptic acceptor" -o data/skip/scraping_pubmed_chunks/chunk8.txt --chunk 8/30
------------------------------------------------------------

Successfully completed.

Resource usage summary:

    CPU time :               110.34 sec.
    Max Memory :             52 MB
    Average Memory :         49.35 MB
    Total Requested Memory : 750.00 MB
    Delta Memory :           698.00 MB
    (Delta: the difference between Total Requested Memory and Max Memory.)
    Max Processes :          3
    Max Threads :            4

The output (if any) follows:

http://www.ncbi.nlm.nih.gov/pubmed/20378821
http://www.ncbi.nlm.nih.gov/pubmed/10862091
http://www.ncbi.nlm.nih.gov/pubmed/8441246
http://www.ncbi.nlm.nih.gov/pubmed/9848783
http://www.ncbi.nlm.nih.gov/pubmed/10862091
http://www.ncbi.nlm.nih.gov/pubmed/9848783
http://www.ncbi.nlm.nih.gov/pubmed/9848783
http://www.ncbi.nlm.nih.gov/pubmed/8940267
http://www.ncbi.nlm.nih.gov/pubmed/15954103
http://www.ncbi.nlm.nih.gov/pubmed/22921432
http://www.ncbi.nlm.nih.gov/pubmed/10094548
http://www.ncbi.nlm.nih.gov/pubmed/20884774
http://www.ncbi.nlm.nih.gov/pubmed/8940267
http://www.ncbi.nlm.nih.gov/pubmed/8940267
http://www.ncbi.nlm.nih.gov/pubmed/8406498
http://www.ncbi.nlm.nih.gov/pubmed/10563487
http://www.ncbi.nlm.nih.gov/pubmed/15954103
http://www.ncbi.nlm.nih.gov/pubmed/10094548
http://www.ncbi.nlm.nih.gov/pubmed/8651296
http://www.ncbi.nlm.nih.gov/pubmed/18332068
http://www.ncbi.nlm.nih.gov/pubmed/17660027
http://www.ncbi.nlm.nih.gov/pubmed/10094548
http://www.ncbi.nlm.nih.gov/pubmed/15780079
http://www.ncbi.nlm.nih.gov/pubmed/11223851
http://www.ncbi.nlm.nih.gov/pubmed/22921432
http://www.ncbi.nlm.nih.gov/pubmed/7485125
http://www.ncbi.nlm.nih.gov/pubmed/22921432
http://www.ncbi.nlm.nih.gov/pubmed/8940267
http://www.ncbi.nlm.nih.gov/pubmed/20378821
http://www.ncbi.nlm.nih.gov/pubmed/8940267
http://www.ncbi.nlm.nih.gov/pubmed/8510391
http://www.ncbi.nlm.nih.gov/pubmed/16941480
http://www.ncbi.nlm.nih.gov/pubmed/20884774
http://www.ncbi.nlm.nih.gov/pubmed/16517570
http://www.ncbi.nlm.nih.gov/pubmed/10094548
http://www.ncbi.nlm.nih.gov/pubmed/8940267
http://www.ncbi.nlm.nih.gov/pubmed/24304881
http://www.ncbi.nlm.nih.gov/pubmed/7485125
http://www.ncbi.nlm.nih.gov/pubmed/22921432
http://www.ncbi.nlm.nih.gov/pubmed/22921432
http://www.ncbi.nlm.nih.gov/pubmed/24337245
http://www.ncbi.nlm.nih.gov/pubmed/12436246
http://www.ncbi.nlm.nih.gov/pubmed/20378821
http://www.ncbi.nlm.nih.gov/pubmed/11462238
http://www.ncbi.nlm.nih.gov/pubmed/22921432
http://www.ncbi.nlm.nih.gov/pubmed/20378821
http://www.ncbi.nlm.nih.gov/pubmed/21505094
http://www.ncbi.nlm.nih.gov/pubmed/20884774
http://www.ncbi.nlm.nih.gov/pubmed/11462238
http://www.ncbi.nlm.nih.gov/pubmed/15780079
http://www.ncbi.nlm.nih.gov/pubmed/15954103
http://www.ncbi.nlm.nih.gov/pubmed/8940267
http://www.ncbi.nlm.nih.gov/pubmed/20378821
http://www.ncbi.nlm.nih.gov/pubmed/20884774
http://www.ncbi.nlm.nih.gov/pubmed/11462238
http://www.ncbi.nlm.nih.gov/pubmed/11278977
http://www.ncbi.nlm.nih.gov/pubmed/19370768
http://www.ncbi.nlm.nih.gov/pubmed/10777716
http://www.ncbi.nlm.nih.gov/pubmed/22696272
http://www.ncbi.nlm.nih.gov/pubmed/19370768
http://www.ncbi.nlm.nih.gov/pubmed/10777716
http://www.ncbi.nlm.nih.gov/pubmed/15580559
http://www.ncbi.nlm.nih.gov/pubmed/23587214
http://www.ncbi.nlm.nih.gov/pubmed/15580559
http://www.ncbi.nlm.nih.gov/pubmed/9683580
http://www.ncbi.nlm.nih.gov/pubmed/19370768
http://www.ncbi.nlm.nih.gov/pubmed/19370768
http://www.ncbi.nlm.nih.gov/pubmed/22696272
http://www.ncbi.nlm.nih.gov/pubmed/12145749
http://www.ncbi.nlm.nih.gov/pubmed/21541907
http://www.ncbi.nlm.nih.gov/pubmed/22696272
http://www.ncbi.nlm.nih.gov/pubmed/8950675
http://www.ncbi.nlm.nih.gov/pubmed/22696272
http://www.ncbi.nlm.nih.gov/pubmed/22696272
http://www.ncbi.nlm.nih.gov/pubmed/15580559
http://www.ncbi.nlm.nih.gov/pubmed/22696272
http://www.ncbi.nlm.nih.gov/pubmed/15580559
http://www.ncbi.nlm.nih.gov/pubmed/21611149
http://www.ncbi.nlm.nih.gov/pubmed/22696272
http://www.ncbi.nlm.nih.gov/pubmed/9042913
http://www.ncbi.nlm.nih.gov/pubmed/23587214
http://www.ncbi.nlm.nih.gov/pubmed/22696272
http://www.ncbi.nlm.nih.gov/pubmed/22696272
http://www.ncbi.nlm.nih.gov/pubmed/22696272
http://www.ncbi.nlm.nih.gov/pubmed/15580559
http://www.ncbi.nlm.nih.gov/pubmed/23587214
http://www.ncbi.nlm.nih.gov/pubmed/22696272
http://www.ncbi.nlm.nih.gov/pubmed/9425231
http://www.ncbi.nlm.nih.gov/pubmed/23587214
http://www.ncbi.nlm.nih.gov/pubmed/22696272
http://www.ncbi.nlm.nih.gov/pubmed/15580559
http://www.ncbi.nlm.nih.gov/pubmed/20976770
http://www.ncbi.nlm.nih.gov/pubmed/9580662
http://www.ncbi.nlm.nih.gov/pubmed/15563506
http://www.ncbi.nlm.nih.gov/pubmed/20976770
http://www.ncbi.nlm.nih.gov/pubmed/24271325
http://www.ncbi.nlm.nih.gov/pubmed/18366090
http://www.ncbi.nlm.nih.gov/pubmed/15689448
http://www.ncbi.nlm.nih.gov/pubmed/18378883
http://www.ncbi.nlm.nih.gov/pubmed/10419498
http://www.ncbi.nlm.nih.gov/pubmed/24271325
http://www.ncbi.nlm.nih.gov/pubmed/10329467
http://www.ncbi.nlm.nih.gov/pubmed/24271325
http://www.ncbi.nlm.nih.gov/pubmed/24271325
http://www.ncbi.nlm.nih.gov/pubmed/23326386
http://www.ncbi.nlm.nih.gov/pubmed/15689448
http://www.ncbi.nlm.nih.gov/pubmed/11932968
http://www.ncbi.nlm.nih.gov/pubmed/23738969
http://www.ncbi.nlm.nih.gov/pubmed/20976770
http://www.ncbi.nlm.nih.gov/pubmed/15955946
http://www.ncbi.nlm.nih.gov/pubmed/15955946
http://www.ncbi.nlm.nih.gov/pubmed/24271325
invalid literal for int() with base 10: 'NO ID'
http://www.ncbi.nlm.nih.gov/pubmed/17886299
http://www.ncbi.nlm.nih.gov/pubmed/18378883
http://www.ncbi.nlm.nih.gov/pubmed/18366090
http://www.ncbi.nlm.nih.gov/pubmed/16075202
http://www.ncbi.nlm.nih.gov/pubmed/12297580
http://www.ncbi.nlm.nih.gov/pubmed/11381124
http://www.ncbi.nlm.nih.gov/pubmed/17785673
http://www.ncbi.nlm.nih.gov/pubmed/20976770
http://www.ncbi.nlm.nih.gov/pubmed/14981181
http://www.ncbi.nlm.nih.gov/pubmed/17785673
http://www.ncbi.nlm.nih.gov/pubmed/12297580
http://www.ncbi.nlm.nih.gov/pubmed/11381124
http://www.ncbi.nlm.nih.gov/pubmed/18160674
http://www.ncbi.nlm.nih.gov/pubmed/15689448
http://www.ncbi.nlm.nih.gov/pubmed/15689448
http://www.ncbi.nlm.nih.gov/pubmed/19309692
http://www.ncbi.nlm.nih.gov/pubmed/15689448
http://www.ncbi.nlm.nih.gov/pubmed/20976770
http://www.ncbi.nlm.nih.gov/pubmed/19309692
http://www.ncbi.nlm.nih.gov/pubmed/20976770
http://www.ncbi.nlm.nih.gov/pubmed/18160674
http://www.ncbi.nlm.nih.gov/pubmed/20976770
http://www.ncbi.nlm.nih.gov/pubmed/17785673
invalid literal for int() with base 10: 'NO ID'
http://www.ncbi.nlm.nih.gov/pubmed/19309692
http://www.ncbi.nlm.nih.gov/pubmed/20976770
http://www.ncbi.nlm.nih.gov/pubmed/18160674
http://www.ncbi.nlm.nih.gov/pubmed/15689448
http://www.ncbi.nlm.nih.gov/pubmed/24038877
http://www.ncbi.nlm.nih.gov/pubmed/15689448
http://www.ncbi.nlm.nih.gov/pubmed/18366090
http://www.ncbi.nlm.nih.gov/pubmed/17785673
http://www.ncbi.nlm.nih.gov/pubmed/15563506
http://www.ncbi.nlm.nih.gov/pubmed/18366090
http://www.ncbi.nlm.nih.gov/pubmed/20976770
http://www.ncbi.nlm.nih.gov/pubmed/17785673
http://www.ncbi.nlm.nih.gov/pubmed/20976770
invalid literal for int() with base 10: 'NO ID'
http://www.ncbi.nlm.nih.gov/pubmed/20976770
invalid literal for int() with base 10: 'HGOL'
http://www.ncbi.nlm.nih.gov/pubmed/11992252
http://www.ncbi.nlm.nih.gov/pubmed/24314752
http://www.ncbi.nlm.nih.gov/pubmed/24271325
http://www.ncbi.nlm.nih.gov/pubmed/12813757
invalid literal for int() with base 10: 'NO ID'
http://www.ncbi.nlm.nih.gov/pubmed/22209565
http://www.ncbi.nlm.nih.gov/pubmed/19681861
http://www.ncbi.nlm.nih.gov/pubmed/16971478
http://www.ncbi.nlm.nih.gov/pubmed/24252097
http://www.ncbi.nlm.nih.gov/pubmed/12813757
http://www.ncbi.nlm.nih.gov/pubmed/9326325
http://www.ncbi.nlm.nih.gov/pubmed/9740253
http://www.ncbi.nlm.nih.gov/pubmed/16197375
http://www.ncbi.nlm.nih.gov/pubmed/20060269
http://www.ncbi.nlm.nih.gov/pubmed/16971478
http://www.ncbi.nlm.nih.gov/pubmed/10367729
invalid literal for int() with base 10: 'HGOL'
http://www.ncbi.nlm.nih.gov/pubmed/16189623
http://www.ncbi.nlm.nih.gov/pubmed/17282977
http://www.ncbi.nlm.nih.gov/pubmed/10504458
http://www.ncbi.nlm.nih.gov/pubmed/22209565
http://www.ncbi.nlm.nih.gov/pubmed/22266148
http://www.ncbi.nlm.nih.gov/pubmed/17282977
http://www.ncbi.nlm.nih.gov/pubmed/16971478
http://www.ncbi.nlm.nih.gov/pubmed/10504458
http://www.ncbi.nlm.nih.gov/pubmed/10504458
http://www.ncbi.nlm.nih.gov/pubmed/21113014
http://www.ncbi.nlm.nih.gov/pubmed/16484981
http://www.ncbi.nlm.nih.gov/pubmed/17868393
http://www.ncbi.nlm.nih.gov/pubmed/19681861
http://www.ncbi.nlm.nih.gov/pubmed/19681861
http://www.ncbi.nlm.nih.gov/pubmed/9326325
http://www.ncbi.nlm.nih.gov/pubmed/12485454
http://www.ncbi.nlm.nih.gov/pubmed/19665875
http://www.ncbi.nlm.nih.gov/pubmed/16971478
http://www.ncbi.nlm.nih.gov/pubmed/16971478
http://www.ncbi.nlm.nih.gov/pubmed/22209565
http://www.ncbi.nlm.nih.gov/pubmed/20184583
http://www.ncbi.nlm.nih.gov/pubmed/16484981
http://www.ncbi.nlm.nih.gov/pubmed/16484981
http://www.ncbi.nlm.nih.gov/pubmed/22209565
http://www.ncbi.nlm.nih.gov/pubmed/8755915
http://www.ncbi.nlm.nih.gov/pubmed/16484981
http://www.ncbi.nlm.nih.gov/pubmed/15816848
http://www.ncbi.nlm.nih.gov/pubmed/9740253
http://www.ncbi.nlm.nih.gov/pubmed/16484981
http://www.ncbi.nlm.nih.gov/pubmed/16774583
http://www.ncbi.nlm.nih.gov/pubmed/20598510
http://www.ncbi.nlm.nih.gov/pubmed/16971478
http://www.ncbi.nlm.nih.gov/pubmed/16971478
http://www.ncbi.nlm.nih.gov/pubmed/10504458
http://www.ncbi.nlm.nih.gov/pubmed/12813757
http://www.ncbi.nlm.nih.gov/pubmed/9740253
http://www.ncbi.nlm.nih.gov/pubmed/9406826
http://www.ncbi.nlm.nih.gov/pubmed/19197535
http://www.ncbi.nlm.nih.gov/pubmed/22209565
http://www.ncbi.nlm.nih.gov/pubmed/22266148
http://www.ncbi.nlm.nih.gov/pubmed/10504458
http://www.ncbi.nlm.nih.gov/pubmed/16971478
http://www.ncbi.nlm.nih.gov/pubmed/16971478
http://www.ncbi.nlm.nih.gov/pubmed/24252097
http://www.ncbi.nlm.nih.gov/pubmed/22515571
http://www.ncbi.nlm.nih.gov/pubmed/17916216
http://www.ncbi.nlm.nih.gov/pubmed/10504458
http://www.ncbi.nlm.nih.gov/pubmed/9326325
http://www.ncbi.nlm.nih.gov/pubmed/16971478
http://www.ncbi.nlm.nih.gov/pubmed/15807692
http://www.ncbi.nlm.nih.gov/pubmed/16971478
http://www.ncbi.nlm.nih.gov/pubmed/12207583
http://www.ncbi.nlm.nih.gov/pubmed/10504458
http://www.ncbi.nlm.nih.gov/pubmed/10504458
http://www.ncbi.nlm.nih.gov/pubmed/21844455
http://www.ncbi.nlm.nih.gov/pubmed/22266148
http://www.ncbi.nlm.nih.gov/pubmed/19416260
http://www.ncbi.nlm.nih.gov/pubmed/19681861
http://www.ncbi.nlm.nih.gov/pubmed/19681861
http://www.ncbi.nlm.nih.gov/pubmed/10504458
http://www.ncbi.nlm.nih.gov/pubmed/16971478
http://www.ncbi.nlm.nih.gov/pubmed/19665875
http://www.ncbi.nlm.nih.gov/pubmed/19681861
http://www.ncbi.nlm.nih.gov/pubmed/12558638
http://www.ncbi.nlm.nih.gov/pubmed/10383749
http://www.ncbi.nlm.nih.gov/pubmed/21182502
http://www.ncbi.nlm.nih.gov/pubmed/22209565
http://www.ncbi.nlm.nih.gov/pubmed/24213372
http://www.ncbi.nlm.nih.gov/pubmed/9740253
http://www.ncbi.nlm.nih.gov/pubmed/10367729
http://www.ncbi.nlm.nih.gov/pubmed/19416260
http://www.ncbi.nlm.nih.gov/pubmed/15888141
http://www.ncbi.nlm.nih.gov/pubmed/9804332
http://www.ncbi.nlm.nih.gov/pubmed/22209565
http://www.ncbi.nlm.nih.gov/pubmed/22266148
http://www.ncbi.nlm.nih.gov/pubmed/10504458
http://www.ncbi.nlm.nih.gov/pubmed/19665875
http://www.ncbi.nlm.nih.gov/pubmed/19814614
http://www.ncbi.nlm.nih.gov/pubmed/9740253
http://www.ncbi.nlm.nih.gov/pubmed/19681861
http://www.ncbi.nlm.nih.gov/pubmed/22266148
http://www.ncbi.nlm.nih.gov/pubmed/8900535
http://www.ncbi.nlm.nih.gov/pubmed/10504458
http://www.ncbi.nlm.nih.gov/pubmed/12485454
http://www.ncbi.nlm.nih.gov/pubmed/17916216
http://www.ncbi.nlm.nih.gov/pubmed/10504458
http://www.ncbi.nlm.nih.gov/pubmed/9042157
http://www.ncbi.nlm.nih.gov/pubmed/8618018
http://www.ncbi.nlm.nih.gov/pubmed/16971478
http://www.ncbi.nlm.nih.gov/pubmed/16439963
http://www.ncbi.nlm.nih.gov/pubmed/16971478
http://www.ncbi.nlm.nih.gov/pubmed/16971478
http://www.ncbi.nlm.nih.gov/pubmed/24213372
http://www.ncbi.nlm.nih.gov/pubmed/24213372
http://www.ncbi.nlm.nih.gov/pubmed/21574979
http://www.ncbi.nlm.nih.gov/pubmed/12353709
http://www.ncbi.nlm.nih.gov/pubmed/10504458
http://www.ncbi.nlm.nih.gov/pubmed/19486058
http://www.ncbi.nlm.nih.gov/pubmed/24252097
http://www.ncbi.nlm.nih.gov/pubmed/21879237
http://www.ncbi.nlm.nih.gov/pubmed/16971478
http://www.ncbi.nlm.nih.gov/pubmed/19681861
http://www.ncbi.nlm.nih.gov/pubmed/19681861
http://www.ncbi.nlm.nih.gov/pubmed/19681861
http://www.ncbi.nlm.nih.gov/pubmed/16971478
http://www.ncbi.nlm.nih.gov/pubmed/19814614
http://www.ncbi.nlm.nih.gov/pubmed/16470588
http://www.ncbi.nlm.nih.gov/pubmed/8755915
invalid literal for int() with base 10: 'HGOL'
http://www.ncbi.nlm.nih.gov/pubmed/16971478
http://www.ncbi.nlm.nih.gov/pubmed/14644861
http://www.ncbi.nlm.nih.gov/pubmed/21922596
http://www.ncbi.nlm.nih.gov/pubmed/10364514
http://www.ncbi.nlm.nih.gov/pubmed/12244547
http://www.ncbi.nlm.nih.gov/pubmed/10364514
http://www.ncbi.nlm.nih.gov/pubmed/21965141
http://www.ncbi.nlm.nih.gov/pubmed/8528240
http://www.ncbi.nlm.nih.gov/pubmed/10842095
http://www.ncbi.nlm.nih.gov/pubmed/21922596
http://www.ncbi.nlm.nih.gov/pubmed/10090888
http://www.ncbi.nlm.nih.gov/pubmed/10678658
http://www.ncbi.nlm.nih.gov/pubmed/15551337
invalid literal for int() with base 10: 'NO ID'
http://www.ncbi.nlm.nih.gov/pubmed/10665486
http://www.ncbi.nlm.nih.gov/pubmed/18180250
http://www.ncbi.nlm.nih.gov/pubmed/10441569
http://www.ncbi.nlm.nih.gov/pubmed/22088788
http://www.ncbi.nlm.nih.gov/pubmed/18180250
http://www.ncbi.nlm.nih.gov/pubmed/22759693
http://www.ncbi.nlm.nih.gov/pubmed/12792737
http://www.ncbi.nlm.nih.gov/pubmed/12474143
http://www.ncbi.nlm.nih.gov/pubmed/23122588
http://www.ncbi.nlm.nih.gov/pubmed/14742624
http://www.ncbi.nlm.nih.gov/pubmed/16629161
http://www.ncbi.nlm.nih.gov/pubmed/20801540
http://www.ncbi.nlm.nih.gov/pubmed/16629161
http://www.ncbi.nlm.nih.gov/pubmed/7539672
http://www.ncbi.nlm.nih.gov/pubmed/16629161
http://www.ncbi.nlm.nih.gov/pubmed/12879954
http://www.ncbi.nlm.nih.gov/pubmed/9559983
http://www.ncbi.nlm.nih.gov/pubmed/23955596
http://www.ncbi.nlm.nih.gov/pubmed/23955596
http://www.ncbi.nlm.nih.gov/pubmed/23955596
http://www.ncbi.nlm.nih.gov/pubmed/9888388
http://www.ncbi.nlm.nih.gov/pubmed/19460837
http://www.ncbi.nlm.nih.gov/pubmed/9454777
http://www.ncbi.nlm.nih.gov/pubmed/7987309
http://www.ncbi.nlm.nih.gov/pubmed/16737834
http://www.ncbi.nlm.nih.gov/pubmed/21120950
http://www.ncbi.nlm.nih.gov/pubmed/15164414
http://www.ncbi.nlm.nih.gov/pubmed/21120950
http://www.ncbi.nlm.nih.gov/pubmed/16737834
http://www.ncbi.nlm.nih.gov/pubmed/21120950
http://www.ncbi.nlm.nih.gov/pubmed/17310273
http://www.ncbi.nlm.nih.gov/pubmed/21120950
http://www.ncbi.nlm.nih.gov/pubmed/21120950
http://www.ncbi.nlm.nih.gov/pubmed/22173106
http://www.ncbi.nlm.nih.gov/pubmed/15164414
http://www.ncbi.nlm.nih.gov/pubmed/21120950
http://www.ncbi.nlm.nih.gov/pubmed/21120950
http://www.ncbi.nlm.nih.gov/pubmed/15164414
http://www.ncbi.nlm.nih.gov/pubmed/21120950
http://www.ncbi.nlm.nih.gov/pubmed/21120950
http://www.ncbi.nlm.nih.gov/pubmed/21120950
http://www.ncbi.nlm.nih.gov/pubmed/21120950
http://www.ncbi.nlm.nih.gov/pubmed/16737834
http://www.ncbi.nlm.nih.gov/pubmed/21120950
http://www.ncbi.nlm.nih.gov/pubmed/21120950
http://www.ncbi.nlm.nih.gov/pubmed/8486760
http://www.ncbi.nlm.nih.gov/pubmed/12189492
http://www.ncbi.nlm.nih.gov/pubmed/17089095
http://www.ncbi.nlm.nih.gov/pubmed/12560872
http://www.ncbi.nlm.nih.gov/pubmed/23475205
http://www.ncbi.nlm.nih.gov/pubmed/12809643
http://www.ncbi.nlm.nih.gov/pubmed/16996287
http://www.ncbi.nlm.nih.gov/pubmed/22035880
http://www.ncbi.nlm.nih.gov/pubmed/11389483
http://www.ncbi.nlm.nih.gov/pubmed/15024725
http://www.ncbi.nlm.nih.gov/pubmed/21602930
http://www.ncbi.nlm.nih.gov/pubmed/21602930
http://www.ncbi.nlm.nih.gov/pubmed/20683928
http://www.ncbi.nlm.nih.gov/pubmed/21602930
http://www.ncbi.nlm.nih.gov/pubmed/22219627
http://www.ncbi.nlm.nih.gov/pubmed/20591486
http://www.ncbi.nlm.nih.gov/pubmed/10508521
http://www.ncbi.nlm.nih.gov/pubmed/24265693
http://www.ncbi.nlm.nih.gov/pubmed/21984751
http://www.ncbi.nlm.nih.gov/pubmed/18792986
http://www.ncbi.nlm.nih.gov/pubmed/12070251
http://www.ncbi.nlm.nih.gov/pubmed/16359492
http://www.ncbi.nlm.nih.gov/pubmed/16359492
http://www.ncbi.nlm.nih.gov/pubmed/12566391
http://www.ncbi.nlm.nih.gov/pubmed/18792986
http://www.ncbi.nlm.nih.gov/pubmed/12566391
http://www.ncbi.nlm.nih.gov/pubmed/15706485
http://www.ncbi.nlm.nih.gov/pubmed/12566391
http://www.ncbi.nlm.nih.gov/pubmed/12070251
http://www.ncbi.nlm.nih.gov/pubmed/21984751
http://www.ncbi.nlm.nih.gov/pubmed/12070251
http://www.ncbi.nlm.nih.gov/pubmed/18792986
http://www.ncbi.nlm.nih.gov/pubmed/12070251
http://www.ncbi.nlm.nih.gov/pubmed/17052327
http://www.ncbi.nlm.nih.gov/pubmed/12114483
http://www.ncbi.nlm.nih.gov/pubmed/12114483
http://www.ncbi.nlm.nih.gov/pubmed/18792986
http://www.ncbi.nlm.nih.gov/pubmed/18792986
http://www.ncbi.nlm.nih.gov/pubmed/24488861
http://www.ncbi.nlm.nih.gov/pubmed/24488861
http://www.ncbi.nlm.nih.gov/pubmed/17436251
http://www.ncbi.nlm.nih.gov/pubmed/24488861
http://www.ncbi.nlm.nih.gov/pubmed/18996919
http://www.ncbi.nlm.nih.gov/pubmed/17192541
http://www.ncbi.nlm.nih.gov/pubmed/17055431
http://www.ncbi.nlm.nih.gov/pubmed/19550437
http://www.ncbi.nlm.nih.gov/pubmed/23559859
http://www.ncbi.nlm.nih.gov/pubmed/9788845
http://www.ncbi.nlm.nih.gov/pubmed/11006214
http://www.ncbi.nlm.nih.gov/pubmed/21850182
http://www.ncbi.nlm.nih.gov/pubmed/22665976
http://www.ncbi.nlm.nih.gov/pubmed/21031021
http://www.ncbi.nlm.nih.gov/pubmed/22197934
http://www.ncbi.nlm.nih.gov/pubmed/22197934
http://www.ncbi.nlm.nih.gov/pubmed/22197934
http://www.ncbi.nlm.nih.gov/pubmed/24336230
http://www.ncbi.nlm.nih.gov/pubmed/23649896
http://www.ncbi.nlm.nih.gov/pubmed/24360808
http://www.ncbi.nlm.nih.gov/pubmed/24360807
http://www.ncbi.nlm.nih.gov/pubmed/24360807
http://www.ncbi.nlm.nih.gov/pubmed/24360808
http://www.ncbi.nlm.nih.gov/pubmed/21944047
http://www.ncbi.nlm.nih.gov/pubmed/22154554
http://www.ncbi.nlm.nih.gov/pubmed/8596935
http://www.ncbi.nlm.nih.gov/pubmed/11814737
http://www.ncbi.nlm.nih.gov/pubmed/9012407
http://www.ncbi.nlm.nih.gov/pubmed/22267198
http://www.ncbi.nlm.nih.gov/pubmed/14517542
http://www.ncbi.nlm.nih.gov/pubmed/12442267
http://www.ncbi.nlm.nih.gov/pubmed/10571941
http://www.ncbi.nlm.nih.gov/pubmed/10444339
http://www.ncbi.nlm.nih.gov/pubmed/10556299
http://www.ncbi.nlm.nih.gov/pubmed/18752449
http://www.ncbi.nlm.nih.gov/pubmed/9537412
http://www.ncbi.nlm.nih.gov/pubmed/20352457
http://www.ncbi.nlm.nih.gov/pubmed/12825071
http://www.ncbi.nlm.nih.gov/pubmed/12442267
http://www.ncbi.nlm.nih.gov/pubmed/12442267
http://www.ncbi.nlm.nih.gov/pubmed/10556299
http://www.ncbi.nlm.nih.gov/pubmed/9537412
http://www.ncbi.nlm.nih.gov/pubmed/19852576
http://www.ncbi.nlm.nih.gov/pubmed/10556299
http://www.ncbi.nlm.nih.gov/pubmed/19863563
http://www.ncbi.nlm.nih.gov/pubmed/24052272
http://www.ncbi.nlm.nih.gov/pubmed/18172691
http://www.ncbi.nlm.nih.gov/pubmed/18172691
http://www.ncbi.nlm.nih.gov/pubmed/15110321
invalid literal for int() with base 10: 'NO ID'
http://www.ncbi.nlm.nih.gov/pubmed/9603439
http://www.ncbi.nlm.nih.gov/pubmed/15606524
http://www.ncbi.nlm.nih.gov/pubmed/10581027
http://www.ncbi.nlm.nih.gov/pubmed/17943190
http://www.ncbi.nlm.nih.gov/pubmed/18945301
http://www.ncbi.nlm.nih.gov/pubmed/24134756
http://www.ncbi.nlm.nih.gov/pubmed/10878663
http://www.ncbi.nlm.nih.gov/pubmed/17397052
http://www.ncbi.nlm.nih.gov/pubmed/15024727
http://www.ncbi.nlm.nih.gov/pubmed/22929189
http://www.ncbi.nlm.nih.gov/pubmed/22929189
http://www.ncbi.nlm.nih.gov/pubmed/21208123
http://www.ncbi.nlm.nih.gov/pubmed/10080186
http://www.ncbi.nlm.nih.gov/pubmed/22929189
http://www.ncbi.nlm.nih.gov/pubmed/22266938
http://www.ncbi.nlm.nih.gov/pubmed/22266938
http://www.ncbi.nlm.nih.gov/pubmed/22266938
http://www.ncbi.nlm.nih.gov/pubmed/24266877
http://www.ncbi.nlm.nih.gov/pubmed/22266938
http://www.ncbi.nlm.nih.gov/pubmed/22266938
http://www.ncbi.nlm.nih.gov/pubmed/22266938
http://www.ncbi.nlm.nih.gov/pubmed/23689903
http://www.ncbi.nlm.nih.gov/pubmed/22266938
http://www.ncbi.nlm.nih.gov/pubmed/23902721
http://www.ncbi.nlm.nih.gov/pubmed/22266938
http://www.ncbi.nlm.nih.gov/pubmed/24266877
http://www.ncbi.nlm.nih.gov/pubmed/17236139
http://www.ncbi.nlm.nih.gov/pubmed/17236139
http://www.ncbi.nlm.nih.gov/pubmed/19225462
http://www.ncbi.nlm.nih.gov/pubmed/22325252
http://www.ncbi.nlm.nih.gov/pubmed/19225462
http://www.ncbi.nlm.nih.gov/pubmed/19225462
http://www.ncbi.nlm.nih.gov/pubmed/23018678
http://www.ncbi.nlm.nih.gov/pubmed/19225462
http://www.ncbi.nlm.nih.gov/pubmed/23018678


PS:

Read file <data/skip/scraping_pubmed_chunks/logs/chunk8.e> for stderr output of this job.

