Sender: LSF System <lsf@node0920>
Subject: Job 9582131: <scrape.12> in cluster <cromwell> Done

Job <scrape.12> was submitted from host <gold> by user <birnbaum> in cluster <cromwell>.
Job was executed on host(s) <node0920>, in queue <hour>, as user <birnbaum> in cluster <cromwell>.
</home/unix/birnbaum> was used as the home directory.
</humgen/atgu1/fs03/birnbaum/cryptic-splice> was used as the working directory.
Started at Thu Jun  2 16:37:52 2016
Results reported on Thu Jun  2 16:47:00 2016

Your job looked like:

------------------------------------------------------------
# LSBATCH: User input
python src/scrape_pubmed_abstracts.py -p data/skip/hgmd_splice_pmids.txt --include "exon skipping" --include "skipping of exon" --exclude "cryptic splice site" --exclude "cryptic donor" --exclude "cryptic acceptor" -o data/skip/scraping_pubmed_chunks/chunk12.txt --chunk 12/30
------------------------------------------------------------

Successfully completed.

Resource usage summary:

    CPU time :               106.43 sec.
    Max Memory :             52 MB
    Average Memory :         49.32 MB
    Total Requested Memory : 750.00 MB
    Delta Memory :           698.00 MB
    (Delta: the difference between Total Requested Memory and Max Memory.)
    Max Processes :          3
    Max Threads :            4

The output (if any) follows:

http://www.ncbi.nlm.nih.gov/pubmed/11554935
http://www.ncbi.nlm.nih.gov/pubmed/18691168
http://www.ncbi.nlm.nih.gov/pubmed/18691168
http://www.ncbi.nlm.nih.gov/pubmed/23913812
http://www.ncbi.nlm.nih.gov/pubmed/15710596
http://www.ncbi.nlm.nih.gov/pubmed/2838411
http://www.ncbi.nlm.nih.gov/pubmed/18691168
http://www.ncbi.nlm.nih.gov/pubmed/18217193
http://www.ncbi.nlm.nih.gov/pubmed/17550859
http://www.ncbi.nlm.nih.gov/pubmed/8054459
http://www.ncbi.nlm.nih.gov/pubmed/18479430
http://www.ncbi.nlm.nih.gov/pubmed/16786531
http://www.ncbi.nlm.nih.gov/pubmed/15921397
http://www.ncbi.nlm.nih.gov/pubmed/21070499
http://www.ncbi.nlm.nih.gov/pubmed/12325022
http://www.ncbi.nlm.nih.gov/pubmed/23111982
http://www.ncbi.nlm.nih.gov/pubmed/1924291
http://www.ncbi.nlm.nih.gov/pubmed/18691168
http://www.ncbi.nlm.nih.gov/pubmed/8639447
http://www.ncbi.nlm.nih.gov/pubmed/1671991
http://www.ncbi.nlm.nih.gov/pubmed/9792405
http://www.ncbi.nlm.nih.gov/pubmed/16786531
http://www.ncbi.nlm.nih.gov/pubmed/9886318
http://www.ncbi.nlm.nih.gov/pubmed/7984443
http://www.ncbi.nlm.nih.gov/pubmed/16769589
http://www.ncbi.nlm.nih.gov/pubmed/18217193
http://www.ncbi.nlm.nih.gov/pubmed/19473408
invalid literal for int() with base 10: 'NO ID'
http://www.ncbi.nlm.nih.gov/pubmed/20528906
http://www.ncbi.nlm.nih.gov/pubmed/20331761
http://www.ncbi.nlm.nih.gov/pubmed/23088352
http://www.ncbi.nlm.nih.gov/pubmed/18691168
http://www.ncbi.nlm.nih.gov/pubmed/16786531
http://www.ncbi.nlm.nih.gov/pubmed/19686262
http://www.ncbi.nlm.nih.gov/pubmed/20431853
http://www.ncbi.nlm.nih.gov/pubmed/7984443
http://www.ncbi.nlm.nih.gov/pubmed/12930394
http://www.ncbi.nlm.nih.gov/pubmed/20431853
http://www.ncbi.nlm.nih.gov/pubmed/15710596
invalid literal for int() with base 10: 'NO ID'
http://www.ncbi.nlm.nih.gov/pubmed/15710596
http://www.ncbi.nlm.nih.gov/pubmed/16972227
http://www.ncbi.nlm.nih.gov/pubmed/21645180
http://www.ncbi.nlm.nih.gov/pubmed/11857744
http://www.ncbi.nlm.nih.gov/pubmed/21883705
http://www.ncbi.nlm.nih.gov/pubmed/23913812
http://www.ncbi.nlm.nih.gov/pubmed/8639447
invalid literal for int() with base 10: 'NO ID'
http://www.ncbi.nlm.nih.gov/pubmed/17610549
http://www.ncbi.nlm.nih.gov/pubmed/15710596
http://www.ncbi.nlm.nih.gov/pubmed/18217193
http://www.ncbi.nlm.nih.gov/pubmed/15710596
http://www.ncbi.nlm.nih.gov/pubmed/23913812
http://www.ncbi.nlm.nih.gov/pubmed/15710596
http://www.ncbi.nlm.nih.gov/pubmed/18691168
http://www.ncbi.nlm.nih.gov/pubmed/18479430
http://www.ncbi.nlm.nih.gov/pubmed/18691168
http://www.ncbi.nlm.nih.gov/pubmed/8091381
invalid literal for int() with base 10: 'LSDB'
http://www.ncbi.nlm.nih.gov/pubmed/1873221
http://www.ncbi.nlm.nih.gov/pubmed/8594556
http://www.ncbi.nlm.nih.gov/pubmed/8701940
http://www.ncbi.nlm.nih.gov/pubmed/8594556
http://www.ncbi.nlm.nih.gov/pubmed/8091381
http://www.ncbi.nlm.nih.gov/pubmed/8594556
http://www.ncbi.nlm.nih.gov/pubmed/10094553
http://www.ncbi.nlm.nih.gov/pubmed/10090477
http://www.ncbi.nlm.nih.gov/pubmed/2198809
http://www.ncbi.nlm.nih.gov/pubmed/8091381
http://www.ncbi.nlm.nih.gov/pubmed/8594556
http://www.ncbi.nlm.nih.gov/pubmed/8055323
http://www.ncbi.nlm.nih.gov/pubmed/1897528
http://www.ncbi.nlm.nih.gov/pubmed/16270648
http://www.ncbi.nlm.nih.gov/pubmed/8594556
http://www.ncbi.nlm.nih.gov/pubmed/8055323
http://www.ncbi.nlm.nih.gov/pubmed/10094553
http://www.ncbi.nlm.nih.gov/pubmed/7482402
http://www.ncbi.nlm.nih.gov/pubmed/15921378
http://www.ncbi.nlm.nih.gov/pubmed/15921378
http://www.ncbi.nlm.nih.gov/pubmed/17985356
http://www.ncbi.nlm.nih.gov/pubmed/2220823
http://www.ncbi.nlm.nih.gov/pubmed/23093250
http://www.ncbi.nlm.nih.gov/pubmed/9452115
invalid literal for int() with base 10: 'LSDB'
invalid literal for int() with base 10: 'LSDB'
http://www.ncbi.nlm.nih.gov/pubmed/8091381
http://www.ncbi.nlm.nih.gov/pubmed/8680410
http://www.ncbi.nlm.nih.gov/pubmed/16270648
http://www.ncbi.nlm.nih.gov/pubmed/10090477
http://www.ncbi.nlm.nih.gov/pubmed/10094553
http://www.ncbi.nlm.nih.gov/pubmed/8091381
invalid literal for int() with base 10: 'LSDB'
http://www.ncbi.nlm.nih.gov/pubmed/8594556
http://www.ncbi.nlm.nih.gov/pubmed/24375831
http://www.ncbi.nlm.nih.gov/pubmed/8594556
invalid literal for int() with base 10: 'LSDB'
http://www.ncbi.nlm.nih.gov/pubmed/8055323
http://www.ncbi.nlm.nih.gov/pubmed/2041805
http://www.ncbi.nlm.nih.gov/pubmed/18479429
http://www.ncbi.nlm.nih.gov/pubmed/8594556
http://www.ncbi.nlm.nih.gov/pubmed/8594556
http://www.ncbi.nlm.nih.gov/pubmed/15921378
http://www.ncbi.nlm.nih.gov/pubmed/11243142
http://www.ncbi.nlm.nih.gov/pubmed/2198809
http://www.ncbi.nlm.nih.gov/pubmed/11328285
http://www.ncbi.nlm.nih.gov/pubmed/10090477
invalid literal for int() with base 10: 'LSDB'
http://www.ncbi.nlm.nih.gov/pubmed/8594556
http://www.ncbi.nlm.nih.gov/pubmed/10090477
http://www.ncbi.nlm.nih.gov/pubmed/15921378
http://www.ncbi.nlm.nih.gov/pubmed/8091381
http://www.ncbi.nlm.nih.gov/pubmed/8091381
invalid literal for int() with base 10: 'ABST'
http://www.ncbi.nlm.nih.gov/pubmed/2198809
http://www.ncbi.nlm.nih.gov/pubmed/10090477
http://www.ncbi.nlm.nih.gov/pubmed/8091381
invalid literal for int() with base 10: 'LSDB'
http://www.ncbi.nlm.nih.gov/pubmed/11013449
http://www.ncbi.nlm.nih.gov/pubmed/1873221
http://www.ncbi.nlm.nih.gov/pubmed/1873221
http://www.ncbi.nlm.nih.gov/pubmed/8701940
http://www.ncbi.nlm.nih.gov/pubmed/8594556
http://www.ncbi.nlm.nih.gov/pubmed/10094553
invalid literal for int() with base 10: 'LSDB'
http://www.ncbi.nlm.nih.gov/pubmed/8594556
invalid literal for int() with base 10: 'LSDB'
invalid literal for int() with base 10: 'LSDB'
http://www.ncbi.nlm.nih.gov/pubmed/2198809
http://www.ncbi.nlm.nih.gov/pubmed/8594556
http://www.ncbi.nlm.nih.gov/pubmed/8594556
invalid literal for int() with base 10: 'LSDB'
http://www.ncbi.nlm.nih.gov/pubmed/2041805
http://www.ncbi.nlm.nih.gov/pubmed/8499919
http://www.ncbi.nlm.nih.gov/pubmed/8594556
http://www.ncbi.nlm.nih.gov/pubmed/8091381
http://www.ncbi.nlm.nih.gov/pubmed/10090477
invalid literal for int() with base 10: 'LSDB'
invalid literal for int() with base 10: 'LSDB'
http://www.ncbi.nlm.nih.gov/pubmed/1579901
invalid literal for int() with base 10: 'LSDB'
http://www.ncbi.nlm.nih.gov/pubmed/8680410
http://www.ncbi.nlm.nih.gov/pubmed/2041805
http://www.ncbi.nlm.nih.gov/pubmed/4033760
invalid literal for int() with base 10: 'LSDB'
http://www.ncbi.nlm.nih.gov/pubmed/8594556
http://www.ncbi.nlm.nih.gov/pubmed/10090477
http://www.ncbi.nlm.nih.gov/pubmed/10090477
http://www.ncbi.nlm.nih.gov/pubmed/22544209
http://www.ncbi.nlm.nih.gov/pubmed/8091381
http://www.ncbi.nlm.nih.gov/pubmed/1680287
http://www.ncbi.nlm.nih.gov/pubmed/18479429
http://www.ncbi.nlm.nih.gov/pubmed/8217825
http://www.ncbi.nlm.nih.gov/pubmed/10090477
http://www.ncbi.nlm.nih.gov/pubmed/10090477
invalid literal for int() with base 10: 'LSDB'
invalid literal for int() with base 10: 'LSDB'
http://www.ncbi.nlm.nih.gov/pubmed/2212858
http://www.ncbi.nlm.nih.gov/pubmed/21592092
http://www.ncbi.nlm.nih.gov/pubmed/19068277
http://www.ncbi.nlm.nih.gov/pubmed/12203990
http://www.ncbi.nlm.nih.gov/pubmed/15759101
http://www.ncbi.nlm.nih.gov/pubmed/8318997
http://www.ncbi.nlm.nih.gov/pubmed/23000314
http://www.ncbi.nlm.nih.gov/pubmed/7942842
http://www.ncbi.nlm.nih.gov/pubmed/9633815
http://www.ncbi.nlm.nih.gov/pubmed/23430822
http://www.ncbi.nlm.nih.gov/pubmed/21764616
http://www.ncbi.nlm.nih.gov/pubmed/8723690
http://www.ncbi.nlm.nih.gov/pubmed/9633815
http://www.ncbi.nlm.nih.gov/pubmed/8829657
http://www.ncbi.nlm.nih.gov/pubmed/8557261
http://www.ncbi.nlm.nih.gov/pubmed/23193487
http://www.ncbi.nlm.nih.gov/pubmed/8557261
http://www.ncbi.nlm.nih.gov/pubmed/12203990
http://www.ncbi.nlm.nih.gov/pubmed/9633815
http://www.ncbi.nlm.nih.gov/pubmed/11476670
http://www.ncbi.nlm.nih.gov/pubmed/23430822
http://www.ncbi.nlm.nih.gov/pubmed/22865819
http://www.ncbi.nlm.nih.gov/pubmed/16951682
http://www.ncbi.nlm.nih.gov/pubmed/21937992
http://www.ncbi.nlm.nih.gov/pubmed/16951682
http://www.ncbi.nlm.nih.gov/pubmed/22749724
http://www.ncbi.nlm.nih.gov/pubmed/19838196
http://www.ncbi.nlm.nih.gov/pubmed/24196488
http://www.ncbi.nlm.nih.gov/pubmed/23434854
http://www.ncbi.nlm.nih.gov/pubmed/21990045
http://www.ncbi.nlm.nih.gov/pubmed/23434854
http://www.ncbi.nlm.nih.gov/pubmed/23468644
http://www.ncbi.nlm.nih.gov/pubmed/23434854
http://www.ncbi.nlm.nih.gov/pubmed/21990045
http://www.ncbi.nlm.nih.gov/pubmed/24259279
http://www.ncbi.nlm.nih.gov/pubmed/17924334
http://www.ncbi.nlm.nih.gov/pubmed/17924334
http://www.ncbi.nlm.nih.gov/pubmed/17924334
http://www.ncbi.nlm.nih.gov/pubmed/17924334
http://www.ncbi.nlm.nih.gov/pubmed/23352160
http://www.ncbi.nlm.nih.gov/pubmed/22772369
http://www.ncbi.nlm.nih.gov/pubmed/22772369
http://www.ncbi.nlm.nih.gov/pubmed/21273304
http://www.ncbi.nlm.nih.gov/pubmed/9399890
http://www.ncbi.nlm.nih.gov/pubmed/23021409
http://www.ncbi.nlm.nih.gov/pubmed/15643609
http://www.ncbi.nlm.nih.gov/pubmed/16084127
http://www.ncbi.nlm.nih.gov/pubmed/10094191
http://www.ncbi.nlm.nih.gov/pubmed/9399890
http://www.ncbi.nlm.nih.gov/pubmed/17924555
http://www.ncbi.nlm.nih.gov/pubmed/21273304
http://www.ncbi.nlm.nih.gov/pubmed/10521298
http://www.ncbi.nlm.nih.gov/pubmed/10521298
http://www.ncbi.nlm.nih.gov/pubmed/23613520
http://www.ncbi.nlm.nih.gov/pubmed/12955722
http://www.ncbi.nlm.nih.gov/pubmed/12955722
http://www.ncbi.nlm.nih.gov/pubmed/19367192
http://www.ncbi.nlm.nih.gov/pubmed/19367192
http://www.ncbi.nlm.nih.gov/pubmed/15643609
http://www.ncbi.nlm.nih.gov/pubmed/10090479
http://www.ncbi.nlm.nih.gov/pubmed/12955722
http://www.ncbi.nlm.nih.gov/pubmed/10090479
http://www.ncbi.nlm.nih.gov/pubmed/10090479
http://www.ncbi.nlm.nih.gov/pubmed/17924555
http://www.ncbi.nlm.nih.gov/pubmed/9399890
http://www.ncbi.nlm.nih.gov/pubmed/23067021
http://www.ncbi.nlm.nih.gov/pubmed/15643609
http://www.ncbi.nlm.nih.gov/pubmed/12955722
http://www.ncbi.nlm.nih.gov/pubmed/22778927
http://www.ncbi.nlm.nih.gov/pubmed/15643609
http://www.ncbi.nlm.nih.gov/pubmed/17924555
http://www.ncbi.nlm.nih.gov/pubmed/23021409
http://www.ncbi.nlm.nih.gov/pubmed/15643609
http://www.ncbi.nlm.nih.gov/pubmed/23898106
http://www.ncbi.nlm.nih.gov/pubmed/23613520
http://www.ncbi.nlm.nih.gov/pubmed/17924555
http://www.ncbi.nlm.nih.gov/pubmed/22950077
http://www.ncbi.nlm.nih.gov/pubmed/15523645
http://www.ncbi.nlm.nih.gov/pubmed/21273304
http://www.ncbi.nlm.nih.gov/pubmed/10094191
http://www.ncbi.nlm.nih.gov/pubmed/15523645
http://www.ncbi.nlm.nih.gov/pubmed/16532972
http://www.ncbi.nlm.nih.gov/pubmed/10090479
http://www.ncbi.nlm.nih.gov/pubmed/15523645
http://www.ncbi.nlm.nih.gov/pubmed/15059067
http://www.ncbi.nlm.nih.gov/pubmed/10094191
http://www.ncbi.nlm.nih.gov/pubmed/9371798
http://www.ncbi.nlm.nih.gov/pubmed/8896563
http://www.ncbi.nlm.nih.gov/pubmed/8896563
http://www.ncbi.nlm.nih.gov/pubmed/15643609
http://www.ncbi.nlm.nih.gov/pubmed/21273304
http://www.ncbi.nlm.nih.gov/pubmed/15523645
http://www.ncbi.nlm.nih.gov/pubmed/16679491
http://www.ncbi.nlm.nih.gov/pubmed/21910217
http://www.ncbi.nlm.nih.gov/pubmed/22778927
http://www.ncbi.nlm.nih.gov/pubmed/20869034
http://www.ncbi.nlm.nih.gov/pubmed/8348157
http://www.ncbi.nlm.nih.gov/pubmed/9452030
http://www.ncbi.nlm.nih.gov/pubmed/19278965
http://www.ncbi.nlm.nih.gov/pubmed/17924555
http://www.ncbi.nlm.nih.gov/pubmed/16429406
http://www.ncbi.nlm.nih.gov/pubmed/17436244
http://www.ncbi.nlm.nih.gov/pubmed/17436244
http://www.ncbi.nlm.nih.gov/pubmed/23613520
http://www.ncbi.nlm.nih.gov/pubmed/23613520
http://www.ncbi.nlm.nih.gov/pubmed/17436244
http://www.ncbi.nlm.nih.gov/pubmed/17436244
http://www.ncbi.nlm.nih.gov/pubmed/17436244
http://www.ncbi.nlm.nih.gov/pubmed/17436244
http://www.ncbi.nlm.nih.gov/pubmed/17436244
http://www.ncbi.nlm.nih.gov/pubmed/17436244
http://www.ncbi.nlm.nih.gov/pubmed/23285130
http://www.ncbi.nlm.nih.gov/pubmed/11239453
http://www.ncbi.nlm.nih.gov/pubmed/23613520
http://www.ncbi.nlm.nih.gov/pubmed/17436244
http://www.ncbi.nlm.nih.gov/pubmed/17436244
http://www.ncbi.nlm.nih.gov/pubmed/11001585
http://www.ncbi.nlm.nih.gov/pubmed/17924555
http://www.ncbi.nlm.nih.gov/pubmed/22778927
http://www.ncbi.nlm.nih.gov/pubmed/9806548
http://www.ncbi.nlm.nih.gov/pubmed/24300640
http://www.ncbi.nlm.nih.gov/pubmed/11093276
http://www.ncbi.nlm.nih.gov/pubmed/23067021
http://www.ncbi.nlm.nih.gov/pubmed/9806548
http://www.ncbi.nlm.nih.gov/pubmed/11093276
http://www.ncbi.nlm.nih.gov/pubmed/10807541
http://www.ncbi.nlm.nih.gov/pubmed/15059067
http://www.ncbi.nlm.nih.gov/pubmed/11093276
http://www.ncbi.nlm.nih.gov/pubmed/11093276
http://www.ncbi.nlm.nih.gov/pubmed/12552564
http://www.ncbi.nlm.nih.gov/pubmed/11093276
http://www.ncbi.nlm.nih.gov/pubmed/23613520
http://www.ncbi.nlm.nih.gov/pubmed/23613520
http://www.ncbi.nlm.nih.gov/pubmed/23613520
http://www.ncbi.nlm.nih.gov/pubmed/18948840
http://www.ncbi.nlm.nih.gov/pubmed/21490157
http://www.ncbi.nlm.nih.gov/pubmed/18948840
http://www.ncbi.nlm.nih.gov/pubmed/9533447
http://www.ncbi.nlm.nih.gov/pubmed/22237435
http://www.ncbi.nlm.nih.gov/pubmed/12736807
http://www.ncbi.nlm.nih.gov/pubmed/22237435
http://www.ncbi.nlm.nih.gov/pubmed/10090885
http://www.ncbi.nlm.nih.gov/pubmed/22237435
http://www.ncbi.nlm.nih.gov/pubmed/22237435
http://www.ncbi.nlm.nih.gov/pubmed/15870181
http://www.ncbi.nlm.nih.gov/pubmed/18948840
http://www.ncbi.nlm.nih.gov/pubmed/22237435
http://www.ncbi.nlm.nih.gov/pubmed/7540117
http://www.ncbi.nlm.nih.gov/pubmed/22237435
http://www.ncbi.nlm.nih.gov/pubmed/15459303
http://www.ncbi.nlm.nih.gov/pubmed/22237435
http://www.ncbi.nlm.nih.gov/pubmed/9927496
http://www.ncbi.nlm.nih.gov/pubmed/9533447
http://www.ncbi.nlm.nih.gov/pubmed/22983577
http://www.ncbi.nlm.nih.gov/pubmed/10090885
http://www.ncbi.nlm.nih.gov/pubmed/10515860
http://www.ncbi.nlm.nih.gov/pubmed/22237435
http://www.ncbi.nlm.nih.gov/pubmed/10515860
http://www.ncbi.nlm.nih.gov/pubmed/23192925
http://www.ncbi.nlm.nih.gov/pubmed/14635206
http://www.ncbi.nlm.nih.gov/pubmed/17657824
http://www.ncbi.nlm.nih.gov/pubmed/19293843
http://www.ncbi.nlm.nih.gov/pubmed/24161884
http://www.ncbi.nlm.nih.gov/pubmed/12402346
http://www.ncbi.nlm.nih.gov/pubmed/22736615
http://www.ncbi.nlm.nih.gov/pubmed/10464652
http://www.ncbi.nlm.nih.gov/pubmed/9399842
http://www.ncbi.nlm.nih.gov/pubmed/11933199
http://www.ncbi.nlm.nih.gov/pubmed/24161884
http://www.ncbi.nlm.nih.gov/pubmed/17627385
http://www.ncbi.nlm.nih.gov/pubmed/24161884
http://www.ncbi.nlm.nih.gov/pubmed/16342915
http://www.ncbi.nlm.nih.gov/pubmed/17657824
http://www.ncbi.nlm.nih.gov/pubmed/15241795
http://www.ncbi.nlm.nih.gov/pubmed/14695540
http://www.ncbi.nlm.nih.gov/pubmed/19293843
http://www.ncbi.nlm.nih.gov/pubmed/16342915
http://www.ncbi.nlm.nih.gov/pubmed/15241795
http://www.ncbi.nlm.nih.gov/pubmed/21907952
http://www.ncbi.nlm.nih.gov/pubmed/21907952
http://www.ncbi.nlm.nih.gov/pubmed/19293843
http://www.ncbi.nlm.nih.gov/pubmed/17627385
http://www.ncbi.nlm.nih.gov/pubmed/11700157
http://www.ncbi.nlm.nih.gov/pubmed/20538085
http://www.ncbi.nlm.nih.gov/pubmed/24698609
http://www.ncbi.nlm.nih.gov/pubmed/12203987
http://www.ncbi.nlm.nih.gov/pubmed/12161601
http://www.ncbi.nlm.nih.gov/pubmed/19390640
http://www.ncbi.nlm.nih.gov/pubmed/21895641
http://www.ncbi.nlm.nih.gov/pubmed/17657824
http://www.ncbi.nlm.nih.gov/pubmed/21907952
http://www.ncbi.nlm.nih.gov/pubmed/8894692
http://www.ncbi.nlm.nih.gov/pubmed/14695540
http://www.ncbi.nlm.nih.gov/pubmed/16220557
http://www.ncbi.nlm.nih.gov/pubmed/24161884
http://www.ncbi.nlm.nih.gov/pubmed/8406497
http://www.ncbi.nlm.nih.gov/pubmed/11700157
http://www.ncbi.nlm.nih.gov/pubmed/14695540
http://www.ncbi.nlm.nih.gov/pubmed/12161601
http://www.ncbi.nlm.nih.gov/pubmed/11700157
http://www.ncbi.nlm.nih.gov/pubmed/19839986
http://www.ncbi.nlm.nih.gov/pubmed/16222657
http://www.ncbi.nlm.nih.gov/pubmed/19293843
http://www.ncbi.nlm.nih.gov/pubmed/19293843
http://www.ncbi.nlm.nih.gov/pubmed/19293843
http://www.ncbi.nlm.nih.gov/pubmed/24199744
http://www.ncbi.nlm.nih.gov/pubmed/19293843
http://www.ncbi.nlm.nih.gov/pubmed/11175294
http://www.ncbi.nlm.nih.gov/pubmed/19012347
http://www.ncbi.nlm.nih.gov/pubmed/21883168
http://www.ncbi.nlm.nih.gov/pubmed/17627385
http://www.ncbi.nlm.nih.gov/pubmed/20132243
http://www.ncbi.nlm.nih.gov/pubmed/8136837
http://www.ncbi.nlm.nih.gov/pubmed/17657824
http://www.ncbi.nlm.nih.gov/pubmed/17627385
http://www.ncbi.nlm.nih.gov/pubmed/16220557
http://www.ncbi.nlm.nih.gov/pubmed/19293843
http://www.ncbi.nlm.nih.gov/pubmed/9452033
http://www.ncbi.nlm.nih.gov/pubmed/19293843
http://www.ncbi.nlm.nih.gov/pubmed/24161884
http://www.ncbi.nlm.nih.gov/pubmed/19293843
http://www.ncbi.nlm.nih.gov/pubmed/19293843
http://www.ncbi.nlm.nih.gov/pubmed/17680538
http://www.ncbi.nlm.nih.gov/pubmed/14695540
http://www.ncbi.nlm.nih.gov/pubmed/17627385
http://www.ncbi.nlm.nih.gov/pubmed/19618372
http://www.ncbi.nlm.nih.gov/pubmed/14695540
http://www.ncbi.nlm.nih.gov/pubmed/20803651
http://www.ncbi.nlm.nih.gov/pubmed/19293843
http://www.ncbi.nlm.nih.gov/pubmed/8894692
http://www.ncbi.nlm.nih.gov/pubmed/10464652
http://www.ncbi.nlm.nih.gov/pubmed/19293843
http://www.ncbi.nlm.nih.gov/pubmed/21135753
http://www.ncbi.nlm.nih.gov/pubmed/12938084
http://www.ncbi.nlm.nih.gov/pubmed/15666366
http://www.ncbi.nlm.nih.gov/pubmed/7633409
http://www.ncbi.nlm.nih.gov/pubmed/19293843
http://www.ncbi.nlm.nih.gov/pubmed/17657824
http://www.ncbi.nlm.nih.gov/pubmed/16222657
http://www.ncbi.nlm.nih.gov/pubmed/7633409
http://www.ncbi.nlm.nih.gov/pubmed/19863550
http://www.ncbi.nlm.nih.gov/pubmed/17657824
http://www.ncbi.nlm.nih.gov/pubmed/19293843
http://www.ncbi.nlm.nih.gov/pubmed/16222657
http://www.ncbi.nlm.nih.gov/pubmed/21907952
http://www.ncbi.nlm.nih.gov/pubmed/17657824
http://www.ncbi.nlm.nih.gov/pubmed/19293843
http://www.ncbi.nlm.nih.gov/pubmed/10464652
http://www.ncbi.nlm.nih.gov/pubmed/11700157
http://www.ncbi.nlm.nih.gov/pubmed/19293843
http://www.ncbi.nlm.nih.gov/pubmed/17657824
http://www.ncbi.nlm.nih.gov/pubmed/17657824
http://www.ncbi.nlm.nih.gov/pubmed/10189089
http://www.ncbi.nlm.nih.gov/pubmed/17657824
http://www.ncbi.nlm.nih.gov/pubmed/21542060
http://www.ncbi.nlm.nih.gov/pubmed/12402346
http://www.ncbi.nlm.nih.gov/pubmed/16222657
http://www.ncbi.nlm.nih.gov/pubmed/19293843
http://www.ncbi.nlm.nih.gov/pubmed/17253931
http://www.ncbi.nlm.nih.gov/pubmed/17627385
http://www.ncbi.nlm.nih.gov/pubmed/19159394
http://www.ncbi.nlm.nih.gov/pubmed/24161884
http://www.ncbi.nlm.nih.gov/pubmed/16222657
http://www.ncbi.nlm.nih.gov/pubmed/19293843
http://www.ncbi.nlm.nih.gov/pubmed/17627385
http://www.ncbi.nlm.nih.gov/pubmed/17627385
http://www.ncbi.nlm.nih.gov/pubmed/17657824
http://www.ncbi.nlm.nih.gov/pubmed/12203987
http://www.ncbi.nlm.nih.gov/pubmed/19293843
http://www.ncbi.nlm.nih.gov/pubmed/12161601
http://www.ncbi.nlm.nih.gov/pubmed/16342915
http://www.ncbi.nlm.nih.gov/pubmed/18435798
http://www.ncbi.nlm.nih.gov/pubmed/24161884
http://www.ncbi.nlm.nih.gov/pubmed/21542060
http://www.ncbi.nlm.nih.gov/pubmed/11702223
http://www.ncbi.nlm.nih.gov/pubmed/7611299
http://www.ncbi.nlm.nih.gov/pubmed/16476890
http://www.ncbi.nlm.nih.gov/pubmed/18435798
http://www.ncbi.nlm.nih.gov/pubmed/17627385
http://www.ncbi.nlm.nih.gov/pubmed/11826022
http://www.ncbi.nlm.nih.gov/pubmed/22772377
http://www.ncbi.nlm.nih.gov/pubmed/16220557
http://www.ncbi.nlm.nih.gov/pubmed/15241795
http://www.ncbi.nlm.nih.gov/pubmed/16220557
http://www.ncbi.nlm.nih.gov/pubmed/24161884
http://www.ncbi.nlm.nih.gov/pubmed/17657824
http://www.ncbi.nlm.nih.gov/pubmed/20538085
http://www.ncbi.nlm.nih.gov/pubmed/19293843
http://www.ncbi.nlm.nih.gov/pubmed/12203987
http://www.ncbi.nlm.nih.gov/pubmed/22913777
http://www.ncbi.nlm.nih.gov/pubmed/17657824
http://www.ncbi.nlm.nih.gov/pubmed/17657824
http://www.ncbi.nlm.nih.gov/pubmed/19839986
http://www.ncbi.nlm.nih.gov/pubmed/9241263
http://www.ncbi.nlm.nih.gov/pubmed/18435798
http://www.ncbi.nlm.nih.gov/pubmed/19618372
http://www.ncbi.nlm.nih.gov/pubmed/19293843
http://www.ncbi.nlm.nih.gov/pubmed/11700157
http://www.ncbi.nlm.nih.gov/pubmed/19293843
http://www.ncbi.nlm.nih.gov/pubmed/19293843
http://www.ncbi.nlm.nih.gov/pubmed/17657824
http://www.ncbi.nlm.nih.gov/pubmed/8101042
http://www.ncbi.nlm.nih.gov/pubmed/19293843
http://www.ncbi.nlm.nih.gov/pubmed/17627385
http://www.ncbi.nlm.nih.gov/pubmed/24610719


PS:

Read file <data/skip/scraping_pubmed_chunks/logs/chunk12.e> for stderr output of this job.

