Sender: LSF System <lsf@node0910>
Subject: Job 9582139: <scrape.20> in cluster <cromwell> Done

Job <scrape.20> was submitted from host <gold> by user <birnbaum> in cluster <cromwell>.
Job was executed on host(s) <node0910>, in queue <hour>, as user <birnbaum> in cluster <cromwell>.
</home/unix/birnbaum> was used as the home directory.
</humgen/atgu1/fs03/birnbaum/cryptic-splice> was used as the working directory.
Started at Thu Jun  2 16:38:00 2016
Results reported on Thu Jun  2 16:48:05 2016

Your job looked like:

------------------------------------------------------------
# LSBATCH: User input
python src/scrape_pubmed_abstracts.py -p data/skip/hgmd_splice_pmids.txt --include "exon skipping" --include "skipping of exon" --exclude "cryptic splice site" --exclude "cryptic donor" --exclude "cryptic acceptor" -o data/skip/scraping_pubmed_chunks/chunk20.txt --chunk 20/30
------------------------------------------------------------

Successfully completed.

Resource usage summary:

    CPU time :               105.77 sec.
    Max Memory :             52 MB
    Average Memory :         49.13 MB
    Total Requested Memory : 750.00 MB
    Delta Memory :           698.00 MB
    (Delta: the difference between Total Requested Memory and Max Memory.)
    Max Processes :          3
    Max Threads :            4

The output (if any) follows:

http://www.ncbi.nlm.nih.gov/pubmed/22358060
http://www.ncbi.nlm.nih.gov/pubmed/22622421
http://www.ncbi.nlm.nih.gov/pubmed/21412258
http://www.ncbi.nlm.nih.gov/pubmed/21529752
http://www.ncbi.nlm.nih.gov/pubmed/8807344
http://www.ncbi.nlm.nih.gov/pubmed/20340138
http://www.ncbi.nlm.nih.gov/pubmed/20340138
http://www.ncbi.nlm.nih.gov/pubmed/22786811
http://www.ncbi.nlm.nih.gov/pubmed/8807344
http://www.ncbi.nlm.nih.gov/pubmed/17325173
http://www.ncbi.nlm.nih.gov/pubmed/14635119
http://www.ncbi.nlm.nih.gov/pubmed/12872253
http://www.ncbi.nlm.nih.gov/pubmed/18306244
http://www.ncbi.nlm.nih.gov/pubmed/18513682
http://www.ncbi.nlm.nih.gov/pubmed/23746447
http://www.ncbi.nlm.nih.gov/pubmed/20818383
http://www.ncbi.nlm.nih.gov/pubmed/17557076
http://www.ncbi.nlm.nih.gov/pubmed/24215330
http://www.ncbi.nlm.nih.gov/pubmed/20818383
http://www.ncbi.nlm.nih.gov/pubmed/20818383
http://www.ncbi.nlm.nih.gov/pubmed/12616398
http://www.ncbi.nlm.nih.gov/pubmed/18804471
http://www.ncbi.nlm.nih.gov/pubmed/20818383
http://www.ncbi.nlm.nih.gov/pubmed/15372108
http://www.ncbi.nlm.nih.gov/pubmed/17604671
http://www.ncbi.nlm.nih.gov/pubmed/11349233
http://www.ncbi.nlm.nih.gov/pubmed/22367672
http://www.ncbi.nlm.nih.gov/pubmed/16917880
http://www.ncbi.nlm.nih.gov/pubmed/24725366
http://www.ncbi.nlm.nih.gov/pubmed/23826317
http://www.ncbi.nlm.nih.gov/pubmed/23572184
http://www.ncbi.nlm.nih.gov/pubmed/21798101
http://www.ncbi.nlm.nih.gov/pubmed/15336686
http://www.ncbi.nlm.nih.gov/pubmed/10051637
http://www.ncbi.nlm.nih.gov/pubmed/24725366
http://www.ncbi.nlm.nih.gov/pubmed/12207938
http://www.ncbi.nlm.nih.gov/pubmed/16917880
http://www.ncbi.nlm.nih.gov/pubmed/24725366
http://www.ncbi.nlm.nih.gov/pubmed/21350120
http://www.ncbi.nlm.nih.gov/pubmed/21724397
http://www.ncbi.nlm.nih.gov/pubmed/16917880
http://www.ncbi.nlm.nih.gov/pubmed/16917880
http://www.ncbi.nlm.nih.gov/pubmed/16917880
http://www.ncbi.nlm.nih.gov/pubmed/16917880
http://www.ncbi.nlm.nih.gov/pubmed/19232495
http://www.ncbi.nlm.nih.gov/pubmed/16917880
http://www.ncbi.nlm.nih.gov/pubmed/24725366
http://www.ncbi.nlm.nih.gov/pubmed/16917880
http://www.ncbi.nlm.nih.gov/pubmed/16917880
http://www.ncbi.nlm.nih.gov/pubmed/16917880
http://www.ncbi.nlm.nih.gov/pubmed/23826317
http://www.ncbi.nlm.nih.gov/pubmed/22367672
http://www.ncbi.nlm.nih.gov/pubmed/24319099
http://www.ncbi.nlm.nih.gov/pubmed/16917880
http://www.ncbi.nlm.nih.gov/pubmed/16917880
http://www.ncbi.nlm.nih.gov/pubmed/23572184
http://www.ncbi.nlm.nih.gov/pubmed/16103266
http://www.ncbi.nlm.nih.gov/pubmed/18515411
http://www.ncbi.nlm.nih.gov/pubmed/16010685
http://www.ncbi.nlm.nih.gov/pubmed/16010685
http://www.ncbi.nlm.nih.gov/pubmed/21211617
http://www.ncbi.nlm.nih.gov/pubmed/22482978
http://www.ncbi.nlm.nih.gov/pubmed/21300340
http://www.ncbi.nlm.nih.gov/pubmed/15362570
http://www.ncbi.nlm.nih.gov/pubmed/19568825
http://www.ncbi.nlm.nih.gov/pubmed/11470272
http://www.ncbi.nlm.nih.gov/pubmed/15908988
http://www.ncbi.nlm.nih.gov/pubmed/18546366
http://www.ncbi.nlm.nih.gov/pubmed/16199547
http://www.ncbi.nlm.nih.gov/pubmed/16944272
http://www.ncbi.nlm.nih.gov/pubmed/18484666
http://www.ncbi.nlm.nih.gov/pubmed/18546366
http://www.ncbi.nlm.nih.gov/pubmed/17426081
http://www.ncbi.nlm.nih.gov/pubmed/22155606
http://www.ncbi.nlm.nih.gov/pubmed/23913538
http://www.ncbi.nlm.nih.gov/pubmed/15146469
http://www.ncbi.nlm.nih.gov/pubmed/23913538
http://www.ncbi.nlm.nih.gov/pubmed/11857752
http://www.ncbi.nlm.nih.gov/pubmed/18546366
http://www.ncbi.nlm.nih.gov/pubmed/10607834
http://www.ncbi.nlm.nih.gov/pubmed/22155606
http://www.ncbi.nlm.nih.gov/pubmed/10543400
http://www.ncbi.nlm.nih.gov/pubmed/9783703
http://www.ncbi.nlm.nih.gov/pubmed/17311297
http://www.ncbi.nlm.nih.gov/pubmed/10451518
http://www.ncbi.nlm.nih.gov/pubmed/17311297
http://www.ncbi.nlm.nih.gov/pubmed/15060124
http://www.ncbi.nlm.nih.gov/pubmed/18546366
http://www.ncbi.nlm.nih.gov/pubmed/16944272
http://www.ncbi.nlm.nih.gov/pubmed/10712197
http://www.ncbi.nlm.nih.gov/pubmed/23913538
http://www.ncbi.nlm.nih.gov/pubmed/16479075
http://www.ncbi.nlm.nih.gov/pubmed/9180088
http://www.ncbi.nlm.nih.gov/pubmed/17726231
http://www.ncbi.nlm.nih.gov/pubmed/12807981
http://www.ncbi.nlm.nih.gov/pubmed/16199547
http://www.ncbi.nlm.nih.gov/pubmed/16199547
http://www.ncbi.nlm.nih.gov/pubmed/23913538
http://www.ncbi.nlm.nih.gov/pubmed/16199547
http://www.ncbi.nlm.nih.gov/pubmed/7981679
http://www.ncbi.nlm.nih.gov/pubmed/23913538
http://www.ncbi.nlm.nih.gov/pubmed/10712197
http://www.ncbi.nlm.nih.gov/pubmed/18546366
http://www.ncbi.nlm.nih.gov/pubmed/10712197
http://www.ncbi.nlm.nih.gov/pubmed/23913538
http://www.ncbi.nlm.nih.gov/pubmed/23913538
http://www.ncbi.nlm.nih.gov/pubmed/18546366
http://www.ncbi.nlm.nih.gov/pubmed/12552569
http://www.ncbi.nlm.nih.gov/pubmed/17311297
http://www.ncbi.nlm.nih.gov/pubmed/10712197
http://www.ncbi.nlm.nih.gov/pubmed/15060124
http://www.ncbi.nlm.nih.gov/pubmed/10607834
http://www.ncbi.nlm.nih.gov/pubmed/11292340
http://www.ncbi.nlm.nih.gov/pubmed/18546366
http://www.ncbi.nlm.nih.gov/pubmed/9195229
http://www.ncbi.nlm.nih.gov/pubmed/17960768
http://www.ncbi.nlm.nih.gov/pubmed/23812910
http://www.ncbi.nlm.nih.gov/pubmed/15060124
http://www.ncbi.nlm.nih.gov/pubmed/16944272
http://www.ncbi.nlm.nih.gov/pubmed/16944272
http://www.ncbi.nlm.nih.gov/pubmed/12872266
http://www.ncbi.nlm.nih.gov/pubmed/11409870
http://www.ncbi.nlm.nih.gov/pubmed/12872266
http://www.ncbi.nlm.nih.gov/pubmed/19738042
http://www.ncbi.nlm.nih.gov/pubmed/19738042
http://www.ncbi.nlm.nih.gov/pubmed/18546366
http://www.ncbi.nlm.nih.gov/pubmed/23913538
http://www.ncbi.nlm.nih.gov/pubmed/23758643
http://www.ncbi.nlm.nih.gov/pubmed/18546366
http://www.ncbi.nlm.nih.gov/pubmed/12687660
http://www.ncbi.nlm.nih.gov/pubmed/12552569
http://www.ncbi.nlm.nih.gov/pubmed/22155606
http://www.ncbi.nlm.nih.gov/pubmed/9150739
http://www.ncbi.nlm.nih.gov/pubmed/17426081
http://www.ncbi.nlm.nih.gov/pubmed/16835897
http://www.ncbi.nlm.nih.gov/pubmed/16835897
http://www.ncbi.nlm.nih.gov/pubmed/10607834
http://www.ncbi.nlm.nih.gov/pubmed/12807981
http://www.ncbi.nlm.nih.gov/pubmed/22155606
http://www.ncbi.nlm.nih.gov/pubmed/23913538
http://www.ncbi.nlm.nih.gov/pubmed/10543400
http://www.ncbi.nlm.nih.gov/pubmed/23913538
http://www.ncbi.nlm.nih.gov/pubmed/12807981
http://www.ncbi.nlm.nih.gov/pubmed/17311297
http://www.ncbi.nlm.nih.gov/pubmed/10607834
http://www.ncbi.nlm.nih.gov/pubmed/12807981
http://www.ncbi.nlm.nih.gov/pubmed/18546366
http://www.ncbi.nlm.nih.gov/pubmed/16479075
http://www.ncbi.nlm.nih.gov/pubmed/15060124
http://www.ncbi.nlm.nih.gov/pubmed/23913538
http://www.ncbi.nlm.nih.gov/pubmed/18484666
http://www.ncbi.nlm.nih.gov/pubmed/17311297
http://www.ncbi.nlm.nih.gov/pubmed/21732117
http://www.ncbi.nlm.nih.gov/pubmed/23913538
http://www.ncbi.nlm.nih.gov/pubmed/23913538
http://www.ncbi.nlm.nih.gov/pubmed/17311297
http://www.ncbi.nlm.nih.gov/pubmed/17311297
http://www.ncbi.nlm.nih.gov/pubmed/23913538
http://www.ncbi.nlm.nih.gov/pubmed/10543400
http://www.ncbi.nlm.nih.gov/pubmed/8829638
http://www.ncbi.nlm.nih.gov/pubmed/10712197
http://www.ncbi.nlm.nih.gov/pubmed/23913538
http://www.ncbi.nlm.nih.gov/pubmed/7633431
http://www.ncbi.nlm.nih.gov/pubmed/17311297
http://www.ncbi.nlm.nih.gov/pubmed/18546366
http://www.ncbi.nlm.nih.gov/pubmed/12807981
http://www.ncbi.nlm.nih.gov/pubmed/12807981
http://www.ncbi.nlm.nih.gov/pubmed/17311297
http://www.ncbi.nlm.nih.gov/pubmed/18546366
http://www.ncbi.nlm.nih.gov/pubmed/10607834
http://www.ncbi.nlm.nih.gov/pubmed/18546366
http://www.ncbi.nlm.nih.gov/pubmed/22190595
http://www.ncbi.nlm.nih.gov/pubmed/18484666
http://www.ncbi.nlm.nih.gov/pubmed/17311297
http://www.ncbi.nlm.nih.gov/pubmed/21394830
http://www.ncbi.nlm.nih.gov/pubmed/10862084
http://www.ncbi.nlm.nih.gov/pubmed/23913538
http://www.ncbi.nlm.nih.gov/pubmed/17311297
http://www.ncbi.nlm.nih.gov/pubmed/10862084
http://www.ncbi.nlm.nih.gov/pubmed/23913538
http://www.ncbi.nlm.nih.gov/pubmed/12807981
http://www.ncbi.nlm.nih.gov/pubmed/17311297
http://www.ncbi.nlm.nih.gov/pubmed/10712197
http://www.ncbi.nlm.nih.gov/pubmed/10712197
http://www.ncbi.nlm.nih.gov/pubmed/23222849
http://www.ncbi.nlm.nih.gov/pubmed/22155606
http://www.ncbi.nlm.nih.gov/pubmed/10712197
http://www.ncbi.nlm.nih.gov/pubmed/23913538
http://www.ncbi.nlm.nih.gov/pubmed/12807981
http://www.ncbi.nlm.nih.gov/pubmed/17311297
http://www.ncbi.nlm.nih.gov/pubmed/17311297
http://www.ncbi.nlm.nih.gov/pubmed/17311297
http://www.ncbi.nlm.nih.gov/pubmed/9544853
http://www.ncbi.nlm.nih.gov/pubmed/17311297
http://www.ncbi.nlm.nih.gov/pubmed/17311297
http://www.ncbi.nlm.nih.gov/pubmed/18546366
http://www.ncbi.nlm.nih.gov/pubmed/9003501
http://www.ncbi.nlm.nih.gov/pubmed/16944272
http://www.ncbi.nlm.nih.gov/pubmed/17311297
http://www.ncbi.nlm.nih.gov/pubmed/17311297
http://www.ncbi.nlm.nih.gov/pubmed/11431704
http://www.ncbi.nlm.nih.gov/pubmed/11409870
http://www.ncbi.nlm.nih.gov/pubmed/18546366
http://www.ncbi.nlm.nih.gov/pubmed/17311297
http://www.ncbi.nlm.nih.gov/pubmed/11735023
http://www.ncbi.nlm.nih.gov/pubmed/17311297
http://www.ncbi.nlm.nih.gov/pubmed/17311297
http://www.ncbi.nlm.nih.gov/pubmed/9003501
http://www.ncbi.nlm.nih.gov/pubmed/18041031
http://www.ncbi.nlm.nih.gov/pubmed/9003501
http://www.ncbi.nlm.nih.gov/pubmed/10712197
invalid literal for int() with base 10: 'NO ID'
http://www.ncbi.nlm.nih.gov/pubmed/17311297
http://www.ncbi.nlm.nih.gov/pubmed/18546366
http://www.ncbi.nlm.nih.gov/pubmed/16461335
http://www.ncbi.nlm.nih.gov/pubmed/18546366
http://www.ncbi.nlm.nih.gov/pubmed/19785027
http://www.ncbi.nlm.nih.gov/pubmed/23913538
http://www.ncbi.nlm.nih.gov/pubmed/12807981
http://www.ncbi.nlm.nih.gov/pubmed/17311297
http://www.ncbi.nlm.nih.gov/pubmed/12403553
http://www.ncbi.nlm.nih.gov/pubmed/18546366
http://www.ncbi.nlm.nih.gov/pubmed/10712197
http://www.ncbi.nlm.nih.gov/pubmed/10712197
http://www.ncbi.nlm.nih.gov/pubmed/10712197
http://www.ncbi.nlm.nih.gov/pubmed/10862084
http://www.ncbi.nlm.nih.gov/pubmed/15060124
http://www.ncbi.nlm.nih.gov/pubmed/19449407
http://www.ncbi.nlm.nih.gov/pubmed/23913538
http://www.ncbi.nlm.nih.gov/pubmed/18546366
http://www.ncbi.nlm.nih.gov/pubmed/17311297
http://www.ncbi.nlm.nih.gov/pubmed/23913538
http://www.ncbi.nlm.nih.gov/pubmed/18546366
http://www.ncbi.nlm.nih.gov/pubmed/17311297
http://www.ncbi.nlm.nih.gov/pubmed/10862084
http://www.ncbi.nlm.nih.gov/pubmed/23913538
http://www.ncbi.nlm.nih.gov/pubmed/15060124
http://www.ncbi.nlm.nih.gov/pubmed/10607834
http://www.ncbi.nlm.nih.gov/pubmed/12807981
http://www.ncbi.nlm.nih.gov/pubmed/16835897
http://www.ncbi.nlm.nih.gov/pubmed/23913538
http://www.ncbi.nlm.nih.gov/pubmed/10980545
http://www.ncbi.nlm.nih.gov/pubmed/10862084
http://www.ncbi.nlm.nih.gov/pubmed/15060124
http://www.ncbi.nlm.nih.gov/pubmed/23913538
http://www.ncbi.nlm.nih.gov/pubmed/10607834
http://www.ncbi.nlm.nih.gov/pubmed/10712197
http://www.ncbi.nlm.nih.gov/pubmed/16944272
http://www.ncbi.nlm.nih.gov/pubmed/23913538
http://www.ncbi.nlm.nih.gov/pubmed/10543400
http://www.ncbi.nlm.nih.gov/pubmed/16835897
http://www.ncbi.nlm.nih.gov/pubmed/23913538
http://www.ncbi.nlm.nih.gov/pubmed/23913538
http://www.ncbi.nlm.nih.gov/pubmed/17311297
http://www.ncbi.nlm.nih.gov/pubmed/18546366
http://www.ncbi.nlm.nih.gov/pubmed/22155606
http://www.ncbi.nlm.nih.gov/pubmed/21354044
http://www.ncbi.nlm.nih.gov/pubmed/10712197
http://www.ncbi.nlm.nih.gov/pubmed/10633134
http://www.ncbi.nlm.nih.gov/pubmed/17311297
http://www.ncbi.nlm.nih.gov/pubmed/12624144
http://www.ncbi.nlm.nih.gov/pubmed/16944272
http://www.ncbi.nlm.nih.gov/pubmed/14513407
http://www.ncbi.nlm.nih.gov/pubmed/18546366
http://www.ncbi.nlm.nih.gov/pubmed/18546366
http://www.ncbi.nlm.nih.gov/pubmed/18800150
http://www.ncbi.nlm.nih.gov/pubmed/8829638
http://www.ncbi.nlm.nih.gov/pubmed/18546366
http://www.ncbi.nlm.nih.gov/pubmed/17311297
http://www.ncbi.nlm.nih.gov/pubmed/23913538
http://www.ncbi.nlm.nih.gov/pubmed/7981679
http://www.ncbi.nlm.nih.gov/pubmed/10543400
http://www.ncbi.nlm.nih.gov/pubmed/16199547
http://www.ncbi.nlm.nih.gov/pubmed/17311297
http://www.ncbi.nlm.nih.gov/pubmed/10712197
http://www.ncbi.nlm.nih.gov/pubmed/15060124
http://www.ncbi.nlm.nih.gov/pubmed/23913538
http://www.ncbi.nlm.nih.gov/pubmed/22190595
http://www.ncbi.nlm.nih.gov/pubmed/7981692
http://www.ncbi.nlm.nih.gov/pubmed/10712197
http://www.ncbi.nlm.nih.gov/pubmed/15060124
http://www.ncbi.nlm.nih.gov/pubmed/15146469
http://www.ncbi.nlm.nih.gov/pubmed/22222937
http://www.ncbi.nlm.nih.gov/pubmed/18546366
http://www.ncbi.nlm.nih.gov/pubmed/23913538
http://www.ncbi.nlm.nih.gov/pubmed/8069315
http://www.ncbi.nlm.nih.gov/pubmed/23913538
http://www.ncbi.nlm.nih.gov/pubmed/18484666
http://www.ncbi.nlm.nih.gov/pubmed/15833774
http://www.ncbi.nlm.nih.gov/pubmed/10543400
http://www.ncbi.nlm.nih.gov/pubmed/16740526
http://www.ncbi.nlm.nih.gov/pubmed/17311297
http://www.ncbi.nlm.nih.gov/pubmed/18546366
http://www.ncbi.nlm.nih.gov/pubmed/16835897
http://www.ncbi.nlm.nih.gov/pubmed/18546366
http://www.ncbi.nlm.nih.gov/pubmed/23913538
http://www.ncbi.nlm.nih.gov/pubmed/16835897
http://www.ncbi.nlm.nih.gov/pubmed/10712197
http://www.ncbi.nlm.nih.gov/pubmed/23913538
http://www.ncbi.nlm.nih.gov/pubmed/10712197
http://www.ncbi.nlm.nih.gov/pubmed/10712197
http://www.ncbi.nlm.nih.gov/pubmed/23913538
http://www.ncbi.nlm.nih.gov/pubmed/15146469
http://www.ncbi.nlm.nih.gov/pubmed/23758643
http://www.ncbi.nlm.nih.gov/pubmed/9783703
http://www.ncbi.nlm.nih.gov/pubmed/12807981
http://www.ncbi.nlm.nih.gov/pubmed/23913538
http://www.ncbi.nlm.nih.gov/pubmed/10712197
http://www.ncbi.nlm.nih.gov/pubmed/12807981
http://www.ncbi.nlm.nih.gov/pubmed/10712197
http://www.ncbi.nlm.nih.gov/pubmed/12552569
http://www.ncbi.nlm.nih.gov/pubmed/18546366
http://www.ncbi.nlm.nih.gov/pubmed/20358387
http://www.ncbi.nlm.nih.gov/pubmed/23913538
http://www.ncbi.nlm.nih.gov/pubmed/23668869
http://www.ncbi.nlm.nih.gov/pubmed/11735023
http://www.ncbi.nlm.nih.gov/pubmed/10862084
http://www.ncbi.nlm.nih.gov/pubmed/11857752
http://www.ncbi.nlm.nih.gov/pubmed/17311297
http://www.ncbi.nlm.nih.gov/pubmed/17426081
http://www.ncbi.nlm.nih.gov/pubmed/10607834
http://www.ncbi.nlm.nih.gov/pubmed/23913538
http://www.ncbi.nlm.nih.gov/pubmed/17311297
http://www.ncbi.nlm.nih.gov/pubmed/18546366
http://www.ncbi.nlm.nih.gov/pubmed/17311297
http://www.ncbi.nlm.nih.gov/pubmed/16944272
http://www.ncbi.nlm.nih.gov/pubmed/23913538
http://www.ncbi.nlm.nih.gov/pubmed/12566521
http://www.ncbi.nlm.nih.gov/pubmed/18546366
http://www.ncbi.nlm.nih.gov/pubmed/23913538
http://www.ncbi.nlm.nih.gov/pubmed/16944272
http://www.ncbi.nlm.nih.gov/pubmed/10862084
http://www.ncbi.nlm.nih.gov/pubmed/18546366
http://www.ncbi.nlm.nih.gov/pubmed/10712197
http://www.ncbi.nlm.nih.gov/pubmed/12552569
http://www.ncbi.nlm.nih.gov/pubmed/10712197
http://www.ncbi.nlm.nih.gov/pubmed/19738042
http://www.ncbi.nlm.nih.gov/pubmed/10712197
http://www.ncbi.nlm.nih.gov/pubmed/16944272
http://www.ncbi.nlm.nih.gov/pubmed/18546366
http://www.ncbi.nlm.nih.gov/pubmed/17311297
http://www.ncbi.nlm.nih.gov/pubmed/10543400
http://www.ncbi.nlm.nih.gov/pubmed/23913538
http://www.ncbi.nlm.nih.gov/pubmed/18546366
http://www.ncbi.nlm.nih.gov/pubmed/12807981
http://www.ncbi.nlm.nih.gov/pubmed/11857752
http://www.ncbi.nlm.nih.gov/pubmed/23913538
http://www.ncbi.nlm.nih.gov/pubmed/23913538
http://www.ncbi.nlm.nih.gov/pubmed/22155606
http://www.ncbi.nlm.nih.gov/pubmed/10712197
http://www.ncbi.nlm.nih.gov/pubmed/15146469
http://www.ncbi.nlm.nih.gov/pubmed/18546366
http://www.ncbi.nlm.nih.gov/pubmed/10712197
http://www.ncbi.nlm.nih.gov/pubmed/12807981
http://www.ncbi.nlm.nih.gov/pubmed/23913538
http://www.ncbi.nlm.nih.gov/pubmed/23913538
http://www.ncbi.nlm.nih.gov/pubmed/21838856
http://www.ncbi.nlm.nih.gov/pubmed/22190595
http://www.ncbi.nlm.nih.gov/pubmed/23913538
http://www.ncbi.nlm.nih.gov/pubmed/16199547
http://www.ncbi.nlm.nih.gov/pubmed/18546366
http://www.ncbi.nlm.nih.gov/pubmed/23758643
http://www.ncbi.nlm.nih.gov/pubmed/17311297
http://www.ncbi.nlm.nih.gov/pubmed/23913538
http://www.ncbi.nlm.nih.gov/pubmed/17311297
http://www.ncbi.nlm.nih.gov/pubmed/18041031
http://www.ncbi.nlm.nih.gov/pubmed/11857752
http://www.ncbi.nlm.nih.gov/pubmed/23913538
http://www.ncbi.nlm.nih.gov/pubmed/16944272
http://www.ncbi.nlm.nih.gov/pubmed/10712197
http://www.ncbi.nlm.nih.gov/pubmed/10607834
http://www.ncbi.nlm.nih.gov/pubmed/17311297
http://www.ncbi.nlm.nih.gov/pubmed/17311297
http://www.ncbi.nlm.nih.gov/pubmed/9783703
http://www.ncbi.nlm.nih.gov/pubmed/18546366
http://www.ncbi.nlm.nih.gov/pubmed/23913538
http://www.ncbi.nlm.nih.gov/pubmed/21354044
http://www.ncbi.nlm.nih.gov/pubmed/10712197
http://www.ncbi.nlm.nih.gov/pubmed/8957181
http://www.ncbi.nlm.nih.gov/pubmed/16944272
http://www.ncbi.nlm.nih.gov/pubmed/18546366
http://www.ncbi.nlm.nih.gov/pubmed/22190595
http://www.ncbi.nlm.nih.gov/pubmed/21354044
http://www.ncbi.nlm.nih.gov/pubmed/12746402
http://www.ncbi.nlm.nih.gov/pubmed/18546366
http://www.ncbi.nlm.nih.gov/pubmed/19061981
http://www.ncbi.nlm.nih.gov/pubmed/18546366
http://www.ncbi.nlm.nih.gov/pubmed/23913538
http://www.ncbi.nlm.nih.gov/pubmed/15060124
http://www.ncbi.nlm.nih.gov/pubmed/10712197
http://www.ncbi.nlm.nih.gov/pubmed/22533502
http://www.ncbi.nlm.nih.gov/pubmed/20844836
http://www.ncbi.nlm.nih.gov/pubmed/18546366
http://www.ncbi.nlm.nih.gov/pubmed/10076878
http://www.ncbi.nlm.nih.gov/pubmed/9463322
http://www.ncbi.nlm.nih.gov/pubmed/10874316
http://www.ncbi.nlm.nih.gov/pubmed/10874316
http://www.ncbi.nlm.nih.gov/pubmed/16199547
http://www.ncbi.nlm.nih.gov/pubmed/23913538
http://www.ncbi.nlm.nih.gov/pubmed/18546366
http://www.ncbi.nlm.nih.gov/pubmed/17311297
http://www.ncbi.nlm.nih.gov/pubmed/18546366
http://www.ncbi.nlm.nih.gov/pubmed/10712197
http://www.ncbi.nlm.nih.gov/pubmed/12807981
http://www.ncbi.nlm.nih.gov/pubmed/9298829
http://www.ncbi.nlm.nih.gov/pubmed/17426081
http://www.ncbi.nlm.nih.gov/pubmed/10712197
http://www.ncbi.nlm.nih.gov/pubmed/14722917
http://www.ncbi.nlm.nih.gov/pubmed/23913538
http://www.ncbi.nlm.nih.gov/pubmed/16199547
http://www.ncbi.nlm.nih.gov/pubmed/10712197
http://www.ncbi.nlm.nih.gov/pubmed/18546366
http://www.ncbi.nlm.nih.gov/pubmed/10607834
http://www.ncbi.nlm.nih.gov/pubmed/11129996
http://www.ncbi.nlm.nih.gov/pubmed/17726231
http://www.ncbi.nlm.nih.gov/pubmed/23668869
http://www.ncbi.nlm.nih.gov/pubmed/8957181
http://www.ncbi.nlm.nih.gov/pubmed/18546366
http://www.ncbi.nlm.nih.gov/pubmed/18546366
http://www.ncbi.nlm.nih.gov/pubmed/21354044
http://www.ncbi.nlm.nih.gov/pubmed/10677298
http://www.ncbi.nlm.nih.gov/pubmed/12807981
http://www.ncbi.nlm.nih.gov/pubmed/12807981
http://www.ncbi.nlm.nih.gov/pubmed/18546366
http://www.ncbi.nlm.nih.gov/pubmed/23758643
http://www.ncbi.nlm.nih.gov/pubmed/18041031
http://www.ncbi.nlm.nih.gov/pubmed/22533502
http://www.ncbi.nlm.nih.gov/pubmed/8751853
http://www.ncbi.nlm.nih.gov/pubmed/18033041
http://www.ncbi.nlm.nih.gov/pubmed/21324748
http://www.ncbi.nlm.nih.gov/pubmed/15684865
http://www.ncbi.nlm.nih.gov/pubmed/7535084
http://www.ncbi.nlm.nih.gov/pubmed/7535084
http://www.ncbi.nlm.nih.gov/pubmed/11129337
http://www.ncbi.nlm.nih.gov/pubmed/7913580
http://www.ncbi.nlm.nih.gov/pubmed/8755919
http://www.ncbi.nlm.nih.gov/pubmed/21563229
http://www.ncbi.nlm.nih.gov/pubmed/7759081
http://www.ncbi.nlm.nih.gov/pubmed/7913580
http://www.ncbi.nlm.nih.gov/pubmed/7535084
http://www.ncbi.nlm.nih.gov/pubmed/16983642
http://www.ncbi.nlm.nih.gov/pubmed/18033041
http://www.ncbi.nlm.nih.gov/pubmed/15684865
http://www.ncbi.nlm.nih.gov/pubmed/21563229
http://www.ncbi.nlm.nih.gov/pubmed/8755919
invalid literal for int() with base 10: 'HGOL'
http://www.ncbi.nlm.nih.gov/pubmed/8698343
http://www.ncbi.nlm.nih.gov/pubmed/21563229
http://www.ncbi.nlm.nih.gov/pubmed/21563229
http://www.ncbi.nlm.nih.gov/pubmed/9605590
http://www.ncbi.nlm.nih.gov/pubmed/9605590
http://www.ncbi.nlm.nih.gov/pubmed/18033041
http://www.ncbi.nlm.nih.gov/pubmed/15684865
http://www.ncbi.nlm.nih.gov/pubmed/7535084
http://www.ncbi.nlm.nih.gov/pubmed/16983642
http://www.ncbi.nlm.nih.gov/pubmed/21294614
http://www.ncbi.nlm.nih.gov/pubmed/8751853
http://www.ncbi.nlm.nih.gov/pubmed/8698340
http://www.ncbi.nlm.nih.gov/pubmed/18033041
http://www.ncbi.nlm.nih.gov/pubmed/15684865


PS:

Read file <data/skip/scraping_pubmed_chunks/logs/chunk20.e> for stderr output of this job.

