Sender: LSF System <lsf@node0922>
Subject: Job 9582145: <scrape.26> in cluster <cromwell> Done

Job <scrape.26> was submitted from host <gold> by user <birnbaum> in cluster <cromwell>.
Job was executed on host(s) <node0922>, in queue <hour>, as user <birnbaum> in cluster <cromwell>.
</home/unix/birnbaum> was used as the home directory.
</humgen/atgu1/fs03/birnbaum/cryptic-splice> was used as the working directory.
Started at Thu Jun  2 16:38:07 2016
Results reported on Thu Jun  2 16:47:55 2016

Your job looked like:

------------------------------------------------------------
# LSBATCH: User input
python src/scrape_pubmed_abstracts.py -p data/skip/hgmd_splice_pmids.txt --include "exon skipping" --include "skipping of exon" --exclude "cryptic splice site" --exclude "cryptic donor" --exclude "cryptic acceptor" -o data/skip/scraping_pubmed_chunks/chunk26.txt --chunk 26/30
------------------------------------------------------------

Successfully completed.

Resource usage summary:

    CPU time :               112.17 sec.
    Max Memory :             937 MB
    Average Memory :         934.24 MB
    Total Requested Memory : 750.00 MB
    Delta Memory :           -187.00 MB
    (Delta: the difference between Total Requested Memory and Max Memory.)
    Max Processes :          3
    Max Threads :            4

The output (if any) follows:

http://www.ncbi.nlm.nih.gov/pubmed/23919265
http://www.ncbi.nlm.nih.gov/pubmed/23919265
http://www.ncbi.nlm.nih.gov/pubmed/20839240
http://www.ncbi.nlm.nih.gov/pubmed/20839240
http://www.ncbi.nlm.nih.gov/pubmed/18253926
http://www.ncbi.nlm.nih.gov/pubmed/21911697
http://www.ncbi.nlm.nih.gov/pubmed/18253926
http://www.ncbi.nlm.nih.gov/pubmed/20839240
http://www.ncbi.nlm.nih.gov/pubmed/21062345
http://www.ncbi.nlm.nih.gov/pubmed/20583297
http://www.ncbi.nlm.nih.gov/pubmed/21911697
http://www.ncbi.nlm.nih.gov/pubmed/18253926
http://www.ncbi.nlm.nih.gov/pubmed/23127960
http://www.ncbi.nlm.nih.gov/pubmed/18253926
http://www.ncbi.nlm.nih.gov/pubmed/23553484
http://www.ncbi.nlm.nih.gov/pubmed/24319099
http://www.ncbi.nlm.nih.gov/pubmed/22473935
http://www.ncbi.nlm.nih.gov/pubmed/16380615
http://www.ncbi.nlm.nih.gov/pubmed/22787013
http://www.ncbi.nlm.nih.gov/pubmed/24349489
http://www.ncbi.nlm.nih.gov/pubmed/18465152
http://www.ncbi.nlm.nih.gov/pubmed/21402907
http://www.ncbi.nlm.nih.gov/pubmed/20653736
http://www.ncbi.nlm.nih.gov/pubmed/19525956
http://www.ncbi.nlm.nih.gov/pubmed/24183309
http://www.ncbi.nlm.nih.gov/pubmed/12692552
http://www.ncbi.nlm.nih.gov/pubmed/22491737
http://www.ncbi.nlm.nih.gov/pubmed/22491737
http://www.ncbi.nlm.nih.gov/pubmed/22491737
http://www.ncbi.nlm.nih.gov/pubmed/12496757
http://www.ncbi.nlm.nih.gov/pubmed/12496757
http://www.ncbi.nlm.nih.gov/pubmed/15860664
http://www.ncbi.nlm.nih.gov/pubmed/21659346
http://www.ncbi.nlm.nih.gov/pubmed/15776428
http://www.ncbi.nlm.nih.gov/pubmed/15477569
http://www.ncbi.nlm.nih.gov/pubmed/10397692
http://www.ncbi.nlm.nih.gov/pubmed/18308289
http://www.ncbi.nlm.nih.gov/pubmed/19847901
http://www.ncbi.nlm.nih.gov/pubmed/22767442
http://www.ncbi.nlm.nih.gov/pubmed/19847901
http://www.ncbi.nlm.nih.gov/pubmed/19847901
http://www.ncbi.nlm.nih.gov/pubmed/22140376
http://www.ncbi.nlm.nih.gov/pubmed/24285566
http://www.ncbi.nlm.nih.gov/pubmed/17054684
http://www.ncbi.nlm.nih.gov/pubmed/23195492
http://www.ncbi.nlm.nih.gov/pubmed/17561957
http://www.ncbi.nlm.nih.gov/pubmed/21248271
http://www.ncbi.nlm.nih.gov/pubmed/17347258
http://www.ncbi.nlm.nih.gov/pubmed/18930999
http://www.ncbi.nlm.nih.gov/pubmed/19350499
http://www.ncbi.nlm.nih.gov/pubmed/20431604
http://www.ncbi.nlm.nih.gov/pubmed/17054684
http://www.ncbi.nlm.nih.gov/pubmed/17347258
http://www.ncbi.nlm.nih.gov/pubmed/17347258
http://www.ncbi.nlm.nih.gov/pubmed/24623842
http://www.ncbi.nlm.nih.gov/pubmed/23762420
http://www.ncbi.nlm.nih.gov/pubmed/17561957
http://www.ncbi.nlm.nih.gov/pubmed/22780858
http://www.ncbi.nlm.nih.gov/pubmed/17561957
http://www.ncbi.nlm.nih.gov/pubmed/23195492
http://www.ncbi.nlm.nih.gov/pubmed/17347258
http://www.ncbi.nlm.nih.gov/pubmed/20110217
http://www.ncbi.nlm.nih.gov/pubmed/17347258
http://www.ncbi.nlm.nih.gov/pubmed/18930999
http://www.ncbi.nlm.nih.gov/pubmed/17347258
http://www.ncbi.nlm.nih.gov/pubmed/18930999
http://www.ncbi.nlm.nih.gov/pubmed/23195492
http://www.ncbi.nlm.nih.gov/pubmed/18930999
http://www.ncbi.nlm.nih.gov/pubmed/21248271
http://www.ncbi.nlm.nih.gov/pubmed/18632234
http://www.ncbi.nlm.nih.gov/pubmed/20431604
http://www.ncbi.nlm.nih.gov/pubmed/17561957
http://www.ncbi.nlm.nih.gov/pubmed/20431604
http://www.ncbi.nlm.nih.gov/pubmed/16430863
http://www.ncbi.nlm.nih.gov/pubmed/22780858
http://www.ncbi.nlm.nih.gov/pubmed/14504318
http://www.ncbi.nlm.nih.gov/pubmed/22140375
http://www.ncbi.nlm.nih.gov/pubmed/23808377
http://www.ncbi.nlm.nih.gov/pubmed/15944908
http://www.ncbi.nlm.nih.gov/pubmed/12821740
http://www.ncbi.nlm.nih.gov/pubmed/20431604
http://www.ncbi.nlm.nih.gov/pubmed/19763161
http://www.ncbi.nlm.nih.gov/pubmed/17054684
http://www.ncbi.nlm.nih.gov/pubmed/18930999
http://www.ncbi.nlm.nih.gov/pubmed/18930999
http://www.ncbi.nlm.nih.gov/pubmed/20431604
http://www.ncbi.nlm.nih.gov/pubmed/23762420
http://www.ncbi.nlm.nih.gov/pubmed/18930999
http://www.ncbi.nlm.nih.gov/pubmed/18930999
http://www.ncbi.nlm.nih.gov/pubmed/19782004
http://www.ncbi.nlm.nih.gov/pubmed/23808377
http://www.ncbi.nlm.nih.gov/pubmed/21248271
http://www.ncbi.nlm.nih.gov/pubmed/18930999
http://www.ncbi.nlm.nih.gov/pubmed/21248271
http://www.ncbi.nlm.nih.gov/pubmed/21868258
http://www.ncbi.nlm.nih.gov/pubmed/22848613
http://www.ncbi.nlm.nih.gov/pubmed/21248271
http://www.ncbi.nlm.nih.gov/pubmed/23195492
http://www.ncbi.nlm.nih.gov/pubmed/18930999
http://www.ncbi.nlm.nih.gov/pubmed/23195492
http://www.ncbi.nlm.nih.gov/pubmed/11359211
http://www.ncbi.nlm.nih.gov/pubmed/21426328
http://www.ncbi.nlm.nih.gov/pubmed/12821740
http://www.ncbi.nlm.nih.gov/pubmed/14504318
http://www.ncbi.nlm.nih.gov/pubmed/21248271
http://www.ncbi.nlm.nih.gov/pubmed/19350499
http://www.ncbi.nlm.nih.gov/pubmed/21425109
http://www.ncbi.nlm.nih.gov/pubmed/21248271
http://www.ncbi.nlm.nih.gov/pubmed/18930999
http://www.ncbi.nlm.nih.gov/pubmed/23195492
http://www.ncbi.nlm.nih.gov/pubmed/23195492
http://www.ncbi.nlm.nih.gov/pubmed/21248271
http://www.ncbi.nlm.nih.gov/pubmed/18930999
http://www.ncbi.nlm.nih.gov/pubmed/23808377
http://www.ncbi.nlm.nih.gov/pubmed/21248271
http://www.ncbi.nlm.nih.gov/pubmed/21248271
http://www.ncbi.nlm.nih.gov/pubmed/17054684
http://www.ncbi.nlm.nih.gov/pubmed/17347258
http://www.ncbi.nlm.nih.gov/pubmed/22848613
http://www.ncbi.nlm.nih.gov/pubmed/18930999
http://www.ncbi.nlm.nih.gov/pubmed/18930999
http://www.ncbi.nlm.nih.gov/pubmed/18930999
http://www.ncbi.nlm.nih.gov/pubmed/21248271
http://www.ncbi.nlm.nih.gov/pubmed/17347258
http://www.ncbi.nlm.nih.gov/pubmed/12566275
http://www.ncbi.nlm.nih.gov/pubmed/19589774
http://www.ncbi.nlm.nih.gov/pubmed/18930999
http://www.ncbi.nlm.nih.gov/pubmed/21248271
http://www.ncbi.nlm.nih.gov/pubmed/21719429
http://www.ncbi.nlm.nih.gov/pubmed/19289736
http://www.ncbi.nlm.nih.gov/pubmed/22612257
http://www.ncbi.nlm.nih.gov/pubmed/19522081
http://www.ncbi.nlm.nih.gov/pubmed/17054684
http://www.ncbi.nlm.nih.gov/pubmed/18930999
http://www.ncbi.nlm.nih.gov/pubmed/16541393
http://www.ncbi.nlm.nih.gov/pubmed/17347258
http://www.ncbi.nlm.nih.gov/pubmed/15087100
http://www.ncbi.nlm.nih.gov/pubmed/18413471
http://www.ncbi.nlm.nih.gov/pubmed/22071555
http://www.ncbi.nlm.nih.gov/pubmed/18930999
http://www.ncbi.nlm.nih.gov/pubmed/18930999
http://www.ncbi.nlm.nih.gov/pubmed/14504340
http://www.ncbi.nlm.nih.gov/pubmed/24650168
http://www.ncbi.nlm.nih.gov/pubmed/16132053
http://www.ncbi.nlm.nih.gov/pubmed/20129283
http://www.ncbi.nlm.nih.gov/pubmed/20129283
http://www.ncbi.nlm.nih.gov/pubmed/20129283
http://www.ncbi.nlm.nih.gov/pubmed/11901046
http://www.ncbi.nlm.nih.gov/pubmed/20609320
http://www.ncbi.nlm.nih.gov/pubmed/10690282
http://www.ncbi.nlm.nih.gov/pubmed/12106943
http://www.ncbi.nlm.nih.gov/pubmed/19843921
http://www.ncbi.nlm.nih.gov/pubmed/20129283
http://www.ncbi.nlm.nih.gov/pubmed/10471492
http://www.ncbi.nlm.nih.gov/pubmed/23631430
http://www.ncbi.nlm.nih.gov/pubmed/23631430
http://www.ncbi.nlm.nih.gov/pubmed/20129283
http://www.ncbi.nlm.nih.gov/pubmed/20129283
http://www.ncbi.nlm.nih.gov/pubmed/20129283
http://www.ncbi.nlm.nih.gov/pubmed/19251209
http://www.ncbi.nlm.nih.gov/pubmed/22633666
http://www.ncbi.nlm.nih.gov/pubmed/19843921
http://www.ncbi.nlm.nih.gov/pubmed/19862833
http://www.ncbi.nlm.nih.gov/pubmed/21321465
http://www.ncbi.nlm.nih.gov/pubmed/20129283
http://www.ncbi.nlm.nih.gov/pubmed/20031634
http://www.ncbi.nlm.nih.gov/pubmed/22885917
http://www.ncbi.nlm.nih.gov/pubmed/20129283
http://www.ncbi.nlm.nih.gov/pubmed/19843921
http://www.ncbi.nlm.nih.gov/pubmed/20129283
http://www.ncbi.nlm.nih.gov/pubmed/23631430
http://www.ncbi.nlm.nih.gov/pubmed/23129781
http://www.ncbi.nlm.nih.gov/pubmed/19462466
http://www.ncbi.nlm.nih.gov/pubmed/23813355
http://www.ncbi.nlm.nih.gov/pubmed/23416952
http://www.ncbi.nlm.nih.gov/pubmed/23762408
http://www.ncbi.nlm.nih.gov/pubmed/12107247
http://www.ncbi.nlm.nih.gov/pubmed/16207733
http://www.ncbi.nlm.nih.gov/pubmed/15661075
http://www.ncbi.nlm.nih.gov/pubmed/23426840
http://www.ncbi.nlm.nih.gov/pubmed/11231969
http://www.ncbi.nlm.nih.gov/pubmed/8640238
http://www.ncbi.nlm.nih.gov/pubmed/23878101
http://www.ncbi.nlm.nih.gov/pubmed/20835237
http://www.ncbi.nlm.nih.gov/pubmed/20835237
http://www.ncbi.nlm.nih.gov/pubmed/23060355
http://www.ncbi.nlm.nih.gov/pubmed/23282968
http://www.ncbi.nlm.nih.gov/pubmed/19454582
http://www.ncbi.nlm.nih.gov/pubmed/19802898
http://www.ncbi.nlm.nih.gov/pubmed/16317055
http://www.ncbi.nlm.nih.gov/pubmed/16912137
http://www.ncbi.nlm.nih.gov/pubmed/19927285
http://www.ncbi.nlm.nih.gov/pubmed/19454582
http://www.ncbi.nlm.nih.gov/pubmed/12618761
http://www.ncbi.nlm.nih.gov/pubmed/19454582
http://www.ncbi.nlm.nih.gov/pubmed/17308434
http://www.ncbi.nlm.nih.gov/pubmed/16912137
http://www.ncbi.nlm.nih.gov/pubmed/15328326
http://www.ncbi.nlm.nih.gov/pubmed/23434467
http://www.ncbi.nlm.nih.gov/pubmed/17200167
http://www.ncbi.nlm.nih.gov/pubmed/16405730
http://www.ncbi.nlm.nih.gov/pubmed/16314641
http://www.ncbi.nlm.nih.gov/pubmed/18419787
http://www.ncbi.nlm.nih.gov/pubmed/15328326
http://www.ncbi.nlm.nih.gov/pubmed/12618761
http://www.ncbi.nlm.nih.gov/pubmed/17848412
http://www.ncbi.nlm.nih.gov/pubmed/23404858
http://www.ncbi.nlm.nih.gov/pubmed/19454582
http://www.ncbi.nlm.nih.gov/pubmed/18551016
http://www.ncbi.nlm.nih.gov/pubmed/17200167
http://www.ncbi.nlm.nih.gov/pubmed/19258401
http://www.ncbi.nlm.nih.gov/pubmed/15328326
http://www.ncbi.nlm.nih.gov/pubmed/19454582
http://www.ncbi.nlm.nih.gov/pubmed/18212813
http://www.ncbi.nlm.nih.gov/pubmed/22136840
http://www.ncbi.nlm.nih.gov/pubmed/17667967
http://www.ncbi.nlm.nih.gov/pubmed/12658451
http://www.ncbi.nlm.nih.gov/pubmed/11156372
http://www.ncbi.nlm.nih.gov/pubmed/19351833
http://www.ncbi.nlm.nih.gov/pubmed/19802898
http://www.ncbi.nlm.nih.gov/pubmed/17973943
http://www.ncbi.nlm.nih.gov/pubmed/16317055
http://www.ncbi.nlm.nih.gov/pubmed/23162105
http://www.ncbi.nlm.nih.gov/pubmed/12114404
http://www.ncbi.nlm.nih.gov/pubmed/16317055
http://www.ncbi.nlm.nih.gov/pubmed/18551016
http://www.ncbi.nlm.nih.gov/pubmed/19454582
http://www.ncbi.nlm.nih.gov/pubmed/19454582
http://www.ncbi.nlm.nih.gov/pubmed/11391798
http://www.ncbi.nlm.nih.gov/pubmed/23453696
http://www.ncbi.nlm.nih.gov/pubmed/20941788
http://www.ncbi.nlm.nih.gov/pubmed/20941788
http://www.ncbi.nlm.nih.gov/pubmed/23453696
http://www.ncbi.nlm.nih.gov/pubmed/20941788
http://www.ncbi.nlm.nih.gov/pubmed/19561605
http://www.ncbi.nlm.nih.gov/pubmed/23453696
http://www.ncbi.nlm.nih.gov/pubmed/20941788
http://www.ncbi.nlm.nih.gov/pubmed/20941788
http://www.ncbi.nlm.nih.gov/pubmed/15133510
http://www.ncbi.nlm.nih.gov/pubmed/15133510
http://www.ncbi.nlm.nih.gov/pubmed/20095989
http://www.ncbi.nlm.nih.gov/pubmed/16228000
http://www.ncbi.nlm.nih.gov/pubmed/21670436
invalid literal for int() with base 10: 'ABST'
http://www.ncbi.nlm.nih.gov/pubmed/17204937
http://www.ncbi.nlm.nih.gov/pubmed/21670436
http://www.ncbi.nlm.nih.gov/pubmed/21670436
http://www.ncbi.nlm.nih.gov/pubmed/22479503
http://www.ncbi.nlm.nih.gov/pubmed/22683713
http://www.ncbi.nlm.nih.gov/pubmed/23918762
http://www.ncbi.nlm.nih.gov/pubmed/17116488
http://www.ncbi.nlm.nih.gov/pubmed/17116488
http://www.ncbi.nlm.nih.gov/pubmed/17116488
http://www.ncbi.nlm.nih.gov/pubmed/12220457
http://www.ncbi.nlm.nih.gov/pubmed/8364536
http://www.ncbi.nlm.nih.gov/pubmed/9768672
http://www.ncbi.nlm.nih.gov/pubmed/11889160
http://www.ncbi.nlm.nih.gov/pubmed/24207119
http://www.ncbi.nlm.nih.gov/pubmed/10077734
http://www.ncbi.nlm.nih.gov/pubmed/21885952
http://www.ncbi.nlm.nih.gov/pubmed/22627591
http://www.ncbi.nlm.nih.gov/pubmed/9031473
http://www.ncbi.nlm.nih.gov/pubmed/23329010
http://www.ncbi.nlm.nih.gov/pubmed/9031473
http://www.ncbi.nlm.nih.gov/pubmed/15164384
http://www.ncbi.nlm.nih.gov/pubmed/21264449
http://www.ncbi.nlm.nih.gov/pubmed/1505975
http://www.ncbi.nlm.nih.gov/pubmed/14754620
http://www.ncbi.nlm.nih.gov/pubmed/22498983
http://www.ncbi.nlm.nih.gov/pubmed/8664906
http://www.ncbi.nlm.nih.gov/pubmed/16705712
http://www.ncbi.nlm.nih.gov/pubmed/21264449
http://www.ncbi.nlm.nih.gov/pubmed/21264449
http://www.ncbi.nlm.nih.gov/pubmed/24162787
http://www.ncbi.nlm.nih.gov/pubmed/24162787
http://www.ncbi.nlm.nih.gov/pubmed/7949130
http://www.ncbi.nlm.nih.gov/pubmed/18954896
http://www.ncbi.nlm.nih.gov/pubmed/11755949
http://www.ncbi.nlm.nih.gov/pubmed/7482427
http://www.ncbi.nlm.nih.gov/pubmed/21264449
http://www.ncbi.nlm.nih.gov/pubmed/22627591
http://www.ncbi.nlm.nih.gov/pubmed/10959705
http://www.ncbi.nlm.nih.gov/pubmed/20804470
http://www.ncbi.nlm.nih.gov/pubmed/8755917
http://www.ncbi.nlm.nih.gov/pubmed/23437219
http://www.ncbi.nlm.nih.gov/pubmed/15971231
http://www.ncbi.nlm.nih.gov/pubmed/14635117
http://www.ncbi.nlm.nih.gov/pubmed/8755917
http://www.ncbi.nlm.nih.gov/pubmed/21934598
http://www.ncbi.nlm.nih.gov/pubmed/21864911
http://www.ncbi.nlm.nih.gov/pubmed/18586324
http://www.ncbi.nlm.nih.gov/pubmed/18758157
http://www.ncbi.nlm.nih.gov/pubmed/8755917
http://www.ncbi.nlm.nih.gov/pubmed/14635117
http://www.ncbi.nlm.nih.gov/pubmed/15971231
http://www.ncbi.nlm.nih.gov/pubmed/15971231
http://www.ncbi.nlm.nih.gov/pubmed/15971231
http://www.ncbi.nlm.nih.gov/pubmed/15971231
http://www.ncbi.nlm.nih.gov/pubmed/18758157
http://www.ncbi.nlm.nih.gov/pubmed/18758157
http://www.ncbi.nlm.nih.gov/pubmed/18586324
http://www.ncbi.nlm.nih.gov/pubmed/18758157
http://www.ncbi.nlm.nih.gov/pubmed/24552232
http://www.ncbi.nlm.nih.gov/pubmed/18586324
http://www.ncbi.nlm.nih.gov/pubmed/24412907
http://www.ncbi.nlm.nih.gov/pubmed/18586324
http://www.ncbi.nlm.nih.gov/pubmed/18586324
http://www.ncbi.nlm.nih.gov/pubmed/15971231
http://www.ncbi.nlm.nih.gov/pubmed/15971231
http://www.ncbi.nlm.nih.gov/pubmed/18758157
http://www.ncbi.nlm.nih.gov/pubmed/15971231
http://www.ncbi.nlm.nih.gov/pubmed/15971231
http://www.ncbi.nlm.nih.gov/pubmed/11161971
http://www.ncbi.nlm.nih.gov/pubmed/15098611
http://www.ncbi.nlm.nih.gov/pubmed/18758157
http://www.ncbi.nlm.nih.gov/pubmed/18586324
http://www.ncbi.nlm.nih.gov/pubmed/1684567
http://www.ncbi.nlm.nih.gov/pubmed/19200915
http://www.ncbi.nlm.nih.gov/pubmed/8755917
http://www.ncbi.nlm.nih.gov/pubmed/18758157
http://www.ncbi.nlm.nih.gov/pubmed/21864911
http://www.ncbi.nlm.nih.gov/pubmed/18586324
http://www.ncbi.nlm.nih.gov/pubmed/9579556
http://www.ncbi.nlm.nih.gov/pubmed/18758157
invalid literal for int() with base 10: 'HGOL'
http://www.ncbi.nlm.nih.gov/pubmed/22526018
http://www.ncbi.nlm.nih.gov/pubmed/23947751
http://www.ncbi.nlm.nih.gov/pubmed/18350359
http://www.ncbi.nlm.nih.gov/pubmed/19141356
http://www.ncbi.nlm.nih.gov/pubmed/23941260
http://www.ncbi.nlm.nih.gov/pubmed/24030952
http://www.ncbi.nlm.nih.gov/pubmed/16636238
http://www.ncbi.nlm.nih.gov/pubmed/23941260
http://www.ncbi.nlm.nih.gov/pubmed/22541558
http://www.ncbi.nlm.nih.gov/pubmed/9003399
http://www.ncbi.nlm.nih.gov/pubmed/23625987
http://www.ncbi.nlm.nih.gov/pubmed/10960490
http://www.ncbi.nlm.nih.gov/pubmed/10712351
http://www.ncbi.nlm.nih.gov/pubmed/15516475
http://www.ncbi.nlm.nih.gov/pubmed/22308375
http://www.ncbi.nlm.nih.gov/pubmed/18383112
http://www.ncbi.nlm.nih.gov/pubmed/11207353
http://www.ncbi.nlm.nih.gov/pubmed/11893657
http://www.ncbi.nlm.nih.gov/pubmed/20656946
http://www.ncbi.nlm.nih.gov/pubmed/24119684
http://www.ncbi.nlm.nih.gov/pubmed/9192266
http://www.ncbi.nlm.nih.gov/pubmed/17562833
http://www.ncbi.nlm.nih.gov/pubmed/18285821
invalid literal for int() with base 10: 'NO ID'
http://www.ncbi.nlm.nih.gov/pubmed/7663524
http://www.ncbi.nlm.nih.gov/pubmed/9192266
http://www.ncbi.nlm.nih.gov/pubmed/7663524
http://www.ncbi.nlm.nih.gov/pubmed/18996010
http://www.ncbi.nlm.nih.gov/pubmed/9032047
invalid literal for int() with base 10: 'NO ID'
http://www.ncbi.nlm.nih.gov/pubmed/12566530
http://www.ncbi.nlm.nih.gov/pubmed/17296918
http://www.ncbi.nlm.nih.gov/pubmed/23365103
http://www.ncbi.nlm.nih.gov/pubmed/17394247
http://www.ncbi.nlm.nih.gov/pubmed/16227522
http://www.ncbi.nlm.nih.gov/pubmed/18175340
http://www.ncbi.nlm.nih.gov/pubmed/16227522
http://www.ncbi.nlm.nih.gov/pubmed/12325078
http://www.ncbi.nlm.nih.gov/pubmed/16227522
http://www.ncbi.nlm.nih.gov/pubmed/15728306
http://www.ncbi.nlm.nih.gov/pubmed/21267590
http://www.ncbi.nlm.nih.gov/pubmed/23365103
http://www.ncbi.nlm.nih.gov/pubmed/12325078
http://www.ncbi.nlm.nih.gov/pubmed/17230465
http://www.ncbi.nlm.nih.gov/pubmed/17853490
http://www.ncbi.nlm.nih.gov/pubmed/11528394
http://www.ncbi.nlm.nih.gov/pubmed/17853490
http://www.ncbi.nlm.nih.gov/pubmed/12325078
http://www.ncbi.nlm.nih.gov/pubmed/23284065
http://www.ncbi.nlm.nih.gov/pubmed/16534121
http://www.ncbi.nlm.nih.gov/pubmed/23929688
http://www.ncbi.nlm.nih.gov/pubmed/15087111
http://www.ncbi.nlm.nih.gov/pubmed/9401012
http://www.ncbi.nlm.nih.gov/pubmed/21671382
http://www.ncbi.nlm.nih.gov/pubmed/23160955
http://www.ncbi.nlm.nih.gov/pubmed/23160955
http://www.ncbi.nlm.nih.gov/pubmed/11493483
http://www.ncbi.nlm.nih.gov/pubmed/10556288
http://www.ncbi.nlm.nih.gov/pubmed/23280491
http://www.ncbi.nlm.nih.gov/pubmed/20660790
http://www.ncbi.nlm.nih.gov/pubmed/11049992
http://www.ncbi.nlm.nih.gov/pubmed/11049992
http://www.ncbi.nlm.nih.gov/pubmed/15362210
http://www.ncbi.nlm.nih.gov/pubmed/9774102
http://www.ncbi.nlm.nih.gov/pubmed/24616127
http://www.ncbi.nlm.nih.gov/pubmed/15632210
http://www.ncbi.nlm.nih.gov/pubmed/17455312
http://www.ncbi.nlm.nih.gov/pubmed/10598819
http://www.ncbi.nlm.nih.gov/pubmed/9771704
http://www.ncbi.nlm.nih.gov/pubmed/10556288
http://www.ncbi.nlm.nih.gov/pubmed/20660790
http://www.ncbi.nlm.nih.gov/pubmed/20137777
http://www.ncbi.nlm.nih.gov/pubmed/16924012
http://www.ncbi.nlm.nih.gov/pubmed/22462672
http://www.ncbi.nlm.nih.gov/pubmed/21291453
http://www.ncbi.nlm.nih.gov/pubmed/22462672
http://www.ncbi.nlm.nih.gov/pubmed/21291453
http://www.ncbi.nlm.nih.gov/pubmed/14574644
http://www.ncbi.nlm.nih.gov/pubmed/22462672
http://www.ncbi.nlm.nih.gov/pubmed/21044704
http://www.ncbi.nlm.nih.gov/pubmed/19603532
http://www.ncbi.nlm.nih.gov/pubmed/23426818
http://www.ncbi.nlm.nih.gov/pubmed/23636926
http://www.ncbi.nlm.nih.gov/pubmed/12362035
invalid literal for int() with base 10: 'LSDB'
invalid literal for int() with base 10: 'LSDB'
http://www.ncbi.nlm.nih.gov/pubmed/21936905
http://www.ncbi.nlm.nih.gov/pubmed/16329100
http://www.ncbi.nlm.nih.gov/pubmed/24176978
http://www.ncbi.nlm.nih.gov/pubmed/16282977
http://www.ncbi.nlm.nih.gov/pubmed/16282978
http://www.ncbi.nlm.nih.gov/pubmed/24176978
http://www.ncbi.nlm.nih.gov/pubmed/16282977
http://www.ncbi.nlm.nih.gov/pubmed/16282977
http://www.ncbi.nlm.nih.gov/pubmed/18285827
http://www.ncbi.nlm.nih.gov/pubmed/21280147
http://www.ncbi.nlm.nih.gov/pubmed/19346217
http://www.ncbi.nlm.nih.gov/pubmed/23409019
http://www.ncbi.nlm.nih.gov/pubmed/16461017
http://www.ncbi.nlm.nih.gov/pubmed/15459009
http://www.ncbi.nlm.nih.gov/pubmed/23016933
http://www.ncbi.nlm.nih.gov/pubmed/18391953
http://www.ncbi.nlm.nih.gov/pubmed/19513753
http://www.ncbi.nlm.nih.gov/pubmed/20810575
http://www.ncbi.nlm.nih.gov/pubmed/19096086
http://www.ncbi.nlm.nih.gov/pubmed/22009145
http://www.ncbi.nlm.nih.gov/pubmed/22009145
http://www.ncbi.nlm.nih.gov/pubmed/22009145
http://www.ncbi.nlm.nih.gov/pubmed/21415153
http://www.ncbi.nlm.nih.gov/pubmed/21415153
http://www.ncbi.nlm.nih.gov/pubmed/22009145
http://www.ncbi.nlm.nih.gov/pubmed/17654016
http://www.ncbi.nlm.nih.gov/pubmed/21415153
http://www.ncbi.nlm.nih.gov/pubmed/22009145
http://www.ncbi.nlm.nih.gov/pubmed/19668106
http://www.ncbi.nlm.nih.gov/pubmed/15481849
http://www.ncbi.nlm.nih.gov/pubmed/23328711
http://www.ncbi.nlm.nih.gov/pubmed/21415153
http://www.ncbi.nlm.nih.gov/pubmed/9734597
http://www.ncbi.nlm.nih.gov/pubmed/18391953
http://www.ncbi.nlm.nih.gov/pubmed/22679066
http://www.ncbi.nlm.nih.gov/pubmed/8528245
http://www.ncbi.nlm.nih.gov/pubmed/22009145
http://www.ncbi.nlm.nih.gov/pubmed/15069170
http://www.ncbi.nlm.nih.gov/pubmed/19207868
http://www.ncbi.nlm.nih.gov/pubmed/21415153
http://www.ncbi.nlm.nih.gov/pubmed/9734597
http://www.ncbi.nlm.nih.gov/pubmed/22009145
http://www.ncbi.nlm.nih.gov/pubmed/21415153
http://www.ncbi.nlm.nih.gov/pubmed/21051746
http://www.ncbi.nlm.nih.gov/pubmed/18391953
http://www.ncbi.nlm.nih.gov/pubmed/22679066
http://www.ncbi.nlm.nih.gov/pubmed/17059986
http://www.ncbi.nlm.nih.gov/pubmed/17654016
http://www.ncbi.nlm.nih.gov/pubmed/17699451


PS:

Read file <data/skip/scraping_pubmed_chunks/logs/chunk26.e> for stderr output of this job.

