Sender: LSF System <lsf@lsf-c007>
Subject: Job 9582122: <scrape.3> in cluster <cromwell> Done

Job <scrape.3> was submitted from host <gold> by user <birnbaum> in cluster <cromwell>.
Job was executed on host(s) <lsf-c007>, in queue <hour>, as user <birnbaum> in cluster <cromwell>.
</home/unix/birnbaum> was used as the home directory.
</humgen/atgu1/fs03/birnbaum/cryptic-splice> was used as the working directory.
Started at Thu Jun  2 16:37:42 2016
Results reported on Thu Jun  2 16:47:11 2016

Your job looked like:

------------------------------------------------------------
# LSBATCH: User input
python src/scrape_pubmed_abstracts.py -p data/skip/hgmd_splice_pmids.txt --include "exon skipping" --include "skipping of exon" --exclude "cryptic splice site" --exclude "cryptic donor" --exclude "cryptic acceptor" -o data/skip/scraping_pubmed_chunks/chunk3.txt --chunk 3/30
------------------------------------------------------------

Successfully completed.

Resource usage summary:

    CPU time :               75.62 sec.
    Max Memory :             51 MB
    Average Memory :         49.77 MB
    Total Requested Memory : 750.00 MB
    Delta Memory :           699.00 MB
    (Delta: the difference between Total Requested Memory and Max Memory.)
    Max Swap :               171 MB
    Max Processes :          3
    Max Threads :            4

The output (if any) follows:

http://www.ncbi.nlm.nih.gov/pubmed/24001781
http://www.ncbi.nlm.nih.gov/pubmed/10477432
http://www.ncbi.nlm.nih.gov/pubmed/18693274
http://www.ncbi.nlm.nih.gov/pubmed/1684088
http://www.ncbi.nlm.nih.gov/pubmed/7909527
http://www.ncbi.nlm.nih.gov/pubmed/17458871
http://www.ncbi.nlm.nih.gov/pubmed/17458871
http://www.ncbi.nlm.nih.gov/pubmed/17458871
http://www.ncbi.nlm.nih.gov/pubmed/17643332
http://www.ncbi.nlm.nih.gov/pubmed/23557332
http://www.ncbi.nlm.nih.gov/pubmed/17458871
http://www.ncbi.nlm.nih.gov/pubmed/16435196
http://www.ncbi.nlm.nih.gov/pubmed/17161971
http://www.ncbi.nlm.nih.gov/pubmed/17161971
http://www.ncbi.nlm.nih.gov/pubmed/14974081
http://www.ncbi.nlm.nih.gov/pubmed/23462608
http://www.ncbi.nlm.nih.gov/pubmed/19377476
http://www.ncbi.nlm.nih.gov/pubmed/23352160
http://www.ncbi.nlm.nih.gov/pubmed/12028057
http://www.ncbi.nlm.nih.gov/pubmed/11724986
http://www.ncbi.nlm.nih.gov/pubmed/14722918
http://www.ncbi.nlm.nih.gov/pubmed/14722918
http://www.ncbi.nlm.nih.gov/pubmed/23707712
http://www.ncbi.nlm.nih.gov/pubmed/11241842
http://www.ncbi.nlm.nih.gov/pubmed/11241842
http://www.ncbi.nlm.nih.gov/pubmed/22156576
http://www.ncbi.nlm.nih.gov/pubmed/24166829
http://www.ncbi.nlm.nih.gov/pubmed/24166829
http://www.ncbi.nlm.nih.gov/pubmed/20298553
http://www.ncbi.nlm.nih.gov/pubmed/24166829
http://www.ncbi.nlm.nih.gov/pubmed/24166829
http://www.ncbi.nlm.nih.gov/pubmed/12384776
http://www.ncbi.nlm.nih.gov/pubmed/23430928
http://www.ncbi.nlm.nih.gov/pubmed/17326097
http://www.ncbi.nlm.nih.gov/pubmed/24166829
http://www.ncbi.nlm.nih.gov/pubmed/24166829
http://www.ncbi.nlm.nih.gov/pubmed/24166829
http://www.ncbi.nlm.nih.gov/pubmed/17326097
http://www.ncbi.nlm.nih.gov/pubmed/12384776
http://www.ncbi.nlm.nih.gov/pubmed/17505466
http://www.ncbi.nlm.nih.gov/pubmed/21251267
http://www.ncbi.nlm.nih.gov/pubmed/12638939
http://www.ncbi.nlm.nih.gov/pubmed/21907889
http://www.ncbi.nlm.nih.gov/pubmed/17999961
http://www.ncbi.nlm.nih.gov/pubmed/8023850
http://www.ncbi.nlm.nih.gov/pubmed/10701101
http://www.ncbi.nlm.nih.gov/pubmed/16854607
http://www.ncbi.nlm.nih.gov/pubmed/22865819
http://www.ncbi.nlm.nih.gov/pubmed/20978018
http://www.ncbi.nlm.nih.gov/pubmed/14574646
http://www.ncbi.nlm.nih.gov/pubmed/14574646
http://www.ncbi.nlm.nih.gov/pubmed/20437613
http://www.ncbi.nlm.nih.gov/pubmed/19028728
http://www.ncbi.nlm.nih.gov/pubmed/14574646
http://www.ncbi.nlm.nih.gov/pubmed/23611254
http://www.ncbi.nlm.nih.gov/pubmed/19028728
http://www.ncbi.nlm.nih.gov/pubmed/14680976
http://www.ncbi.nlm.nih.gov/pubmed/19006241
http://www.ncbi.nlm.nih.gov/pubmed/7557970
http://www.ncbi.nlm.nih.gov/pubmed/2246255
http://www.ncbi.nlm.nih.gov/pubmed/16475226
http://www.ncbi.nlm.nih.gov/pubmed/21227727
http://www.ncbi.nlm.nih.gov/pubmed/7557970
http://www.ncbi.nlm.nih.gov/pubmed/19006241
http://www.ncbi.nlm.nih.gov/pubmed/14556008
http://www.ncbi.nlm.nih.gov/pubmed/10677309
http://www.ncbi.nlm.nih.gov/pubmed/12815592
http://www.ncbi.nlm.nih.gov/pubmed/14695534
http://www.ncbi.nlm.nih.gov/pubmed/23211698
http://www.ncbi.nlm.nih.gov/pubmed/9450906
http://www.ncbi.nlm.nih.gov/pubmed/12810666
http://www.ncbi.nlm.nih.gov/pubmed/16941484
http://www.ncbi.nlm.nih.gov/pubmed/9463314
http://www.ncbi.nlm.nih.gov/pubmed/11298136
http://www.ncbi.nlm.nih.gov/pubmed/9463314
http://www.ncbi.nlm.nih.gov/pubmed/10425038
http://www.ncbi.nlm.nih.gov/pubmed/9872980
http://www.ncbi.nlm.nih.gov/pubmed/9443866
http://www.ncbi.nlm.nih.gov/pubmed/9792409
http://www.ncbi.nlm.nih.gov/pubmed/22213089
http://www.ncbi.nlm.nih.gov/pubmed/10330348
http://www.ncbi.nlm.nih.gov/pubmed/22006793
http://www.ncbi.nlm.nih.gov/pubmed/12552559
http://www.ncbi.nlm.nih.gov/pubmed/9887333
http://www.ncbi.nlm.nih.gov/pubmed/8845835
http://www.ncbi.nlm.nih.gov/pubmed/22213089
http://www.ncbi.nlm.nih.gov/pubmed/14695534
http://www.ncbi.nlm.nih.gov/pubmed/22213089
http://www.ncbi.nlm.nih.gov/pubmed/10234507
http://www.ncbi.nlm.nih.gov/pubmed/24422204
http://www.ncbi.nlm.nih.gov/pubmed/10980530
http://www.ncbi.nlm.nih.gov/pubmed/10980530
http://www.ncbi.nlm.nih.gov/pubmed/21965147
http://www.ncbi.nlm.nih.gov/pubmed/9463314
http://www.ncbi.nlm.nih.gov/pubmed/21454829
http://www.ncbi.nlm.nih.gov/pubmed/8845835
http://www.ncbi.nlm.nih.gov/pubmed/22213089
http://www.ncbi.nlm.nih.gov/pubmed/10980530
http://www.ncbi.nlm.nih.gov/pubmed/11996792
http://www.ncbi.nlm.nih.gov/pubmed/15643608
http://www.ncbi.nlm.nih.gov/pubmed/21965147
http://www.ncbi.nlm.nih.gov/pubmed/14695534
http://www.ncbi.nlm.nih.gov/pubmed/12362033
http://www.ncbi.nlm.nih.gov/pubmed/12815592
http://www.ncbi.nlm.nih.gov/pubmed/9443866
http://www.ncbi.nlm.nih.gov/pubmed/9600235
http://www.ncbi.nlm.nih.gov/pubmed/9497252
http://www.ncbi.nlm.nih.gov/pubmed/15880721
http://www.ncbi.nlm.nih.gov/pubmed/12815592
http://www.ncbi.nlm.nih.gov/pubmed/9887333
http://www.ncbi.nlm.nih.gov/pubmed/18497957
http://www.ncbi.nlm.nih.gov/pubmed/23143971
http://www.ncbi.nlm.nih.gov/pubmed/10980530
http://www.ncbi.nlm.nih.gov/pubmed/9452093
http://www.ncbi.nlm.nih.gov/pubmed/17124347
http://www.ncbi.nlm.nih.gov/pubmed/10330348
http://www.ncbi.nlm.nih.gov/pubmed/9887333
http://www.ncbi.nlm.nih.gov/pubmed/15390180
http://www.ncbi.nlm.nih.gov/pubmed/8755918
http://www.ncbi.nlm.nih.gov/pubmed/9792409
http://www.ncbi.nlm.nih.gov/pubmed/10330348
http://www.ncbi.nlm.nih.gov/pubmed/10330348
http://www.ncbi.nlm.nih.gov/pubmed/9887333
http://www.ncbi.nlm.nih.gov/pubmed/19781682
http://www.ncbi.nlm.nih.gov/pubmed/10330348
http://www.ncbi.nlm.nih.gov/pubmed/9463314
http://www.ncbi.nlm.nih.gov/pubmed/9450906
http://www.ncbi.nlm.nih.gov/pubmed/10330348
http://www.ncbi.nlm.nih.gov/pubmed/10330348
http://www.ncbi.nlm.nih.gov/pubmed/15880721
http://www.ncbi.nlm.nih.gov/pubmed/9497252
http://www.ncbi.nlm.nih.gov/pubmed/18321536
http://www.ncbi.nlm.nih.gov/pubmed/24422204
http://www.ncbi.nlm.nih.gov/pubmed/15880721
http://www.ncbi.nlm.nih.gov/pubmed/9682216
http://www.ncbi.nlm.nih.gov/pubmed/9887333
http://www.ncbi.nlm.nih.gov/pubmed/16411093
http://www.ncbi.nlm.nih.gov/pubmed/18384426
http://www.ncbi.nlm.nih.gov/pubmed/9792409
http://www.ncbi.nlm.nih.gov/pubmed/11505391
http://www.ncbi.nlm.nih.gov/pubmed/10330348
http://www.ncbi.nlm.nih.gov/pubmed/19404735
http://www.ncbi.nlm.nih.gov/pubmed/8808599
http://www.ncbi.nlm.nih.gov/pubmed/8808599
http://www.ncbi.nlm.nih.gov/pubmed/17910737
http://www.ncbi.nlm.nih.gov/pubmed/17582598
http://www.ncbi.nlm.nih.gov/pubmed/15390180
http://www.ncbi.nlm.nih.gov/pubmed/8808599
http://www.ncbi.nlm.nih.gov/pubmed/18384426
http://www.ncbi.nlm.nih.gov/pubmed/23807571
http://www.ncbi.nlm.nih.gov/pubmed/19535770
http://www.ncbi.nlm.nih.gov/pubmed/17910737
http://www.ncbi.nlm.nih.gov/pubmed/10980530
http://www.ncbi.nlm.nih.gov/pubmed/23322442
http://www.ncbi.nlm.nih.gov/pubmed/22006793
http://www.ncbi.nlm.nih.gov/pubmed/8808599
http://www.ncbi.nlm.nih.gov/pubmed/9887333
http://www.ncbi.nlm.nih.gov/pubmed/12655570
http://www.ncbi.nlm.nih.gov/pubmed/17582598
http://www.ncbi.nlm.nih.gov/pubmed/19781682
http://www.ncbi.nlm.nih.gov/pubmed/10425038
http://www.ncbi.nlm.nih.gov/pubmed/10330348
http://www.ncbi.nlm.nih.gov/pubmed/10980530
http://www.ncbi.nlm.nih.gov/pubmed/15054841
http://www.ncbi.nlm.nih.gov/pubmed/14695534
http://www.ncbi.nlm.nih.gov/pubmed/10980530
http://www.ncbi.nlm.nih.gov/pubmed/10330348
http://www.ncbi.nlm.nih.gov/pubmed/10980530
http://www.ncbi.nlm.nih.gov/pubmed/10330348
http://www.ncbi.nlm.nih.gov/pubmed/12815592
http://www.ncbi.nlm.nih.gov/pubmed/10980530
http://www.ncbi.nlm.nih.gov/pubmed/10330348
http://www.ncbi.nlm.nih.gov/pubmed/16964263
http://www.ncbi.nlm.nih.gov/pubmed/22285144
http://www.ncbi.nlm.nih.gov/pubmed/23352160
http://www.ncbi.nlm.nih.gov/pubmed/22314763
http://www.ncbi.nlm.nih.gov/pubmed/22850527
http://www.ncbi.nlm.nih.gov/pubmed/23681173
http://www.ncbi.nlm.nih.gov/pubmed/22842232
http://www.ncbi.nlm.nih.gov/pubmed/23352160
http://www.ncbi.nlm.nih.gov/pubmed/8841193
http://www.ncbi.nlm.nih.gov/pubmed/10441325
http://www.ncbi.nlm.nih.gov/pubmed/24612043
http://www.ncbi.nlm.nih.gov/pubmed/15927817
http://www.ncbi.nlm.nih.gov/pubmed/20586837
http://www.ncbi.nlm.nih.gov/pubmed/10441325
http://www.ncbi.nlm.nih.gov/pubmed/10441324
http://www.ncbi.nlm.nih.gov/pubmed/22329366
http://www.ncbi.nlm.nih.gov/pubmed/23356892
http://www.ncbi.nlm.nih.gov/pubmed/10441324
http://www.ncbi.nlm.nih.gov/pubmed/23356892
http://www.ncbi.nlm.nih.gov/pubmed/23356892
http://www.ncbi.nlm.nih.gov/pubmed/10441324
http://www.ncbi.nlm.nih.gov/pubmed/21784620
http://www.ncbi.nlm.nih.gov/pubmed/23356892
http://www.ncbi.nlm.nih.gov/pubmed/21527373
http://www.ncbi.nlm.nih.gov/pubmed/10441324
http://www.ncbi.nlm.nih.gov/pubmed/20857128
http://www.ncbi.nlm.nih.gov/pubmed/23356892
http://www.ncbi.nlm.nih.gov/pubmed/10441323
http://www.ncbi.nlm.nih.gov/pubmed/10441324
http://www.ncbi.nlm.nih.gov/pubmed/23356892
http://www.ncbi.nlm.nih.gov/pubmed/10080178
http://www.ncbi.nlm.nih.gov/pubmed/10441324
http://www.ncbi.nlm.nih.gov/pubmed/22909361
http://www.ncbi.nlm.nih.gov/pubmed/23356892
http://www.ncbi.nlm.nih.gov/pubmed/18295663
http://www.ncbi.nlm.nih.gov/pubmed/19100511
http://www.ncbi.nlm.nih.gov/pubmed/24463508
http://www.ncbi.nlm.nih.gov/pubmed/20226632
http://www.ncbi.nlm.nih.gov/pubmed/22788811
http://www.ncbi.nlm.nih.gov/pubmed/11886536
http://www.ncbi.nlm.nih.gov/pubmed/24352221
http://www.ncbi.nlm.nih.gov/pubmed/18372165
http://www.ncbi.nlm.nih.gov/pubmed/10767338
http://www.ncbi.nlm.nih.gov/pubmed/11874499
http://www.ncbi.nlm.nih.gov/pubmed/20226632
http://www.ncbi.nlm.nih.gov/pubmed/17911984
http://www.ncbi.nlm.nih.gov/pubmed/18372165
http://www.ncbi.nlm.nih.gov/pubmed/10767338
http://www.ncbi.nlm.nih.gov/pubmed/18205868
http://www.ncbi.nlm.nih.gov/pubmed/22607350
http://www.ncbi.nlm.nih.gov/pubmed/14510977
http://www.ncbi.nlm.nih.gov/pubmed/10615129
http://www.ncbi.nlm.nih.gov/pubmed/20236194
http://www.ncbi.nlm.nih.gov/pubmed/23442470
http://www.ncbi.nlm.nih.gov/pubmed/15545997
http://www.ncbi.nlm.nih.gov/pubmed/23442470
http://www.ncbi.nlm.nih.gov/pubmed/17911984
http://www.ncbi.nlm.nih.gov/pubmed/17536260
http://www.ncbi.nlm.nih.gov/pubmed/16297192
http://www.ncbi.nlm.nih.gov/pubmed/18372165
http://www.ncbi.nlm.nih.gov/pubmed/22229453
http://www.ncbi.nlm.nih.gov/pubmed/17911984
http://www.ncbi.nlm.nih.gov/pubmed/11966689
http://www.ncbi.nlm.nih.gov/pubmed/20226632
http://www.ncbi.nlm.nih.gov/pubmed/15746149
http://www.ncbi.nlm.nih.gov/pubmed/23595882
http://www.ncbi.nlm.nih.gov/pubmed/23871722
http://www.ncbi.nlm.nih.gov/pubmed/22773132
http://www.ncbi.nlm.nih.gov/pubmed/18157129
http://www.ncbi.nlm.nih.gov/pubmed/19321599
http://www.ncbi.nlm.nih.gov/pubmed/19321599
http://www.ncbi.nlm.nih.gov/pubmed/19321599
http://www.ncbi.nlm.nih.gov/pubmed/18157129
http://www.ncbi.nlm.nih.gov/pubmed/18157129
http://www.ncbi.nlm.nih.gov/pubmed/23806237
http://www.ncbi.nlm.nih.gov/pubmed/16611712
http://www.ncbi.nlm.nih.gov/pubmed/12414817
http://www.ncbi.nlm.nih.gov/pubmed/10973252
http://www.ncbi.nlm.nih.gov/pubmed/22093743
http://www.ncbi.nlm.nih.gov/pubmed/10973252
http://www.ncbi.nlm.nih.gov/pubmed/16611712
http://www.ncbi.nlm.nih.gov/pubmed/9916796
http://www.ncbi.nlm.nih.gov/pubmed/9916796
http://www.ncbi.nlm.nih.gov/pubmed/9916796
http://www.ncbi.nlm.nih.gov/pubmed/9916796
http://www.ncbi.nlm.nih.gov/pubmed/24002164
http://www.ncbi.nlm.nih.gov/pubmed/9467005
http://www.ncbi.nlm.nih.gov/pubmed/21494555
http://www.ncbi.nlm.nih.gov/pubmed/21208200
http://www.ncbi.nlm.nih.gov/pubmed/7842019
http://www.ncbi.nlm.nih.gov/pubmed/21494555
http://www.ncbi.nlm.nih.gov/pubmed/20652413
http://www.ncbi.nlm.nih.gov/pubmed/21208200
http://www.ncbi.nlm.nih.gov/pubmed/20652413
http://www.ncbi.nlm.nih.gov/pubmed/21494555
http://www.ncbi.nlm.nih.gov/pubmed/8981948
http://www.ncbi.nlm.nih.gov/pubmed/21494555
http://www.ncbi.nlm.nih.gov/pubmed/24100245
http://www.ncbi.nlm.nih.gov/pubmed/21494555
http://www.ncbi.nlm.nih.gov/pubmed/21494555
http://www.ncbi.nlm.nih.gov/pubmed/21494555
http://www.ncbi.nlm.nih.gov/pubmed/24002164
http://www.ncbi.nlm.nih.gov/pubmed/7887410
http://www.ncbi.nlm.nih.gov/pubmed/21494555
http://www.ncbi.nlm.nih.gov/pubmed/21208200
http://www.ncbi.nlm.nih.gov/pubmed/20652413
http://www.ncbi.nlm.nih.gov/pubmed/21494555
http://www.ncbi.nlm.nih.gov/pubmed/21494555
http://www.ncbi.nlm.nih.gov/pubmed/20652413
http://www.ncbi.nlm.nih.gov/pubmed/24002164
http://www.ncbi.nlm.nih.gov/pubmed/21494555
http://www.ncbi.nlm.nih.gov/pubmed/21208200
http://www.ncbi.nlm.nih.gov/pubmed/21494555
http://www.ncbi.nlm.nih.gov/pubmed/7887410
http://www.ncbi.nlm.nih.gov/pubmed/21494555
http://www.ncbi.nlm.nih.gov/pubmed/21494555
http://www.ncbi.nlm.nih.gov/pubmed/21494555
invalid literal for int() with base 10: 'NO ID'
http://www.ncbi.nlm.nih.gov/pubmed/21494555
http://www.ncbi.nlm.nih.gov/pubmed/21494555
http://www.ncbi.nlm.nih.gov/pubmed/7977350
http://www.ncbi.nlm.nih.gov/pubmed/7842019
http://www.ncbi.nlm.nih.gov/pubmed/15693857
http://www.ncbi.nlm.nih.gov/pubmed/21494555
http://www.ncbi.nlm.nih.gov/pubmed/21494555
http://www.ncbi.nlm.nih.gov/pubmed/21494555
http://www.ncbi.nlm.nih.gov/pubmed/8981948
http://www.ncbi.nlm.nih.gov/pubmed/21494555
http://www.ncbi.nlm.nih.gov/pubmed/21208200
http://www.ncbi.nlm.nih.gov/pubmed/10739752
http://www.ncbi.nlm.nih.gov/pubmed/10739752
http://www.ncbi.nlm.nih.gov/pubmed/21494555
http://www.ncbi.nlm.nih.gov/pubmed/21494555
http://www.ncbi.nlm.nih.gov/pubmed/9246006
http://www.ncbi.nlm.nih.gov/pubmed/8981948
http://www.ncbi.nlm.nih.gov/pubmed/21208200
http://www.ncbi.nlm.nih.gov/pubmed/21494555
http://www.ncbi.nlm.nih.gov/pubmed/8981948
http://www.ncbi.nlm.nih.gov/pubmed/8981948
http://www.ncbi.nlm.nih.gov/pubmed/8981948
http://www.ncbi.nlm.nih.gov/pubmed/21494555
http://www.ncbi.nlm.nih.gov/pubmed/7977350
invalid literal for int() with base 10: 'NO ID'
http://www.ncbi.nlm.nih.gov/pubmed/8981948
http://www.ncbi.nlm.nih.gov/pubmed/21494555
http://www.ncbi.nlm.nih.gov/pubmed/21494555
http://www.ncbi.nlm.nih.gov/pubmed/21208200
http://www.ncbi.nlm.nih.gov/pubmed/21494555
http://www.ncbi.nlm.nih.gov/pubmed/10319589
http://www.ncbi.nlm.nih.gov/pubmed/8526465
http://www.ncbi.nlm.nih.gov/pubmed/18256395
http://www.ncbi.nlm.nih.gov/pubmed/21494555
http://www.ncbi.nlm.nih.gov/pubmed/19371217
http://www.ncbi.nlm.nih.gov/pubmed/7626145
http://www.ncbi.nlm.nih.gov/pubmed/19725132
http://www.ncbi.nlm.nih.gov/pubmed/11690702
http://www.ncbi.nlm.nih.gov/pubmed/14986826
http://www.ncbi.nlm.nih.gov/pubmed/9311736
http://www.ncbi.nlm.nih.gov/pubmed/12515040
http://www.ncbi.nlm.nih.gov/pubmed/23518715
http://www.ncbi.nlm.nih.gov/pubmed/23551039
http://www.ncbi.nlm.nih.gov/pubmed/14986826
http://www.ncbi.nlm.nih.gov/pubmed/12325021
http://www.ncbi.nlm.nih.gov/pubmed/15952988
http://www.ncbi.nlm.nih.gov/pubmed/18034201
http://www.ncbi.nlm.nih.gov/pubmed/8931691
http://www.ncbi.nlm.nih.gov/pubmed/12325021
http://www.ncbi.nlm.nih.gov/pubmed/23518715
http://www.ncbi.nlm.nih.gov/pubmed/21796144
http://www.ncbi.nlm.nih.gov/pubmed/17823867
http://www.ncbi.nlm.nih.gov/pubmed/20491539
http://www.ncbi.nlm.nih.gov/pubmed/7626145
http://www.ncbi.nlm.nih.gov/pubmed/10994503
http://www.ncbi.nlm.nih.gov/pubmed/15952988
http://www.ncbi.nlm.nih.gov/pubmed/9829905
http://www.ncbi.nlm.nih.gov/pubmed/18034201
http://www.ncbi.nlm.nih.gov/pubmed/16998287
http://www.ncbi.nlm.nih.gov/pubmed/8533760
invalid literal for int() with base 10: 'NO ID'
http://www.ncbi.nlm.nih.gov/pubmed/17264425
http://www.ncbi.nlm.nih.gov/pubmed/24094725
http://www.ncbi.nlm.nih.gov/pubmed/21610751
http://www.ncbi.nlm.nih.gov/pubmed/9671269
http://www.ncbi.nlm.nih.gov/pubmed/10980554
http://www.ncbi.nlm.nih.gov/pubmed/17949296
http://www.ncbi.nlm.nih.gov/pubmed/21219664
http://www.ncbi.nlm.nih.gov/pubmed/11216666
http://www.ncbi.nlm.nih.gov/pubmed/15024742
http://www.ncbi.nlm.nih.gov/pubmed/9671269
http://www.ncbi.nlm.nih.gov/pubmed/22484412
http://www.ncbi.nlm.nih.gov/pubmed/17949296
http://www.ncbi.nlm.nih.gov/pubmed/18483695
http://www.ncbi.nlm.nih.gov/pubmed/15523622
http://www.ncbi.nlm.nih.gov/pubmed/7626145
http://www.ncbi.nlm.nih.gov/pubmed/8526905
http://www.ncbi.nlm.nih.gov/pubmed/21956287
http://www.ncbi.nlm.nih.gov/pubmed/22677543
http://www.ncbi.nlm.nih.gov/pubmed/18286826
http://www.ncbi.nlm.nih.gov/pubmed/18034201
http://www.ncbi.nlm.nih.gov/pubmed/22677543
http://www.ncbi.nlm.nih.gov/pubmed/23551039
http://www.ncbi.nlm.nih.gov/pubmed/16088907
http://www.ncbi.nlm.nih.gov/pubmed/17317524
http://www.ncbi.nlm.nih.gov/pubmed/16283883
http://www.ncbi.nlm.nih.gov/pubmed/21796144
http://www.ncbi.nlm.nih.gov/pubmed/23518715
http://www.ncbi.nlm.nih.gov/pubmed/12325021
http://www.ncbi.nlm.nih.gov/pubmed/18373411
invalid literal for int() with base 10: 'HGOL'
http://www.ncbi.nlm.nih.gov/pubmed/19118915
http://www.ncbi.nlm.nih.gov/pubmed/12885331
http://www.ncbi.nlm.nih.gov/pubmed/18034201
http://www.ncbi.nlm.nih.gov/pubmed/18809983
http://www.ncbi.nlm.nih.gov/pubmed/15967699
http://www.ncbi.nlm.nih.gov/pubmed/15811015
http://www.ncbi.nlm.nih.gov/pubmed/12149765
http://www.ncbi.nlm.nih.gov/pubmed/20683201
http://www.ncbi.nlm.nih.gov/pubmed/23033845
http://www.ncbi.nlm.nih.gov/pubmed/15239083
http://www.ncbi.nlm.nih.gov/pubmed/9500542
http://www.ncbi.nlm.nih.gov/pubmed/15239083
http://www.ncbi.nlm.nih.gov/pubmed/15239083
http://www.ncbi.nlm.nih.gov/pubmed/15239083
http://www.ncbi.nlm.nih.gov/pubmed/15239083
http://www.ncbi.nlm.nih.gov/pubmed/15239083
http://www.ncbi.nlm.nih.gov/pubmed/20232290
http://www.ncbi.nlm.nih.gov/pubmed/15239083
http://www.ncbi.nlm.nih.gov/pubmed/17414143
http://www.ncbi.nlm.nih.gov/pubmed/23111928
http://www.ncbi.nlm.nih.gov/pubmed/23144622
http://www.ncbi.nlm.nih.gov/pubmed/12640452
http://www.ncbi.nlm.nih.gov/pubmed/8968741
http://www.ncbi.nlm.nih.gov/pubmed/18409179
http://www.ncbi.nlm.nih.gov/pubmed/8644709
http://www.ncbi.nlm.nih.gov/pubmed/18409179
http://www.ncbi.nlm.nih.gov/pubmed/11449489
http://www.ncbi.nlm.nih.gov/pubmed/18409179
http://www.ncbi.nlm.nih.gov/pubmed/11449489
http://www.ncbi.nlm.nih.gov/pubmed/18409179
http://www.ncbi.nlm.nih.gov/pubmed/11559911
http://www.ncbi.nlm.nih.gov/pubmed/10751095
http://www.ncbi.nlm.nih.gov/pubmed/16376512
http://www.ncbi.nlm.nih.gov/pubmed/8968741
http://www.ncbi.nlm.nih.gov/pubmed/16354225
http://www.ncbi.nlm.nih.gov/pubmed/12434311
http://www.ncbi.nlm.nih.gov/pubmed/15033206
http://www.ncbi.nlm.nih.gov/pubmed/21733974
http://www.ncbi.nlm.nih.gov/pubmed/9853256
http://www.ncbi.nlm.nih.gov/pubmed/11095010
http://www.ncbi.nlm.nih.gov/pubmed/7913579
http://www.ncbi.nlm.nih.gov/pubmed/24476074
http://www.ncbi.nlm.nih.gov/pubmed/21837750
http://www.ncbi.nlm.nih.gov/pubmed/21671750
http://www.ncbi.nlm.nih.gov/pubmed/16909395
http://www.ncbi.nlm.nih.gov/pubmed/18798333
http://www.ncbi.nlm.nih.gov/pubmed/22759511
http://www.ncbi.nlm.nih.gov/pubmed/16909395
http://www.ncbi.nlm.nih.gov/pubmed/21493627
http://www.ncbi.nlm.nih.gov/pubmed/18204447
http://www.ncbi.nlm.nih.gov/pubmed/22889334
http://www.ncbi.nlm.nih.gov/pubmed/21874003
http://www.ncbi.nlm.nih.gov/pubmed/23684012
http://www.ncbi.nlm.nih.gov/pubmed/21874000
http://www.ncbi.nlm.nih.gov/pubmed/23977234
http://www.ncbi.nlm.nih.gov/pubmed/23684012
http://www.ncbi.nlm.nih.gov/pubmed/21344236
http://www.ncbi.nlm.nih.gov/pubmed/21344236
http://www.ncbi.nlm.nih.gov/pubmed/23559858
http://www.ncbi.nlm.nih.gov/pubmed/19797195
http://www.ncbi.nlm.nih.gov/pubmed/19858128
http://www.ncbi.nlm.nih.gov/pubmed/12920096
http://www.ncbi.nlm.nih.gov/pubmed/21344540
http://www.ncbi.nlm.nih.gov/pubmed/22773737
http://www.ncbi.nlm.nih.gov/pubmed/18669544
http://www.ncbi.nlm.nih.gov/pubmed/22998390
http://www.ncbi.nlm.nih.gov/pubmed/12677556
http://www.ncbi.nlm.nih.gov/pubmed/21642631
http://www.ncbi.nlm.nih.gov/pubmed/12837689
http://www.ncbi.nlm.nih.gov/pubmed/19797195
http://www.ncbi.nlm.nih.gov/pubmed/12118255
http://www.ncbi.nlm.nih.gov/pubmed/15770229
http://www.ncbi.nlm.nih.gov/pubmed/21052717
http://www.ncbi.nlm.nih.gov/pubmed/21642631
http://www.ncbi.nlm.nih.gov/pubmed/12920096
http://www.ncbi.nlm.nih.gov/pubmed/12677556
http://www.ncbi.nlm.nih.gov/pubmed/21344540
http://www.ncbi.nlm.nih.gov/pubmed/21344540
http://www.ncbi.nlm.nih.gov/pubmed/11567139
http://www.ncbi.nlm.nih.gov/pubmed/11567139


PS:

Read file <data/skip/scraping_pubmed_chunks/logs/chunk3.e> for stderr output of this job.

