Sender: LSF System <lsf@node0907>
Subject: Job 9582146: <scrape.27> in cluster <cromwell> Done

Job <scrape.27> was submitted from host <gold> by user <birnbaum> in cluster <cromwell>.
Job was executed on host(s) <node0907>, in queue <hour>, as user <birnbaum> in cluster <cromwell>.
</home/unix/birnbaum> was used as the home directory.
</humgen/atgu1/fs03/birnbaum/cryptic-splice> was used as the working directory.
Started at Thu Jun  2 16:38:08 2016
Results reported on Thu Jun  2 16:48:33 2016

Your job looked like:

------------------------------------------------------------
# LSBATCH: User input
python src/scrape_pubmed_abstracts.py -p data/skip/hgmd_splice_pmids.txt --include "exon skipping" --include "skipping of exon" --exclude "cryptic splice site" --exclude "cryptic donor" --exclude "cryptic acceptor" -o data/skip/scraping_pubmed_chunks/chunk27.txt --chunk 27/30
------------------------------------------------------------

Successfully completed.

Resource usage summary:

    CPU time :               117.89 sec.
    Max Memory :             55 MB
    Average Memory :         53.00 MB
    Total Requested Memory : 750.00 MB
    Delta Memory :           695.00 MB
    (Delta: the difference between Total Requested Memory and Max Memory.)
    Max Processes :          3
    Max Threads :            4

The output (if any) follows:

http://www.ncbi.nlm.nih.gov/pubmed/21415153
http://www.ncbi.nlm.nih.gov/pubmed/21753071
http://www.ncbi.nlm.nih.gov/pubmed/21415153
http://www.ncbi.nlm.nih.gov/pubmed/14578305
http://www.ncbi.nlm.nih.gov/pubmed/8528245
http://www.ncbi.nlm.nih.gov/pubmed/22009145
http://www.ncbi.nlm.nih.gov/pubmed/14578305
http://www.ncbi.nlm.nih.gov/pubmed/14578305
http://www.ncbi.nlm.nih.gov/pubmed/18391953
http://www.ncbi.nlm.nih.gov/pubmed/19349556
http://www.ncbi.nlm.nih.gov/pubmed/22009145
http://www.ncbi.nlm.nih.gov/pubmed/12112667
http://www.ncbi.nlm.nih.gov/pubmed/9596079
http://www.ncbi.nlm.nih.gov/pubmed/21415153
http://www.ncbi.nlm.nih.gov/pubmed/22009145
http://www.ncbi.nlm.nih.gov/pubmed/18391953
http://www.ncbi.nlm.nih.gov/pubmed/12772080
http://www.ncbi.nlm.nih.gov/pubmed/21415153
http://www.ncbi.nlm.nih.gov/pubmed/15002785
http://www.ncbi.nlm.nih.gov/pubmed/18581727
http://www.ncbi.nlm.nih.gov/pubmed/17329572
http://www.ncbi.nlm.nih.gov/pubmed/19451210
http://www.ncbi.nlm.nih.gov/pubmed/21415153
http://www.ncbi.nlm.nih.gov/pubmed/21415153
http://www.ncbi.nlm.nih.gov/pubmed/21415153
http://www.ncbi.nlm.nih.gov/pubmed/22009145
http://www.ncbi.nlm.nih.gov/pubmed/14675033
http://www.ncbi.nlm.nih.gov/pubmed/20020398
http://www.ncbi.nlm.nih.gov/pubmed/9582331
http://www.ncbi.nlm.nih.gov/pubmed/16483143
http://www.ncbi.nlm.nih.gov/pubmed/9582331
http://www.ncbi.nlm.nih.gov/pubmed/22738189
http://www.ncbi.nlm.nih.gov/pubmed/16957765
http://www.ncbi.nlm.nih.gov/pubmed/21098685
http://www.ncbi.nlm.nih.gov/pubmed/10947946
http://www.ncbi.nlm.nih.gov/pubmed/15805149
http://www.ncbi.nlm.nih.gov/pubmed/15172001
http://www.ncbi.nlm.nih.gov/pubmed/23900835
http://www.ncbi.nlm.nih.gov/pubmed/12794688
http://www.ncbi.nlm.nih.gov/pubmed/23352160
http://www.ncbi.nlm.nih.gov/pubmed/23352160
http://www.ncbi.nlm.nih.gov/pubmed/23911319
http://www.ncbi.nlm.nih.gov/pubmed/10874303
http://www.ncbi.nlm.nih.gov/pubmed/20065143
http://www.ncbi.nlm.nih.gov/pubmed/23334463
http://www.ncbi.nlm.nih.gov/pubmed/23334463
http://www.ncbi.nlm.nih.gov/pubmed/23334463
http://www.ncbi.nlm.nih.gov/pubmed/23255827
http://www.ncbi.nlm.nih.gov/pubmed/23939468
http://www.ncbi.nlm.nih.gov/pubmed/14694169
http://www.ncbi.nlm.nih.gov/pubmed/16131712
http://www.ncbi.nlm.nih.gov/pubmed/23352160
http://www.ncbi.nlm.nih.gov/pubmed/14608356
http://www.ncbi.nlm.nih.gov/pubmed/17700366
http://www.ncbi.nlm.nih.gov/pubmed/21922592
http://www.ncbi.nlm.nih.gov/pubmed/12210323
http://www.ncbi.nlm.nih.gov/pubmed/23653224
http://www.ncbi.nlm.nih.gov/pubmed/9916797
http://www.ncbi.nlm.nih.gov/pubmed/12037007
http://www.ncbi.nlm.nih.gov/pubmed/12037007
http://www.ncbi.nlm.nih.gov/pubmed/23985994
http://www.ncbi.nlm.nih.gov/pubmed/23561848
http://www.ncbi.nlm.nih.gov/pubmed/18392553
http://www.ncbi.nlm.nih.gov/pubmed/24069319
http://www.ncbi.nlm.nih.gov/pubmed/16449956
http://www.ncbi.nlm.nih.gov/pubmed/10369257
http://www.ncbi.nlm.nih.gov/pubmed/10369257
http://www.ncbi.nlm.nih.gov/pubmed/18392553
http://www.ncbi.nlm.nih.gov/pubmed/18392553
http://www.ncbi.nlm.nih.gov/pubmed/18578996
http://www.ncbi.nlm.nih.gov/pubmed/14680984
http://www.ncbi.nlm.nih.gov/pubmed/14680984
http://www.ncbi.nlm.nih.gov/pubmed/22710133
http://www.ncbi.nlm.nih.gov/pubmed/19099775
http://www.ncbi.nlm.nih.gov/pubmed/18487280
http://www.ncbi.nlm.nih.gov/pubmed/18620775
http://www.ncbi.nlm.nih.gov/pubmed/19242930
http://www.ncbi.nlm.nih.gov/pubmed/11668643
http://www.ncbi.nlm.nih.gov/pubmed/24088670
http://www.ncbi.nlm.nih.gov/pubmed/10697964
http://www.ncbi.nlm.nih.gov/pubmed/16919490
http://www.ncbi.nlm.nih.gov/pubmed/12559850
http://www.ncbi.nlm.nih.gov/pubmed/12559850
http://www.ncbi.nlm.nih.gov/pubmed/21763135
http://www.ncbi.nlm.nih.gov/pubmed/19412178
http://www.ncbi.nlm.nih.gov/pubmed/22187496
http://www.ncbi.nlm.nih.gov/pubmed/10482955
http://www.ncbi.nlm.nih.gov/pubmed/7923357
http://www.ncbi.nlm.nih.gov/pubmed/9718329
http://www.ncbi.nlm.nih.gov/pubmed/21694535
http://www.ncbi.nlm.nih.gov/pubmed/23274434
http://www.ncbi.nlm.nih.gov/pubmed/11524734
http://www.ncbi.nlm.nih.gov/pubmed/21694535
http://www.ncbi.nlm.nih.gov/pubmed/22779076
http://www.ncbi.nlm.nih.gov/pubmed/21394828
http://www.ncbi.nlm.nih.gov/pubmed/9718329
http://www.ncbi.nlm.nih.gov/pubmed/9718329
http://www.ncbi.nlm.nih.gov/pubmed/16570074
http://www.ncbi.nlm.nih.gov/pubmed/23838540
http://www.ncbi.nlm.nih.gov/pubmed/14679580
http://www.ncbi.nlm.nih.gov/pubmed/17443271
http://www.ncbi.nlm.nih.gov/pubmed/19287372
http://www.ncbi.nlm.nih.gov/pubmed/23280318
http://www.ncbi.nlm.nih.gov/pubmed/16570074
http://www.ncbi.nlm.nih.gov/pubmed/22509691
http://www.ncbi.nlm.nih.gov/pubmed/11502831
http://www.ncbi.nlm.nih.gov/pubmed/21704276
http://www.ncbi.nlm.nih.gov/pubmed/19954013
http://www.ncbi.nlm.nih.gov/pubmed/21154317
http://www.ncbi.nlm.nih.gov/pubmed/23280318
http://www.ncbi.nlm.nih.gov/pubmed/21704276
http://www.ncbi.nlm.nih.gov/pubmed/20621367
http://www.ncbi.nlm.nih.gov/pubmed/11919333
http://www.ncbi.nlm.nih.gov/pubmed/21704276
http://www.ncbi.nlm.nih.gov/pubmed/18167283
http://www.ncbi.nlm.nih.gov/pubmed/12676893
http://www.ncbi.nlm.nih.gov/pubmed/21416585
http://www.ncbi.nlm.nih.gov/pubmed/15679828
http://www.ncbi.nlm.nih.gov/pubmed/17718863
http://www.ncbi.nlm.nih.gov/pubmed/22796198
http://www.ncbi.nlm.nih.gov/pubmed/15679828
http://www.ncbi.nlm.nih.gov/pubmed/23280318
http://www.ncbi.nlm.nih.gov/pubmed/23246836
http://www.ncbi.nlm.nih.gov/pubmed/23336812
http://www.ncbi.nlm.nih.gov/pubmed/15574297
http://www.ncbi.nlm.nih.gov/pubmed/21154317
http://www.ncbi.nlm.nih.gov/pubmed/15355436
http://www.ncbi.nlm.nih.gov/pubmed/23185506
http://www.ncbi.nlm.nih.gov/pubmed/12112665
http://www.ncbi.nlm.nih.gov/pubmed/11375792
http://www.ncbi.nlm.nih.gov/pubmed/19645628
http://www.ncbi.nlm.nih.gov/pubmed/19287372
http://www.ncbi.nlm.nih.gov/pubmed/21704276
http://www.ncbi.nlm.nih.gov/pubmed/15679828
http://www.ncbi.nlm.nih.gov/pubmed/10571950
http://www.ncbi.nlm.nih.gov/pubmed/21154317
http://www.ncbi.nlm.nih.gov/pubmed/17940114
http://www.ncbi.nlm.nih.gov/pubmed/21154317
http://www.ncbi.nlm.nih.gov/pubmed/14508505
http://www.ncbi.nlm.nih.gov/pubmed/16283880
http://www.ncbi.nlm.nih.gov/pubmed/17125574
http://www.ncbi.nlm.nih.gov/pubmed/23965030
http://www.ncbi.nlm.nih.gov/pubmed/9618166
http://www.ncbi.nlm.nih.gov/pubmed/23918157
http://www.ncbi.nlm.nih.gov/pubmed/10874637
http://www.ncbi.nlm.nih.gov/pubmed/20137612
http://www.ncbi.nlm.nih.gov/pubmed/12676893
http://www.ncbi.nlm.nih.gov/pubmed/23280318
http://www.ncbi.nlm.nih.gov/pubmed/9618167
http://www.ncbi.nlm.nih.gov/pubmed/18075246
http://www.ncbi.nlm.nih.gov/pubmed/16460646
http://www.ncbi.nlm.nih.gov/pubmed/18167283
http://www.ncbi.nlm.nih.gov/pubmed/18285825
http://www.ncbi.nlm.nih.gov/pubmed/12920581
http://www.ncbi.nlm.nih.gov/pubmed/22289209
http://www.ncbi.nlm.nih.gov/pubmed/15679828
http://www.ncbi.nlm.nih.gov/pubmed/21961810
http://www.ncbi.nlm.nih.gov/pubmed/18250610
http://www.ncbi.nlm.nih.gov/pubmed/12719379
http://www.ncbi.nlm.nih.gov/pubmed/19631310
http://www.ncbi.nlm.nih.gov/pubmed/19631310
http://www.ncbi.nlm.nih.gov/pubmed/22653152
http://www.ncbi.nlm.nih.gov/pubmed/20140240
http://www.ncbi.nlm.nih.gov/pubmed/22989030
http://www.ncbi.nlm.nih.gov/pubmed/10980529
http://www.ncbi.nlm.nih.gov/pubmed/20129935
http://www.ncbi.nlm.nih.gov/pubmed/20129935
http://www.ncbi.nlm.nih.gov/pubmed/23275100
http://www.ncbi.nlm.nih.gov/pubmed/22190371
http://www.ncbi.nlm.nih.gov/pubmed/24080273
http://www.ncbi.nlm.nih.gov/pubmed/22011817
http://www.ncbi.nlm.nih.gov/pubmed/22190371
http://www.ncbi.nlm.nih.gov/pubmed/22814174
http://www.ncbi.nlm.nih.gov/pubmed/19798636
http://www.ncbi.nlm.nih.gov/pubmed/16217704
http://www.ncbi.nlm.nih.gov/pubmed/20129935
http://www.ncbi.nlm.nih.gov/pubmed/10980529
http://www.ncbi.nlm.nih.gov/pubmed/18556184
http://www.ncbi.nlm.nih.gov/pubmed/22488877
http://www.ncbi.nlm.nih.gov/pubmed/21625891
http://www.ncbi.nlm.nih.gov/pubmed/11044475
http://www.ncbi.nlm.nih.gov/pubmed/11810292
http://www.ncbi.nlm.nih.gov/pubmed/22865906
http://www.ncbi.nlm.nih.gov/pubmed/11810292
http://www.ncbi.nlm.nih.gov/pubmed/11810292
http://www.ncbi.nlm.nih.gov/pubmed/22350464
http://www.ncbi.nlm.nih.gov/pubmed/11810292
http://www.ncbi.nlm.nih.gov/pubmed/11810292
http://www.ncbi.nlm.nih.gov/pubmed/21739588
http://www.ncbi.nlm.nih.gov/pubmed/11810292
http://www.ncbi.nlm.nih.gov/pubmed/23271022
http://www.ncbi.nlm.nih.gov/pubmed/24584071
http://www.ncbi.nlm.nih.gov/pubmed/24584071
http://www.ncbi.nlm.nih.gov/pubmed/24584071
http://www.ncbi.nlm.nih.gov/pubmed/24584071
http://www.ncbi.nlm.nih.gov/pubmed/22243965
http://www.ncbi.nlm.nih.gov/pubmed/22995991
http://www.ncbi.nlm.nih.gov/pubmed/17095743
http://www.ncbi.nlm.nih.gov/pubmed/16358215
http://www.ncbi.nlm.nih.gov/pubmed/21344632
http://www.ncbi.nlm.nih.gov/pubmed/22806288
http://www.ncbi.nlm.nih.gov/pubmed/16849419
http://www.ncbi.nlm.nih.gov/pubmed/20074341
http://www.ncbi.nlm.nih.gov/pubmed/16358215
http://www.ncbi.nlm.nih.gov/pubmed/24031089
http://www.ncbi.nlm.nih.gov/pubmed/19508970
http://www.ncbi.nlm.nih.gov/pubmed/17952091
http://www.ncbi.nlm.nih.gov/pubmed/19033659
http://www.ncbi.nlm.nih.gov/pubmed/12068297
http://www.ncbi.nlm.nih.gov/pubmed/12955721
http://www.ncbi.nlm.nih.gov/pubmed/12955721
http://www.ncbi.nlm.nih.gov/pubmed/12032886
http://www.ncbi.nlm.nih.gov/pubmed/21165302
http://www.ncbi.nlm.nih.gov/pubmed/11260385
http://www.ncbi.nlm.nih.gov/pubmed/21255007
http://www.ncbi.nlm.nih.gov/pubmed/11260385
http://www.ncbi.nlm.nih.gov/pubmed/9452031
http://www.ncbi.nlm.nih.gov/pubmed/9648062
http://www.ncbi.nlm.nih.gov/pubmed/15635077
http://www.ncbi.nlm.nih.gov/pubmed/15635077
http://www.ncbi.nlm.nih.gov/pubmed/11748844
http://www.ncbi.nlm.nih.gov/pubmed/16138908
http://www.ncbi.nlm.nih.gov/pubmed/8731106
http://www.ncbi.nlm.nih.gov/pubmed/18160816
http://www.ncbi.nlm.nih.gov/pubmed/23661805
http://www.ncbi.nlm.nih.gov/pubmed/11574907
http://www.ncbi.nlm.nih.gov/pubmed/21458243
http://www.ncbi.nlm.nih.gov/pubmed/24096233
http://www.ncbi.nlm.nih.gov/pubmed/8943874
http://www.ncbi.nlm.nih.gov/pubmed/23255290
http://www.ncbi.nlm.nih.gov/pubmed/23255290
http://www.ncbi.nlm.nih.gov/pubmed/23255290
http://www.ncbi.nlm.nih.gov/pubmed/23255290
http://www.ncbi.nlm.nih.gov/pubmed/9835841
http://www.ncbi.nlm.nih.gov/pubmed/23255290
http://www.ncbi.nlm.nih.gov/pubmed/23255290
http://www.ncbi.nlm.nih.gov/pubmed/8943874
http://www.ncbi.nlm.nih.gov/pubmed/23255290
http://www.ncbi.nlm.nih.gov/pubmed/9326249
http://www.ncbi.nlm.nih.gov/pubmed/24463508
http://www.ncbi.nlm.nih.gov/pubmed/24463508
http://www.ncbi.nlm.nih.gov/pubmed/19369245
http://www.ncbi.nlm.nih.gov/pubmed/17397048
http://www.ncbi.nlm.nih.gov/pubmed/17397048
http://www.ncbi.nlm.nih.gov/pubmed/17679935
http://www.ncbi.nlm.nih.gov/pubmed/21110228
http://www.ncbi.nlm.nih.gov/pubmed/8563765
http://www.ncbi.nlm.nih.gov/pubmed/8563765
http://www.ncbi.nlm.nih.gov/pubmed/8563765
http://www.ncbi.nlm.nih.gov/pubmed/21165652
http://www.ncbi.nlm.nih.gov/pubmed/21165652
http://www.ncbi.nlm.nih.gov/pubmed/16518345
http://www.ncbi.nlm.nih.gov/pubmed/14569097
http://www.ncbi.nlm.nih.gov/pubmed/15286788
http://www.ncbi.nlm.nih.gov/pubmed/19033659
http://www.ncbi.nlm.nih.gov/pubmed/15286788
http://www.ncbi.nlm.nih.gov/pubmed/21112253
http://www.ncbi.nlm.nih.gov/pubmed/24613933
http://www.ncbi.nlm.nih.gov/pubmed/22279524
http://www.ncbi.nlm.nih.gov/pubmed/15995945
http://www.ncbi.nlm.nih.gov/pubmed/22700964
http://www.ncbi.nlm.nih.gov/pubmed/22700964
http://www.ncbi.nlm.nih.gov/pubmed/16086185
http://www.ncbi.nlm.nih.gov/pubmed/20717164
http://www.ncbi.nlm.nih.gov/pubmed/15690373
http://www.ncbi.nlm.nih.gov/pubmed/22281021
http://www.ncbi.nlm.nih.gov/pubmed/22281021
http://www.ncbi.nlm.nih.gov/pubmed/20717164
http://www.ncbi.nlm.nih.gov/pubmed/23644449
http://www.ncbi.nlm.nih.gov/pubmed/20717164
http://www.ncbi.nlm.nih.gov/pubmed/17101918
http://www.ncbi.nlm.nih.gov/pubmed/23660394
http://www.ncbi.nlm.nih.gov/pubmed/16738945
http://www.ncbi.nlm.nih.gov/pubmed/11898126
http://www.ncbi.nlm.nih.gov/pubmed/23234264
http://www.ncbi.nlm.nih.gov/pubmed/11509015
http://www.ncbi.nlm.nih.gov/pubmed/22106832
http://www.ncbi.nlm.nih.gov/pubmed/10631139
invalid literal for int() with base 10: 'HGOL'
http://www.ncbi.nlm.nih.gov/pubmed/17666782
http://www.ncbi.nlm.nih.gov/pubmed/10080183
http://www.ncbi.nlm.nih.gov/pubmed/10631139
http://www.ncbi.nlm.nih.gov/pubmed/17701443
invalid literal for int() with base 10: 'HGOL'
http://www.ncbi.nlm.nih.gov/pubmed/15635077
http://www.ncbi.nlm.nih.gov/pubmed/15635077
http://www.ncbi.nlm.nih.gov/pubmed/24045899
invalid literal for int() with base 10: 'HGOL'
invalid literal for int() with base 10: 'HGOL'
http://www.ncbi.nlm.nih.gov/pubmed/15635077
http://www.ncbi.nlm.nih.gov/pubmed/11157794
http://www.ncbi.nlm.nih.gov/pubmed/15635077
http://www.ncbi.nlm.nih.gov/pubmed/15635077
http://www.ncbi.nlm.nih.gov/pubmed/11157794
http://www.ncbi.nlm.nih.gov/pubmed/21255007
http://www.ncbi.nlm.nih.gov/pubmed/12371955
http://www.ncbi.nlm.nih.gov/pubmed/24630051
http://www.ncbi.nlm.nih.gov/pubmed/22931061
http://www.ncbi.nlm.nih.gov/pubmed/23871722
http://www.ncbi.nlm.nih.gov/pubmed/18621663
http://www.ncbi.nlm.nih.gov/pubmed/18159134
http://www.ncbi.nlm.nih.gov/pubmed/22232210
http://www.ncbi.nlm.nih.gov/pubmed/22232210
http://www.ncbi.nlm.nih.gov/pubmed/22197487
http://www.ncbi.nlm.nih.gov/pubmed/24185079
http://www.ncbi.nlm.nih.gov/pubmed/22553128
http://www.ncbi.nlm.nih.gov/pubmed/23509104
http://www.ncbi.nlm.nih.gov/pubmed/22197487
http://www.ncbi.nlm.nih.gov/pubmed/22553128
http://www.ncbi.nlm.nih.gov/pubmed/22553128
http://www.ncbi.nlm.nih.gov/pubmed/22553128
http://www.ncbi.nlm.nih.gov/pubmed/19692209
http://www.ncbi.nlm.nih.gov/pubmed/11285253
http://www.ncbi.nlm.nih.gov/pubmed/21240275
http://www.ncbi.nlm.nih.gov/pubmed/23033263
http://www.ncbi.nlm.nih.gov/pubmed/22911665
http://www.ncbi.nlm.nih.gov/pubmed/23665959
http://www.ncbi.nlm.nih.gov/pubmed/16436638
http://www.ncbi.nlm.nih.gov/pubmed/21898662
http://www.ncbi.nlm.nih.gov/pubmed/11583957
http://www.ncbi.nlm.nih.gov/pubmed/17873119
http://www.ncbi.nlm.nih.gov/pubmed/17873119
http://www.ncbi.nlm.nih.gov/pubmed/18823382
http://www.ncbi.nlm.nih.gov/pubmed/22366787
http://www.ncbi.nlm.nih.gov/pubmed/24658002
http://www.ncbi.nlm.nih.gov/pubmed/24658002
http://www.ncbi.nlm.nih.gov/pubmed/24664640
http://www.ncbi.nlm.nih.gov/pubmed/21820097
http://www.ncbi.nlm.nih.gov/pubmed/11799392
http://www.ncbi.nlm.nih.gov/pubmed/11799392
http://www.ncbi.nlm.nih.gov/pubmed/11799392
http://www.ncbi.nlm.nih.gov/pubmed/21208904
http://www.ncbi.nlm.nih.gov/pubmed/22434358
http://www.ncbi.nlm.nih.gov/pubmed/18647326
http://www.ncbi.nlm.nih.gov/pubmed/18647326
http://www.ncbi.nlm.nih.gov/pubmed/18647326
http://www.ncbi.nlm.nih.gov/pubmed/18087273
http://www.ncbi.nlm.nih.gov/pubmed/18647326
http://www.ncbi.nlm.nih.gov/pubmed/19902524
http://www.ncbi.nlm.nih.gov/pubmed/18647326
http://www.ncbi.nlm.nih.gov/pubmed/18647326
http://www.ncbi.nlm.nih.gov/pubmed/10739763
http://www.ncbi.nlm.nih.gov/pubmed/21108436
http://www.ncbi.nlm.nih.gov/pubmed/19912265
http://www.ncbi.nlm.nih.gov/pubmed/18285426
http://www.ncbi.nlm.nih.gov/pubmed/22495311
http://www.ncbi.nlm.nih.gov/pubmed/23377182
http://www.ncbi.nlm.nih.gov/pubmed/23863341
http://www.ncbi.nlm.nih.gov/pubmed/23143600
http://www.ncbi.nlm.nih.gov/pubmed/24075187
http://www.ncbi.nlm.nih.gov/pubmed/23143600
http://www.ncbi.nlm.nih.gov/pubmed/23143600
http://www.ncbi.nlm.nih.gov/pubmed/18172693
http://www.ncbi.nlm.nih.gov/pubmed/11935338
http://www.ncbi.nlm.nih.gov/pubmed/18155522
http://www.ncbi.nlm.nih.gov/pubmed/21542063
http://www.ncbi.nlm.nih.gov/pubmed/20442745
http://www.ncbi.nlm.nih.gov/pubmed/10205265
http://www.ncbi.nlm.nih.gov/pubmed/21194678
http://www.ncbi.nlm.nih.gov/pubmed/21194680
http://www.ncbi.nlm.nih.gov/pubmed/21194678
http://www.ncbi.nlm.nih.gov/pubmed/22152679
http://www.ncbi.nlm.nih.gov/pubmed/23252888
http://www.ncbi.nlm.nih.gov/pubmed/8499909
http://www.ncbi.nlm.nih.gov/pubmed/23356216
http://www.ncbi.nlm.nih.gov/pubmed/24123792
http://www.ncbi.nlm.nih.gov/pubmed/14508504
http://www.ncbi.nlm.nih.gov/pubmed/24268658
http://www.ncbi.nlm.nih.gov/pubmed/23280965
http://www.ncbi.nlm.nih.gov/pubmed/23280965
http://www.ncbi.nlm.nih.gov/pubmed/23280965
http://www.ncbi.nlm.nih.gov/pubmed/9786240
http://www.ncbi.nlm.nih.gov/pubmed/15789135
http://www.ncbi.nlm.nih.gov/pubmed/20709807
http://www.ncbi.nlm.nih.gov/pubmed/8875253
http://www.ncbi.nlm.nih.gov/pubmed/19847927
http://www.ncbi.nlm.nih.gov/pubmed/7496169
http://www.ncbi.nlm.nih.gov/pubmed/20506135
http://www.ncbi.nlm.nih.gov/pubmed/24524832
http://www.ncbi.nlm.nih.gov/pubmed/11181578
http://www.ncbi.nlm.nih.gov/pubmed/15869924
http://www.ncbi.nlm.nih.gov/pubmed/20127975
http://www.ncbi.nlm.nih.gov/pubmed/18348267
http://www.ncbi.nlm.nih.gov/pubmed/21531202
http://www.ncbi.nlm.nih.gov/pubmed/23643381
http://www.ncbi.nlm.nih.gov/pubmed/7485151
http://www.ncbi.nlm.nih.gov/pubmed/8001137
http://www.ncbi.nlm.nih.gov/pubmed/20817676
http://www.ncbi.nlm.nih.gov/pubmed/16055926
http://www.ncbi.nlm.nih.gov/pubmed/16055926
http://www.ncbi.nlm.nih.gov/pubmed/12124993
http://www.ncbi.nlm.nih.gov/pubmed/23400676
http://www.ncbi.nlm.nih.gov/pubmed/16684598
http://www.ncbi.nlm.nih.gov/pubmed/11015453
http://www.ncbi.nlm.nih.gov/pubmed/15841487
http://www.ncbi.nlm.nih.gov/pubmed/10699187
http://www.ncbi.nlm.nih.gov/pubmed/16832076
http://www.ncbi.nlm.nih.gov/pubmed/15248095
http://www.ncbi.nlm.nih.gov/pubmed/22960362
http://www.ncbi.nlm.nih.gov/pubmed/20932283
http://www.ncbi.nlm.nih.gov/pubmed/11843700
http://www.ncbi.nlm.nih.gov/pubmed/20491894
http://www.ncbi.nlm.nih.gov/pubmed/20932283
http://www.ncbi.nlm.nih.gov/pubmed/20491894
http://www.ncbi.nlm.nih.gov/pubmed/11015453
http://www.ncbi.nlm.nih.gov/pubmed/24451228
http://www.ncbi.nlm.nih.gov/pubmed/11309678
http://www.ncbi.nlm.nih.gov/pubmed/20932283
http://www.ncbi.nlm.nih.gov/pubmed/10699187
http://www.ncbi.nlm.nih.gov/pubmed/12124993
http://www.ncbi.nlm.nih.gov/pubmed/10699187
http://www.ncbi.nlm.nih.gov/pubmed/20718791
http://www.ncbi.nlm.nih.gov/pubmed/16682546
http://www.ncbi.nlm.nih.gov/pubmed/22960362
http://www.ncbi.nlm.nih.gov/pubmed/12161613
http://www.ncbi.nlm.nih.gov/pubmed/18190593
http://www.ncbi.nlm.nih.gov/pubmed/10699187
http://www.ncbi.nlm.nih.gov/pubmed/20932283
http://www.ncbi.nlm.nih.gov/pubmed/11015453
http://www.ncbi.nlm.nih.gov/pubmed/10610178
http://www.ncbi.nlm.nih.gov/pubmed/19875132
http://www.ncbi.nlm.nih.gov/pubmed/10699187
http://www.ncbi.nlm.nih.gov/pubmed/10980739
http://www.ncbi.nlm.nih.gov/pubmed/11039577
http://www.ncbi.nlm.nih.gov/pubmed/12552568
http://www.ncbi.nlm.nih.gov/pubmed/11015453
http://www.ncbi.nlm.nih.gov/pubmed/17100993
http://www.ncbi.nlm.nih.gov/pubmed/16240363
http://www.ncbi.nlm.nih.gov/pubmed/11843700
http://www.ncbi.nlm.nih.gov/pubmed/19875132
http://www.ncbi.nlm.nih.gov/pubmed/10699187
http://www.ncbi.nlm.nih.gov/pubmed/17100993
http://www.ncbi.nlm.nih.gov/pubmed/20718791
http://www.ncbi.nlm.nih.gov/pubmed/19423133
http://www.ncbi.nlm.nih.gov/pubmed/18701882
http://www.ncbi.nlm.nih.gov/pubmed/11309678
http://www.ncbi.nlm.nih.gov/pubmed/18701882
http://www.ncbi.nlm.nih.gov/pubmed/21546041
http://www.ncbi.nlm.nih.gov/pubmed/11843700
http://www.ncbi.nlm.nih.gov/pubmed/18664244
http://www.ncbi.nlm.nih.gov/pubmed/21546041
http://www.ncbi.nlm.nih.gov/pubmed/10699187
http://www.ncbi.nlm.nih.gov/pubmed/16832076
http://www.ncbi.nlm.nih.gov/pubmed/12023066
http://www.ncbi.nlm.nih.gov/pubmed/12552568
http://www.ncbi.nlm.nih.gov/pubmed/16832076
http://www.ncbi.nlm.nih.gov/pubmed/20718791
http://www.ncbi.nlm.nih.gov/pubmed/10699187
http://www.ncbi.nlm.nih.gov/pubmed/10699187
http://www.ncbi.nlm.nih.gov/pubmed/20562464
http://www.ncbi.nlm.nih.gov/pubmed/21546041
invalid literal for int() with base 10: 'HGOL'
http://www.ncbi.nlm.nih.gov/pubmed/18701882
http://www.ncbi.nlm.nih.gov/pubmed/11309678
http://www.ncbi.nlm.nih.gov/pubmed/11309678
http://www.ncbi.nlm.nih.gov/pubmed/11309678
http://www.ncbi.nlm.nih.gov/pubmed/20562464
http://www.ncbi.nlm.nih.gov/pubmed/12161613
http://www.ncbi.nlm.nih.gov/pubmed/11309678
http://www.ncbi.nlm.nih.gov/pubmed/16832076


PS:

Read file <data/skip/scraping_pubmed_chunks/logs/chunk27.e> for stderr output of this job.

