Sender: LSF System <lsf@node0909>
Subject: Job 9582137: <scrape.18> in cluster <cromwell> Done

Job <scrape.18> was submitted from host <gold> by user <birnbaum> in cluster <cromwell>.
Job was executed on host(s) <node0909>, in queue <hour>, as user <birnbaum> in cluster <cromwell>.
</home/unix/birnbaum> was used as the home directory.
</humgen/atgu1/fs03/birnbaum/cryptic-splice> was used as the working directory.
Started at Thu Jun  2 16:37:58 2016
Results reported on Thu Jun  2 16:48:04 2016

Your job looked like:

------------------------------------------------------------
# LSBATCH: User input
python src/scrape_pubmed_abstracts.py -p data/skip/hgmd_splice_pmids.txt --include "exon skipping" --include "skipping of exon" --exclude "cryptic splice site" --exclude "cryptic donor" --exclude "cryptic acceptor" -o data/skip/scraping_pubmed_chunks/chunk18.txt --chunk 18/30
------------------------------------------------------------

Successfully completed.

Resource usage summary:

    CPU time :               113.81 sec.
    Max Memory :             52 MB
    Average Memory :         48.32 MB
    Total Requested Memory : 750.00 MB
    Delta Memory :           698.00 MB
    (Delta: the difference between Total Requested Memory and Max Memory.)
    Max Processes :          3
    Max Threads :            4

The output (if any) follows:

http://www.ncbi.nlm.nih.gov/pubmed/15498463
http://www.ncbi.nlm.nih.gov/pubmed/15498463
http://www.ncbi.nlm.nih.gov/pubmed/9837817
http://www.ncbi.nlm.nih.gov/pubmed/15498463
http://www.ncbi.nlm.nih.gov/pubmed/15498463
http://www.ncbi.nlm.nih.gov/pubmed/10484779
http://www.ncbi.nlm.nih.gov/pubmed/23352160
http://www.ncbi.nlm.nih.gov/pubmed/23685560
http://www.ncbi.nlm.nih.gov/pubmed/22481384
http://www.ncbi.nlm.nih.gov/pubmed/20583302
http://www.ncbi.nlm.nih.gov/pubmed/18817903
http://www.ncbi.nlm.nih.gov/pubmed/18817903
http://www.ncbi.nlm.nih.gov/pubmed/17330256
http://www.ncbi.nlm.nih.gov/pubmed/1530621
http://www.ncbi.nlm.nih.gov/pubmed/1752947
http://www.ncbi.nlm.nih.gov/pubmed/2121025
http://www.ncbi.nlm.nih.gov/pubmed/9225235
http://www.ncbi.nlm.nih.gov/pubmed/23685560
http://www.ncbi.nlm.nih.gov/pubmed/7897314
http://www.ncbi.nlm.nih.gov/pubmed/2574035
http://www.ncbi.nlm.nih.gov/pubmed/11441134
http://www.ncbi.nlm.nih.gov/pubmed/8096867
invalid literal for int() with base 10: 'NO ID'
http://www.ncbi.nlm.nih.gov/pubmed/20591486
http://www.ncbi.nlm.nih.gov/pubmed/17632512
http://www.ncbi.nlm.nih.gov/pubmed/17632512
http://www.ncbi.nlm.nih.gov/pubmed/17632512
http://www.ncbi.nlm.nih.gov/pubmed/19577669
http://www.ncbi.nlm.nih.gov/pubmed/17632512
http://www.ncbi.nlm.nih.gov/pubmed/20381006
http://www.ncbi.nlm.nih.gov/pubmed/20381006
http://www.ncbi.nlm.nih.gov/pubmed/16252235
http://www.ncbi.nlm.nih.gov/pubmed/21407258
http://www.ncbi.nlm.nih.gov/pubmed/15024691
http://www.ncbi.nlm.nih.gov/pubmed/20340138
http://www.ncbi.nlm.nih.gov/pubmed/16252235
http://www.ncbi.nlm.nih.gov/pubmed/21407258
http://www.ncbi.nlm.nih.gov/pubmed/21407258
http://www.ncbi.nlm.nih.gov/pubmed/20034086
http://www.ncbi.nlm.nih.gov/pubmed/23891469
http://www.ncbi.nlm.nih.gov/pubmed/23352160
http://www.ncbi.nlm.nih.gov/pubmed/16157908
http://www.ncbi.nlm.nih.gov/pubmed/16157909
http://www.ncbi.nlm.nih.gov/pubmed/16247070
http://www.ncbi.nlm.nih.gov/pubmed/19800393
http://www.ncbi.nlm.nih.gov/pubmed/20865121
http://www.ncbi.nlm.nih.gov/pubmed/22781092
http://www.ncbi.nlm.nih.gov/pubmed/18953341
http://www.ncbi.nlm.nih.gov/pubmed/20456754
http://www.ncbi.nlm.nih.gov/pubmed/23585368
http://www.ncbi.nlm.nih.gov/pubmed/21878672
http://www.ncbi.nlm.nih.gov/pubmed/21878672
http://www.ncbi.nlm.nih.gov/pubmed/21878672
http://www.ncbi.nlm.nih.gov/pubmed/21878672
http://www.ncbi.nlm.nih.gov/pubmed/24362817
http://www.ncbi.nlm.nih.gov/pubmed/24362817
http://www.ncbi.nlm.nih.gov/pubmed/24362817
http://www.ncbi.nlm.nih.gov/pubmed/24550228
http://www.ncbi.nlm.nih.gov/pubmed/20347055
http://www.ncbi.nlm.nih.gov/pubmed/24566669
http://www.ncbi.nlm.nih.gov/pubmed/22161967
http://www.ncbi.nlm.nih.gov/pubmed/22161967
http://www.ncbi.nlm.nih.gov/pubmed/22161967
http://www.ncbi.nlm.nih.gov/pubmed/22161967
http://www.ncbi.nlm.nih.gov/pubmed/9915946
http://www.ncbi.nlm.nih.gov/pubmed/22161967
http://www.ncbi.nlm.nih.gov/pubmed/22161967
http://www.ncbi.nlm.nih.gov/pubmed/9915946
http://www.ncbi.nlm.nih.gov/pubmed/9915946
http://www.ncbi.nlm.nih.gov/pubmed/22161967
http://www.ncbi.nlm.nih.gov/pubmed/9915946
http://www.ncbi.nlm.nih.gov/pubmed/9915946
http://www.ncbi.nlm.nih.gov/pubmed/22161967
http://www.ncbi.nlm.nih.gov/pubmed/22161967
http://www.ncbi.nlm.nih.gov/pubmed/22161967
http://www.ncbi.nlm.nih.gov/pubmed/14765545
http://www.ncbi.nlm.nih.gov/pubmed/9915946
http://www.ncbi.nlm.nih.gov/pubmed/9915946
http://www.ncbi.nlm.nih.gov/pubmed/16401745
http://www.ncbi.nlm.nih.gov/pubmed/9384606
http://www.ncbi.nlm.nih.gov/pubmed/12890191
http://www.ncbi.nlm.nih.gov/pubmed/24135036
http://www.ncbi.nlm.nih.gov/pubmed/21129722
http://www.ncbi.nlm.nih.gov/pubmed/23352160
http://www.ncbi.nlm.nih.gov/pubmed/23352160
http://www.ncbi.nlm.nih.gov/pubmed/19377476
http://www.ncbi.nlm.nih.gov/pubmed/22818528
http://www.ncbi.nlm.nih.gov/pubmed/21295377
http://www.ncbi.nlm.nih.gov/pubmed/24292008
http://www.ncbi.nlm.nih.gov/pubmed/9641683
http://www.ncbi.nlm.nih.gov/pubmed/12615641
http://www.ncbi.nlm.nih.gov/pubmed/10762152
http://www.ncbi.nlm.nih.gov/pubmed/9641683
http://www.ncbi.nlm.nih.gov/pubmed/9641683
http://www.ncbi.nlm.nih.gov/pubmed/9636220
http://www.ncbi.nlm.nih.gov/pubmed/12615641
http://www.ncbi.nlm.nih.gov/pubmed/18066559
http://www.ncbi.nlm.nih.gov/pubmed/10318930
http://www.ncbi.nlm.nih.gov/pubmed/11117553
http://www.ncbi.nlm.nih.gov/pubmed/10775534
http://www.ncbi.nlm.nih.gov/pubmed/11456301
invalid literal for int() with base 10: 'LSDB'
http://www.ncbi.nlm.nih.gov/pubmed/9973279
http://www.ncbi.nlm.nih.gov/pubmed/12756133
http://www.ncbi.nlm.nih.gov/pubmed/16503405
http://www.ncbi.nlm.nih.gov/pubmed/21295377
http://www.ncbi.nlm.nih.gov/pubmed/17186462
http://www.ncbi.nlm.nih.gov/pubmed/18084694
http://www.ncbi.nlm.nih.gov/pubmed/17186462
http://www.ncbi.nlm.nih.gov/pubmed/23767834
http://www.ncbi.nlm.nih.gov/pubmed/24231718
http://www.ncbi.nlm.nih.gov/pubmed/10677294
http://www.ncbi.nlm.nih.gov/pubmed/22452945
http://www.ncbi.nlm.nih.gov/pubmed/21685915
http://www.ncbi.nlm.nih.gov/pubmed/22452945
http://www.ncbi.nlm.nih.gov/pubmed/19921286
http://www.ncbi.nlm.nih.gov/pubmed/19921286
http://www.ncbi.nlm.nih.gov/pubmed/19921286
http://www.ncbi.nlm.nih.gov/pubmed/23160955
http://www.ncbi.nlm.nih.gov/pubmed/19361614
http://www.ncbi.nlm.nih.gov/pubmed/21426410
http://www.ncbi.nlm.nih.gov/pubmed/16835865
http://www.ncbi.nlm.nih.gov/pubmed/22264772
http://www.ncbi.nlm.nih.gov/pubmed/11181649
http://www.ncbi.nlm.nih.gov/pubmed/16835865
http://www.ncbi.nlm.nih.gov/pubmed/16010683
http://www.ncbi.nlm.nih.gov/pubmed/16835865
http://www.ncbi.nlm.nih.gov/pubmed/22642865
http://www.ncbi.nlm.nih.gov/pubmed/21071250
http://www.ncbi.nlm.nih.gov/pubmed/16010683
http://www.ncbi.nlm.nih.gov/pubmed/22642865
http://www.ncbi.nlm.nih.gov/pubmed/22642865
http://www.ncbi.nlm.nih.gov/pubmed/22642865
http://www.ncbi.nlm.nih.gov/pubmed/11181649
http://www.ncbi.nlm.nih.gov/pubmed/15877210
http://www.ncbi.nlm.nih.gov/pubmed/16835865
http://www.ncbi.nlm.nih.gov/pubmed/11170888
http://www.ncbi.nlm.nih.gov/pubmed/16010683
http://www.ncbi.nlm.nih.gov/pubmed/16835865
http://www.ncbi.nlm.nih.gov/pubmed/16835865
http://www.ncbi.nlm.nih.gov/pubmed/11181649
http://www.ncbi.nlm.nih.gov/pubmed/11406611
http://www.ncbi.nlm.nih.gov/pubmed/16304051
http://www.ncbi.nlm.nih.gov/pubmed/12717434
http://www.ncbi.nlm.nih.gov/pubmed/12717434
http://www.ncbi.nlm.nih.gov/pubmed/22354170
http://www.ncbi.nlm.nih.gov/pubmed/11030752
http://www.ncbi.nlm.nih.gov/pubmed/17239335
http://www.ncbi.nlm.nih.gov/pubmed/10973263
http://www.ncbi.nlm.nih.gov/pubmed/20978018
http://www.ncbi.nlm.nih.gov/pubmed/15737703
http://www.ncbi.nlm.nih.gov/pubmed/11241840
http://www.ncbi.nlm.nih.gov/pubmed/17084570
http://www.ncbi.nlm.nih.gov/pubmed/20031356
http://www.ncbi.nlm.nih.gov/pubmed/15737703
http://www.ncbi.nlm.nih.gov/pubmed/11241840
http://www.ncbi.nlm.nih.gov/pubmed/11214906
http://www.ncbi.nlm.nih.gov/pubmed/10805343
http://www.ncbi.nlm.nih.gov/pubmed/16780651
http://www.ncbi.nlm.nih.gov/pubmed/15737703
http://www.ncbi.nlm.nih.gov/pubmed/23665959
http://www.ncbi.nlm.nih.gov/pubmed/21562927
invalid literal for int() with base 10: 'LSDB'
invalid literal for int() with base 10: 'LSDB'
invalid literal for int() with base 10: 'LSDB'
invalid literal for int() with base 10: 'LSDB'
invalid literal for int() with base 10: 'LSDB'
invalid literal for int() with base 10: 'LSDB'
invalid literal for int() with base 10: 'LSDB'
invalid literal for int() with base 10: 'LSDB'
http://www.ncbi.nlm.nih.gov/pubmed/23063620
http://www.ncbi.nlm.nih.gov/pubmed/17194968
http://www.ncbi.nlm.nih.gov/pubmed/10931102
http://www.ncbi.nlm.nih.gov/pubmed/10762295
http://www.ncbi.nlm.nih.gov/pubmed/22275377
http://www.ncbi.nlm.nih.gov/pubmed/15714081
http://www.ncbi.nlm.nih.gov/pubmed/9683585
http://www.ncbi.nlm.nih.gov/pubmed/9709921
http://www.ncbi.nlm.nih.gov/pubmed/11836268
http://www.ncbi.nlm.nih.gov/pubmed/19391077
http://www.ncbi.nlm.nih.gov/pubmed/16563611
http://www.ncbi.nlm.nih.gov/pubmed/16322378
http://www.ncbi.nlm.nih.gov/pubmed/10849016
http://www.ncbi.nlm.nih.gov/pubmed/15464422
http://www.ncbi.nlm.nih.gov/pubmed/9709985
http://www.ncbi.nlm.nih.gov/pubmed/10664520
http://www.ncbi.nlm.nih.gov/pubmed/9888389
http://www.ncbi.nlm.nih.gov/pubmed/9683585
http://www.ncbi.nlm.nih.gov/pubmed/19596265
http://www.ncbi.nlm.nih.gov/pubmed/9935177
http://www.ncbi.nlm.nih.gov/pubmed/15714081
http://www.ncbi.nlm.nih.gov/pubmed/9683585
http://www.ncbi.nlm.nih.gov/pubmed/12652570
http://www.ncbi.nlm.nih.gov/pubmed/22447146
http://www.ncbi.nlm.nih.gov/pubmed/9652567
http://www.ncbi.nlm.nih.gov/pubmed/10762295
http://www.ncbi.nlm.nih.gov/pubmed/10090472
http://www.ncbi.nlm.nih.gov/pubmed/15714081
http://www.ncbi.nlm.nih.gov/pubmed/10090472
http://www.ncbi.nlm.nih.gov/pubmed/9463336
http://www.ncbi.nlm.nih.gov/pubmed/10849016
http://www.ncbi.nlm.nih.gov/pubmed/9506756
http://www.ncbi.nlm.nih.gov/pubmed/15714081
http://www.ncbi.nlm.nih.gov/pubmed/11549677
http://www.ncbi.nlm.nih.gov/pubmed/17623761
http://www.ncbi.nlm.nih.gov/pubmed/15292357
http://www.ncbi.nlm.nih.gov/pubmed/15714081
http://www.ncbi.nlm.nih.gov/pubmed/10617276
http://www.ncbi.nlm.nih.gov/pubmed/15670192
http://www.ncbi.nlm.nih.gov/pubmed/17388795
http://www.ncbi.nlm.nih.gov/pubmed/17185897
http://www.ncbi.nlm.nih.gov/pubmed/20300561
http://www.ncbi.nlm.nih.gov/pubmed/11062461
http://www.ncbi.nlm.nih.gov/pubmed/17301963
http://www.ncbi.nlm.nih.gov/pubmed/22128245
http://www.ncbi.nlm.nih.gov/pubmed/20213738
http://www.ncbi.nlm.nih.gov/pubmed/20530328
http://www.ncbi.nlm.nih.gov/pubmed/18425620
http://www.ncbi.nlm.nih.gov/pubmed/22206013
http://www.ncbi.nlm.nih.gov/pubmed/24530046
http://www.ncbi.nlm.nih.gov/pubmed/22142163
http://www.ncbi.nlm.nih.gov/pubmed/21990111
http://www.ncbi.nlm.nih.gov/pubmed/21990111
http://www.ncbi.nlm.nih.gov/pubmed/17564970
http://www.ncbi.nlm.nih.gov/pubmed/19177532
http://www.ncbi.nlm.nih.gov/pubmed/15793264
http://www.ncbi.nlm.nih.gov/pubmed/21435166
http://www.ncbi.nlm.nih.gov/pubmed/9916809
http://www.ncbi.nlm.nih.gov/pubmed/15810001
http://www.ncbi.nlm.nih.gov/pubmed/24336167
http://www.ncbi.nlm.nih.gov/pubmed/24336167
http://www.ncbi.nlm.nih.gov/pubmed/12833403
http://www.ncbi.nlm.nih.gov/pubmed/17221865
http://www.ncbi.nlm.nih.gov/pubmed/15558842
http://www.ncbi.nlm.nih.gov/pubmed/17221865
http://www.ncbi.nlm.nih.gov/pubmed/17221865
http://www.ncbi.nlm.nih.gov/pubmed/9718340
http://www.ncbi.nlm.nih.gov/pubmed/12833403
http://www.ncbi.nlm.nih.gov/pubmed/15558842
http://www.ncbi.nlm.nih.gov/pubmed/12545276
http://www.ncbi.nlm.nih.gov/pubmed/11297621
invalid literal for int() with base 10: 'NO ID'
http://www.ncbi.nlm.nih.gov/pubmed/19137077
http://www.ncbi.nlm.nih.gov/pubmed/7874167
http://www.ncbi.nlm.nih.gov/pubmed/21373256
http://www.ncbi.nlm.nih.gov/pubmed/7874167
http://www.ncbi.nlm.nih.gov/pubmed/18595666
http://www.ncbi.nlm.nih.gov/pubmed/20127975
http://www.ncbi.nlm.nih.gov/pubmed/20127975
http://www.ncbi.nlm.nih.gov/pubmed/20127975
http://www.ncbi.nlm.nih.gov/pubmed/21438779
http://www.ncbi.nlm.nih.gov/pubmed/22773737
http://www.ncbi.nlm.nih.gov/pubmed/16415886
http://www.ncbi.nlm.nih.gov/pubmed/17397051
http://www.ncbi.nlm.nih.gov/pubmed/17377820
http://www.ncbi.nlm.nih.gov/pubmed/17397051
invalid literal for int() with base 10: 'NO ID'
invalid literal for int() with base 10: 'NO ID'
http://www.ncbi.nlm.nih.gov/pubmed/17397051
http://www.ncbi.nlm.nih.gov/pubmed/17437276
http://www.ncbi.nlm.nih.gov/pubmed/11254442
http://www.ncbi.nlm.nih.gov/pubmed/12939431
http://www.ncbi.nlm.nih.gov/pubmed/22552818
http://www.ncbi.nlm.nih.gov/pubmed/11254442
http://www.ncbi.nlm.nih.gov/pubmed/12939431
http://www.ncbi.nlm.nih.gov/pubmed/16652334
http://www.ncbi.nlm.nih.gov/pubmed/21145992
http://www.ncbi.nlm.nih.gov/pubmed/16652334
http://www.ncbi.nlm.nih.gov/pubmed/21145992
http://www.ncbi.nlm.nih.gov/pubmed/15992519
http://www.ncbi.nlm.nih.gov/pubmed/11935341
http://www.ncbi.nlm.nih.gov/pubmed/21145992
http://www.ncbi.nlm.nih.gov/pubmed/12939431
http://www.ncbi.nlm.nih.gov/pubmed/15992519
http://www.ncbi.nlm.nih.gov/pubmed/16652334
http://www.ncbi.nlm.nih.gov/pubmed/22161090
http://www.ncbi.nlm.nih.gov/pubmed/16652334
http://www.ncbi.nlm.nih.gov/pubmed/21160490
http://www.ncbi.nlm.nih.gov/pubmed/10734316
http://www.ncbi.nlm.nih.gov/pubmed/12200596
http://www.ncbi.nlm.nih.gov/pubmed/9718327
http://www.ncbi.nlm.nih.gov/pubmed/15713769
http://www.ncbi.nlm.nih.gov/pubmed/16736291
http://www.ncbi.nlm.nih.gov/pubmed/16807412
http://www.ncbi.nlm.nih.gov/pubmed/15300854
http://www.ncbi.nlm.nih.gov/pubmed/24710284
http://www.ncbi.nlm.nih.gov/pubmed/19224586
http://www.ncbi.nlm.nih.gov/pubmed/23224667
http://www.ncbi.nlm.nih.gov/pubmed/11066084
http://www.ncbi.nlm.nih.gov/pubmed/16451135
http://www.ncbi.nlm.nih.gov/pubmed/9311737
http://www.ncbi.nlm.nih.gov/pubmed/11208710
http://www.ncbi.nlm.nih.gov/pubmed/17653898
http://www.ncbi.nlm.nih.gov/pubmed/16395668
http://www.ncbi.nlm.nih.gov/pubmed/12200596
http://www.ncbi.nlm.nih.gov/pubmed/15955785
http://www.ncbi.nlm.nih.gov/pubmed/15849733
http://www.ncbi.nlm.nih.gov/pubmed/12624141
http://www.ncbi.nlm.nih.gov/pubmed/18561205
http://www.ncbi.nlm.nih.gov/pubmed/11726306
http://www.ncbi.nlm.nih.gov/pubmed/12183410
http://www.ncbi.nlm.nih.gov/pubmed/16341550
http://www.ncbi.nlm.nih.gov/pubmed/21642682
http://www.ncbi.nlm.nih.gov/pubmed/18561205
http://www.ncbi.nlm.nih.gov/pubmed/23354634
http://www.ncbi.nlm.nih.gov/pubmed/15849733
http://www.ncbi.nlm.nih.gov/pubmed/18625694
http://www.ncbi.nlm.nih.gov/pubmed/9322509
http://www.ncbi.nlm.nih.gov/pubmed/21642682
http://www.ncbi.nlm.nih.gov/pubmed/17348456
http://www.ncbi.nlm.nih.gov/pubmed/9322509
invalid literal for int() with base 10: 'LSDB'
http://www.ncbi.nlm.nih.gov/pubmed/12132870
http://www.ncbi.nlm.nih.gov/pubmed/12132870
http://www.ncbi.nlm.nih.gov/pubmed/19419416
http://www.ncbi.nlm.nih.gov/pubmed/15996210
http://www.ncbi.nlm.nih.gov/pubmed/15178966
http://www.ncbi.nlm.nih.gov/pubmed/11112663
http://www.ncbi.nlm.nih.gov/pubmed/10200055
http://www.ncbi.nlm.nih.gov/pubmed/12373605
http://www.ncbi.nlm.nih.gov/pubmed/16616355
http://www.ncbi.nlm.nih.gov/pubmed/18566915
http://www.ncbi.nlm.nih.gov/pubmed/15849733
http://www.ncbi.nlm.nih.gov/pubmed/12624141
http://www.ncbi.nlm.nih.gov/pubmed/8776590
http://www.ncbi.nlm.nih.gov/pubmed/15300854
http://www.ncbi.nlm.nih.gov/pubmed/21642682
http://www.ncbi.nlm.nih.gov/pubmed/21056691
http://www.ncbi.nlm.nih.gov/pubmed/21056691
http://www.ncbi.nlm.nih.gov/pubmed/10732761
http://www.ncbi.nlm.nih.gov/pubmed/14635101
http://www.ncbi.nlm.nih.gov/pubmed/15342696
http://www.ncbi.nlm.nih.gov/pubmed/18769833
http://www.ncbi.nlm.nih.gov/pubmed/8808596
http://www.ncbi.nlm.nih.gov/pubmed/8571956
http://www.ncbi.nlm.nih.gov/pubmed/18561205
http://www.ncbi.nlm.nih.gov/pubmed/18931482
http://www.ncbi.nlm.nih.gov/pubmed/16034045
http://www.ncbi.nlm.nih.gov/pubmed/15849733
http://www.ncbi.nlm.nih.gov/pubmed/21671081
http://www.ncbi.nlm.nih.gov/pubmed/8571956
http://www.ncbi.nlm.nih.gov/pubmed/15849733
http://www.ncbi.nlm.nih.gov/pubmed/21056691
http://www.ncbi.nlm.nih.gov/pubmed/8571956
http://www.ncbi.nlm.nih.gov/pubmed/10422993
http://www.ncbi.nlm.nih.gov/pubmed/17666659
http://www.ncbi.nlm.nih.gov/pubmed/15024732
http://www.ncbi.nlm.nih.gov/pubmed/10533476
http://www.ncbi.nlm.nih.gov/pubmed/8978340
http://www.ncbi.nlm.nih.gov/pubmed/10732761
http://www.ncbi.nlm.nih.gov/pubmed/11208710
http://www.ncbi.nlm.nih.gov/pubmed/14635101
http://www.ncbi.nlm.nih.gov/pubmed/8993976
http://www.ncbi.nlm.nih.gov/pubmed/11112663
http://www.ncbi.nlm.nih.gov/pubmed/10480359
http://www.ncbi.nlm.nih.gov/pubmed/10323887
http://www.ncbi.nlm.nih.gov/pubmed/15365996
invalid literal for int() with base 10: 'LSDB'
http://www.ncbi.nlm.nih.gov/pubmed/11748856
http://www.ncbi.nlm.nih.gov/pubmed/15849733
http://www.ncbi.nlm.nih.gov/pubmed/21642682
http://www.ncbi.nlm.nih.gov/pubmed/23523604
http://www.ncbi.nlm.nih.gov/pubmed/8571956
http://www.ncbi.nlm.nih.gov/pubmed/15849733
http://www.ncbi.nlm.nih.gov/pubmed/15342696
http://www.ncbi.nlm.nih.gov/pubmed/15365995
http://www.ncbi.nlm.nih.gov/pubmed/8592341
http://www.ncbi.nlm.nih.gov/pubmed/14635101
http://www.ncbi.nlm.nih.gov/pubmed/11726306
http://www.ncbi.nlm.nih.gov/pubmed/15849733
http://www.ncbi.nlm.nih.gov/pubmed/16142001
http://www.ncbi.nlm.nih.gov/pubmed/22480969
http://www.ncbi.nlm.nih.gov/pubmed/8521398
invalid literal for int() with base 10: 'HGOL'
http://www.ncbi.nlm.nih.gov/pubmed/18931482
http://www.ncbi.nlm.nih.gov/pubmed/17312306
http://www.ncbi.nlm.nih.gov/pubmed/18561205
http://www.ncbi.nlm.nih.gov/pubmed/10471527
http://www.ncbi.nlm.nih.gov/pubmed/16142001
http://www.ncbi.nlm.nih.gov/pubmed/12655568
http://www.ncbi.nlm.nih.gov/pubmed/14517962
http://www.ncbi.nlm.nih.gov/pubmed/11112663
http://www.ncbi.nlm.nih.gov/pubmed/15849733
http://www.ncbi.nlm.nih.gov/pubmed/12655568
http://www.ncbi.nlm.nih.gov/pubmed/15996210
http://www.ncbi.nlm.nih.gov/pubmed/8971183
http://www.ncbi.nlm.nih.gov/pubmed/11112663
http://www.ncbi.nlm.nih.gov/pubmed/18931482
http://www.ncbi.nlm.nih.gov/pubmed/11748856
http://www.ncbi.nlm.nih.gov/pubmed/17312306
http://www.ncbi.nlm.nih.gov/pubmed/16395668
http://www.ncbi.nlm.nih.gov/pubmed/7584997
http://www.ncbi.nlm.nih.gov/pubmed/12658575
http://www.ncbi.nlm.nih.gov/pubmed/9593786
http://www.ncbi.nlm.nih.gov/pubmed/9218993
http://www.ncbi.nlm.nih.gov/pubmed/23523604
http://www.ncbi.nlm.nih.gov/pubmed/15849733
http://www.ncbi.nlm.nih.gov/pubmed/21590452
http://www.ncbi.nlm.nih.gov/pubmed/16830052
http://www.ncbi.nlm.nih.gov/pubmed/8521398
http://www.ncbi.nlm.nih.gov/pubmed/15342696
http://www.ncbi.nlm.nih.gov/pubmed/15713769
http://www.ncbi.nlm.nih.gov/pubmed/18389388
http://www.ncbi.nlm.nih.gov/pubmed/16807412
http://www.ncbi.nlm.nih.gov/pubmed/21681552
http://www.ncbi.nlm.nih.gov/pubmed/19224586
http://www.ncbi.nlm.nih.gov/pubmed/7557107
http://www.ncbi.nlm.nih.gov/pubmed/24710284
http://www.ncbi.nlm.nih.gov/pubmed/12658575
http://www.ncbi.nlm.nih.gov/pubmed/15926618
http://www.ncbi.nlm.nih.gov/pubmed/15365996
http://www.ncbi.nlm.nih.gov/pubmed/12655562
http://www.ncbi.nlm.nih.gov/pubmed/24090359
http://www.ncbi.nlm.nih.gov/pubmed/8571956
http://www.ncbi.nlm.nih.gov/pubmed/12070261
http://www.ncbi.nlm.nih.gov/pubmed/23354634
http://www.ncbi.nlm.nih.gov/pubmed/8566964
http://www.ncbi.nlm.nih.gov/pubmed/12624141
http://www.ncbi.nlm.nih.gov/pubmed/15289847
http://www.ncbi.nlm.nih.gov/pubmed/16237223
http://www.ncbi.nlm.nih.gov/pubmed/10471527
http://www.ncbi.nlm.nih.gov/pubmed/9298827
http://www.ncbi.nlm.nih.gov/pubmed/18561205
http://www.ncbi.nlm.nih.gov/pubmed/8808596
http://www.ncbi.nlm.nih.gov/pubmed/20717847
http://www.ncbi.nlm.nih.gov/pubmed/11524701
http://www.ncbi.nlm.nih.gov/pubmed/9833759
http://www.ncbi.nlm.nih.gov/pubmed/18561205
http://www.ncbi.nlm.nih.gov/pubmed/7757073
http://www.ncbi.nlm.nih.gov/pubmed/12624141
http://www.ncbi.nlm.nih.gov/pubmed/12624141
http://www.ncbi.nlm.nih.gov/pubmed/20587412
http://www.ncbi.nlm.nih.gov/pubmed/8571956
http://www.ncbi.nlm.nih.gov/pubmed/10422993
http://www.ncbi.nlm.nih.gov/pubmed/22736432
http://www.ncbi.nlm.nih.gov/pubmed/16395668
http://www.ncbi.nlm.nih.gov/pubmed/12624141
invalid literal for int() with base 10: 'NO ID'
http://www.ncbi.nlm.nih.gov/pubmed/11550227
http://www.ncbi.nlm.nih.gov/pubmed/10417274
http://www.ncbi.nlm.nih.gov/pubmed/23026888
http://www.ncbi.nlm.nih.gov/pubmed/17957493
http://www.ncbi.nlm.nih.gov/pubmed/15523652
http://www.ncbi.nlm.nih.gov/pubmed/15523652
http://www.ncbi.nlm.nih.gov/pubmed/12471062
http://www.ncbi.nlm.nih.gov/pubmed/16410054
http://www.ncbi.nlm.nih.gov/pubmed/12471062
http://www.ncbi.nlm.nih.gov/pubmed/20556797
http://www.ncbi.nlm.nih.gov/pubmed/16410054
http://www.ncbi.nlm.nih.gov/pubmed/16410054
http://www.ncbi.nlm.nih.gov/pubmed/22695176
http://www.ncbi.nlm.nih.gov/pubmed/16311595
http://www.ncbi.nlm.nih.gov/pubmed/19760748
http://www.ncbi.nlm.nih.gov/pubmed/19370762
http://www.ncbi.nlm.nih.gov/pubmed/23837176
http://www.ncbi.nlm.nih.gov/pubmed/20652818
http://www.ncbi.nlm.nih.gov/pubmed/15860464
http://www.ncbi.nlm.nih.gov/pubmed/15860464
http://www.ncbi.nlm.nih.gov/pubmed/23352160
http://www.ncbi.nlm.nih.gov/pubmed/23352160


PS:

Read file <data/skip/scraping_pubmed_chunks/logs/chunk18.e> for stderr output of this job.

