Sender: LSF System <lsf@node0909>
Subject: Job 9582135: <scrape.16> in cluster <cromwell> Done

Job <scrape.16> was submitted from host <gold> by user <birnbaum> in cluster <cromwell>.
Job was executed on host(s) <node0909>, in queue <hour>, as user <birnbaum> in cluster <cromwell>.
</home/unix/birnbaum> was used as the home directory.
</humgen/atgu1/fs03/birnbaum/cryptic-splice> was used as the working directory.
Started at Thu Jun  2 16:37:56 2016
Results reported on Thu Jun  2 16:48:15 2016

Your job looked like:

------------------------------------------------------------
# LSBATCH: User input
python src/scrape_pubmed_abstracts.py -p data/skip/hgmd_splice_pmids.txt --include "exon skipping" --include "skipping of exon" --exclude "cryptic splice site" --exclude "cryptic donor" --exclude "cryptic acceptor" -o data/skip/scraping_pubmed_chunks/chunk16.txt --chunk 16/30
------------------------------------------------------------

Successfully completed.

Resource usage summary:

    CPU time :               113.83 sec.
    Max Memory :             52 MB
    Average Memory :         48.97 MB
    Total Requested Memory : 750.00 MB
    Delta Memory :           698.00 MB
    (Delta: the difference between Total Requested Memory and Max Memory.)
    Max Processes :          3
    Max Threads :            4

The output (if any) follows:

http://www.ncbi.nlm.nih.gov/pubmed/21394825
http://www.ncbi.nlm.nih.gov/pubmed/19396826
http://www.ncbi.nlm.nih.gov/pubmed/22976768
http://www.ncbi.nlm.nih.gov/pubmed/19839758
http://www.ncbi.nlm.nih.gov/pubmed/21480867
http://www.ncbi.nlm.nih.gov/pubmed/10735634
http://www.ncbi.nlm.nih.gov/pubmed/21480867
http://www.ncbi.nlm.nih.gov/pubmed/21394825
http://www.ncbi.nlm.nih.gov/pubmed/8019563
http://www.ncbi.nlm.nih.gov/pubmed/21394825
http://www.ncbi.nlm.nih.gov/pubmed/21394825
http://www.ncbi.nlm.nih.gov/pubmed/8318992
http://www.ncbi.nlm.nih.gov/pubmed/21480867
http://www.ncbi.nlm.nih.gov/pubmed/21734815
http://www.ncbi.nlm.nih.gov/pubmed/8213840
http://www.ncbi.nlm.nih.gov/pubmed/21480867
http://www.ncbi.nlm.nih.gov/pubmed/21394825
invalid literal for int() with base 10: 'ABST'
http://www.ncbi.nlm.nih.gov/pubmed/21394825
http://www.ncbi.nlm.nih.gov/pubmed/21480867
http://www.ncbi.nlm.nih.gov/pubmed/21734815
http://www.ncbi.nlm.nih.gov/pubmed/21480867
http://www.ncbi.nlm.nih.gov/pubmed/21480867
http://www.ncbi.nlm.nih.gov/pubmed/22976768
http://www.ncbi.nlm.nih.gov/pubmed/19264985
http://www.ncbi.nlm.nih.gov/pubmed/19264985
http://www.ncbi.nlm.nih.gov/pubmed/9497247
http://www.ncbi.nlm.nih.gov/pubmed/9806040
http://www.ncbi.nlm.nih.gov/pubmed/10480427
http://www.ncbi.nlm.nih.gov/pubmed/20493458
http://www.ncbi.nlm.nih.gov/pubmed/22503633
http://www.ncbi.nlm.nih.gov/pubmed/22503633
http://www.ncbi.nlm.nih.gov/pubmed/24140113
http://www.ncbi.nlm.nih.gov/pubmed/24140113
http://www.ncbi.nlm.nih.gov/pubmed/23339108
http://www.ncbi.nlm.nih.gov/pubmed/22832530
http://www.ncbi.nlm.nih.gov/pubmed/11448941
http://www.ncbi.nlm.nih.gov/pubmed/21835307
http://www.ncbi.nlm.nih.gov/pubmed/11528396
http://www.ncbi.nlm.nih.gov/pubmed/23566544
http://www.ncbi.nlm.nih.gov/pubmed/24022109
http://www.ncbi.nlm.nih.gov/pubmed/17431882
http://www.ncbi.nlm.nih.gov/pubmed/17431882
http://www.ncbi.nlm.nih.gov/pubmed/11179008
http://www.ncbi.nlm.nih.gov/pubmed/20542322
http://www.ncbi.nlm.nih.gov/pubmed/11590134
http://www.ncbi.nlm.nih.gov/pubmed/24339369
http://www.ncbi.nlm.nih.gov/pubmed/11590134
http://www.ncbi.nlm.nih.gov/pubmed/24339369
http://www.ncbi.nlm.nih.gov/pubmed/16333836
invalid literal for int() with base 10: 'ABST'
http://www.ncbi.nlm.nih.gov/pubmed/15100680
http://www.ncbi.nlm.nih.gov/pubmed/24089328
http://www.ncbi.nlm.nih.gov/pubmed/22550014
http://www.ncbi.nlm.nih.gov/pubmed/23158016
http://www.ncbi.nlm.nih.gov/pubmed/23429356
http://www.ncbi.nlm.nih.gov/pubmed/23429356
http://www.ncbi.nlm.nih.gov/pubmed/11992283
http://www.ncbi.nlm.nih.gov/pubmed/21905505
http://www.ncbi.nlm.nih.gov/pubmed/21057261
http://www.ncbi.nlm.nih.gov/pubmed/21057261
http://www.ncbi.nlm.nih.gov/pubmed/12591909
http://www.ncbi.nlm.nih.gov/pubmed/22818764
http://www.ncbi.nlm.nih.gov/pubmed/12591909
http://www.ncbi.nlm.nih.gov/pubmed/12591909
http://www.ncbi.nlm.nih.gov/pubmed/11992283
http://www.ncbi.nlm.nih.gov/pubmed/21057261
http://www.ncbi.nlm.nih.gov/pubmed/12009568
http://www.ncbi.nlm.nih.gov/pubmed/9603732
http://www.ncbi.nlm.nih.gov/pubmed/15736007
http://www.ncbi.nlm.nih.gov/pubmed/19118269
http://www.ncbi.nlm.nih.gov/pubmed/20699607
http://www.ncbi.nlm.nih.gov/pubmed/19431193
http://www.ncbi.nlm.nih.gov/pubmed/23462747
http://www.ncbi.nlm.nih.gov/pubmed/16333313
http://www.ncbi.nlm.nih.gov/pubmed/7937790
http://www.ncbi.nlm.nih.gov/pubmed/9150730
http://www.ncbi.nlm.nih.gov/pubmed/18559672
http://www.ncbi.nlm.nih.gov/pubmed/9633906
http://www.ncbi.nlm.nih.gov/pubmed/9058718
http://www.ncbi.nlm.nih.gov/pubmed/9058718
http://www.ncbi.nlm.nih.gov/pubmed/11129345
http://www.ncbi.nlm.nih.gov/pubmed/8541866
http://www.ncbi.nlm.nih.gov/pubmed/15108287
http://www.ncbi.nlm.nih.gov/pubmed/8401490
http://www.ncbi.nlm.nih.gov/pubmed/9150730
http://www.ncbi.nlm.nih.gov/pubmed/9150730
http://www.ncbi.nlm.nih.gov/pubmed/7557965
http://www.ncbi.nlm.nih.gov/pubmed/9058718
http://www.ncbi.nlm.nih.gov/pubmed/9633906
http://www.ncbi.nlm.nih.gov/pubmed/10794430
http://www.ncbi.nlm.nih.gov/pubmed/10794430
http://www.ncbi.nlm.nih.gov/pubmed/11129345
http://www.ncbi.nlm.nih.gov/pubmed/10794430
http://www.ncbi.nlm.nih.gov/pubmed/21184155
http://www.ncbi.nlm.nih.gov/pubmed/21184155
http://www.ncbi.nlm.nih.gov/pubmed/22105576
http://www.ncbi.nlm.nih.gov/pubmed/9058718
http://www.ncbi.nlm.nih.gov/pubmed/9058718
http://www.ncbi.nlm.nih.gov/pubmed/10794430
http://www.ncbi.nlm.nih.gov/pubmed/9058718
http://www.ncbi.nlm.nih.gov/pubmed/10794430
http://www.ncbi.nlm.nih.gov/pubmed/9058718
http://www.ncbi.nlm.nih.gov/pubmed/9058718
http://www.ncbi.nlm.nih.gov/pubmed/10794430
http://www.ncbi.nlm.nih.gov/pubmed/9933465
http://www.ncbi.nlm.nih.gov/pubmed/22903787
http://www.ncbi.nlm.nih.gov/pubmed/16917945
http://www.ncbi.nlm.nih.gov/pubmed/16917945
http://www.ncbi.nlm.nih.gov/pubmed/16917945
http://www.ncbi.nlm.nih.gov/pubmed/16917945
http://www.ncbi.nlm.nih.gov/pubmed/14680981
http://www.ncbi.nlm.nih.gov/pubmed/14680981
http://www.ncbi.nlm.nih.gov/pubmed/14680981
http://www.ncbi.nlm.nih.gov/pubmed/21664875
http://www.ncbi.nlm.nih.gov/pubmed/15661025
http://www.ncbi.nlm.nih.gov/pubmed/21184155
http://www.ncbi.nlm.nih.gov/pubmed/17827065
http://www.ncbi.nlm.nih.gov/pubmed/20021794
http://www.ncbi.nlm.nih.gov/pubmed/9843216
http://www.ncbi.nlm.nih.gov/pubmed/15674389
http://www.ncbi.nlm.nih.gov/pubmed/15674389
http://www.ncbi.nlm.nih.gov/pubmed/24139496
http://www.ncbi.nlm.nih.gov/pubmed/19890784
http://www.ncbi.nlm.nih.gov/pubmed/22903915
http://www.ncbi.nlm.nih.gov/pubmed/21255762
http://www.ncbi.nlm.nih.gov/pubmed/23993198
http://www.ncbi.nlm.nih.gov/pubmed/23993198
http://www.ncbi.nlm.nih.gov/pubmed/23993198
http://www.ncbi.nlm.nih.gov/pubmed/23273569
http://www.ncbi.nlm.nih.gov/pubmed/23273567
http://www.ncbi.nlm.nih.gov/pubmed/23273569
http://www.ncbi.nlm.nih.gov/pubmed/22235272
http://www.ncbi.nlm.nih.gov/pubmed/7538143
http://www.ncbi.nlm.nih.gov/pubmed/9356044
http://www.ncbi.nlm.nih.gov/pubmed/10844410
http://www.ncbi.nlm.nih.gov/pubmed/23824322
http://www.ncbi.nlm.nih.gov/pubmed/10733238
http://www.ncbi.nlm.nih.gov/pubmed/9299395
http://www.ncbi.nlm.nih.gov/pubmed/23824322
http://www.ncbi.nlm.nih.gov/pubmed/14551916
http://www.ncbi.nlm.nih.gov/pubmed/24388461
http://www.ncbi.nlm.nih.gov/pubmed/11935322
http://www.ncbi.nlm.nih.gov/pubmed/23559409
http://www.ncbi.nlm.nih.gov/pubmed/19177160
http://www.ncbi.nlm.nih.gov/pubmed/23713026
http://www.ncbi.nlm.nih.gov/pubmed/21866095
http://www.ncbi.nlm.nih.gov/pubmed/18076122
http://www.ncbi.nlm.nih.gov/pubmed/17503328
http://www.ncbi.nlm.nih.gov/pubmed/16950813
http://www.ncbi.nlm.nih.gov/pubmed/16950813
http://www.ncbi.nlm.nih.gov/pubmed/17878374
http://www.ncbi.nlm.nih.gov/pubmed/19814626
http://www.ncbi.nlm.nih.gov/pubmed/19897031
http://www.ncbi.nlm.nih.gov/pubmed/15657875
http://www.ncbi.nlm.nih.gov/pubmed/22440537
http://www.ncbi.nlm.nih.gov/pubmed/22440537
http://www.ncbi.nlm.nih.gov/pubmed/19282774
http://www.ncbi.nlm.nih.gov/pubmed/19282774
http://www.ncbi.nlm.nih.gov/pubmed/19282774
http://www.ncbi.nlm.nih.gov/pubmed/19282774
http://www.ncbi.nlm.nih.gov/pubmed/19282774
http://www.ncbi.nlm.nih.gov/pubmed/20856073
http://www.ncbi.nlm.nih.gov/pubmed/19282774
http://www.ncbi.nlm.nih.gov/pubmed/19282774
http://www.ncbi.nlm.nih.gov/pubmed/23154523
http://www.ncbi.nlm.nih.gov/pubmed/19282774
http://www.ncbi.nlm.nih.gov/pubmed/19282774
http://www.ncbi.nlm.nih.gov/pubmed/19449419
http://www.ncbi.nlm.nih.gov/pubmed/19282774
http://www.ncbi.nlm.nih.gov/pubmed/19282774
http://www.ncbi.nlm.nih.gov/pubmed/20856073
http://www.ncbi.nlm.nih.gov/pubmed/23154523
http://www.ncbi.nlm.nih.gov/pubmed/21045959
http://www.ncbi.nlm.nih.gov/pubmed/22440537
http://www.ncbi.nlm.nih.gov/pubmed/18304497
http://www.ncbi.nlm.nih.gov/pubmed/23217329
http://www.ncbi.nlm.nih.gov/pubmed/22522420
http://www.ncbi.nlm.nih.gov/pubmed/22522420
http://www.ncbi.nlm.nih.gov/pubmed/12871379
http://www.ncbi.nlm.nih.gov/pubmed/19691478
http://www.ncbi.nlm.nih.gov/pubmed/11798398
http://www.ncbi.nlm.nih.gov/pubmed/7620188
http://www.ncbi.nlm.nih.gov/pubmed/16879215
http://www.ncbi.nlm.nih.gov/pubmed/19172520
http://www.ncbi.nlm.nih.gov/pubmed/21113249
http://www.ncbi.nlm.nih.gov/pubmed/9763559
http://www.ncbi.nlm.nih.gov/pubmed/20020534
http://www.ncbi.nlm.nih.gov/pubmed/20020534
http://www.ncbi.nlm.nih.gov/pubmed/15099289
http://www.ncbi.nlm.nih.gov/pubmed/9663713
http://www.ncbi.nlm.nih.gov/pubmed/19172520
http://www.ncbi.nlm.nih.gov/pubmed/22250950
http://www.ncbi.nlm.nih.gov/pubmed/15293575
http://www.ncbi.nlm.nih.gov/pubmed/1317725
http://www.ncbi.nlm.nih.gov/pubmed/11798398
http://www.ncbi.nlm.nih.gov/pubmed/21113249
http://www.ncbi.nlm.nih.gov/pubmed/9215749
http://www.ncbi.nlm.nih.gov/pubmed/11798398
http://www.ncbi.nlm.nih.gov/pubmed/15717695
http://www.ncbi.nlm.nih.gov/pubmed/21113249
http://www.ncbi.nlm.nih.gov/pubmed/9215749
http://www.ncbi.nlm.nih.gov/pubmed/21644217
http://www.ncbi.nlm.nih.gov/pubmed/9920835
http://www.ncbi.nlm.nih.gov/pubmed/16463284
http://www.ncbi.nlm.nih.gov/pubmed/19691478
http://www.ncbi.nlm.nih.gov/pubmed/22512483
http://www.ncbi.nlm.nih.gov/pubmed/9158140
http://www.ncbi.nlm.nih.gov/pubmed/23496044
http://www.ncbi.nlm.nih.gov/pubmed/9590299
http://www.ncbi.nlm.nih.gov/pubmed/9590299
http://www.ncbi.nlm.nih.gov/pubmed/24439109
http://www.ncbi.nlm.nih.gov/pubmed/22134107
http://www.ncbi.nlm.nih.gov/pubmed/21195692
http://www.ncbi.nlm.nih.gov/pubmed/17244687
http://www.ncbi.nlm.nih.gov/pubmed/20549317
http://www.ncbi.nlm.nih.gov/pubmed/11882363
http://www.ncbi.nlm.nih.gov/pubmed/1346613
http://www.ncbi.nlm.nih.gov/pubmed/1590804
http://www.ncbi.nlm.nih.gov/pubmed/2464599
http://www.ncbi.nlm.nih.gov/pubmed/22134107
http://www.ncbi.nlm.nih.gov/pubmed/14629479
http://www.ncbi.nlm.nih.gov/pubmed/24498605
http://www.ncbi.nlm.nih.gov/pubmed/19336737
http://www.ncbi.nlm.nih.gov/pubmed/16359514
http://www.ncbi.nlm.nih.gov/pubmed/9215749
http://www.ncbi.nlm.nih.gov/pubmed/20020534
http://www.ncbi.nlm.nih.gov/pubmed/9215749
http://www.ncbi.nlm.nih.gov/pubmed/8878424
http://www.ncbi.nlm.nih.gov/pubmed/11251584
http://www.ncbi.nlm.nih.gov/pubmed/16473856
http://www.ncbi.nlm.nih.gov/pubmed/11328943
http://www.ncbi.nlm.nih.gov/pubmed/16473856
http://www.ncbi.nlm.nih.gov/pubmed/9194858
http://www.ncbi.nlm.nih.gov/pubmed/10484780
http://www.ncbi.nlm.nih.gov/pubmed/16473856
http://www.ncbi.nlm.nih.gov/pubmed/18563182
http://www.ncbi.nlm.nih.gov/pubmed/23352160
http://www.ncbi.nlm.nih.gov/pubmed/12384777
http://www.ncbi.nlm.nih.gov/pubmed/16384889
http://www.ncbi.nlm.nih.gov/pubmed/15946879
http://www.ncbi.nlm.nih.gov/pubmed/18084290
http://www.ncbi.nlm.nih.gov/pubmed/17576084
http://www.ncbi.nlm.nih.gov/pubmed/10677295
http://www.ncbi.nlm.nih.gov/pubmed/15486829
http://www.ncbi.nlm.nih.gov/pubmed/24516753
http://www.ncbi.nlm.nih.gov/pubmed/15486829
http://www.ncbi.nlm.nih.gov/pubmed/10677295
http://www.ncbi.nlm.nih.gov/pubmed/10677295
http://www.ncbi.nlm.nih.gov/pubmed/10677295
http://www.ncbi.nlm.nih.gov/pubmed/10677295
http://www.ncbi.nlm.nih.gov/pubmed/15486829
http://www.ncbi.nlm.nih.gov/pubmed/16575836
http://www.ncbi.nlm.nih.gov/pubmed/12497640
invalid literal for int() with base 10: 'NO ID'
http://www.ncbi.nlm.nih.gov/pubmed/9585603
http://www.ncbi.nlm.nih.gov/pubmed/10533065
http://www.ncbi.nlm.nih.gov/pubmed/16575836
http://www.ncbi.nlm.nih.gov/pubmed/9207787
http://www.ncbi.nlm.nih.gov/pubmed/9585603
http://www.ncbi.nlm.nih.gov/pubmed/16575836
invalid literal for int() with base 10: 'HGOL'
http://www.ncbi.nlm.nih.gov/pubmed/11058898
http://www.ncbi.nlm.nih.gov/pubmed/21752016
http://www.ncbi.nlm.nih.gov/pubmed/12497640
http://www.ncbi.nlm.nih.gov/pubmed/16575836
invalid literal for int() with base 10: 'HGOL'
http://www.ncbi.nlm.nih.gov/pubmed/15712272
http://www.ncbi.nlm.nih.gov/pubmed/10220506
http://www.ncbi.nlm.nih.gov/pubmed/16575836
http://www.ncbi.nlm.nih.gov/pubmed/9585603
http://www.ncbi.nlm.nih.gov/pubmed/11180599
http://www.ncbi.nlm.nih.gov/pubmed/10533065
http://www.ncbi.nlm.nih.gov/pubmed/16575836
http://www.ncbi.nlm.nih.gov/pubmed/22488849
http://www.ncbi.nlm.nih.gov/pubmed/16575836
http://www.ncbi.nlm.nih.gov/pubmed/16575836
http://www.ncbi.nlm.nih.gov/pubmed/16575836
http://www.ncbi.nlm.nih.gov/pubmed/9207787
http://www.ncbi.nlm.nih.gov/pubmed/12497640
http://www.ncbi.nlm.nih.gov/pubmed/10220506
http://www.ncbi.nlm.nih.gov/pubmed/15772854
http://www.ncbi.nlm.nih.gov/pubmed/16575836
http://www.ncbi.nlm.nih.gov/pubmed/11139247
http://www.ncbi.nlm.nih.gov/pubmed/16575836
invalid literal for int() with base 10: 'NO ID'
http://www.ncbi.nlm.nih.gov/pubmed/21752016
http://www.ncbi.nlm.nih.gov/pubmed/10429362
http://www.ncbi.nlm.nih.gov/pubmed/9700188
http://www.ncbi.nlm.nih.gov/pubmed/10429362
http://www.ncbi.nlm.nih.gov/pubmed/11313761
http://www.ncbi.nlm.nih.gov/pubmed/16575836
http://www.ncbi.nlm.nih.gov/pubmed/12442286
http://www.ncbi.nlm.nih.gov/pubmed/21752016
http://www.ncbi.nlm.nih.gov/pubmed/16575836
http://www.ncbi.nlm.nih.gov/pubmed/9207787
http://www.ncbi.nlm.nih.gov/pubmed/23859443
http://www.ncbi.nlm.nih.gov/pubmed/9354668
http://www.ncbi.nlm.nih.gov/pubmed/23384681
http://www.ncbi.nlm.nih.gov/pubmed/11668621
http://www.ncbi.nlm.nih.gov/pubmed/21184155
http://www.ncbi.nlm.nih.gov/pubmed/8704236
http://www.ncbi.nlm.nih.gov/pubmed/11668621
http://www.ncbi.nlm.nih.gov/pubmed/14615376
http://www.ncbi.nlm.nih.gov/pubmed/10982185
http://www.ncbi.nlm.nih.gov/pubmed/17433830
http://www.ncbi.nlm.nih.gov/pubmed/9354668
http://www.ncbi.nlm.nih.gov/pubmed/21109224
http://www.ncbi.nlm.nih.gov/pubmed/24467814
http://www.ncbi.nlm.nih.gov/pubmed/20130592
http://www.ncbi.nlm.nih.gov/pubmed/18985070
http://www.ncbi.nlm.nih.gov/pubmed/15605412
http://www.ncbi.nlm.nih.gov/pubmed/8504298
http://www.ncbi.nlm.nih.gov/pubmed/15001591
http://www.ncbi.nlm.nih.gov/pubmed/9554756
http://www.ncbi.nlm.nih.gov/pubmed/11456260
http://www.ncbi.nlm.nih.gov/pubmed/22035731
http://www.ncbi.nlm.nih.gov/pubmed/22035731
http://www.ncbi.nlm.nih.gov/pubmed/16882753
http://www.ncbi.nlm.nih.gov/pubmed/22544363
http://www.ncbi.nlm.nih.gov/pubmed/22495309
http://www.ncbi.nlm.nih.gov/pubmed/22495306
http://www.ncbi.nlm.nih.gov/pubmed/23631430
http://www.ncbi.nlm.nih.gov/pubmed/23631430
http://www.ncbi.nlm.nih.gov/pubmed/10086971
http://www.ncbi.nlm.nih.gov/pubmed/15840476
http://www.ncbi.nlm.nih.gov/pubmed/18752142
http://www.ncbi.nlm.nih.gov/pubmed/19716085
http://www.ncbi.nlm.nih.gov/pubmed/23631430
http://www.ncbi.nlm.nih.gov/pubmed/24217263
http://www.ncbi.nlm.nih.gov/pubmed/10973849
http://www.ncbi.nlm.nih.gov/pubmed/10973849
http://www.ncbi.nlm.nih.gov/pubmed/19716085
http://www.ncbi.nlm.nih.gov/pubmed/15364333
http://www.ncbi.nlm.nih.gov/pubmed/23631430
http://www.ncbi.nlm.nih.gov/pubmed/15840476
http://www.ncbi.nlm.nih.gov/pubmed/19716085
http://www.ncbi.nlm.nih.gov/pubmed/16414944
http://www.ncbi.nlm.nih.gov/pubmed/16414944
http://www.ncbi.nlm.nih.gov/pubmed/19926013
http://www.ncbi.nlm.nih.gov/pubmed/7889573
http://www.ncbi.nlm.nih.gov/pubmed/19716085
http://www.ncbi.nlm.nih.gov/pubmed/15840476
http://www.ncbi.nlm.nih.gov/pubmed/19187913
http://www.ncbi.nlm.nih.gov/pubmed/15192825
http://www.ncbi.nlm.nih.gov/pubmed/19027783
http://www.ncbi.nlm.nih.gov/pubmed/23631430
http://www.ncbi.nlm.nih.gov/pubmed/17905336
http://www.ncbi.nlm.nih.gov/pubmed/16414944
http://www.ncbi.nlm.nih.gov/pubmed/24388587
http://www.ncbi.nlm.nih.gov/pubmed/23967202
http://www.ncbi.nlm.nih.gov/pubmed/11140949
http://www.ncbi.nlm.nih.gov/pubmed/19716085
http://www.ncbi.nlm.nih.gov/pubmed/19716085
http://www.ncbi.nlm.nih.gov/pubmed/19716085
http://www.ncbi.nlm.nih.gov/pubmed/9386136
http://www.ncbi.nlm.nih.gov/pubmed/10560595
http://www.ncbi.nlm.nih.gov/pubmed/15840476
http://www.ncbi.nlm.nih.gov/pubmed/19716085
http://www.ncbi.nlm.nih.gov/pubmed/17470695
http://www.ncbi.nlm.nih.gov/pubmed/23158531
http://www.ncbi.nlm.nih.gov/pubmed/23158531
http://www.ncbi.nlm.nih.gov/pubmed/20890437
invalid literal for int() with base 10: 'NO ID'
http://www.ncbi.nlm.nih.gov/pubmed/10973849
http://www.ncbi.nlm.nih.gov/pubmed/10973849
http://www.ncbi.nlm.nih.gov/pubmed/10477533
http://www.ncbi.nlm.nih.gov/pubmed/21810471
http://www.ncbi.nlm.nih.gov/pubmed/9654228
http://www.ncbi.nlm.nih.gov/pubmed/16244680
http://www.ncbi.nlm.nih.gov/pubmed/16922724
http://www.ncbi.nlm.nih.gov/pubmed/10477533
http://www.ncbi.nlm.nih.gov/pubmed/10477533
http://www.ncbi.nlm.nih.gov/pubmed/19716085
http://www.ncbi.nlm.nih.gov/pubmed/19716085
http://www.ncbi.nlm.nih.gov/pubmed/19716085
http://www.ncbi.nlm.nih.gov/pubmed/23098067
http://www.ncbi.nlm.nih.gov/pubmed/19716085
http://www.ncbi.nlm.nih.gov/pubmed/19716085
http://www.ncbi.nlm.nih.gov/pubmed/15840476
http://www.ncbi.nlm.nih.gov/pubmed/23631430
http://www.ncbi.nlm.nih.gov/pubmed/24373870
http://www.ncbi.nlm.nih.gov/pubmed/19716085
http://www.ncbi.nlm.nih.gov/pubmed/23360469
http://www.ncbi.nlm.nih.gov/pubmed/10774989
http://www.ncbi.nlm.nih.gov/pubmed/23849776
http://www.ncbi.nlm.nih.gov/pubmed/9425895
invalid literal for int() with base 10: 'HGOL'
http://www.ncbi.nlm.nih.gov/pubmed/23360469
http://www.ncbi.nlm.nih.gov/pubmed/24375629
http://www.ncbi.nlm.nih.gov/pubmed/15596769
http://www.ncbi.nlm.nih.gov/pubmed/17033161
http://www.ncbi.nlm.nih.gov/pubmed/23665959
http://www.ncbi.nlm.nih.gov/pubmed/24307393
http://www.ncbi.nlm.nih.gov/pubmed/18697827
http://www.ncbi.nlm.nih.gov/pubmed/23581578
http://www.ncbi.nlm.nih.gov/pubmed/11375401
http://www.ncbi.nlm.nih.gov/pubmed/11134029
http://www.ncbi.nlm.nih.gov/pubmed/11918559
http://www.ncbi.nlm.nih.gov/pubmed/20384970
http://www.ncbi.nlm.nih.gov/pubmed/17381630
http://www.ncbi.nlm.nih.gov/pubmed/17381630
http://www.ncbi.nlm.nih.gov/pubmed/19941419
http://www.ncbi.nlm.nih.gov/pubmed/24065355
http://www.ncbi.nlm.nih.gov/pubmed/23352160
http://www.ncbi.nlm.nih.gov/pubmed/22284827
http://www.ncbi.nlm.nih.gov/pubmed/22284827
http://www.ncbi.nlm.nih.gov/pubmed/24482476
http://www.ncbi.nlm.nih.gov/pubmed/18245137
http://www.ncbi.nlm.nih.gov/pubmed/23125460
http://www.ncbi.nlm.nih.gov/pubmed/23125460
http://www.ncbi.nlm.nih.gov/pubmed/21880801
http://www.ncbi.nlm.nih.gov/pubmed/22619348
http://www.ncbi.nlm.nih.gov/pubmed/7529964
http://www.ncbi.nlm.nih.gov/pubmed/1384325
http://www.ncbi.nlm.nih.gov/pubmed/17124503
http://www.ncbi.nlm.nih.gov/pubmed/12204004
http://www.ncbi.nlm.nih.gov/pubmed/24000325
http://www.ncbi.nlm.nih.gov/pubmed/12204004
http://www.ncbi.nlm.nih.gov/pubmed/15737214
http://www.ncbi.nlm.nih.gov/pubmed/15638863
http://www.ncbi.nlm.nih.gov/pubmed/15638863
http://www.ncbi.nlm.nih.gov/pubmed/22102705
http://www.ncbi.nlm.nih.gov/pubmed/15735005
http://www.ncbi.nlm.nih.gov/pubmed/15937668
http://www.ncbi.nlm.nih.gov/pubmed/22266938
http://www.ncbi.nlm.nih.gov/pubmed/23746549
http://www.ncbi.nlm.nih.gov/pubmed/15300858
http://www.ncbi.nlm.nih.gov/pubmed/23352160
http://www.ncbi.nlm.nih.gov/pubmed/23352160
http://www.ncbi.nlm.nih.gov/pubmed/23913813
http://www.ncbi.nlm.nih.gov/pubmed/23913813
http://www.ncbi.nlm.nih.gov/pubmed/21280141
http://www.ncbi.nlm.nih.gov/pubmed/21658225
http://www.ncbi.nlm.nih.gov/pubmed/21658225
http://www.ncbi.nlm.nih.gov/pubmed/22126750
http://www.ncbi.nlm.nih.gov/pubmed/22126750
http://www.ncbi.nlm.nih.gov/pubmed/21607748
http://www.ncbi.nlm.nih.gov/pubmed/23320472
http://www.ncbi.nlm.nih.gov/pubmed/23320472
http://www.ncbi.nlm.nih.gov/pubmed/23913813
http://www.ncbi.nlm.nih.gov/pubmed/23320472
http://www.ncbi.nlm.nih.gov/pubmed/21280141
http://www.ncbi.nlm.nih.gov/pubmed/22126750
http://www.ncbi.nlm.nih.gov/pubmed/21671394
http://www.ncbi.nlm.nih.gov/pubmed/21280141
http://www.ncbi.nlm.nih.gov/pubmed/21280141
http://www.ncbi.nlm.nih.gov/pubmed/22126750
http://www.ncbi.nlm.nih.gov/pubmed/21671394
http://www.ncbi.nlm.nih.gov/pubmed/22126750
http://www.ncbi.nlm.nih.gov/pubmed/23913813
http://www.ncbi.nlm.nih.gov/pubmed/23913813
http://www.ncbi.nlm.nih.gov/pubmed/22126750
http://www.ncbi.nlm.nih.gov/pubmed/22126750
http://www.ncbi.nlm.nih.gov/pubmed/21671394
http://www.ncbi.nlm.nih.gov/pubmed/21607748
http://www.ncbi.nlm.nih.gov/pubmed/12404106
http://www.ncbi.nlm.nih.gov/pubmed/12404106
http://www.ncbi.nlm.nih.gov/pubmed/10545614
http://www.ncbi.nlm.nih.gov/pubmed/23595507


PS:

Read file <data/skip/scraping_pubmed_chunks/logs/chunk16.e> for stderr output of this job.

