Sender: LSF System <lsf@node0907>
Subject: Job 9582149: <scrape.30> in cluster <cromwell> Done

Job <scrape.30> was submitted from host <gold> by user <birnbaum> in cluster <cromwell>.
Job was executed on host(s) <node0907>, in queue <hour>, as user <birnbaum> in cluster <cromwell>.
</home/unix/birnbaum> was used as the home directory.
</humgen/atgu1/fs03/birnbaum/cryptic-splice> was used as the working directory.
Started at Thu Jun  2 16:38:12 2016
Results reported on Thu Jun  2 16:49:08 2016

Your job looked like:

------------------------------------------------------------
# LSBATCH: User input
python src/scrape_pubmed_abstracts.py -p data/skip/hgmd_splice_pmids.txt --include "exon skipping" --include "skipping of exon" --exclude "cryptic splice site" --exclude "cryptic donor" --exclude "cryptic acceptor" -o data/skip/scraping_pubmed_chunks/chunk30.txt --chunk 30/30
------------------------------------------------------------

Successfully completed.

Resource usage summary:

    CPU time :               113.79 sec.
    Max Memory :             53 MB
    Average Memory :         48.59 MB
    Total Requested Memory : 750.00 MB
    Delta Memory :           697.00 MB
    (Delta: the difference between Total Requested Memory and Max Memory.)
    Max Processes :          3
    Max Threads :            4

The output (if any) follows:

http://www.ncbi.nlm.nih.gov/pubmed/20015884
http://www.ncbi.nlm.nih.gov/pubmed/20823128
http://www.ncbi.nlm.nih.gov/pubmed/21881043
http://www.ncbi.nlm.nih.gov/pubmed/17993578
http://www.ncbi.nlm.nih.gov/pubmed/21674762
http://www.ncbi.nlm.nih.gov/pubmed/24470399
http://www.ncbi.nlm.nih.gov/pubmed/20015884
http://www.ncbi.nlm.nih.gov/pubmed/15466010
invalid literal for int() with base 10: 'NO ID'
http://www.ncbi.nlm.nih.gov/pubmed/16278825
http://www.ncbi.nlm.nih.gov/pubmed/24470399
http://www.ncbi.nlm.nih.gov/pubmed/18240215
http://www.ncbi.nlm.nih.gov/pubmed/14622600
http://www.ncbi.nlm.nih.gov/pubmed/15466010
http://www.ncbi.nlm.nih.gov/pubmed/23352160
http://www.ncbi.nlm.nih.gov/pubmed/20817676
http://www.ncbi.nlm.nih.gov/pubmed/24328561
http://www.ncbi.nlm.nih.gov/pubmed/11783491
http://www.ncbi.nlm.nih.gov/pubmed/22525402
http://www.ncbi.nlm.nih.gov/pubmed/11783491
http://www.ncbi.nlm.nih.gov/pubmed/23871722
http://www.ncbi.nlm.nih.gov/pubmed/24385928
http://www.ncbi.nlm.nih.gov/pubmed/19233912
http://www.ncbi.nlm.nih.gov/pubmed/12699245
http://www.ncbi.nlm.nih.gov/pubmed/15186324
http://www.ncbi.nlm.nih.gov/pubmed/10477430
http://www.ncbi.nlm.nih.gov/pubmed/10338097
http://www.ncbi.nlm.nih.gov/pubmed/10477430
http://www.ncbi.nlm.nih.gov/pubmed/2243121
http://www.ncbi.nlm.nih.gov/pubmed/12699245
http://www.ncbi.nlm.nih.gov/pubmed/23545314
invalid literal for int() with base 10: 'HGOL'
http://www.ncbi.nlm.nih.gov/pubmed/9792863
http://www.ncbi.nlm.nih.gov/pubmed/20135149
http://www.ncbi.nlm.nih.gov/pubmed/10980536
http://www.ncbi.nlm.nih.gov/pubmed/7860775
http://www.ncbi.nlm.nih.gov/pubmed/12060141
http://www.ncbi.nlm.nih.gov/pubmed/22816431
http://www.ncbi.nlm.nih.gov/pubmed/19965637
http://www.ncbi.nlm.nih.gov/pubmed/16076849
http://www.ncbi.nlm.nih.gov/pubmed/11139240
http://www.ncbi.nlm.nih.gov/pubmed/24416283
http://www.ncbi.nlm.nih.gov/pubmed/12107438
http://www.ncbi.nlm.nih.gov/pubmed/10973248
http://www.ncbi.nlm.nih.gov/pubmed/24416283
http://www.ncbi.nlm.nih.gov/pubmed/11139240
http://www.ncbi.nlm.nih.gov/pubmed/17407589
http://www.ncbi.nlm.nih.gov/pubmed/16679490
http://www.ncbi.nlm.nih.gov/pubmed/12107438
http://www.ncbi.nlm.nih.gov/pubmed/21487335
http://www.ncbi.nlm.nih.gov/pubmed/21593743
http://www.ncbi.nlm.nih.gov/pubmed/12525556
http://www.ncbi.nlm.nih.gov/pubmed/10729113
http://www.ncbi.nlm.nih.gov/pubmed/12112664
http://www.ncbi.nlm.nih.gov/pubmed/17405132
http://www.ncbi.nlm.nih.gov/pubmed/16963483
http://www.ncbi.nlm.nih.gov/pubmed/20052763
http://www.ncbi.nlm.nih.gov/pubmed/16963483
http://www.ncbi.nlm.nih.gov/pubmed/17405132
http://www.ncbi.nlm.nih.gov/pubmed/17405132
http://www.ncbi.nlm.nih.gov/pubmed/16963483
http://www.ncbi.nlm.nih.gov/pubmed/16963483
http://www.ncbi.nlm.nih.gov/pubmed/20052763
http://www.ncbi.nlm.nih.gov/pubmed/24154662
http://www.ncbi.nlm.nih.gov/pubmed/16963483
http://www.ncbi.nlm.nih.gov/pubmed/23661369
http://www.ncbi.nlm.nih.gov/pubmed/20507924
http://www.ncbi.nlm.nih.gov/pubmed/20052763
http://www.ncbi.nlm.nih.gov/pubmed/17085681
http://www.ncbi.nlm.nih.gov/pubmed/20507924
http://www.ncbi.nlm.nih.gov/pubmed/18273898
http://www.ncbi.nlm.nih.gov/pubmed/20507924
http://www.ncbi.nlm.nih.gov/pubmed/20507924
http://www.ncbi.nlm.nih.gov/pubmed/22135276
http://www.ncbi.nlm.nih.gov/pubmed/24516651
http://www.ncbi.nlm.nih.gov/pubmed/22135276
http://www.ncbi.nlm.nih.gov/pubmed/20309401
http://www.ncbi.nlm.nih.gov/pubmed/19737284
http://www.ncbi.nlm.nih.gov/pubmed/23591405
http://www.ncbi.nlm.nih.gov/pubmed/22009552
http://www.ncbi.nlm.nih.gov/pubmed/20052763
http://www.ncbi.nlm.nih.gov/pubmed/17405132
http://www.ncbi.nlm.nih.gov/pubmed/19023448
http://www.ncbi.nlm.nih.gov/pubmed/20052763
http://www.ncbi.nlm.nih.gov/pubmed/23591405
http://www.ncbi.nlm.nih.gov/pubmed/22135276
http://www.ncbi.nlm.nih.gov/pubmed/23737954
http://www.ncbi.nlm.nih.gov/pubmed/15241801
http://www.ncbi.nlm.nih.gov/pubmed/23591405
http://www.ncbi.nlm.nih.gov/pubmed/21569298
http://www.ncbi.nlm.nih.gov/pubmed/22135276
http://www.ncbi.nlm.nih.gov/pubmed/22135276
http://www.ncbi.nlm.nih.gov/pubmed/22004887
http://www.ncbi.nlm.nih.gov/pubmed/16963483
http://www.ncbi.nlm.nih.gov/pubmed/18452394
http://www.ncbi.nlm.nih.gov/pubmed/22135276
http://www.ncbi.nlm.nih.gov/pubmed/24498627
http://www.ncbi.nlm.nih.gov/pubmed/17405132
http://www.ncbi.nlm.nih.gov/pubmed/22681893
http://www.ncbi.nlm.nih.gov/pubmed/22025579
http://www.ncbi.nlm.nih.gov/pubmed/22004887
http://www.ncbi.nlm.nih.gov/pubmed/22004887
http://www.ncbi.nlm.nih.gov/pubmed/23352160
http://www.ncbi.nlm.nih.gov/pubmed/24690944
http://www.ncbi.nlm.nih.gov/pubmed/22958904
http://www.ncbi.nlm.nih.gov/pubmed/11840509
http://www.ncbi.nlm.nih.gov/pubmed/16043844
http://www.ncbi.nlm.nih.gov/pubmed/21738396
http://www.ncbi.nlm.nih.gov/pubmed/16877430
http://www.ncbi.nlm.nih.gov/pubmed/22739342
http://www.ncbi.nlm.nih.gov/pubmed/23462753
http://www.ncbi.nlm.nih.gov/pubmed/24174867
http://www.ncbi.nlm.nih.gov/pubmed/16877430
http://www.ncbi.nlm.nih.gov/pubmed/16877430
http://www.ncbi.nlm.nih.gov/pubmed/16636652
http://www.ncbi.nlm.nih.gov/pubmed/19901218
http://www.ncbi.nlm.nih.gov/pubmed/22739342
http://www.ncbi.nlm.nih.gov/pubmed/20474083
http://www.ncbi.nlm.nih.gov/pubmed/19523546
http://www.ncbi.nlm.nih.gov/pubmed/8796143
http://www.ncbi.nlm.nih.gov/pubmed/16946620
http://www.ncbi.nlm.nih.gov/pubmed/9284761
http://www.ncbi.nlm.nih.gov/pubmed/9829912
http://www.ncbi.nlm.nih.gov/pubmed/12624160
http://www.ncbi.nlm.nih.gov/pubmed/8956040
http://www.ncbi.nlm.nih.gov/pubmed/15467305
http://www.ncbi.nlm.nih.gov/pubmed/17024664
http://www.ncbi.nlm.nih.gov/pubmed/20567917
http://www.ncbi.nlm.nih.gov/pubmed/9829912
http://www.ncbi.nlm.nih.gov/pubmed/11688393
http://www.ncbi.nlm.nih.gov/pubmed/15300849
http://www.ncbi.nlm.nih.gov/pubmed/22145147
http://www.ncbi.nlm.nih.gov/pubmed/11058902
http://www.ncbi.nlm.nih.gov/pubmed/9398721
http://www.ncbi.nlm.nih.gov/pubmed/10761708
http://www.ncbi.nlm.nih.gov/pubmed/8707293
http://www.ncbi.nlm.nih.gov/pubmed/8634692
http://www.ncbi.nlm.nih.gov/pubmed/21362373
http://www.ncbi.nlm.nih.gov/pubmed/8707293
http://www.ncbi.nlm.nih.gov/pubmed/7977367
http://www.ncbi.nlm.nih.gov/pubmed/8707293
http://www.ncbi.nlm.nih.gov/pubmed/8707293
http://www.ncbi.nlm.nih.gov/pubmed/8707293
http://www.ncbi.nlm.nih.gov/pubmed/17024664
http://www.ncbi.nlm.nih.gov/pubmed/7987306
http://www.ncbi.nlm.nih.gov/pubmed/22753090
http://www.ncbi.nlm.nih.gov/pubmed/15358623
http://www.ncbi.nlm.nih.gov/pubmed/16611750
http://www.ncbi.nlm.nih.gov/pubmed/19379691
http://www.ncbi.nlm.nih.gov/pubmed/19379691
http://www.ncbi.nlm.nih.gov/pubmed/19379691
http://www.ncbi.nlm.nih.gov/pubmed/19379691
http://www.ncbi.nlm.nih.gov/pubmed/19379691
http://www.ncbi.nlm.nih.gov/pubmed/12404112
http://www.ncbi.nlm.nih.gov/pubmed/12404112
http://www.ncbi.nlm.nih.gov/pubmed/12404112
http://www.ncbi.nlm.nih.gov/pubmed/22777538
http://www.ncbi.nlm.nih.gov/pubmed/21598378
http://www.ncbi.nlm.nih.gov/pubmed/12404112
http://www.ncbi.nlm.nih.gov/pubmed/22777538
http://www.ncbi.nlm.nih.gov/pubmed/12404112
http://www.ncbi.nlm.nih.gov/pubmed/15293285
http://www.ncbi.nlm.nih.gov/pubmed/12404112
http://www.ncbi.nlm.nih.gov/pubmed/12404112
http://www.ncbi.nlm.nih.gov/pubmed/11381253
http://www.ncbi.nlm.nih.gov/pubmed/21598378
http://www.ncbi.nlm.nih.gov/pubmed/12404112
http://www.ncbi.nlm.nih.gov/pubmed/14663054
http://www.ncbi.nlm.nih.gov/pubmed/15293285
http://www.ncbi.nlm.nih.gov/pubmed/12404112
http://www.ncbi.nlm.nih.gov/pubmed/12404112
http://www.ncbi.nlm.nih.gov/pubmed/12404112
http://www.ncbi.nlm.nih.gov/pubmed/12404112
http://www.ncbi.nlm.nih.gov/pubmed/12404112
http://www.ncbi.nlm.nih.gov/pubmed/16648375
http://www.ncbi.nlm.nih.gov/pubmed/20461111
http://www.ncbi.nlm.nih.gov/pubmed/16917849
http://www.ncbi.nlm.nih.gov/pubmed/16917849
http://www.ncbi.nlm.nih.gov/pubmed/19006247
http://www.ncbi.nlm.nih.gov/pubmed/20461111
http://www.ncbi.nlm.nih.gov/pubmed/19006247
http://www.ncbi.nlm.nih.gov/pubmed/22700954
http://www.ncbi.nlm.nih.gov/pubmed/15141358
http://www.ncbi.nlm.nih.gov/pubmed/15141358
http://www.ncbi.nlm.nih.gov/pubmed/20461111
http://www.ncbi.nlm.nih.gov/pubmed/17990063
http://www.ncbi.nlm.nih.gov/pubmed/22855652
http://www.ncbi.nlm.nih.gov/pubmed/15141358
http://www.ncbi.nlm.nih.gov/pubmed/19190672
http://www.ncbi.nlm.nih.gov/pubmed/15154116
http://www.ncbi.nlm.nih.gov/pubmed/15141358
http://www.ncbi.nlm.nih.gov/pubmed/24311531
http://www.ncbi.nlm.nih.gov/pubmed/22753090
http://www.ncbi.nlm.nih.gov/pubmed/16896922
http://www.ncbi.nlm.nih.gov/pubmed/22753090
http://www.ncbi.nlm.nih.gov/pubmed/15052268
http://www.ncbi.nlm.nih.gov/pubmed/16896922
http://www.ncbi.nlm.nih.gov/pubmed/22753090
http://www.ncbi.nlm.nih.gov/pubmed/22753090
http://www.ncbi.nlm.nih.gov/pubmed/15052268
http://www.ncbi.nlm.nih.gov/pubmed/16896922
http://www.ncbi.nlm.nih.gov/pubmed/15052268
http://www.ncbi.nlm.nih.gov/pubmed/22753090
http://www.ncbi.nlm.nih.gov/pubmed/22753090
http://www.ncbi.nlm.nih.gov/pubmed/22753090
http://www.ncbi.nlm.nih.gov/pubmed/22753090
http://www.ncbi.nlm.nih.gov/pubmed/15052268
http://www.ncbi.nlm.nih.gov/pubmed/16896922
http://www.ncbi.nlm.nih.gov/pubmed/18853461
http://www.ncbi.nlm.nih.gov/pubmed/16896922
http://www.ncbi.nlm.nih.gov/pubmed/17994566
http://www.ncbi.nlm.nih.gov/pubmed/18347289
http://www.ncbi.nlm.nih.gov/pubmed/22336192
http://www.ncbi.nlm.nih.gov/pubmed/22336192
http://www.ncbi.nlm.nih.gov/pubmed/23042115
http://www.ncbi.nlm.nih.gov/pubmed/24577744
http://www.ncbi.nlm.nih.gov/pubmed/23352160
http://www.ncbi.nlm.nih.gov/pubmed/18626569
http://www.ncbi.nlm.nih.gov/pubmed/15257456
http://www.ncbi.nlm.nih.gov/pubmed/20215382
http://www.ncbi.nlm.nih.gov/pubmed/23352160
http://www.ncbi.nlm.nih.gov/pubmed/22871923
http://www.ncbi.nlm.nih.gov/pubmed/17139363
http://www.ncbi.nlm.nih.gov/pubmed/19601990
http://www.ncbi.nlm.nih.gov/pubmed/21362127
http://www.ncbi.nlm.nih.gov/pubmed/23702511
http://www.ncbi.nlm.nih.gov/pubmed/12737944
http://www.ncbi.nlm.nih.gov/pubmed/24675615
invalid literal for int() with base 10: 'NO ID'
http://www.ncbi.nlm.nih.gov/pubmed/24675615
http://www.ncbi.nlm.nih.gov/pubmed/23407766
http://www.ncbi.nlm.nih.gov/pubmed/19500169
http://www.ncbi.nlm.nih.gov/pubmed/19773258
http://www.ncbi.nlm.nih.gov/pubmed/17190853
http://www.ncbi.nlm.nih.gov/pubmed/21711445
http://www.ncbi.nlm.nih.gov/pubmed/16985174
http://www.ncbi.nlm.nih.gov/pubmed/16985174
http://www.ncbi.nlm.nih.gov/pubmed/16985174
http://www.ncbi.nlm.nih.gov/pubmed/16985174
http://www.ncbi.nlm.nih.gov/pubmed/12737944
http://www.ncbi.nlm.nih.gov/pubmed/10494764
http://www.ncbi.nlm.nih.gov/pubmed/21371195
http://www.ncbi.nlm.nih.gov/pubmed/23621778
http://www.ncbi.nlm.nih.gov/pubmed/23621778
http://www.ncbi.nlm.nih.gov/pubmed/15226181
http://www.ncbi.nlm.nih.gov/pubmed/17190853
http://www.ncbi.nlm.nih.gov/pubmed/21632843
http://www.ncbi.nlm.nih.gov/pubmed/19277422
http://www.ncbi.nlm.nih.gov/pubmed/12737944
http://www.ncbi.nlm.nih.gov/pubmed/23702511
http://www.ncbi.nlm.nih.gov/pubmed/11057846
http://www.ncbi.nlm.nih.gov/pubmed/22315491
http://www.ncbi.nlm.nih.gov/pubmed/23311757
http://www.ncbi.nlm.nih.gov/pubmed/21632843
http://www.ncbi.nlm.nih.gov/pubmed/23311757
http://www.ncbi.nlm.nih.gov/pubmed/17190853
http://www.ncbi.nlm.nih.gov/pubmed/17190853
http://www.ncbi.nlm.nih.gov/pubmed/11057846
http://www.ncbi.nlm.nih.gov/pubmed/21393328
http://www.ncbi.nlm.nih.gov/pubmed/19277422
http://www.ncbi.nlm.nih.gov/pubmed/8088787
http://www.ncbi.nlm.nih.gov/pubmed/17080221
http://www.ncbi.nlm.nih.gov/pubmed/22871923
http://www.ncbi.nlm.nih.gov/pubmed/22871923
http://www.ncbi.nlm.nih.gov/pubmed/12737944
http://www.ncbi.nlm.nih.gov/pubmed/22871923
http://www.ncbi.nlm.nih.gov/pubmed/19277422
http://www.ncbi.nlm.nih.gov/pubmed/23311757
http://www.ncbi.nlm.nih.gov/pubmed/19601990
http://www.ncbi.nlm.nih.gov/pubmed/20801902
http://www.ncbi.nlm.nih.gov/pubmed/19277422
http://www.ncbi.nlm.nih.gov/pubmed/22871923
http://www.ncbi.nlm.nih.gov/pubmed/19277422
http://www.ncbi.nlm.nih.gov/pubmed/22674667
http://www.ncbi.nlm.nih.gov/pubmed/7896280
http://www.ncbi.nlm.nih.gov/pubmed/19773258
http://www.ncbi.nlm.nih.gov/pubmed/22674667
http://www.ncbi.nlm.nih.gov/pubmed/23647798
http://www.ncbi.nlm.nih.gov/pubmed/16959681
http://www.ncbi.nlm.nih.gov/pubmed/23311757
http://www.ncbi.nlm.nih.gov/pubmed/22315491
http://www.ncbi.nlm.nih.gov/pubmed/23834637
http://www.ncbi.nlm.nih.gov/pubmed/16985174
http://www.ncbi.nlm.nih.gov/pubmed/11057846
http://www.ncbi.nlm.nih.gov/pubmed/8595430
http://www.ncbi.nlm.nih.gov/pubmed/19308710
http://www.ncbi.nlm.nih.gov/pubmed/12969986
http://www.ncbi.nlm.nih.gov/pubmed/15284122
invalid literal for int() with base 10: 'HGOL'
http://www.ncbi.nlm.nih.gov/pubmed/15203732
http://www.ncbi.nlm.nih.gov/pubmed/15284122
http://www.ncbi.nlm.nih.gov/pubmed/15284122
http://www.ncbi.nlm.nih.gov/pubmed/17400488
http://www.ncbi.nlm.nih.gov/pubmed/10447259
http://www.ncbi.nlm.nih.gov/pubmed/17400488
http://www.ncbi.nlm.nih.gov/pubmed/8931701
http://www.ncbi.nlm.nih.gov/pubmed/15284122
http://www.ncbi.nlm.nih.gov/pubmed/15284122
http://www.ncbi.nlm.nih.gov/pubmed/11793485
http://www.ncbi.nlm.nih.gov/pubmed/8988230
http://www.ncbi.nlm.nih.gov/pubmed/9126958
http://www.ncbi.nlm.nih.gov/pubmed/8682510
http://www.ncbi.nlm.nih.gov/pubmed/8931701
http://www.ncbi.nlm.nih.gov/pubmed/17400488
http://www.ncbi.nlm.nih.gov/pubmed/9326235
http://www.ncbi.nlm.nih.gov/pubmed/15284122
http://www.ncbi.nlm.nih.gov/pubmed/12969986
http://www.ncbi.nlm.nih.gov/pubmed/8682510
http://www.ncbi.nlm.nih.gov/pubmed/9326235
http://www.ncbi.nlm.nih.gov/pubmed/21185603
http://www.ncbi.nlm.nih.gov/pubmed/21185603
http://www.ncbi.nlm.nih.gov/pubmed/14566484
http://www.ncbi.nlm.nih.gov/pubmed/8595430
http://www.ncbi.nlm.nih.gov/pubmed/9326235
http://www.ncbi.nlm.nih.gov/pubmed/15284122
http://www.ncbi.nlm.nih.gov/pubmed/20173115
http://www.ncbi.nlm.nih.gov/pubmed/20159256
http://www.ncbi.nlm.nih.gov/pubmed/15284122
http://www.ncbi.nlm.nih.gov/pubmed/20173115
http://www.ncbi.nlm.nih.gov/pubmed/19308710
http://www.ncbi.nlm.nih.gov/pubmed/8682510
http://www.ncbi.nlm.nih.gov/pubmed/15284122
http://www.ncbi.nlm.nih.gov/pubmed/11793485
http://www.ncbi.nlm.nih.gov/pubmed/15389128
http://www.ncbi.nlm.nih.gov/pubmed/8595430
http://www.ncbi.nlm.nih.gov/pubmed/20173115
http://www.ncbi.nlm.nih.gov/pubmed/7579347
http://www.ncbi.nlm.nih.gov/pubmed/15284122
http://www.ncbi.nlm.nih.gov/pubmed/10447259
http://www.ncbi.nlm.nih.gov/pubmed/8595430
http://www.ncbi.nlm.nih.gov/pubmed/15284122
http://www.ncbi.nlm.nih.gov/pubmed/20671153
http://www.ncbi.nlm.nih.gov/pubmed/23559409
http://www.ncbi.nlm.nih.gov/pubmed/23559409
http://www.ncbi.nlm.nih.gov/pubmed/24183449
http://www.ncbi.nlm.nih.gov/pubmed/24183451
http://www.ncbi.nlm.nih.gov/pubmed/20817137
http://www.ncbi.nlm.nih.gov/pubmed/23176820
http://www.ncbi.nlm.nih.gov/pubmed/23687123
http://www.ncbi.nlm.nih.gov/pubmed/23176820
http://www.ncbi.nlm.nih.gov/pubmed/23176820
http://www.ncbi.nlm.nih.gov/pubmed/23176820
http://www.ncbi.nlm.nih.gov/pubmed/23176820
http://www.ncbi.nlm.nih.gov/pubmed/24610255
http://www.ncbi.nlm.nih.gov/pubmed/23435086
http://www.ncbi.nlm.nih.gov/pubmed/23435086
http://www.ncbi.nlm.nih.gov/pubmed/23910462
http://www.ncbi.nlm.nih.gov/pubmed/20890278
http://www.ncbi.nlm.nih.gov/pubmed/9817917
http://www.ncbi.nlm.nih.gov/pubmed/11295831
http://www.ncbi.nlm.nih.gov/pubmed/15605410
http://www.ncbi.nlm.nih.gov/pubmed/22791401
http://www.ncbi.nlm.nih.gov/pubmed/22791401
http://www.ncbi.nlm.nih.gov/pubmed/22791401
http://www.ncbi.nlm.nih.gov/pubmed/16152649
invalid literal for int() with base 10: 'NO ID'
http://www.ncbi.nlm.nih.gov/pubmed/16301342
http://www.ncbi.nlm.nih.gov/pubmed/16301342
http://www.ncbi.nlm.nih.gov/pubmed/16301342
http://www.ncbi.nlm.nih.gov/pubmed/12719438
http://www.ncbi.nlm.nih.gov/pubmed/15309683
http://www.ncbi.nlm.nih.gov/pubmed/23499309
http://www.ncbi.nlm.nih.gov/pubmed/24311251
http://www.ncbi.nlm.nih.gov/pubmed/15386214
http://www.ncbi.nlm.nih.gov/pubmed/23409019
http://www.ncbi.nlm.nih.gov/pubmed/20443122
http://www.ncbi.nlm.nih.gov/pubmed/20443122
http://www.ncbi.nlm.nih.gov/pubmed/9012406
http://www.ncbi.nlm.nih.gov/pubmed/16673358
http://www.ncbi.nlm.nih.gov/pubmed/20443122
http://www.ncbi.nlm.nih.gov/pubmed/8602509
http://www.ncbi.nlm.nih.gov/pubmed/10220139
http://www.ncbi.nlm.nih.gov/pubmed/20443122
http://www.ncbi.nlm.nih.gov/pubmed/8968742
http://www.ncbi.nlm.nih.gov/pubmed/16673358
http://www.ncbi.nlm.nih.gov/pubmed/9225981
http://www.ncbi.nlm.nih.gov/pubmed/8968742
http://www.ncbi.nlm.nih.gov/pubmed/16786514
http://www.ncbi.nlm.nih.gov/pubmed/23936869
http://www.ncbi.nlm.nih.gov/pubmed/16673358
http://www.ncbi.nlm.nih.gov/pubmed/20443122
http://www.ncbi.nlm.nih.gov/pubmed/15483024
http://www.ncbi.nlm.nih.gov/pubmed/15591903
http://www.ncbi.nlm.nih.gov/pubmed/9817285
http://www.ncbi.nlm.nih.gov/pubmed/8393425
http://www.ncbi.nlm.nih.gov/pubmed/9108089
http://www.ncbi.nlm.nih.gov/pubmed/18273617
http://www.ncbi.nlm.nih.gov/pubmed/21384108
http://www.ncbi.nlm.nih.gov/pubmed/24402088
http://www.ncbi.nlm.nih.gov/pubmed/11518820
http://www.ncbi.nlm.nih.gov/pubmed/20595692
http://www.ncbi.nlm.nih.gov/pubmed/21415313
http://www.ncbi.nlm.nih.gov/pubmed/9398852
http://www.ncbi.nlm.nih.gov/pubmed/16717397
http://www.ncbi.nlm.nih.gov/pubmed/1302008
http://www.ncbi.nlm.nih.gov/pubmed/9475094
http://www.ncbi.nlm.nih.gov/pubmed/9398852
http://www.ncbi.nlm.nih.gov/pubmed/9475094
http://www.ncbi.nlm.nih.gov/pubmed/17061122
http://www.ncbi.nlm.nih.gov/pubmed/17053149
http://www.ncbi.nlm.nih.gov/pubmed/21674762
http://www.ncbi.nlm.nih.gov/pubmed/23944711
http://www.ncbi.nlm.nih.gov/pubmed/11099667
http://www.ncbi.nlm.nih.gov/pubmed/19040496
http://www.ncbi.nlm.nih.gov/pubmed/8004674
http://www.ncbi.nlm.nih.gov/pubmed/8916972
http://www.ncbi.nlm.nih.gov/pubmed/21463873
http://www.ncbi.nlm.nih.gov/pubmed/8004674
http://www.ncbi.nlm.nih.gov/pubmed/16098033
http://www.ncbi.nlm.nih.gov/pubmed/1372103
http://www.ncbi.nlm.nih.gov/pubmed/9671271
http://www.ncbi.nlm.nih.gov/pubmed/8595429
http://www.ncbi.nlm.nih.gov/pubmed/2234061
http://www.ncbi.nlm.nih.gov/pubmed/8765158
http://www.ncbi.nlm.nih.gov/pubmed/16792756
http://www.ncbi.nlm.nih.gov/pubmed/1372103
http://www.ncbi.nlm.nih.gov/pubmed/8596539
http://www.ncbi.nlm.nih.gov/pubmed/9804340
http://www.ncbi.nlm.nih.gov/pubmed/21482201
http://www.ncbi.nlm.nih.gov/pubmed/14662655
http://www.ncbi.nlm.nih.gov/pubmed/14662655
http://www.ncbi.nlm.nih.gov/pubmed/16081512
http://www.ncbi.nlm.nih.gov/pubmed/16081512
http://www.ncbi.nlm.nih.gov/pubmed/23984341
http://www.ncbi.nlm.nih.gov/pubmed/20179356
http://www.ncbi.nlm.nih.gov/pubmed/16596326
http://www.ncbi.nlm.nih.gov/pubmed/12023982
http://www.ncbi.nlm.nih.gov/pubmed/17557904
http://www.ncbi.nlm.nih.gov/pubmed/16759312
http://www.ncbi.nlm.nih.gov/pubmed/24581741
http://www.ncbi.nlm.nih.gov/pubmed/24581741
http://www.ncbi.nlm.nih.gov/pubmed/8124727
http://www.ncbi.nlm.nih.gov/pubmed/19548248
http://www.ncbi.nlm.nih.gov/pubmed/15184899
http://www.ncbi.nlm.nih.gov/pubmed/17436253
http://www.ncbi.nlm.nih.gov/pubmed/16532472
http://www.ncbi.nlm.nih.gov/pubmed/12784289
http://www.ncbi.nlm.nih.gov/pubmed/16053902
http://www.ncbi.nlm.nih.gov/pubmed/20428734
http://www.ncbi.nlm.nih.gov/pubmed/16053902
http://www.ncbi.nlm.nih.gov/pubmed/23733235
http://www.ncbi.nlm.nih.gov/pubmed/18394578
http://www.ncbi.nlm.nih.gov/pubmed/21462267
http://www.ncbi.nlm.nih.gov/pubmed/19805727
http://www.ncbi.nlm.nih.gov/pubmed/19438933
http://www.ncbi.nlm.nih.gov/pubmed/19917823
http://www.ncbi.nlm.nih.gov/pubmed/19805727
http://www.ncbi.nlm.nih.gov/pubmed/19177455
http://www.ncbi.nlm.nih.gov/pubmed/19177455
http://www.ncbi.nlm.nih.gov/pubmed/19177455
http://www.ncbi.nlm.nih.gov/pubmed/19177455
http://www.ncbi.nlm.nih.gov/pubmed/18671782
http://www.ncbi.nlm.nih.gov/pubmed/22542183
http://www.ncbi.nlm.nih.gov/pubmed/23178126
http://www.ncbi.nlm.nih.gov/pubmed/23665959
http://www.ncbi.nlm.nih.gov/pubmed/14628291
http://www.ncbi.nlm.nih.gov/pubmed/23871722
http://www.ncbi.nlm.nih.gov/pubmed/22542183
http://www.ncbi.nlm.nih.gov/pubmed/23352160
http://www.ncbi.nlm.nih.gov/pubmed/22865819


PS:

Read file <data/skip/scraping_pubmed_chunks/logs/chunk30.e> for stderr output of this job.

