Sender: LSF System <lsf@node0915>
Subject: Job 9582124: <scrape.5> in cluster <cromwell> Done

Job <scrape.5> was submitted from host <gold> by user <birnbaum> in cluster <cromwell>.
Job was executed on host(s) <node0915>, in queue <hour>, as user <birnbaum> in cluster <cromwell>.
</home/unix/birnbaum> was used as the home directory.
</humgen/atgu1/fs03/birnbaum/cryptic-splice> was used as the working directory.
Started at Thu Jun  2 16:37:44 2016
Results reported on Thu Jun  2 16:48:04 2016

Your job looked like:

------------------------------------------------------------
# LSBATCH: User input
python src/scrape_pubmed_abstracts.py -p data/skip/hgmd_splice_pmids.txt --include "exon skipping" --include "skipping of exon" --exclude "cryptic splice site" --exclude "cryptic donor" --exclude "cryptic acceptor" -o data/skip/scraping_pubmed_chunks/chunk5.txt --chunk 5/30
------------------------------------------------------------

Successfully completed.

Resource usage summary:

    CPU time :               113.10 sec.
    Max Memory :             56 MB
    Average Memory :         52.80 MB
    Total Requested Memory : 750.00 MB
    Delta Memory :           694.00 MB
    (Delta: the difference between Total Requested Memory and Max Memory.)
    Max Processes :          3
    Max Threads :            4

The output (if any) follows:

http://www.ncbi.nlm.nih.gov/pubmed/19419768
http://www.ncbi.nlm.nih.gov/pubmed/7633420
http://www.ncbi.nlm.nih.gov/pubmed/11472359
http://www.ncbi.nlm.nih.gov/pubmed/12405164
http://www.ncbi.nlm.nih.gov/pubmed/12655572
http://www.ncbi.nlm.nih.gov/pubmed/17045652
http://www.ncbi.nlm.nih.gov/pubmed/7880320
http://www.ncbi.nlm.nih.gov/pubmed/23335184
http://www.ncbi.nlm.nih.gov/pubmed/12405164
invalid literal for int() with base 10: 'LSDB'
http://www.ncbi.nlm.nih.gov/pubmed/7711734
http://www.ncbi.nlm.nih.gov/pubmed/8938104
http://www.ncbi.nlm.nih.gov/pubmed/10844531
http://www.ncbi.nlm.nih.gov/pubmed/15661032
http://www.ncbi.nlm.nih.gov/pubmed/11438999
http://www.ncbi.nlm.nih.gov/pubmed/15661032
http://www.ncbi.nlm.nih.gov/pubmed/9545398
http://www.ncbi.nlm.nih.gov/pubmed/19419768
http://www.ncbi.nlm.nih.gov/pubmed/16951917
http://www.ncbi.nlm.nih.gov/pubmed/9445504
http://www.ncbi.nlm.nih.gov/pubmed/9106525
http://www.ncbi.nlm.nih.gov/pubmed/12768435
http://www.ncbi.nlm.nih.gov/pubmed/11742281
http://www.ncbi.nlm.nih.gov/pubmed/16951917
http://www.ncbi.nlm.nih.gov/pubmed/9192269
http://www.ncbi.nlm.nih.gov/pubmed/9545398
http://www.ncbi.nlm.nih.gov/pubmed/14974089
http://www.ncbi.nlm.nih.gov/pubmed/10844531
http://www.ncbi.nlm.nih.gov/pubmed/9445504
http://www.ncbi.nlm.nih.gov/pubmed/15024743
http://www.ncbi.nlm.nih.gov/pubmed/7849721
http://www.ncbi.nlm.nih.gov/pubmed/7633420
http://www.ncbi.nlm.nih.gov/pubmed/24383975
http://www.ncbi.nlm.nih.gov/pubmed/19419768
http://www.ncbi.nlm.nih.gov/pubmed/16159644
http://www.ncbi.nlm.nih.gov/pubmed/22495306
http://www.ncbi.nlm.nih.gov/pubmed/22865819
http://www.ncbi.nlm.nih.gov/pubmed/16411201
http://www.ncbi.nlm.nih.gov/pubmed/15475955
http://www.ncbi.nlm.nih.gov/pubmed/20516114
http://www.ncbi.nlm.nih.gov/pubmed/21190457
http://www.ncbi.nlm.nih.gov/pubmed/22269211
http://www.ncbi.nlm.nih.gov/pubmed/21271650
http://www.ncbi.nlm.nih.gov/pubmed/20817924
http://www.ncbi.nlm.nih.gov/pubmed/20004881
http://www.ncbi.nlm.nih.gov/pubmed/21271650
http://www.ncbi.nlm.nih.gov/pubmed/23269600
http://www.ncbi.nlm.nih.gov/pubmed/23352160
http://www.ncbi.nlm.nih.gov/pubmed/23352160
http://www.ncbi.nlm.nih.gov/pubmed/24160257
http://www.ncbi.nlm.nih.gov/pubmed/23105016
http://www.ncbi.nlm.nih.gov/pubmed/7923934
http://www.ncbi.nlm.nih.gov/pubmed/2212005
http://www.ncbi.nlm.nih.gov/pubmed/15781264
http://www.ncbi.nlm.nih.gov/pubmed/21501302
http://www.ncbi.nlm.nih.gov/pubmed/15294999
http://www.ncbi.nlm.nih.gov/pubmed/22901946
http://www.ncbi.nlm.nih.gov/pubmed/15778377
http://www.ncbi.nlm.nih.gov/pubmed/23743184
http://www.ncbi.nlm.nih.gov/pubmed/23743184
http://www.ncbi.nlm.nih.gov/pubmed/19375167
http://www.ncbi.nlm.nih.gov/pubmed/24178751
http://www.ncbi.nlm.nih.gov/pubmed/24178751
http://www.ncbi.nlm.nih.gov/pubmed/22425360
http://www.ncbi.nlm.nih.gov/pubmed/7535801
http://www.ncbi.nlm.nih.gov/pubmed/17257682
http://www.ncbi.nlm.nih.gov/pubmed/9218625
http://www.ncbi.nlm.nih.gov/pubmed/19931914
http://www.ncbi.nlm.nih.gov/pubmed/9856499
http://www.ncbi.nlm.nih.gov/pubmed/15831990
http://www.ncbi.nlm.nih.gov/pubmed/9856499
http://www.ncbi.nlm.nih.gov/pubmed/9759902
http://www.ncbi.nlm.nih.gov/pubmed/22177090
http://www.ncbi.nlm.nih.gov/pubmed/24618324
http://www.ncbi.nlm.nih.gov/pubmed/1301935
http://www.ncbi.nlm.nih.gov/pubmed/16265785
http://www.ncbi.nlm.nih.gov/pubmed/1542674
http://www.ncbi.nlm.nih.gov/pubmed/9143915
http://www.ncbi.nlm.nih.gov/pubmed/24530203
http://www.ncbi.nlm.nih.gov/pubmed/22981119
http://www.ncbi.nlm.nih.gov/pubmed/10371528
http://www.ncbi.nlm.nih.gov/pubmed/16043807
http://www.ncbi.nlm.nih.gov/pubmed/8898206
http://www.ncbi.nlm.nih.gov/pubmed/10371528
http://www.ncbi.nlm.nih.gov/pubmed/14718690
http://www.ncbi.nlm.nih.gov/pubmed/23344743
http://www.ncbi.nlm.nih.gov/pubmed/21431381
http://www.ncbi.nlm.nih.gov/pubmed/14530926
http://www.ncbi.nlm.nih.gov/pubmed/14681882
http://www.ncbi.nlm.nih.gov/pubmed/20129625
http://www.ncbi.nlm.nih.gov/pubmed/23575362
http://www.ncbi.nlm.nih.gov/pubmed/24463508
http://www.ncbi.nlm.nih.gov/pubmed/23714322
http://www.ncbi.nlm.nih.gov/pubmed/23714322
http://www.ncbi.nlm.nih.gov/pubmed/12111638
http://www.ncbi.nlm.nih.gov/pubmed/12111638
http://www.ncbi.nlm.nih.gov/pubmed/11381068
http://www.ncbi.nlm.nih.gov/pubmed/11281458
http://www.ncbi.nlm.nih.gov/pubmed/12111638
http://www.ncbi.nlm.nih.gov/pubmed/12111638
http://www.ncbi.nlm.nih.gov/pubmed/12111638
http://www.ncbi.nlm.nih.gov/pubmed/11281458
http://www.ncbi.nlm.nih.gov/pubmed/11281458
http://www.ncbi.nlm.nih.gov/pubmed/24463508
http://www.ncbi.nlm.nih.gov/pubmed/24463508
http://www.ncbi.nlm.nih.gov/pubmed/22542183
http://www.ncbi.nlm.nih.gov/pubmed/24727801
http://www.ncbi.nlm.nih.gov/pubmed/24463508
http://www.ncbi.nlm.nih.gov/pubmed/21612516
http://www.ncbi.nlm.nih.gov/pubmed/22539336
http://www.ncbi.nlm.nih.gov/pubmed/21037275
http://www.ncbi.nlm.nih.gov/pubmed/11017071
http://www.ncbi.nlm.nih.gov/pubmed/18563459
http://www.ncbi.nlm.nih.gov/pubmed/17562833
http://www.ncbi.nlm.nih.gov/pubmed/10102422
http://www.ncbi.nlm.nih.gov/pubmed/18854869
http://www.ncbi.nlm.nih.gov/pubmed/16141003
http://www.ncbi.nlm.nih.gov/pubmed/15689361
http://www.ncbi.nlm.nih.gov/pubmed/17258832
http://www.ncbi.nlm.nih.gov/pubmed/20477750
http://www.ncbi.nlm.nih.gov/pubmed/16650086
http://www.ncbi.nlm.nih.gov/pubmed/15689361
http://www.ncbi.nlm.nih.gov/pubmed/16141003
http://www.ncbi.nlm.nih.gov/pubmed/16141003
http://www.ncbi.nlm.nih.gov/pubmed/20517216
http://www.ncbi.nlm.nih.gov/pubmed/18563459
http://www.ncbi.nlm.nih.gov/pubmed/15689361
http://www.ncbi.nlm.nih.gov/pubmed/7670461
http://www.ncbi.nlm.nih.gov/pubmed/10330340
http://www.ncbi.nlm.nih.gov/pubmed/15221789
http://www.ncbi.nlm.nih.gov/pubmed/18055493
http://www.ncbi.nlm.nih.gov/pubmed/10330340
http://www.ncbi.nlm.nih.gov/pubmed/11525884
http://www.ncbi.nlm.nih.gov/pubmed/23666804
http://www.ncbi.nlm.nih.gov/pubmed/17994539
http://www.ncbi.nlm.nih.gov/pubmed/18337726
http://www.ncbi.nlm.nih.gov/pubmed/16141003
http://www.ncbi.nlm.nih.gov/pubmed/17979987
http://www.ncbi.nlm.nih.gov/pubmed/10330340
http://www.ncbi.nlm.nih.gov/pubmed/18055493
http://www.ncbi.nlm.nih.gov/pubmed/10330340
http://www.ncbi.nlm.nih.gov/pubmed/16650086
http://www.ncbi.nlm.nih.gov/pubmed/20044116
http://www.ncbi.nlm.nih.gov/pubmed/17994539
http://www.ncbi.nlm.nih.gov/pubmed/18055493
http://www.ncbi.nlm.nih.gov/pubmed/22926650
http://www.ncbi.nlm.nih.gov/pubmed/18055493
http://www.ncbi.nlm.nih.gov/pubmed/16141003
http://www.ncbi.nlm.nih.gov/pubmed/16650086
http://www.ncbi.nlm.nih.gov/pubmed/18563459
http://www.ncbi.nlm.nih.gov/pubmed/15689361
http://www.ncbi.nlm.nih.gov/pubmed/18055493
http://www.ncbi.nlm.nih.gov/pubmed/9452114
http://www.ncbi.nlm.nih.gov/pubmed/22926650
http://www.ncbi.nlm.nih.gov/pubmed/16141003
http://www.ncbi.nlm.nih.gov/pubmed/15689361
http://www.ncbi.nlm.nih.gov/pubmed/7720071
http://www.ncbi.nlm.nih.gov/pubmed/16650086
http://www.ncbi.nlm.nih.gov/pubmed/18854869
http://www.ncbi.nlm.nih.gov/pubmed/11525884
http://www.ncbi.nlm.nih.gov/pubmed/17994539
http://www.ncbi.nlm.nih.gov/pubmed/10330340
http://www.ncbi.nlm.nih.gov/pubmed/22521418
http://www.ncbi.nlm.nih.gov/pubmed/22703878
http://www.ncbi.nlm.nih.gov/pubmed/22521418
http://www.ncbi.nlm.nih.gov/pubmed/21983784
http://www.ncbi.nlm.nih.gov/pubmed/19200522
http://www.ncbi.nlm.nih.gov/pubmed/21954287
http://www.ncbi.nlm.nih.gov/pubmed/21954287
http://www.ncbi.nlm.nih.gov/pubmed/22452838
http://www.ncbi.nlm.nih.gov/pubmed/22452838
http://www.ncbi.nlm.nih.gov/pubmed/21735175
http://www.ncbi.nlm.nih.gov/pubmed/20029458
http://www.ncbi.nlm.nih.gov/pubmed/22452838
http://www.ncbi.nlm.nih.gov/pubmed/21735175
http://www.ncbi.nlm.nih.gov/pubmed/21954287
http://www.ncbi.nlm.nih.gov/pubmed/21954287
http://www.ncbi.nlm.nih.gov/pubmed/18690219
HTTP Error 404: Not Found
http://www.ncbi.nlm.nih.gov/pubmed/18058802
http://www.ncbi.nlm.nih.gov/pubmed/21618644
http://www.ncbi.nlm.nih.gov/pubmed/21618644
http://www.ncbi.nlm.nih.gov/pubmed/21618644
http://www.ncbi.nlm.nih.gov/pubmed/12386154
http://www.ncbi.nlm.nih.gov/pubmed/21618644
http://www.ncbi.nlm.nih.gov/pubmed/21618644
http://www.ncbi.nlm.nih.gov/pubmed/19073830
http://www.ncbi.nlm.nih.gov/pubmed/11668634
http://www.ncbi.nlm.nih.gov/pubmed/22422767
http://www.ncbi.nlm.nih.gov/pubmed/20164288
http://www.ncbi.nlm.nih.gov/pubmed/16309371
http://www.ncbi.nlm.nih.gov/pubmed/16309371
http://www.ncbi.nlm.nih.gov/pubmed/2308162
http://www.ncbi.nlm.nih.gov/pubmed/11197178
http://www.ncbi.nlm.nih.gov/pubmed/16730439
invalid literal for int() with base 10: 'ABST'
invalid literal for int() with base 10: 'ABST'
http://www.ncbi.nlm.nih.gov/pubmed/10215408
http://www.ncbi.nlm.nih.gov/pubmed/11359213
http://www.ncbi.nlm.nih.gov/pubmed/12124992
http://www.ncbi.nlm.nih.gov/pubmed/1301198
http://www.ncbi.nlm.nih.gov/pubmed/9232191
http://www.ncbi.nlm.nih.gov/pubmed/10338090
http://www.ncbi.nlm.nih.gov/pubmed/11748855
http://www.ncbi.nlm.nih.gov/pubmed/22382802
http://www.ncbi.nlm.nih.gov/pubmed/24169224
http://www.ncbi.nlm.nih.gov/pubmed/14635102
http://www.ncbi.nlm.nih.gov/pubmed/10338090
http://www.ncbi.nlm.nih.gov/pubmed/24211323
http://www.ncbi.nlm.nih.gov/pubmed/10338090
http://www.ncbi.nlm.nih.gov/pubmed/15146473
http://www.ncbi.nlm.nih.gov/pubmed/22848652
http://www.ncbi.nlm.nih.gov/pubmed/18513680
http://www.ncbi.nlm.nih.gov/pubmed/18387594
http://www.ncbi.nlm.nih.gov/pubmed/19777577
http://www.ncbi.nlm.nih.gov/pubmed/19777577
http://www.ncbi.nlm.nih.gov/pubmed/22241855
http://www.ncbi.nlm.nih.gov/pubmed/22241855
http://www.ncbi.nlm.nih.gov/pubmed/19777577
http://www.ncbi.nlm.nih.gov/pubmed/23352160
http://www.ncbi.nlm.nih.gov/pubmed/22865819
http://www.ncbi.nlm.nih.gov/pubmed/22577226
http://www.ncbi.nlm.nih.gov/pubmed/23261302
http://www.ncbi.nlm.nih.gov/pubmed/23261303
http://www.ncbi.nlm.nih.gov/pubmed/23261302
http://www.ncbi.nlm.nih.gov/pubmed/23261303
http://www.ncbi.nlm.nih.gov/pubmed/24146633
http://www.ncbi.nlm.nih.gov/pubmed/21826058
http://www.ncbi.nlm.nih.gov/pubmed/16327777
http://www.ncbi.nlm.nih.gov/pubmed/23255504
http://www.ncbi.nlm.nih.gov/pubmed/21131972
http://www.ncbi.nlm.nih.gov/pubmed/21131972
http://www.ncbi.nlm.nih.gov/pubmed/21131972
http://www.ncbi.nlm.nih.gov/pubmed/21131972
http://www.ncbi.nlm.nih.gov/pubmed/21131974
http://www.ncbi.nlm.nih.gov/pubmed/22693285
http://www.ncbi.nlm.nih.gov/pubmed/23255504
http://www.ncbi.nlm.nih.gov/pubmed/21031079
http://www.ncbi.nlm.nih.gov/pubmed/12114533
http://www.ncbi.nlm.nih.gov/pubmed/14624391
http://www.ncbi.nlm.nih.gov/pubmed/15122722
http://www.ncbi.nlm.nih.gov/pubmed/23595507
http://www.ncbi.nlm.nih.gov/pubmed/23595507
http://www.ncbi.nlm.nih.gov/pubmed/15122722
http://www.ncbi.nlm.nih.gov/pubmed/19475721
http://www.ncbi.nlm.nih.gov/pubmed/14740320
http://www.ncbi.nlm.nih.gov/pubmed/17277691
http://www.ncbi.nlm.nih.gov/pubmed/14740320
http://www.ncbi.nlm.nih.gov/pubmed/14624391
http://www.ncbi.nlm.nih.gov/pubmed/10667569
http://www.ncbi.nlm.nih.gov/pubmed/23946390
http://www.ncbi.nlm.nih.gov/pubmed/21926461
http://www.ncbi.nlm.nih.gov/pubmed/15729559
http://www.ncbi.nlm.nih.gov/pubmed/8490660
http://www.ncbi.nlm.nih.gov/pubmed/1635567
http://www.ncbi.nlm.nih.gov/pubmed/22342113
http://www.ncbi.nlm.nih.gov/pubmed/12584544
http://www.ncbi.nlm.nih.gov/pubmed/11675497
invalid literal for int() with base 10: 'LSDB'
http://www.ncbi.nlm.nih.gov/pubmed/15358621
http://www.ncbi.nlm.nih.gov/pubmed/8550833
http://www.ncbi.nlm.nih.gov/pubmed/19575287
http://www.ncbi.nlm.nih.gov/pubmed/24402618
http://www.ncbi.nlm.nih.gov/pubmed/9150729
invalid literal for int() with base 10: 'LSDB'
http://www.ncbi.nlm.nih.gov/pubmed/9746782
http://www.ncbi.nlm.nih.gov/pubmed/22322937
http://www.ncbi.nlm.nih.gov/pubmed/9746782
http://www.ncbi.nlm.nih.gov/pubmed/15358621
http://www.ncbi.nlm.nih.gov/pubmed/8550833
http://www.ncbi.nlm.nih.gov/pubmed/15358621
http://www.ncbi.nlm.nih.gov/pubmed/8829642
invalid literal for int() with base 10: 'LSDB'
http://www.ncbi.nlm.nih.gov/pubmed/15358621
http://www.ncbi.nlm.nih.gov/pubmed/14514918
http://www.ncbi.nlm.nih.gov/pubmed/12823286
http://www.ncbi.nlm.nih.gov/pubmed/9746782
http://www.ncbi.nlm.nih.gov/pubmed/14514918
http://www.ncbi.nlm.nih.gov/pubmed/12952351
http://www.ncbi.nlm.nih.gov/pubmed/15358621
invalid literal for int() with base 10: 'LSDB'
http://www.ncbi.nlm.nih.gov/pubmed/9150729
http://www.ncbi.nlm.nih.gov/pubmed/8550833
http://www.ncbi.nlm.nih.gov/pubmed/23010537
http://www.ncbi.nlm.nih.gov/pubmed/15358621
http://www.ncbi.nlm.nih.gov/pubmed/10867853
http://www.ncbi.nlm.nih.gov/pubmed/19580891
http://www.ncbi.nlm.nih.gov/pubmed/16621965
http://www.ncbi.nlm.nih.gov/pubmed/24422172
http://www.ncbi.nlm.nih.gov/pubmed/17261436
http://www.ncbi.nlm.nih.gov/pubmed/15661753
http://www.ncbi.nlm.nih.gov/pubmed/16762990
http://www.ncbi.nlm.nih.gov/pubmed/16621965
http://www.ncbi.nlm.nih.gov/pubmed/17089378
http://www.ncbi.nlm.nih.gov/pubmed/22403278
http://www.ncbi.nlm.nih.gov/pubmed/16762990
http://www.ncbi.nlm.nih.gov/pubmed/9427725
http://www.ncbi.nlm.nih.gov/pubmed/7519480
http://www.ncbi.nlm.nih.gov/pubmed/11920841
http://www.ncbi.nlm.nih.gov/pubmed/10525050
http://www.ncbi.nlm.nih.gov/pubmed/20237408
http://www.ncbi.nlm.nih.gov/pubmed/20010457
http://www.ncbi.nlm.nih.gov/pubmed/16098079
http://www.ncbi.nlm.nih.gov/pubmed/24196372
http://www.ncbi.nlm.nih.gov/pubmed/16098079
http://www.ncbi.nlm.nih.gov/pubmed/21471979
http://www.ncbi.nlm.nih.gov/pubmed/15531515
http://www.ncbi.nlm.nih.gov/pubmed/14985403
http://www.ncbi.nlm.nih.gov/pubmed/15613436
http://www.ncbi.nlm.nih.gov/pubmed/21652691
http://www.ncbi.nlm.nih.gov/pubmed/23293331
http://www.ncbi.nlm.nih.gov/pubmed/21652691
http://www.ncbi.nlm.nih.gov/pubmed/20719348
http://www.ncbi.nlm.nih.gov/pubmed/17221870
http://www.ncbi.nlm.nih.gov/pubmed/10072428
http://www.ncbi.nlm.nih.gov/pubmed/18046629
http://www.ncbi.nlm.nih.gov/pubmed/11968084
http://www.ncbi.nlm.nih.gov/pubmed/15235021
http://www.ncbi.nlm.nih.gov/pubmed/24204729
http://www.ncbi.nlm.nih.gov/pubmed/16061854
http://www.ncbi.nlm.nih.gov/pubmed/17545690
http://www.ncbi.nlm.nih.gov/pubmed/23709761
http://www.ncbi.nlm.nih.gov/pubmed/11968084
http://www.ncbi.nlm.nih.gov/pubmed/17221870
http://www.ncbi.nlm.nih.gov/pubmed/15831593
http://www.ncbi.nlm.nih.gov/pubmed/12588804
http://www.ncbi.nlm.nih.gov/pubmed/15235021
http://www.ncbi.nlm.nih.gov/pubmed/11948460
http://www.ncbi.nlm.nih.gov/pubmed/24493355
http://www.ncbi.nlm.nih.gov/pubmed/11968083
http://www.ncbi.nlm.nih.gov/pubmed/23124477
http://www.ncbi.nlm.nih.gov/pubmed/20624523
http://www.ncbi.nlm.nih.gov/pubmed/23709761
http://www.ncbi.nlm.nih.gov/pubmed/9537325
http://www.ncbi.nlm.nih.gov/pubmed/15831593
http://www.ncbi.nlm.nih.gov/pubmed/10477433
http://www.ncbi.nlm.nih.gov/pubmed/12075507
http://www.ncbi.nlm.nih.gov/pubmed/18484607
http://www.ncbi.nlm.nih.gov/pubmed/22135276
http://www.ncbi.nlm.nih.gov/pubmed/12075507
http://www.ncbi.nlm.nih.gov/pubmed/18484607
http://www.ncbi.nlm.nih.gov/pubmed/12075507
http://www.ncbi.nlm.nih.gov/pubmed/18323324
http://www.ncbi.nlm.nih.gov/pubmed/11138009
http://www.ncbi.nlm.nih.gov/pubmed/12075507
http://www.ncbi.nlm.nih.gov/pubmed/21940737
http://www.ncbi.nlm.nih.gov/pubmed/11857743
http://www.ncbi.nlm.nih.gov/pubmed/18484607
http://www.ncbi.nlm.nih.gov/pubmed/16679490
http://www.ncbi.nlm.nih.gov/pubmed/11090341
http://www.ncbi.nlm.nih.gov/pubmed/11857743
http://www.ncbi.nlm.nih.gov/pubmed/21940737
http://www.ncbi.nlm.nih.gov/pubmed/22135276
http://www.ncbi.nlm.nih.gov/pubmed/24498627
http://www.ncbi.nlm.nih.gov/pubmed/21940737
http://www.ncbi.nlm.nih.gov/pubmed/22135276
http://www.ncbi.nlm.nih.gov/pubmed/11138009
http://www.ncbi.nlm.nih.gov/pubmed/12075507
http://www.ncbi.nlm.nih.gov/pubmed/16679490
http://www.ncbi.nlm.nih.gov/pubmed/24416283
http://www.ncbi.nlm.nih.gov/pubmed/24498627
http://www.ncbi.nlm.nih.gov/pubmed/11090341
http://www.ncbi.nlm.nih.gov/pubmed/20140736
http://www.ncbi.nlm.nih.gov/pubmed/19076794
http://www.ncbi.nlm.nih.gov/pubmed/20203473
http://www.ncbi.nlm.nih.gov/pubmed/17342797
http://www.ncbi.nlm.nih.gov/pubmed/23233793
http://www.ncbi.nlm.nih.gov/pubmed/23591405
http://www.ncbi.nlm.nih.gov/pubmed/23591405
http://www.ncbi.nlm.nih.gov/pubmed/15793586
http://www.ncbi.nlm.nih.gov/pubmed/23726037
http://www.ncbi.nlm.nih.gov/pubmed/22872100
http://www.ncbi.nlm.nih.gov/pubmed/22872100
http://www.ncbi.nlm.nih.gov/pubmed/16611748
http://www.ncbi.nlm.nih.gov/pubmed/22982301
http://www.ncbi.nlm.nih.gov/pubmed/15492925
http://www.ncbi.nlm.nih.gov/pubmed/22872100
http://www.ncbi.nlm.nih.gov/pubmed/22812903
http://www.ncbi.nlm.nih.gov/pubmed/16611748
http://www.ncbi.nlm.nih.gov/pubmed/19241098
http://www.ncbi.nlm.nih.gov/pubmed/16015284
http://www.ncbi.nlm.nih.gov/pubmed/19793311
http://www.ncbi.nlm.nih.gov/pubmed/22872100
http://www.ncbi.nlm.nih.gov/pubmed/21765152
http://www.ncbi.nlm.nih.gov/pubmed/18266744
http://www.ncbi.nlm.nih.gov/pubmed/19793311
http://www.ncbi.nlm.nih.gov/pubmed/18063413
http://www.ncbi.nlm.nih.gov/pubmed/22982301
http://www.ncbi.nlm.nih.gov/pubmed/21309761
http://www.ncbi.nlm.nih.gov/pubmed/16611748
http://www.ncbi.nlm.nih.gov/pubmed/19793311
http://www.ncbi.nlm.nih.gov/pubmed/19793311
http://www.ncbi.nlm.nih.gov/pubmed/16015284
http://www.ncbi.nlm.nih.gov/pubmed/20503313
http://www.ncbi.nlm.nih.gov/pubmed/10424811
http://www.ncbi.nlm.nih.gov/pubmed/11815963
http://www.ncbi.nlm.nih.gov/pubmed/15761864
http://www.ncbi.nlm.nih.gov/pubmed/22292911
http://www.ncbi.nlm.nih.gov/pubmed/22841127
http://www.ncbi.nlm.nih.gov/pubmed/11687599
http://www.ncbi.nlm.nih.gov/pubmed/15761864
http://www.ncbi.nlm.nih.gov/pubmed/17167857
http://www.ncbi.nlm.nih.gov/pubmed/9185756
http://www.ncbi.nlm.nih.gov/pubmed/11433531
http://www.ncbi.nlm.nih.gov/pubmed/20539244
http://www.ncbi.nlm.nih.gov/pubmed/15140239
http://www.ncbi.nlm.nih.gov/pubmed/10627132
http://www.ncbi.nlm.nih.gov/pubmed/7987387
http://www.ncbi.nlm.nih.gov/pubmed/22841127
http://www.ncbi.nlm.nih.gov/pubmed/11726555
http://www.ncbi.nlm.nih.gov/pubmed/22841127
http://www.ncbi.nlm.nih.gov/pubmed/20522431
http://www.ncbi.nlm.nih.gov/pubmed/21131973
http://www.ncbi.nlm.nih.gov/pubmed/21131973
http://www.ncbi.nlm.nih.gov/pubmed/17617513
http://www.ncbi.nlm.nih.gov/pubmed/23188109
http://www.ncbi.nlm.nih.gov/pubmed/20683928
http://www.ncbi.nlm.nih.gov/pubmed/20683928
http://www.ncbi.nlm.nih.gov/pubmed/17345604
http://www.ncbi.nlm.nih.gov/pubmed/20683928
http://www.ncbi.nlm.nih.gov/pubmed/21866095
http://www.ncbi.nlm.nih.gov/pubmed/23661368
http://www.ncbi.nlm.nih.gov/pubmed/16909394
http://www.ncbi.nlm.nih.gov/pubmed/17617513
http://www.ncbi.nlm.nih.gov/pubmed/17564974
http://www.ncbi.nlm.nih.gov/pubmed/17409309
http://www.ncbi.nlm.nih.gov/pubmed/16909394
http://www.ncbi.nlm.nih.gov/pubmed/17564974
http://www.ncbi.nlm.nih.gov/pubmed/17409309
http://www.ncbi.nlm.nih.gov/pubmed/22334370
http://www.ncbi.nlm.nih.gov/pubmed/17345604
http://www.ncbi.nlm.nih.gov/pubmed/17345604
http://www.ncbi.nlm.nih.gov/pubmed/24265693
http://www.ncbi.nlm.nih.gov/pubmed/17409309
http://www.ncbi.nlm.nih.gov/pubmed/22699515
http://www.ncbi.nlm.nih.gov/pubmed/20130272
http://www.ncbi.nlm.nih.gov/pubmed/22246503
http://www.ncbi.nlm.nih.gov/pubmed/21438139
http://www.ncbi.nlm.nih.gov/pubmed/22246503
http://www.ncbi.nlm.nih.gov/pubmed/18055789
http://www.ncbi.nlm.nih.gov/pubmed/23591405
http://www.ncbi.nlm.nih.gov/pubmed/23754960
http://www.ncbi.nlm.nih.gov/pubmed/16033949
http://www.ncbi.nlm.nih.gov/pubmed/8906584
http://www.ncbi.nlm.nih.gov/pubmed/2586614
http://www.ncbi.nlm.nih.gov/pubmed/18926541
http://www.ncbi.nlm.nih.gov/pubmed/23685560
http://www.ncbi.nlm.nih.gov/pubmed/22122993
http://www.ncbi.nlm.nih.gov/pubmed/17192423
http://www.ncbi.nlm.nih.gov/pubmed/22403620
http://www.ncbi.nlm.nih.gov/pubmed/22403620
http://www.ncbi.nlm.nih.gov/pubmed/18538293
http://www.ncbi.nlm.nih.gov/pubmed/18538293
http://www.ncbi.nlm.nih.gov/pubmed/24029428
http://www.ncbi.nlm.nih.gov/pubmed/20513133
http://www.ncbi.nlm.nih.gov/pubmed/20106822
http://www.ncbi.nlm.nih.gov/pubmed/12960213
http://www.ncbi.nlm.nih.gov/pubmed/18252232
http://www.ncbi.nlm.nih.gov/pubmed/23431077
http://www.ncbi.nlm.nih.gov/pubmed/16621965
http://www.ncbi.nlm.nih.gov/pubmed/8613545
http://www.ncbi.nlm.nih.gov/pubmed/23431077


PS:

Read file <data/skip/scraping_pubmed_chunks/logs/chunk5.e> for stderr output of this job.

