Sender: LSF System <lsf@node0904>
Subject: Job 9582130: <scrape.11> in cluster <cromwell> Done

Job <scrape.11> was submitted from host <gold> by user <birnbaum> in cluster <cromwell>.
Job was executed on host(s) <node0904>, in queue <hour>, as user <birnbaum> in cluster <cromwell>.
</home/unix/birnbaum> was used as the home directory.
</humgen/atgu1/fs03/birnbaum/cryptic-splice> was used as the working directory.
Started at Thu Jun  2 16:37:51 2016
Results reported on Thu Jun  2 16:47:09 2016

Your job looked like:

------------------------------------------------------------
# LSBATCH: User input
python src/scrape_pubmed_abstracts.py -p data/skip/hgmd_splice_pmids.txt --include "exon skipping" --include "skipping of exon" --exclude "cryptic splice site" --exclude "cryptic donor" --exclude "cryptic acceptor" -o data/skip/scraping_pubmed_chunks/chunk11.txt --chunk 11/30
------------------------------------------------------------

Successfully completed.

Resource usage summary:

    CPU time :               106.22 sec.
    Max Memory :             52 MB
    Average Memory :         49.36 MB
    Total Requested Memory : 750.00 MB
    Delta Memory :           698.00 MB
    (Delta: the difference between Total Requested Memory and Max Memory.)
    Max Processes :          3
    Max Threads :            4

The output (if any) follows:

http://www.ncbi.nlm.nih.gov/pubmed/16752392
http://www.ncbi.nlm.nih.gov/pubmed/15517393
http://www.ncbi.nlm.nih.gov/pubmed/9554745
http://www.ncbi.nlm.nih.gov/pubmed/21158752
http://www.ncbi.nlm.nih.gov/pubmed/10625079
http://www.ncbi.nlm.nih.gov/pubmed/16752392
http://www.ncbi.nlm.nih.gov/pubmed/21158752
http://www.ncbi.nlm.nih.gov/pubmed/15605415
http://www.ncbi.nlm.nih.gov/pubmed/11771660
http://www.ncbi.nlm.nih.gov/pubmed/20016754
http://www.ncbi.nlm.nih.gov/pubmed/20016754
http://www.ncbi.nlm.nih.gov/pubmed/22209248
http://www.ncbi.nlm.nih.gov/pubmed/15605415
http://www.ncbi.nlm.nih.gov/pubmed/19508687
http://www.ncbi.nlm.nih.gov/pubmed/8528207
http://www.ncbi.nlm.nih.gov/pubmed/18572020
http://www.ncbi.nlm.nih.gov/pubmed/18572020
http://www.ncbi.nlm.nih.gov/pubmed/21315192
http://www.ncbi.nlm.nih.gov/pubmed/24142340
http://www.ncbi.nlm.nih.gov/pubmed/24142340
http://www.ncbi.nlm.nih.gov/pubmed/23462293
http://www.ncbi.nlm.nih.gov/pubmed/23222957
http://www.ncbi.nlm.nih.gov/pubmed/23222957
http://www.ncbi.nlm.nih.gov/pubmed/23222957
http://www.ncbi.nlm.nih.gov/pubmed/23222957
http://www.ncbi.nlm.nih.gov/pubmed/23222957
http://www.ncbi.nlm.nih.gov/pubmed/23222957
http://www.ncbi.nlm.nih.gov/pubmed/19306328
http://www.ncbi.nlm.nih.gov/pubmed/20738377
http://www.ncbi.nlm.nih.gov/pubmed/17701904
http://www.ncbi.nlm.nih.gov/pubmed/21637803
http://www.ncbi.nlm.nih.gov/pubmed/21612988
http://www.ncbi.nlm.nih.gov/pubmed/19085937
http://www.ncbi.nlm.nih.gov/pubmed/23232694
http://www.ncbi.nlm.nih.gov/pubmed/7585650
http://www.ncbi.nlm.nih.gov/pubmed/7585650
http://www.ncbi.nlm.nih.gov/pubmed/9758621
http://www.ncbi.nlm.nih.gov/pubmed/18470933
http://www.ncbi.nlm.nih.gov/pubmed/2167179
http://www.ncbi.nlm.nih.gov/pubmed/16947863
http://www.ncbi.nlm.nih.gov/pubmed/24027083
http://www.ncbi.nlm.nih.gov/pubmed/15572672
http://www.ncbi.nlm.nih.gov/pubmed/19894250
http://www.ncbi.nlm.nih.gov/pubmed/18628313
http://www.ncbi.nlm.nih.gov/pubmed/19894250
http://www.ncbi.nlm.nih.gov/pubmed/19894250
http://www.ncbi.nlm.nih.gov/pubmed/23599700
http://www.ncbi.nlm.nih.gov/pubmed/19894250
http://www.ncbi.nlm.nih.gov/pubmed/19894250
http://www.ncbi.nlm.nih.gov/pubmed/19894250
http://www.ncbi.nlm.nih.gov/pubmed/19894250
http://www.ncbi.nlm.nih.gov/pubmed/19894250
http://www.ncbi.nlm.nih.gov/pubmed/19894250
http://www.ncbi.nlm.nih.gov/pubmed/19894250
http://www.ncbi.nlm.nih.gov/pubmed/19894250
http://www.ncbi.nlm.nih.gov/pubmed/16865293
http://www.ncbi.nlm.nih.gov/pubmed/15744458
http://www.ncbi.nlm.nih.gov/pubmed/17084038
http://www.ncbi.nlm.nih.gov/pubmed/16865293
http://www.ncbi.nlm.nih.gov/pubmed/19894250
http://www.ncbi.nlm.nih.gov/pubmed/23354439
http://www.ncbi.nlm.nih.gov/pubmed/23109145
http://www.ncbi.nlm.nih.gov/pubmed/18411254
http://www.ncbi.nlm.nih.gov/pubmed/16380922
http://www.ncbi.nlm.nih.gov/pubmed/16380922
http://www.ncbi.nlm.nih.gov/pubmed/18411254
http://www.ncbi.nlm.nih.gov/pubmed/18411254
http://www.ncbi.nlm.nih.gov/pubmed/11919305
http://www.ncbi.nlm.nih.gov/pubmed/15068501
http://www.ncbi.nlm.nih.gov/pubmed/16553027
http://www.ncbi.nlm.nih.gov/pubmed/18289905
http://www.ncbi.nlm.nih.gov/pubmed/12815589
http://www.ncbi.nlm.nih.gov/pubmed/7912128
http://www.ncbi.nlm.nih.gov/pubmed/7757062
http://www.ncbi.nlm.nih.gov/pubmed/19758981
http://www.ncbi.nlm.nih.gov/pubmed/24123825
http://www.ncbi.nlm.nih.gov/pubmed/23628458
http://www.ncbi.nlm.nih.gov/pubmed/15669683
http://www.ncbi.nlm.nih.gov/pubmed/19758981
http://www.ncbi.nlm.nih.gov/pubmed/24357026
http://www.ncbi.nlm.nih.gov/pubmed/19758981
http://www.ncbi.nlm.nih.gov/pubmed/23628458
http://www.ncbi.nlm.nih.gov/pubmed/20837308
http://www.ncbi.nlm.nih.gov/pubmed/14732903
http://www.ncbi.nlm.nih.gov/pubmed/16183799
http://www.ncbi.nlm.nih.gov/pubmed/14732903
http://www.ncbi.nlm.nih.gov/pubmed/14732903
http://www.ncbi.nlm.nih.gov/pubmed/22771031
http://www.ncbi.nlm.nih.gov/pubmed/17024374
http://www.ncbi.nlm.nih.gov/pubmed/19810119
http://www.ncbi.nlm.nih.gov/pubmed/19810119
http://www.ncbi.nlm.nih.gov/pubmed/17024374
http://www.ncbi.nlm.nih.gov/pubmed/23220543
http://www.ncbi.nlm.nih.gov/pubmed/23220543
http://www.ncbi.nlm.nih.gov/pubmed/10700184
http://www.ncbi.nlm.nih.gov/pubmed/17024374
http://www.ncbi.nlm.nih.gov/pubmed/23220543
http://www.ncbi.nlm.nih.gov/pubmed/23220543
http://www.ncbi.nlm.nih.gov/pubmed/23220543
http://www.ncbi.nlm.nih.gov/pubmed/17024374
http://www.ncbi.nlm.nih.gov/pubmed/23220543
http://www.ncbi.nlm.nih.gov/pubmed/19810119
http://www.ncbi.nlm.nih.gov/pubmed/18454448
http://www.ncbi.nlm.nih.gov/pubmed/20184732
http://www.ncbi.nlm.nih.gov/pubmed/19810119
http://www.ncbi.nlm.nih.gov/pubmed/17024374
http://www.ncbi.nlm.nih.gov/pubmed/17024374
http://www.ncbi.nlm.nih.gov/pubmed/21815252
http://www.ncbi.nlm.nih.gov/pubmed/23220543
http://www.ncbi.nlm.nih.gov/pubmed/11375940
http://www.ncbi.nlm.nih.gov/pubmed/22544365
http://www.ncbi.nlm.nih.gov/pubmed/19810120
http://www.ncbi.nlm.nih.gov/pubmed/15253765
http://www.ncbi.nlm.nih.gov/pubmed/16283885
http://www.ncbi.nlm.nih.gov/pubmed/10713884
http://www.ncbi.nlm.nih.gov/pubmed/15586175
http://www.ncbi.nlm.nih.gov/pubmed/19810120
http://www.ncbi.nlm.nih.gov/pubmed/23262345
http://www.ncbi.nlm.nih.gov/pubmed/19810120
http://www.ncbi.nlm.nih.gov/pubmed/9150727
http://www.ncbi.nlm.nih.gov/pubmed/24532482
http://www.ncbi.nlm.nih.gov/pubmed/23439489
http://www.ncbi.nlm.nih.gov/pubmed/9521425
http://www.ncbi.nlm.nih.gov/pubmed/19810120
http://www.ncbi.nlm.nih.gov/pubmed/23439489
http://www.ncbi.nlm.nih.gov/pubmed/19810120
http://www.ncbi.nlm.nih.gov/pubmed/19810120
http://www.ncbi.nlm.nih.gov/pubmed/16088908
http://www.ncbi.nlm.nih.gov/pubmed/17041877
http://www.ncbi.nlm.nih.gov/pubmed/10713884
http://www.ncbi.nlm.nih.gov/pubmed/19810120
http://www.ncbi.nlm.nih.gov/pubmed/9326317
http://www.ncbi.nlm.nih.gov/pubmed/19810120
http://www.ncbi.nlm.nih.gov/pubmed/18373409
http://www.ncbi.nlm.nih.gov/pubmed/10713884
http://www.ncbi.nlm.nih.gov/pubmed/17041877
http://www.ncbi.nlm.nih.gov/pubmed/19810120
http://www.ncbi.nlm.nih.gov/pubmed/19810120
http://www.ncbi.nlm.nih.gov/pubmed/16283885
http://www.ncbi.nlm.nih.gov/pubmed/10713884
http://www.ncbi.nlm.nih.gov/pubmed/16283885
http://www.ncbi.nlm.nih.gov/pubmed/23262345
http://www.ncbi.nlm.nih.gov/pubmed/18165274
http://www.ncbi.nlm.nih.gov/pubmed/15586175
http://www.ncbi.nlm.nih.gov/pubmed/16088908
http://www.ncbi.nlm.nih.gov/pubmed/16604483
http://www.ncbi.nlm.nih.gov/pubmed/19810120
http://www.ncbi.nlm.nih.gov/pubmed/23262345
http://www.ncbi.nlm.nih.gov/pubmed/19810120
http://www.ncbi.nlm.nih.gov/pubmed/18165274
http://www.ncbi.nlm.nih.gov/pubmed/22913777
http://www.ncbi.nlm.nih.gov/pubmed/18165274
http://www.ncbi.nlm.nih.gov/pubmed/15985493
http://www.ncbi.nlm.nih.gov/pubmed/16879194
http://www.ncbi.nlm.nih.gov/pubmed/23262345
http://www.ncbi.nlm.nih.gov/pubmed/23629877
http://www.ncbi.nlm.nih.gov/pubmed/19810120
http://www.ncbi.nlm.nih.gov/pubmed/24532482
http://www.ncbi.nlm.nih.gov/pubmed/21039224
http://www.ncbi.nlm.nih.gov/pubmed/11170095
http://www.ncbi.nlm.nih.gov/pubmed/18976157
http://www.ncbi.nlm.nih.gov/pubmed/18976157
http://www.ncbi.nlm.nih.gov/pubmed/10713884
http://www.ncbi.nlm.nih.gov/pubmed/11170095
http://www.ncbi.nlm.nih.gov/pubmed/15586175
http://www.ncbi.nlm.nih.gov/pubmed/17041877
http://www.ncbi.nlm.nih.gov/pubmed/11668521
http://www.ncbi.nlm.nih.gov/pubmed/19810120
http://www.ncbi.nlm.nih.gov/pubmed/15586175
http://www.ncbi.nlm.nih.gov/pubmed/18165274
http://www.ncbi.nlm.nih.gov/pubmed/15586175
http://www.ncbi.nlm.nih.gov/pubmed/19344451
http://www.ncbi.nlm.nih.gov/pubmed/16638657
http://www.ncbi.nlm.nih.gov/pubmed/19344451
http://www.ncbi.nlm.nih.gov/pubmed/17301954
http://www.ncbi.nlm.nih.gov/pubmed/19810120
http://www.ncbi.nlm.nih.gov/pubmed/11170095
http://www.ncbi.nlm.nih.gov/pubmed/10671060
http://www.ncbi.nlm.nih.gov/pubmed/16088908
http://www.ncbi.nlm.nih.gov/pubmed/15586175
http://www.ncbi.nlm.nih.gov/pubmed/8894688
http://www.ncbi.nlm.nih.gov/pubmed/19810120
http://www.ncbi.nlm.nih.gov/pubmed/9463333
http://www.ncbi.nlm.nih.gov/pubmed/16879194
http://www.ncbi.nlm.nih.gov/pubmed/19206155
http://www.ncbi.nlm.nih.gov/pubmed/18763178
http://www.ncbi.nlm.nih.gov/pubmed/10991693
http://www.ncbi.nlm.nih.gov/pubmed/15684871
http://www.ncbi.nlm.nih.gov/pubmed/18220287
http://www.ncbi.nlm.nih.gov/pubmed/16491411
http://www.ncbi.nlm.nih.gov/pubmed/18220287
http://www.ncbi.nlm.nih.gov/pubmed/16491411
http://www.ncbi.nlm.nih.gov/pubmed/18220287
http://www.ncbi.nlm.nih.gov/pubmed/23840632
http://www.ncbi.nlm.nih.gov/pubmed/10991693
http://www.ncbi.nlm.nih.gov/pubmed/17637804
http://www.ncbi.nlm.nih.gov/pubmed/21280147
http://www.ncbi.nlm.nih.gov/pubmed/19206155
http://www.ncbi.nlm.nih.gov/pubmed/23506628
http://www.ncbi.nlm.nih.gov/pubmed/18220287
http://www.ncbi.nlm.nih.gov/pubmed/9020840
http://www.ncbi.nlm.nih.gov/pubmed/23840632
http://www.ncbi.nlm.nih.gov/pubmed/16491411
http://www.ncbi.nlm.nih.gov/pubmed/9361030
http://www.ncbi.nlm.nih.gov/pubmed/18220287
http://www.ncbi.nlm.nih.gov/pubmed/19206155
http://www.ncbi.nlm.nih.gov/pubmed/16441263
http://www.ncbi.nlm.nih.gov/pubmed/18220287
http://www.ncbi.nlm.nih.gov/pubmed/18220287
http://www.ncbi.nlm.nih.gov/pubmed/17568404
http://www.ncbi.nlm.nih.gov/pubmed/24265693
http://www.ncbi.nlm.nih.gov/pubmed/20237254
http://www.ncbi.nlm.nih.gov/pubmed/20333770
http://www.ncbi.nlm.nih.gov/pubmed/20333770
http://www.ncbi.nlm.nih.gov/pubmed/20333770
http://www.ncbi.nlm.nih.gov/pubmed/20333770
http://www.ncbi.nlm.nih.gov/pubmed/22164218
http://www.ncbi.nlm.nih.gov/pubmed/21069908
http://www.ncbi.nlm.nih.gov/pubmed/23591405
http://www.ncbi.nlm.nih.gov/pubmed/24265693
http://www.ncbi.nlm.nih.gov/pubmed/20333770
http://www.ncbi.nlm.nih.gov/pubmed/20237254
http://www.ncbi.nlm.nih.gov/pubmed/23591405
http://www.ncbi.nlm.nih.gov/pubmed/12028042
http://www.ncbi.nlm.nih.gov/pubmed/15569527
http://www.ncbi.nlm.nih.gov/pubmed/10746568
http://www.ncbi.nlm.nih.gov/pubmed/12028042
http://www.ncbi.nlm.nih.gov/pubmed/22931370
http://www.ncbi.nlm.nih.gov/pubmed/16919077
http://www.ncbi.nlm.nih.gov/pubmed/16787881
http://www.ncbi.nlm.nih.gov/pubmed/16835901
http://www.ncbi.nlm.nih.gov/pubmed/19652879
http://www.ncbi.nlm.nih.gov/pubmed/15140147
http://www.ncbi.nlm.nih.gov/pubmed/11127865
http://www.ncbi.nlm.nih.gov/pubmed/18024374
http://www.ncbi.nlm.nih.gov/pubmed/2813350
http://www.ncbi.nlm.nih.gov/pubmed/18005151
http://www.ncbi.nlm.nih.gov/pubmed/18839438
http://www.ncbi.nlm.nih.gov/pubmed/18327400
http://www.ncbi.nlm.nih.gov/pubmed/16835901
http://www.ncbi.nlm.nih.gov/pubmed/23305485
http://www.ncbi.nlm.nih.gov/pubmed/7888672
http://www.ncbi.nlm.nih.gov/pubmed/12716376
http://www.ncbi.nlm.nih.gov/pubmed/11895778
http://www.ncbi.nlm.nih.gov/pubmed/15842381
http://www.ncbi.nlm.nih.gov/pubmed/11127865
http://www.ncbi.nlm.nih.gov/pubmed/19652879
http://www.ncbi.nlm.nih.gov/pubmed/7888672
http://www.ncbi.nlm.nih.gov/pubmed/8528215
http://www.ncbi.nlm.nih.gov/pubmed/8641707
http://www.ncbi.nlm.nih.gov/pubmed/16543965
invalid literal for int() with base 10: 'ABST'
http://www.ncbi.nlm.nih.gov/pubmed/15456491
http://www.ncbi.nlm.nih.gov/pubmed/1353995
http://www.ncbi.nlm.nih.gov/pubmed/16525586
http://www.ncbi.nlm.nih.gov/pubmed/8555083
http://www.ncbi.nlm.nih.gov/pubmed/8555083
http://www.ncbi.nlm.nih.gov/pubmed/9028951
http://www.ncbi.nlm.nih.gov/pubmed/8584988
http://www.ncbi.nlm.nih.gov/pubmed/9657440
http://www.ncbi.nlm.nih.gov/pubmed/9657440
http://www.ncbi.nlm.nih.gov/pubmed/24118344
http://www.ncbi.nlm.nih.gov/pubmed/18716611
http://www.ncbi.nlm.nih.gov/pubmed/20331752
http://www.ncbi.nlm.nih.gov/pubmed/20331752
http://www.ncbi.nlm.nih.gov/pubmed/9890721
http://www.ncbi.nlm.nih.gov/pubmed/14629473
http://www.ncbi.nlm.nih.gov/pubmed/24349489
http://www.ncbi.nlm.nih.gov/pubmed/12406873
http://www.ncbi.nlm.nih.gov/pubmed/16239598
http://www.ncbi.nlm.nih.gov/pubmed/22251029
http://www.ncbi.nlm.nih.gov/pubmed/11929802
http://www.ncbi.nlm.nih.gov/pubmed/21614419
http://www.ncbi.nlm.nih.gov/pubmed/11238089
http://www.ncbi.nlm.nih.gov/pubmed/12010428
http://www.ncbi.nlm.nih.gov/pubmed/9157576
http://www.ncbi.nlm.nih.gov/pubmed/17029198
http://www.ncbi.nlm.nih.gov/pubmed/18310546
http://www.ncbi.nlm.nih.gov/pubmed/12871325
http://www.ncbi.nlm.nih.gov/pubmed/20546033
http://www.ncbi.nlm.nih.gov/pubmed/18728029
http://www.ncbi.nlm.nih.gov/pubmed/19486170
http://www.ncbi.nlm.nih.gov/pubmed/12010428
http://www.ncbi.nlm.nih.gov/pubmed/21320286
http://www.ncbi.nlm.nih.gov/pubmed/18728029
http://www.ncbi.nlm.nih.gov/pubmed/12757640
invalid literal for int() with base 10: 'ABST'
http://www.ncbi.nlm.nih.gov/pubmed/10959697
http://www.ncbi.nlm.nih.gov/pubmed/10691850
invalid literal for int() with base 10: 'ABST'
http://www.ncbi.nlm.nih.gov/pubmed/22873696
invalid literal for int() with base 10: 'ABST'
http://www.ncbi.nlm.nih.gov/pubmed/11313743
http://www.ncbi.nlm.nih.gov/pubmed/10959697
invalid literal for int() with base 10: 'LSDB'
http://www.ncbi.nlm.nih.gov/pubmed/11129332
http://www.ncbi.nlm.nih.gov/pubmed/10862079
invalid literal for int() with base 10: 'ABST'
http://www.ncbi.nlm.nih.gov/pubmed/10862079
http://www.ncbi.nlm.nih.gov/pubmed/15970722
http://www.ncbi.nlm.nih.gov/pubmed/18976247
invalid literal for int() with base 10: 'ABST'
http://www.ncbi.nlm.nih.gov/pubmed/18976247
http://www.ncbi.nlm.nih.gov/pubmed/11313743
invalid literal for int() with base 10: 'ABST'
http://www.ncbi.nlm.nih.gov/pubmed/10862079
invalid literal for int() with base 10: 'ABST'
http://www.ncbi.nlm.nih.gov/pubmed/8652821
http://www.ncbi.nlm.nih.gov/pubmed/12759632
invalid literal for int() with base 10: 'ABST'
invalid literal for int() with base 10: 'ABST'
http://www.ncbi.nlm.nih.gov/pubmed/11129332
http://www.ncbi.nlm.nih.gov/pubmed/19601987
http://www.ncbi.nlm.nih.gov/pubmed/11129332
http://www.ncbi.nlm.nih.gov/pubmed/18976247
http://www.ncbi.nlm.nih.gov/pubmed/18976247
http://www.ncbi.nlm.nih.gov/pubmed/10959697
http://www.ncbi.nlm.nih.gov/pubmed/12010428
http://www.ncbi.nlm.nih.gov/pubmed/8244334
http://www.ncbi.nlm.nih.gov/pubmed/18976247
http://www.ncbi.nlm.nih.gov/pubmed/8244334
http://www.ncbi.nlm.nih.gov/pubmed/11918550
invalid literal for int() with base 10: 'ABST'
invalid literal for int() with base 10: 'ABST'
invalid literal for int() with base 10: 'ABST'
http://www.ncbi.nlm.nih.gov/pubmed/10606882
http://www.ncbi.nlm.nih.gov/pubmed/17445092
http://www.ncbi.nlm.nih.gov/pubmed/11858487
http://www.ncbi.nlm.nih.gov/pubmed/16128892
http://www.ncbi.nlm.nih.gov/pubmed/18217193
http://www.ncbi.nlm.nih.gov/pubmed/18691168
http://www.ncbi.nlm.nih.gov/pubmed/18217193
http://www.ncbi.nlm.nih.gov/pubmed/16786531
http://www.ncbi.nlm.nih.gov/pubmed/21645180
http://www.ncbi.nlm.nih.gov/pubmed/21070499
http://www.ncbi.nlm.nih.gov/pubmed/23913812
http://www.ncbi.nlm.nih.gov/pubmed/22776136
http://www.ncbi.nlm.nih.gov/pubmed/17610549
http://www.ncbi.nlm.nih.gov/pubmed/16128892
http://www.ncbi.nlm.nih.gov/pubmed/19678855
http://www.ncbi.nlm.nih.gov/pubmed/18217193
invalid literal for int() with base 10: 'NO ID'
http://www.ncbi.nlm.nih.gov/pubmed/18217193
http://www.ncbi.nlm.nih.gov/pubmed/12871415
http://www.ncbi.nlm.nih.gov/pubmed/1639429
http://www.ncbi.nlm.nih.gov/pubmed/23913812
http://www.ncbi.nlm.nih.gov/pubmed/15996930
http://www.ncbi.nlm.nih.gov/pubmed/8639447
http://www.ncbi.nlm.nih.gov/pubmed/20028422
invalid literal for int() with base 10: 'HGOL'
http://www.ncbi.nlm.nih.gov/pubmed/20431853
http://www.ncbi.nlm.nih.gov/pubmed/16086318
http://www.ncbi.nlm.nih.gov/pubmed/23913812
http://www.ncbi.nlm.nih.gov/pubmed/7984443
http://www.ncbi.nlm.nih.gov/pubmed/9886318
http://www.ncbi.nlm.nih.gov/pubmed/18217193
http://www.ncbi.nlm.nih.gov/pubmed/16786531
http://www.ncbi.nlm.nih.gov/pubmed/1301932
http://www.ncbi.nlm.nih.gov/pubmed/18217193
invalid literal for int() with base 10: 'NO ID'
http://www.ncbi.nlm.nih.gov/pubmed/16834740
http://www.ncbi.nlm.nih.gov/pubmed/18691168
http://www.ncbi.nlm.nih.gov/pubmed/18184865
http://www.ncbi.nlm.nih.gov/pubmed/9886318
http://www.ncbi.nlm.nih.gov/pubmed/21645180
http://www.ncbi.nlm.nih.gov/pubmed/16601827
http://www.ncbi.nlm.nih.gov/pubmed/7984443
http://www.ncbi.nlm.nih.gov/pubmed/18691168
http://www.ncbi.nlm.nih.gov/pubmed/16786531
http://www.ncbi.nlm.nih.gov/pubmed/24270469
http://www.ncbi.nlm.nih.gov/pubmed/18217193
http://www.ncbi.nlm.nih.gov/pubmed/23913812
http://www.ncbi.nlm.nih.gov/pubmed/16601827
http://www.ncbi.nlm.nih.gov/pubmed/18217193
http://www.ncbi.nlm.nih.gov/pubmed/12203998
http://www.ncbi.nlm.nih.gov/pubmed/22883072
http://www.ncbi.nlm.nih.gov/pubmed/12325022
http://www.ncbi.nlm.nih.gov/pubmed/12325022
http://www.ncbi.nlm.nih.gov/pubmed/9886318
http://www.ncbi.nlm.nih.gov/pubmed/18217193
http://www.ncbi.nlm.nih.gov/pubmed/16128892
http://www.ncbi.nlm.nih.gov/pubmed/17610549
http://www.ncbi.nlm.nih.gov/pubmed/16972227
http://www.ncbi.nlm.nih.gov/pubmed/18184865
http://www.ncbi.nlm.nih.gov/pubmed/18691168
http://www.ncbi.nlm.nih.gov/pubmed/23809411
http://www.ncbi.nlm.nih.gov/pubmed/1924291
http://www.ncbi.nlm.nih.gov/pubmed/18691168
http://www.ncbi.nlm.nih.gov/pubmed/17610549
http://www.ncbi.nlm.nih.gov/pubmed/20028422
http://www.ncbi.nlm.nih.gov/pubmed/18600086
http://www.ncbi.nlm.nih.gov/pubmed/21689372
http://www.ncbi.nlm.nih.gov/pubmed/11341489
http://www.ncbi.nlm.nih.gov/pubmed/11858487
http://www.ncbi.nlm.nih.gov/pubmed/19686262
http://www.ncbi.nlm.nih.gov/pubmed/9603440
http://www.ncbi.nlm.nih.gov/pubmed/23809411
http://www.ncbi.nlm.nih.gov/pubmed/23913812
http://www.ncbi.nlm.nih.gov/pubmed/22117735
http://www.ncbi.nlm.nih.gov/pubmed/21689372
http://www.ncbi.nlm.nih.gov/pubmed/24118398
http://www.ncbi.nlm.nih.gov/pubmed/16786531
http://www.ncbi.nlm.nih.gov/pubmed/20236351
http://www.ncbi.nlm.nih.gov/pubmed/22117735
http://www.ncbi.nlm.nih.gov/pubmed/15682412
http://www.ncbi.nlm.nih.gov/pubmed/23020595
http://www.ncbi.nlm.nih.gov/pubmed/23088352
http://www.ncbi.nlm.nih.gov/pubmed/11298607
http://www.ncbi.nlm.nih.gov/pubmed/9341862
http://www.ncbi.nlm.nih.gov/pubmed/22741565
invalid literal for int() with base 10: 'LSDB'
http://www.ncbi.nlm.nih.gov/pubmed/23913812
http://www.ncbi.nlm.nih.gov/pubmed/23020595
http://www.ncbi.nlm.nih.gov/pubmed/9792405
http://www.ncbi.nlm.nih.gov/pubmed/22103590
http://www.ncbi.nlm.nih.gov/pubmed/23534532
http://www.ncbi.nlm.nih.gov/pubmed/21070499
http://www.ncbi.nlm.nih.gov/pubmed/9886318
http://www.ncbi.nlm.nih.gov/pubmed/20028422
http://www.ncbi.nlm.nih.gov/pubmed/23913812
http://www.ncbi.nlm.nih.gov/pubmed/23913812
http://www.ncbi.nlm.nih.gov/pubmed/20236351
http://www.ncbi.nlm.nih.gov/pubmed/24118398
http://www.ncbi.nlm.nih.gov/pubmed/22117735
http://www.ncbi.nlm.nih.gov/pubmed/23711237
http://www.ncbi.nlm.nih.gov/pubmed/21070499
http://www.ncbi.nlm.nih.gov/pubmed/16786531
http://www.ncbi.nlm.nih.gov/pubmed/15710596
http://www.ncbi.nlm.nih.gov/pubmed/22958177
invalid literal for int() with base 10: 'NO ID'
http://www.ncbi.nlm.nih.gov/pubmed/19437366
http://www.ncbi.nlm.nih.gov/pubmed/18217193
http://www.ncbi.nlm.nih.gov/pubmed/23913812
http://www.ncbi.nlm.nih.gov/pubmed/12195713
http://www.ncbi.nlm.nih.gov/pubmed/12195713
http://www.ncbi.nlm.nih.gov/pubmed/16786531
http://www.ncbi.nlm.nih.gov/pubmed/17445092
http://www.ncbi.nlm.nih.gov/pubmed/12325022
invalid literal for int() with base 10: 'NO ID'
http://www.ncbi.nlm.nih.gov/pubmed/10408784
http://www.ncbi.nlm.nih.gov/pubmed/10338101
http://www.ncbi.nlm.nih.gov/pubmed/11341489
http://www.ncbi.nlm.nih.gov/pubmed/18403393
http://www.ncbi.nlm.nih.gov/pubmed/22103590
http://www.ncbi.nlm.nih.gov/pubmed/12325022
http://www.ncbi.nlm.nih.gov/pubmed/11857744
invalid literal for int() with base 10: 'LSDB'
http://www.ncbi.nlm.nih.gov/pubmed/18403393
http://www.ncbi.nlm.nih.gov/pubmed/17610560
http://www.ncbi.nlm.nih.gov/pubmed/18691168
http://www.ncbi.nlm.nih.gov/pubmed/12634951
http://www.ncbi.nlm.nih.gov/pubmed/7984443
http://www.ncbi.nlm.nih.gov/pubmed/18691168
http://www.ncbi.nlm.nih.gov/pubmed/18691168
http://www.ncbi.nlm.nih.gov/pubmed/21645180
http://www.ncbi.nlm.nih.gov/pubmed/17610560
http://www.ncbi.nlm.nih.gov/pubmed/23913812
http://www.ncbi.nlm.nih.gov/pubmed/12195713
http://www.ncbi.nlm.nih.gov/pubmed/18691168
http://www.ncbi.nlm.nih.gov/pubmed/20331761
http://www.ncbi.nlm.nih.gov/pubmed/17610549


PS:

Read file <data/skip/scraping_pubmed_chunks/logs/chunk11.e> for stderr output of this job.

