Sender: LSF System <lsf@node0907>
Subject: Job 9582147: <scrape.28> in cluster <cromwell> Done

Job <scrape.28> was submitted from host <gold> by user <birnbaum> in cluster <cromwell>.
Job was executed on host(s) <node0907>, in queue <hour>, as user <birnbaum> in cluster <cromwell>.
</home/unix/birnbaum> was used as the home directory.
</humgen/atgu1/fs03/birnbaum/cryptic-splice> was used as the working directory.
Started at Thu Jun  2 16:38:09 2016
Results reported on Thu Jun  2 16:49:15 2016

Your job looked like:

------------------------------------------------------------
# LSBATCH: User input
python src/scrape_pubmed_abstracts.py -p data/skip/hgmd_splice_pmids.txt --include "exon skipping" --include "skipping of exon" --exclude "cryptic splice site" --exclude "cryptic donor" --exclude "cryptic acceptor" -o data/skip/scraping_pubmed_chunks/chunk28.txt --chunk 28/30
------------------------------------------------------------

Successfully completed.

Resource usage summary:

    CPU time :               114.95 sec.
    Max Memory :             52 MB
    Average Memory :         48.75 MB
    Total Requested Memory : 750.00 MB
    Delta Memory :           698.00 MB
    (Delta: the difference between Total Requested Memory and Max Memory.)
    Max Processes :          3
    Max Threads :            4

The output (if any) follows:

http://www.ncbi.nlm.nih.gov/pubmed/17594340
http://www.ncbi.nlm.nih.gov/pubmed/20104588
http://www.ncbi.nlm.nih.gov/pubmed/23847139
http://www.ncbi.nlm.nih.gov/pubmed/20104588
http://www.ncbi.nlm.nih.gov/pubmed/24349489
http://www.ncbi.nlm.nih.gov/pubmed/19917823
http://www.ncbi.nlm.nih.gov/pubmed/18079167
http://www.ncbi.nlm.nih.gov/pubmed/19105190
http://www.ncbi.nlm.nih.gov/pubmed/19105190
http://www.ncbi.nlm.nih.gov/pubmed/19087158
http://www.ncbi.nlm.nih.gov/pubmed/18079167
http://www.ncbi.nlm.nih.gov/pubmed/18717728
http://www.ncbi.nlm.nih.gov/pubmed/23733235
http://www.ncbi.nlm.nih.gov/pubmed/19513778
http://www.ncbi.nlm.nih.gov/pubmed/20390432
http://www.ncbi.nlm.nih.gov/pubmed/18067136
http://www.ncbi.nlm.nih.gov/pubmed/21625935
http://www.ncbi.nlm.nih.gov/pubmed/20110243
http://www.ncbi.nlm.nih.gov/pubmed/19194956
http://www.ncbi.nlm.nih.gov/pubmed/18079167
http://www.ncbi.nlm.nih.gov/pubmed/23733235
http://www.ncbi.nlm.nih.gov/pubmed/19194956
http://www.ncbi.nlm.nih.gov/pubmed/18079167
http://www.ncbi.nlm.nih.gov/pubmed/18067136
http://www.ncbi.nlm.nih.gov/pubmed/24727571
http://www.ncbi.nlm.nih.gov/pubmed/20108356
http://www.ncbi.nlm.nih.gov/pubmed/22571692
http://www.ncbi.nlm.nih.gov/pubmed/23065789
http://www.ncbi.nlm.nih.gov/pubmed/23065789
http://www.ncbi.nlm.nih.gov/pubmed/23733235
http://www.ncbi.nlm.nih.gov/pubmed/23733235
http://www.ncbi.nlm.nih.gov/pubmed/12629264
http://www.ncbi.nlm.nih.gov/pubmed/14722925
http://www.ncbi.nlm.nih.gov/pubmed/17003641
http://www.ncbi.nlm.nih.gov/pubmed/12939655
http://www.ncbi.nlm.nih.gov/pubmed/17003641
http://www.ncbi.nlm.nih.gov/pubmed/10982753
http://www.ncbi.nlm.nih.gov/pubmed/10982753
http://www.ncbi.nlm.nih.gov/pubmed/10835640
http://www.ncbi.nlm.nih.gov/pubmed/11841556
http://www.ncbi.nlm.nih.gov/pubmed/22089833
http://www.ncbi.nlm.nih.gov/pubmed/16120162
http://www.ncbi.nlm.nih.gov/pubmed/16601670
http://www.ncbi.nlm.nih.gov/pubmed/17608759
http://www.ncbi.nlm.nih.gov/pubmed/15304086
http://www.ncbi.nlm.nih.gov/pubmed/11841556
http://www.ncbi.nlm.nih.gov/pubmed/22089833
http://www.ncbi.nlm.nih.gov/pubmed/10835624
http://www.ncbi.nlm.nih.gov/pubmed/11841556
http://www.ncbi.nlm.nih.gov/pubmed/11511292
http://www.ncbi.nlm.nih.gov/pubmed/10835624
http://www.ncbi.nlm.nih.gov/pubmed/11511292
http://www.ncbi.nlm.nih.gov/pubmed/11511292
http://www.ncbi.nlm.nih.gov/pubmed/24577329
http://www.ncbi.nlm.nih.gov/pubmed/10835624
http://www.ncbi.nlm.nih.gov/pubmed/16601670
http://www.ncbi.nlm.nih.gov/pubmed/19683336
http://www.ncbi.nlm.nih.gov/pubmed/10835624
http://www.ncbi.nlm.nih.gov/pubmed/22089833
http://www.ncbi.nlm.nih.gov/pubmed/19683336
http://www.ncbi.nlm.nih.gov/pubmed/11511292
http://www.ncbi.nlm.nih.gov/pubmed/19683336
http://www.ncbi.nlm.nih.gov/pubmed/19185281
http://www.ncbi.nlm.nih.gov/pubmed/19185281
http://www.ncbi.nlm.nih.gov/pubmed/19185281
http://www.ncbi.nlm.nih.gov/pubmed/21431957
http://www.ncbi.nlm.nih.gov/pubmed/16917893
http://www.ncbi.nlm.nih.gov/pubmed/22753041
http://www.ncbi.nlm.nih.gov/pubmed/17704776
http://www.ncbi.nlm.nih.gov/pubmed/8490186
http://www.ncbi.nlm.nih.gov/pubmed/9192783
http://www.ncbi.nlm.nih.gov/pubmed/16150946
http://www.ncbi.nlm.nih.gov/pubmed/8941647
http://www.ncbi.nlm.nih.gov/pubmed/8941647
http://www.ncbi.nlm.nih.gov/pubmed/10192450
http://www.ncbi.nlm.nih.gov/pubmed/15384986
http://www.ncbi.nlm.nih.gov/pubmed/1571558
http://www.ncbi.nlm.nih.gov/pubmed/19608679
http://www.ncbi.nlm.nih.gov/pubmed/7579376
http://www.ncbi.nlm.nih.gov/pubmed/19538529
http://www.ncbi.nlm.nih.gov/pubmed/19538529
http://www.ncbi.nlm.nih.gov/pubmed/8547102
http://www.ncbi.nlm.nih.gov/pubmed/9450796
http://www.ncbi.nlm.nih.gov/pubmed/1840591
http://www.ncbi.nlm.nih.gov/pubmed/9207403
http://www.ncbi.nlm.nih.gov/pubmed/2022662
http://www.ncbi.nlm.nih.gov/pubmed/2056132
http://www.ncbi.nlm.nih.gov/pubmed/9714702
http://www.ncbi.nlm.nih.gov/pubmed/23942205
http://www.ncbi.nlm.nih.gov/pubmed/23942205
http://www.ncbi.nlm.nih.gov/pubmed/12374763
http://www.ncbi.nlm.nih.gov/pubmed/17120186
http://www.ncbi.nlm.nih.gov/pubmed/23685560
http://www.ncbi.nlm.nih.gov/pubmed/20817676
http://www.ncbi.nlm.nih.gov/pubmed/23352160
http://www.ncbi.nlm.nih.gov/pubmed/23352160
http://www.ncbi.nlm.nih.gov/pubmed/18843291
http://www.ncbi.nlm.nih.gov/pubmed/22495311
http://www.ncbi.nlm.nih.gov/pubmed/23542699
http://www.ncbi.nlm.nih.gov/pubmed/23542699
http://www.ncbi.nlm.nih.gov/pubmed/23542699
http://www.ncbi.nlm.nih.gov/pubmed/14764819
http://www.ncbi.nlm.nih.gov/pubmed/11509019
http://www.ncbi.nlm.nih.gov/pubmed/23924526
http://www.ncbi.nlm.nih.gov/pubmed/21691971
http://www.ncbi.nlm.nih.gov/pubmed/15289763
http://www.ncbi.nlm.nih.gov/pubmed/23859637
http://www.ncbi.nlm.nih.gov/pubmed/8634702
http://www.ncbi.nlm.nih.gov/pubmed/10566637
http://www.ncbi.nlm.nih.gov/pubmed/19436109
http://www.ncbi.nlm.nih.gov/pubmed/21772053
http://www.ncbi.nlm.nih.gov/pubmed/21057861
http://www.ncbi.nlm.nih.gov/pubmed/20841510
http://www.ncbi.nlm.nih.gov/pubmed/23391734
http://www.ncbi.nlm.nih.gov/pubmed/20159255
http://www.ncbi.nlm.nih.gov/pubmed/24627079
http://www.ncbi.nlm.nih.gov/pubmed/20159255
http://www.ncbi.nlm.nih.gov/pubmed/18602572
http://www.ncbi.nlm.nih.gov/pubmed/18602572
http://www.ncbi.nlm.nih.gov/pubmed/20159255
http://www.ncbi.nlm.nih.gov/pubmed/19215732
http://www.ncbi.nlm.nih.gov/pubmed/20876309
http://www.ncbi.nlm.nih.gov/pubmed/11389158
http://www.ncbi.nlm.nih.gov/pubmed/16707622
http://www.ncbi.nlm.nih.gov/pubmed/16287113
http://www.ncbi.nlm.nih.gov/pubmed/23415580
http://www.ncbi.nlm.nih.gov/pubmed/10780518
http://www.ncbi.nlm.nih.gov/pubmed/10408777
http://www.ncbi.nlm.nih.gov/pubmed/21118512
http://www.ncbi.nlm.nih.gov/pubmed/9760200
http://www.ncbi.nlm.nih.gov/pubmed/11103790
http://www.ncbi.nlm.nih.gov/pubmed/12112668
http://www.ncbi.nlm.nih.gov/pubmed/15188174
http://www.ncbi.nlm.nih.gov/pubmed/11389158
http://www.ncbi.nlm.nih.gov/pubmed/16287113
http://www.ncbi.nlm.nih.gov/pubmed/9425897
http://www.ncbi.nlm.nih.gov/pubmed/21118512
http://www.ncbi.nlm.nih.gov/pubmed/16707622
http://www.ncbi.nlm.nih.gov/pubmed/16407375
http://www.ncbi.nlm.nih.gov/pubmed/22775437
http://www.ncbi.nlm.nih.gov/pubmed/11389158
http://www.ncbi.nlm.nih.gov/pubmed/11389158
http://www.ncbi.nlm.nih.gov/pubmed/9837816
http://www.ncbi.nlm.nih.gov/pubmed/15188174
http://www.ncbi.nlm.nih.gov/pubmed/11389158
http://www.ncbi.nlm.nih.gov/pubmed/10874301
http://www.ncbi.nlm.nih.gov/pubmed/15188174
http://www.ncbi.nlm.nih.gov/pubmed/20616022
http://www.ncbi.nlm.nih.gov/pubmed/14623934
http://www.ncbi.nlm.nih.gov/pubmed/12533684
http://www.ncbi.nlm.nih.gov/pubmed/23415580
http://www.ncbi.nlm.nih.gov/pubmed/9887330
http://www.ncbi.nlm.nih.gov/pubmed/23426006
http://www.ncbi.nlm.nih.gov/pubmed/14623934
http://www.ncbi.nlm.nih.gov/pubmed/12865922
http://www.ncbi.nlm.nih.gov/pubmed/19309693
http://www.ncbi.nlm.nih.gov/pubmed/22686418
http://www.ncbi.nlm.nih.gov/pubmed/9252398
http://www.ncbi.nlm.nih.gov/pubmed/23842455
http://www.ncbi.nlm.nih.gov/pubmed/21770924
http://www.ncbi.nlm.nih.gov/pubmed/21062273
http://www.ncbi.nlm.nih.gov/pubmed/20876469
http://www.ncbi.nlm.nih.gov/pubmed/23533165
http://www.ncbi.nlm.nih.gov/pubmed/19557857
http://www.ncbi.nlm.nih.gov/pubmed/23662938
http://www.ncbi.nlm.nih.gov/pubmed/23662938
http://www.ncbi.nlm.nih.gov/pubmed/23409955
http://www.ncbi.nlm.nih.gov/pubmed/20876469
http://www.ncbi.nlm.nih.gov/pubmed/20887364
http://www.ncbi.nlm.nih.gov/pubmed/23409955
http://www.ncbi.nlm.nih.gov/pubmed/20558610
http://www.ncbi.nlm.nih.gov/pubmed/20558610
http://www.ncbi.nlm.nih.gov/pubmed/23382066
http://www.ncbi.nlm.nih.gov/pubmed/19804848
http://www.ncbi.nlm.nih.gov/pubmed/20823128
http://www.ncbi.nlm.nih.gov/pubmed/22451424
http://www.ncbi.nlm.nih.gov/pubmed/22451424
http://www.ncbi.nlm.nih.gov/pubmed/21152410
http://www.ncbi.nlm.nih.gov/pubmed/21881043
http://www.ncbi.nlm.nih.gov/pubmed/17301081
http://www.ncbi.nlm.nih.gov/pubmed/20693550
http://www.ncbi.nlm.nih.gov/pubmed/21093335
http://www.ncbi.nlm.nih.gov/pubmed/22508808
http://www.ncbi.nlm.nih.gov/pubmed/12068298
http://www.ncbi.nlm.nih.gov/pubmed/22508808
http://www.ncbi.nlm.nih.gov/pubmed/19533801
http://www.ncbi.nlm.nih.gov/pubmed/22106832
http://www.ncbi.nlm.nih.gov/pubmed/16125993
http://www.ncbi.nlm.nih.gov/pubmed/22410471
http://www.ncbi.nlm.nih.gov/pubmed/22488715
http://www.ncbi.nlm.nih.gov/pubmed/22488715
http://www.ncbi.nlm.nih.gov/pubmed/22488715
http://www.ncbi.nlm.nih.gov/pubmed/16542579
http://www.ncbi.nlm.nih.gov/pubmed/10443880
http://www.ncbi.nlm.nih.gov/pubmed/24462369
http://www.ncbi.nlm.nih.gov/pubmed/9843204
http://www.ncbi.nlm.nih.gov/pubmed/22488715
http://www.ncbi.nlm.nih.gov/pubmed/9837813
http://www.ncbi.nlm.nih.gov/pubmed/22488715
http://www.ncbi.nlm.nih.gov/pubmed/11279059
http://www.ncbi.nlm.nih.gov/pubmed/11288709
http://www.ncbi.nlm.nih.gov/pubmed/14557577
http://www.ncbi.nlm.nih.gov/pubmed/11317352
http://www.ncbi.nlm.nih.gov/pubmed/23829769
http://www.ncbi.nlm.nih.gov/pubmed/10746561
http://www.ncbi.nlm.nih.gov/pubmed/18583168
http://www.ncbi.nlm.nih.gov/pubmed/22488715
http://www.ncbi.nlm.nih.gov/pubmed/22542183
http://www.ncbi.nlm.nih.gov/pubmed/19110213
http://www.ncbi.nlm.nih.gov/pubmed/19542096
http://www.ncbi.nlm.nih.gov/pubmed/17159980
http://www.ncbi.nlm.nih.gov/pubmed/17159980
http://www.ncbi.nlm.nih.gov/pubmed/16118344
http://www.ncbi.nlm.nih.gov/pubmed/21237447
http://www.ncbi.nlm.nih.gov/pubmed/23033978
http://www.ncbi.nlm.nih.gov/pubmed/23352160
http://www.ncbi.nlm.nih.gov/pubmed/23932106
http://www.ncbi.nlm.nih.gov/pubmed/20194706
http://www.ncbi.nlm.nih.gov/pubmed/20332248
http://www.ncbi.nlm.nih.gov/pubmed/20194706
http://www.ncbi.nlm.nih.gov/pubmed/10074494
http://www.ncbi.nlm.nih.gov/pubmed/12067308
http://www.ncbi.nlm.nih.gov/pubmed/19695877
http://www.ncbi.nlm.nih.gov/pubmed/20645878
http://www.ncbi.nlm.nih.gov/pubmed/16917729
http://www.ncbi.nlm.nih.gov/pubmed/1357662
http://www.ncbi.nlm.nih.gov/pubmed/1357662
http://www.ncbi.nlm.nih.gov/pubmed/9345098
http://www.ncbi.nlm.nih.gov/pubmed/20303308
http://www.ncbi.nlm.nih.gov/pubmed/9345098
http://www.ncbi.nlm.nih.gov/pubmed/24093814
http://www.ncbi.nlm.nih.gov/pubmed/9345098
invalid literal for int() with base 10: 'LSDB'
http://www.ncbi.nlm.nih.gov/pubmed/11238270
invalid literal for int() with base 10: 'LSDB'
http://www.ncbi.nlm.nih.gov/pubmed/23656970
http://www.ncbi.nlm.nih.gov/pubmed/24342716
http://www.ncbi.nlm.nih.gov/pubmed/9345098
http://www.ncbi.nlm.nih.gov/pubmed/8630491
http://www.ncbi.nlm.nih.gov/pubmed/8630491
http://www.ncbi.nlm.nih.gov/pubmed/11735032
invalid literal for int() with base 10: 'NO ID'
http://www.ncbi.nlm.nih.gov/pubmed/16906470
invalid literal for int() with base 10: 'LSDB'
http://www.ncbi.nlm.nih.gov/pubmed/23606313
http://www.ncbi.nlm.nih.gov/pubmed/20812380
invalid literal for int() with base 10: 'LSDB'
http://www.ncbi.nlm.nih.gov/pubmed/12468278
http://www.ncbi.nlm.nih.gov/pubmed/14662265
http://www.ncbi.nlm.nih.gov/pubmed/16873891
http://www.ncbi.nlm.nih.gov/pubmed/23656970
http://www.ncbi.nlm.nih.gov/pubmed/22542183
http://www.ncbi.nlm.nih.gov/pubmed/24291220
http://www.ncbi.nlm.nih.gov/pubmed/24285566
http://www.ncbi.nlm.nih.gov/pubmed/22170728
http://www.ncbi.nlm.nih.gov/pubmed/22170728
http://www.ncbi.nlm.nih.gov/pubmed/22170728
http://www.ncbi.nlm.nih.gov/pubmed/14729838
http://www.ncbi.nlm.nih.gov/pubmed/22784330
http://www.ncbi.nlm.nih.gov/pubmed/11559848
http://www.ncbi.nlm.nih.gov/pubmed/22784330
http://www.ncbi.nlm.nih.gov/pubmed/11559848
http://www.ncbi.nlm.nih.gov/pubmed/9207801
http://www.ncbi.nlm.nih.gov/pubmed/10330342
http://www.ncbi.nlm.nih.gov/pubmed/10077612
http://www.ncbi.nlm.nih.gov/pubmed/10077612
http://www.ncbi.nlm.nih.gov/pubmed/16183809
http://www.ncbi.nlm.nih.gov/pubmed/15710732
http://www.ncbi.nlm.nih.gov/pubmed/16183809
http://www.ncbi.nlm.nih.gov/pubmed/11183182
http://www.ncbi.nlm.nih.gov/pubmed/16183809
http://www.ncbi.nlm.nih.gov/pubmed/21272410
http://www.ncbi.nlm.nih.gov/pubmed/16917909
http://www.ncbi.nlm.nih.gov/pubmed/16183809
http://www.ncbi.nlm.nih.gov/pubmed/15710732
http://www.ncbi.nlm.nih.gov/pubmed/16183809
http://www.ncbi.nlm.nih.gov/pubmed/23954021
http://www.ncbi.nlm.nih.gov/pubmed/23354436
http://www.ncbi.nlm.nih.gov/pubmed/23354436
http://www.ncbi.nlm.nih.gov/pubmed/23354436
http://www.ncbi.nlm.nih.gov/pubmed/23354436
http://www.ncbi.nlm.nih.gov/pubmed/23354436
http://www.ncbi.nlm.nih.gov/pubmed/23354436
http://www.ncbi.nlm.nih.gov/pubmed/23354436
http://www.ncbi.nlm.nih.gov/pubmed/19235238
http://www.ncbi.nlm.nih.gov/pubmed/18728071
http://www.ncbi.nlm.nih.gov/pubmed/19235238
http://www.ncbi.nlm.nih.gov/pubmed/22678594
http://www.ncbi.nlm.nih.gov/pubmed/22045651
http://www.ncbi.nlm.nih.gov/pubmed/22045651
http://www.ncbi.nlm.nih.gov/pubmed/21671391
http://www.ncbi.nlm.nih.gov/pubmed/22581936
http://www.ncbi.nlm.nih.gov/pubmed/17436255
http://www.ncbi.nlm.nih.gov/pubmed/17003360
http://www.ncbi.nlm.nih.gov/pubmed/17245407
http://www.ncbi.nlm.nih.gov/pubmed/17003360
http://www.ncbi.nlm.nih.gov/pubmed/22231430
http://www.ncbi.nlm.nih.gov/pubmed/22231430
http://www.ncbi.nlm.nih.gov/pubmed/22231430
http://www.ncbi.nlm.nih.gov/pubmed/11532986
http://www.ncbi.nlm.nih.gov/pubmed/11532986
http://www.ncbi.nlm.nih.gov/pubmed/12552563
http://www.ncbi.nlm.nih.gov/pubmed/10888887
http://www.ncbi.nlm.nih.gov/pubmed/22231430
http://www.ncbi.nlm.nih.gov/pubmed/22231430
http://www.ncbi.nlm.nih.gov/pubmed/11532986
http://www.ncbi.nlm.nih.gov/pubmed/12507890
http://www.ncbi.nlm.nih.gov/pubmed/11532986
http://www.ncbi.nlm.nih.gov/pubmed/20424301
http://www.ncbi.nlm.nih.gov/pubmed/11856654
http://www.ncbi.nlm.nih.gov/pubmed/24108692
http://www.ncbi.nlm.nih.gov/pubmed/10942435
http://www.ncbi.nlm.nih.gov/pubmed/11532986
http://www.ncbi.nlm.nih.gov/pubmed/15300850
http://www.ncbi.nlm.nih.gov/pubmed/22231430
http://www.ncbi.nlm.nih.gov/pubmed/22231430
http://www.ncbi.nlm.nih.gov/pubmed/12552563
http://www.ncbi.nlm.nih.gov/pubmed/10888887
http://www.ncbi.nlm.nih.gov/pubmed/15300850
http://www.ncbi.nlm.nih.gov/pubmed/11532986
http://www.ncbi.nlm.nih.gov/pubmed/12552563
http://www.ncbi.nlm.nih.gov/pubmed/10888887
http://www.ncbi.nlm.nih.gov/pubmed/10888887
http://www.ncbi.nlm.nih.gov/pubmed/11532986
http://www.ncbi.nlm.nih.gov/pubmed/19172990
http://www.ncbi.nlm.nih.gov/pubmed/22231430
http://www.ncbi.nlm.nih.gov/pubmed/22231430
http://www.ncbi.nlm.nih.gov/pubmed/14632784
http://www.ncbi.nlm.nih.gov/pubmed/19373259
http://www.ncbi.nlm.nih.gov/pubmed/20352340
http://www.ncbi.nlm.nih.gov/pubmed/20607612
http://www.ncbi.nlm.nih.gov/pubmed/22317976
http://www.ncbi.nlm.nih.gov/pubmed/15340364
http://www.ncbi.nlm.nih.gov/pubmed/22317976
http://www.ncbi.nlm.nih.gov/pubmed/8894686
http://www.ncbi.nlm.nih.gov/pubmed/22317976
http://www.ncbi.nlm.nih.gov/pubmed/12444270
http://www.ncbi.nlm.nih.gov/pubmed/15340364
http://www.ncbi.nlm.nih.gov/pubmed/15340364
http://www.ncbi.nlm.nih.gov/pubmed/12114482
http://www.ncbi.nlm.nih.gov/pubmed/22317976
http://www.ncbi.nlm.nih.gov/pubmed/22317976
http://www.ncbi.nlm.nih.gov/pubmed/22317976
http://www.ncbi.nlm.nih.gov/pubmed/22317976
http://www.ncbi.nlm.nih.gov/pubmed/22317976
http://www.ncbi.nlm.nih.gov/pubmed/15759264
http://www.ncbi.nlm.nih.gov/pubmed/22317976
http://www.ncbi.nlm.nih.gov/pubmed/9042910
http://www.ncbi.nlm.nih.gov/pubmed/19572402
http://www.ncbi.nlm.nih.gov/pubmed/12444270
http://www.ncbi.nlm.nih.gov/pubmed/9042910
http://www.ncbi.nlm.nih.gov/pubmed/12114482
http://www.ncbi.nlm.nih.gov/pubmed/15340364
http://www.ncbi.nlm.nih.gov/pubmed/22317976
http://www.ncbi.nlm.nih.gov/pubmed/22317976
http://www.ncbi.nlm.nih.gov/pubmed/20003452
http://www.ncbi.nlm.nih.gov/pubmed/21725307
http://www.ncbi.nlm.nih.gov/pubmed/22693042
http://www.ncbi.nlm.nih.gov/pubmed/21565611
http://www.ncbi.nlm.nih.gov/pubmed/21462283
http://www.ncbi.nlm.nih.gov/pubmed/24658003
http://www.ncbi.nlm.nih.gov/pubmed/18575463
http://www.ncbi.nlm.nih.gov/pubmed/21520338
http://www.ncbi.nlm.nih.gov/pubmed/9949200
http://www.ncbi.nlm.nih.gov/pubmed/24512911
http://www.ncbi.nlm.nih.gov/pubmed/17392301
http://www.ncbi.nlm.nih.gov/pubmed/22664374
http://www.ncbi.nlm.nih.gov/pubmed/17392301
http://www.ncbi.nlm.nih.gov/pubmed/23352160
http://www.ncbi.nlm.nih.gov/pubmed/18752453
http://www.ncbi.nlm.nih.gov/pubmed/15684060
http://www.ncbi.nlm.nih.gov/pubmed/15684060
http://www.ncbi.nlm.nih.gov/pubmed/11460016
http://www.ncbi.nlm.nih.gov/pubmed/22890139
http://www.ncbi.nlm.nih.gov/pubmed/18450729
http://www.ncbi.nlm.nih.gov/pubmed/18245657
http://www.ncbi.nlm.nih.gov/pubmed/19144662
http://www.ncbi.nlm.nih.gov/pubmed/16720658
http://www.ncbi.nlm.nih.gov/pubmed/21900383
http://www.ncbi.nlm.nih.gov/pubmed/16720658
http://www.ncbi.nlm.nih.gov/pubmed/19837936
http://www.ncbi.nlm.nih.gov/pubmed/1752952
http://www.ncbi.nlm.nih.gov/pubmed/16720658
http://www.ncbi.nlm.nih.gov/pubmed/23457313
http://www.ncbi.nlm.nih.gov/pubmed/11484898
http://www.ncbi.nlm.nih.gov/pubmed/14764776
http://www.ncbi.nlm.nih.gov/pubmed/21900383
http://www.ncbi.nlm.nih.gov/pubmed/16720658
http://www.ncbi.nlm.nih.gov/pubmed/19509106
http://www.ncbi.nlm.nih.gov/pubmed/16403815
http://www.ncbi.nlm.nih.gov/pubmed/21358634
http://www.ncbi.nlm.nih.gov/pubmed/15382067
http://www.ncbi.nlm.nih.gov/pubmed/15731757
http://www.ncbi.nlm.nih.gov/pubmed/16333834
http://www.ncbi.nlm.nih.gov/pubmed/16928994
http://www.ncbi.nlm.nih.gov/pubmed/15235604
http://www.ncbi.nlm.nih.gov/pubmed/19241467
http://www.ncbi.nlm.nih.gov/pubmed/18948357
http://www.ncbi.nlm.nih.gov/pubmed/9261103
http://www.ncbi.nlm.nih.gov/pubmed/19241467
http://www.ncbi.nlm.nih.gov/pubmed/19486042
http://www.ncbi.nlm.nih.gov/pubmed/18948357
http://www.ncbi.nlm.nih.gov/pubmed/7824952
http://www.ncbi.nlm.nih.gov/pubmed/19241467
http://www.ncbi.nlm.nih.gov/pubmed/19241467
http://www.ncbi.nlm.nih.gov/pubmed/24314425
http://www.ncbi.nlm.nih.gov/pubmed/18948357
http://www.ncbi.nlm.nih.gov/pubmed/11281275
http://www.ncbi.nlm.nih.gov/pubmed/20056467
http://www.ncbi.nlm.nih.gov/pubmed/18208403
http://www.ncbi.nlm.nih.gov/pubmed/21800139
http://www.ncbi.nlm.nih.gov/pubmed/18455130
http://www.ncbi.nlm.nih.gov/pubmed/22453305
http://www.ncbi.nlm.nih.gov/pubmed/9425899
http://www.ncbi.nlm.nih.gov/pubmed/22194398
http://www.ncbi.nlm.nih.gov/pubmed/11257273
http://www.ncbi.nlm.nih.gov/pubmed/23352160
http://www.ncbi.nlm.nih.gov/pubmed/17534980
http://www.ncbi.nlm.nih.gov/pubmed/18952432
http://www.ncbi.nlm.nih.gov/pubmed/15710860
http://www.ncbi.nlm.nih.gov/pubmed/24614073
http://www.ncbi.nlm.nih.gov/pubmed/19748572
http://www.ncbi.nlm.nih.gov/pubmed/23932787
http://www.ncbi.nlm.nih.gov/pubmed/22542183
http://www.ncbi.nlm.nih.gov/pubmed/11850618
http://www.ncbi.nlm.nih.gov/pubmed/11850618
http://www.ncbi.nlm.nih.gov/pubmed/24416283
http://www.ncbi.nlm.nih.gov/pubmed/21252500
http://www.ncbi.nlm.nih.gov/pubmed/15605408
http://www.ncbi.nlm.nih.gov/pubmed/17877751
http://www.ncbi.nlm.nih.gov/pubmed/21117948
http://www.ncbi.nlm.nih.gov/pubmed/19187973
http://www.ncbi.nlm.nih.gov/pubmed/18616530
http://www.ncbi.nlm.nih.gov/pubmed/23767834
http://www.ncbi.nlm.nih.gov/pubmed/24416283
http://www.ncbi.nlm.nih.gov/pubmed/24416283
http://www.ncbi.nlm.nih.gov/pubmed/15042430
http://www.ncbi.nlm.nih.gov/pubmed/21387292
http://www.ncbi.nlm.nih.gov/pubmed/20154675
http://www.ncbi.nlm.nih.gov/pubmed/21156949
http://www.ncbi.nlm.nih.gov/pubmed/20154675
http://www.ncbi.nlm.nih.gov/pubmed/22282472
http://www.ncbi.nlm.nih.gov/pubmed/22683087
http://www.ncbi.nlm.nih.gov/pubmed/20512146
http://www.ncbi.nlm.nih.gov/pubmed/23349226
http://www.ncbi.nlm.nih.gov/pubmed/22693042
http://www.ncbi.nlm.nih.gov/pubmed/22152675
http://www.ncbi.nlm.nih.gov/pubmed/22152675
http://www.ncbi.nlm.nih.gov/pubmed/21214875
http://www.ncbi.nlm.nih.gov/pubmed/19540516
http://www.ncbi.nlm.nih.gov/pubmed/20232449
http://www.ncbi.nlm.nih.gov/pubmed/16415887
http://www.ncbi.nlm.nih.gov/pubmed/19574260
http://www.ncbi.nlm.nih.gov/pubmed/23351400
http://www.ncbi.nlm.nih.gov/pubmed/23559409
http://www.ncbi.nlm.nih.gov/pubmed/20232449
http://www.ncbi.nlm.nih.gov/pubmed/19058225
http://www.ncbi.nlm.nih.gov/pubmed/19058225
http://www.ncbi.nlm.nih.gov/pubmed/17160906
http://www.ncbi.nlm.nih.gov/pubmed/17397051


PS:

Read file <data/skip/scraping_pubmed_chunks/logs/chunk28.e> for stderr output of this job.

