Sender: LSF System <lsf@node0904>
Subject: Job 9582128: <scrape.9> in cluster <cromwell> Done

Job <scrape.9> was submitted from host <gold> by user <birnbaum> in cluster <cromwell>.
Job was executed on host(s) <node0904>, in queue <hour>, as user <birnbaum> in cluster <cromwell>.
</home/unix/birnbaum> was used as the home directory.
</humgen/atgu1/fs03/birnbaum/cryptic-splice> was used as the working directory.
Started at Thu Jun  2 16:37:48 2016
Results reported on Thu Jun  2 16:47:15 2016

Your job looked like:

------------------------------------------------------------
# LSBATCH: User input
python src/scrape_pubmed_abstracts.py -p data/skip/hgmd_splice_pmids.txt --include "exon skipping" --include "skipping of exon" --exclude "cryptic splice site" --exclude "cryptic donor" --exclude "cryptic acceptor" -o data/skip/scraping_pubmed_chunks/chunk9.txt --chunk 9/30
------------------------------------------------------------

Successfully completed.

Resource usage summary:

    CPU time :               111.68 sec.
    Max Memory :             53 MB
    Average Memory :         49.28 MB
    Total Requested Memory : 750.00 MB
    Delta Memory :           697.00 MB
    (Delta: the difference between Total Requested Memory and Max Memory.)
    Max Processes :          3
    Max Threads :            4

The output (if any) follows:

http://www.ncbi.nlm.nih.gov/pubmed/19954776
invalid literal for int() with base 10: 'ABST'
http://www.ncbi.nlm.nih.gov/pubmed/11295830
http://www.ncbi.nlm.nih.gov/pubmed/11159544
http://www.ncbi.nlm.nih.gov/pubmed/7718898
http://www.ncbi.nlm.nih.gov/pubmed/15744830
http://www.ncbi.nlm.nih.gov/pubmed/9266404
http://www.ncbi.nlm.nih.gov/pubmed/15921385
http://www.ncbi.nlm.nih.gov/pubmed/7668255
http://www.ncbi.nlm.nih.gov/pubmed/23910690
http://www.ncbi.nlm.nih.gov/pubmed/10910929
http://www.ncbi.nlm.nih.gov/pubmed/20167518
http://www.ncbi.nlm.nih.gov/pubmed/1415254
http://www.ncbi.nlm.nih.gov/pubmed/20167518
http://www.ncbi.nlm.nih.gov/pubmed/20167518
http://www.ncbi.nlm.nih.gov/pubmed/20167518
http://www.ncbi.nlm.nih.gov/pubmed/18422995
http://www.ncbi.nlm.nih.gov/pubmed/8723692
http://www.ncbi.nlm.nih.gov/pubmed/16569599
http://www.ncbi.nlm.nih.gov/pubmed/8634410
http://www.ncbi.nlm.nih.gov/pubmed/10089913
http://www.ncbi.nlm.nih.gov/pubmed/20228266
http://www.ncbi.nlm.nih.gov/pubmed/9585602
http://www.ncbi.nlm.nih.gov/pubmed/11162142
http://www.ncbi.nlm.nih.gov/pubmed/1520880
http://www.ncbi.nlm.nih.gov/pubmed/18277931
http://www.ncbi.nlm.nih.gov/pubmed/16569599
http://www.ncbi.nlm.nih.gov/pubmed/18546332
http://www.ncbi.nlm.nih.gov/pubmed/9585602
http://www.ncbi.nlm.nih.gov/pubmed/20729109
http://www.ncbi.nlm.nih.gov/pubmed/11162142
http://www.ncbi.nlm.nih.gov/pubmed/11162142
http://www.ncbi.nlm.nih.gov/pubmed/20729109
http://www.ncbi.nlm.nih.gov/pubmed/20729109
http://www.ncbi.nlm.nih.gov/pubmed/9585602
http://www.ncbi.nlm.nih.gov/pubmed/20729109
http://www.ncbi.nlm.nih.gov/pubmed/11162142
http://www.ncbi.nlm.nih.gov/pubmed/11162142
http://www.ncbi.nlm.nih.gov/pubmed/20228266
http://www.ncbi.nlm.nih.gov/pubmed/1719419
http://www.ncbi.nlm.nih.gov/pubmed/11162142
http://www.ncbi.nlm.nih.gov/pubmed/20729109
http://www.ncbi.nlm.nih.gov/pubmed/20729109
http://www.ncbi.nlm.nih.gov/pubmed/9888386
http://www.ncbi.nlm.nih.gov/pubmed/9585602
http://www.ncbi.nlm.nih.gov/pubmed/10089913
http://www.ncbi.nlm.nih.gov/pubmed/8070813
http://www.ncbi.nlm.nih.gov/pubmed/19410294
http://www.ncbi.nlm.nih.gov/pubmed/11162142
http://www.ncbi.nlm.nih.gov/pubmed/9585602
http://www.ncbi.nlm.nih.gov/pubmed/8070813
http://www.ncbi.nlm.nih.gov/pubmed/11162142
http://www.ncbi.nlm.nih.gov/pubmed/20729109
http://www.ncbi.nlm.nih.gov/pubmed/19410294
http://www.ncbi.nlm.nih.gov/pubmed/15454837
http://www.ncbi.nlm.nih.gov/pubmed/8634410
http://www.ncbi.nlm.nih.gov/pubmed/11162142
http://www.ncbi.nlm.nih.gov/pubmed/1520880
http://www.ncbi.nlm.nih.gov/pubmed/20729109
http://www.ncbi.nlm.nih.gov/pubmed/9585602
http://www.ncbi.nlm.nih.gov/pubmed/18546332
http://www.ncbi.nlm.nih.gov/pubmed/11162142
http://www.ncbi.nlm.nih.gov/pubmed/20729109
http://www.ncbi.nlm.nih.gov/pubmed/9585602
http://www.ncbi.nlm.nih.gov/pubmed/18774749
http://www.ncbi.nlm.nih.gov/pubmed/24081483
http://www.ncbi.nlm.nih.gov/pubmed/18277931
http://www.ncbi.nlm.nih.gov/pubmed/20729109
http://www.ncbi.nlm.nih.gov/pubmed/20729109
http://www.ncbi.nlm.nih.gov/pubmed/16569599
http://www.ncbi.nlm.nih.gov/pubmed/20729109
http://www.ncbi.nlm.nih.gov/pubmed/11162142
http://www.ncbi.nlm.nih.gov/pubmed/11162142
http://www.ncbi.nlm.nih.gov/pubmed/9667376
http://www.ncbi.nlm.nih.gov/pubmed/1520880
http://www.ncbi.nlm.nih.gov/pubmed/11162142
http://www.ncbi.nlm.nih.gov/pubmed/9585602
http://www.ncbi.nlm.nih.gov/pubmed/8634410
http://www.ncbi.nlm.nih.gov/pubmed/8634410
http://www.ncbi.nlm.nih.gov/pubmed/11566256
http://www.ncbi.nlm.nih.gov/pubmed/8070813
http://www.ncbi.nlm.nih.gov/pubmed/20729109
http://www.ncbi.nlm.nih.gov/pubmed/20729109
http://www.ncbi.nlm.nih.gov/pubmed/22929960
http://www.ncbi.nlm.nih.gov/pubmed/20729109
http://www.ncbi.nlm.nih.gov/pubmed/20228266
http://www.ncbi.nlm.nih.gov/pubmed/10452961
http://www.ncbi.nlm.nih.gov/pubmed/20729109
http://www.ncbi.nlm.nih.gov/pubmed/1520880
http://www.ncbi.nlm.nih.gov/pubmed/20729109
http://www.ncbi.nlm.nih.gov/pubmed/8634410
http://www.ncbi.nlm.nih.gov/pubmed/20729109
http://www.ncbi.nlm.nih.gov/pubmed/11162142
http://www.ncbi.nlm.nih.gov/pubmed/20729109
http://www.ncbi.nlm.nih.gov/pubmed/9585602
http://www.ncbi.nlm.nih.gov/pubmed/20729109
http://www.ncbi.nlm.nih.gov/pubmed/20729109
http://www.ncbi.nlm.nih.gov/pubmed/16516412
http://www.ncbi.nlm.nih.gov/pubmed/20729109
http://www.ncbi.nlm.nih.gov/pubmed/16783466
http://www.ncbi.nlm.nih.gov/pubmed/11162142
http://www.ncbi.nlm.nih.gov/pubmed/1520880
http://www.ncbi.nlm.nih.gov/pubmed/8634410
http://www.ncbi.nlm.nih.gov/pubmed/11162142
http://www.ncbi.nlm.nih.gov/pubmed/9667376
http://www.ncbi.nlm.nih.gov/pubmed/20729109
http://www.ncbi.nlm.nih.gov/pubmed/9585602
http://www.ncbi.nlm.nih.gov/pubmed/20729109
http://www.ncbi.nlm.nih.gov/pubmed/18546332
http://www.ncbi.nlm.nih.gov/pubmed/11162142
http://www.ncbi.nlm.nih.gov/pubmed/8634410
http://www.ncbi.nlm.nih.gov/pubmed/20729109
http://www.ncbi.nlm.nih.gov/pubmed/20729109
http://www.ncbi.nlm.nih.gov/pubmed/11162142
http://www.ncbi.nlm.nih.gov/pubmed/16123991
http://www.ncbi.nlm.nih.gov/pubmed/20729109
http://www.ncbi.nlm.nih.gov/pubmed/20729109
http://www.ncbi.nlm.nih.gov/pubmed/22924737
http://www.ncbi.nlm.nih.gov/pubmed/10089913
http://www.ncbi.nlm.nih.gov/pubmed/15338274
http://www.ncbi.nlm.nih.gov/pubmed/15338274
http://www.ncbi.nlm.nih.gov/pubmed/15527432
http://www.ncbi.nlm.nih.gov/pubmed/20132422
http://www.ncbi.nlm.nih.gov/pubmed/19076795
http://www.ncbi.nlm.nih.gov/pubmed/21389835
http://www.ncbi.nlm.nih.gov/pubmed/16307661
http://www.ncbi.nlm.nih.gov/pubmed/19807742
http://www.ncbi.nlm.nih.gov/pubmed/23641715
http://www.ncbi.nlm.nih.gov/pubmed/23567228
http://www.ncbi.nlm.nih.gov/pubmed/10835629
http://www.ncbi.nlm.nih.gov/pubmed/10835629
http://www.ncbi.nlm.nih.gov/pubmed/19668078
http://www.ncbi.nlm.nih.gov/pubmed/12161514
http://www.ncbi.nlm.nih.gov/pubmed/11549691
http://www.ncbi.nlm.nih.gov/pubmed/19567537
http://www.ncbi.nlm.nih.gov/pubmed/17371482
http://www.ncbi.nlm.nih.gov/pubmed/8964882
http://www.ncbi.nlm.nih.gov/pubmed/9435454
http://www.ncbi.nlm.nih.gov/pubmed/11095433
http://www.ncbi.nlm.nih.gov/pubmed/17172090
http://www.ncbi.nlm.nih.gov/pubmed/20523022
http://www.ncbi.nlm.nih.gov/pubmed/20024693
http://www.ncbi.nlm.nih.gov/pubmed/24621779
http://www.ncbi.nlm.nih.gov/pubmed/22964742
http://www.ncbi.nlm.nih.gov/pubmed/11095433
invalid literal for int() with base 10: 'NO ID'
invalid literal for int() with base 10: 'HGOL'
http://www.ncbi.nlm.nih.gov/pubmed/19320038
http://www.ncbi.nlm.nih.gov/pubmed/9435441
http://www.ncbi.nlm.nih.gov/pubmed/14715826
http://www.ncbi.nlm.nih.gov/pubmed/24593890
http://www.ncbi.nlm.nih.gov/pubmed/9177409
http://www.ncbi.nlm.nih.gov/pubmed/21282350
http://www.ncbi.nlm.nih.gov/pubmed/16882736
http://www.ncbi.nlm.nih.gov/pubmed/9177373
http://www.ncbi.nlm.nih.gov/pubmed/7663532
http://www.ncbi.nlm.nih.gov/pubmed/16882736
http://www.ncbi.nlm.nih.gov/pubmed/14602738
http://www.ncbi.nlm.nih.gov/pubmed/12466340
http://www.ncbi.nlm.nih.gov/pubmed/19844120
http://www.ncbi.nlm.nih.gov/pubmed/16882736
http://www.ncbi.nlm.nih.gov/pubmed/1496995
invalid literal for int() with base 10: 'NO ID'
http://www.ncbi.nlm.nih.gov/pubmed/18590994
http://www.ncbi.nlm.nih.gov/pubmed/12919186
http://www.ncbi.nlm.nih.gov/pubmed/8698338
http://www.ncbi.nlm.nih.gov/pubmed/9799085
http://www.ncbi.nlm.nih.gov/pubmed/16427797
http://www.ncbi.nlm.nih.gov/pubmed/12213891
http://www.ncbi.nlm.nih.gov/pubmed/2845408
http://www.ncbi.nlm.nih.gov/pubmed/22497080
http://www.ncbi.nlm.nih.gov/pubmed/24667412
http://www.ncbi.nlm.nih.gov/pubmed/8518786
http://www.ncbi.nlm.nih.gov/pubmed/9580109
invalid literal for int() with base 10: 'HGOL'
http://www.ncbi.nlm.nih.gov/pubmed/23337727
http://www.ncbi.nlm.nih.gov/pubmed/21534945
http://www.ncbi.nlm.nih.gov/pubmed/20423741
http://www.ncbi.nlm.nih.gov/pubmed/20926536
http://www.ncbi.nlm.nih.gov/pubmed/22337913
http://www.ncbi.nlm.nih.gov/pubmed/22337913
http://www.ncbi.nlm.nih.gov/pubmed/16463413
http://www.ncbi.nlm.nih.gov/pubmed/10775536
http://www.ncbi.nlm.nih.gov/pubmed/9521761
http://www.ncbi.nlm.nih.gov/pubmed/8827518
http://www.ncbi.nlm.nih.gov/pubmed/20402754
http://www.ncbi.nlm.nih.gov/pubmed/9254865
http://www.ncbi.nlm.nih.gov/pubmed/21645175
http://www.ncbi.nlm.nih.gov/pubmed/8514861
http://www.ncbi.nlm.nih.gov/pubmed/11181744
http://www.ncbi.nlm.nih.gov/pubmed/11181744
http://www.ncbi.nlm.nih.gov/pubmed/21073839
http://www.ncbi.nlm.nih.gov/pubmed/9392430
http://www.ncbi.nlm.nih.gov/pubmed/11181744
http://www.ncbi.nlm.nih.gov/pubmed/14741198
http://www.ncbi.nlm.nih.gov/pubmed/8827518
http://www.ncbi.nlm.nih.gov/pubmed/9392430
http://www.ncbi.nlm.nih.gov/pubmed/9392430
http://www.ncbi.nlm.nih.gov/pubmed/11181744
http://www.ncbi.nlm.nih.gov/pubmed/22443290
http://www.ncbi.nlm.nih.gov/pubmed/12050193
http://www.ncbi.nlm.nih.gov/pubmed/10566658
http://www.ncbi.nlm.nih.gov/pubmed/12109629
http://www.ncbi.nlm.nih.gov/pubmed/17488797
http://www.ncbi.nlm.nih.gov/pubmed/24282029
http://www.ncbi.nlm.nih.gov/pubmed/24282029
http://www.ncbi.nlm.nih.gov/pubmed/14551287
http://www.ncbi.nlm.nih.gov/pubmed/18171905
http://www.ncbi.nlm.nih.gov/pubmed/18171905
http://www.ncbi.nlm.nih.gov/pubmed/8195181
http://www.ncbi.nlm.nih.gov/pubmed/10411572
http://www.ncbi.nlm.nih.gov/pubmed/24282029
http://www.ncbi.nlm.nih.gov/pubmed/16413010
http://www.ncbi.nlm.nih.gov/pubmed/8563771
http://www.ncbi.nlm.nih.gov/pubmed/1978251
http://www.ncbi.nlm.nih.gov/pubmed/24282029
http://www.ncbi.nlm.nih.gov/pubmed/12172214
http://www.ncbi.nlm.nih.gov/pubmed/15289790
http://www.ncbi.nlm.nih.gov/pubmed/15618746
http://www.ncbi.nlm.nih.gov/pubmed/22855339
http://www.ncbi.nlm.nih.gov/pubmed/24282029
http://www.ncbi.nlm.nih.gov/pubmed/19229255
http://www.ncbi.nlm.nih.gov/pubmed/11502729
http://www.ncbi.nlm.nih.gov/pubmed/11279519
http://www.ncbi.nlm.nih.gov/pubmed/21565171
http://www.ncbi.nlm.nih.gov/pubmed/21565171
http://www.ncbi.nlm.nih.gov/pubmed/21565171
http://www.ncbi.nlm.nih.gov/pubmed/15042513
http://www.ncbi.nlm.nih.gov/pubmed/15042513
http://www.ncbi.nlm.nih.gov/pubmed/24480711
http://www.ncbi.nlm.nih.gov/pubmed/24480711
http://www.ncbi.nlm.nih.gov/pubmed/15042513
http://www.ncbi.nlm.nih.gov/pubmed/21452256
http://www.ncbi.nlm.nih.gov/pubmed/15609246
http://www.ncbi.nlm.nih.gov/pubmed/16037974
http://www.ncbi.nlm.nih.gov/pubmed/20020533
http://www.ncbi.nlm.nih.gov/pubmed/16847012
http://www.ncbi.nlm.nih.gov/pubmed/17384640
http://www.ncbi.nlm.nih.gov/pubmed/17384640
http://www.ncbi.nlm.nih.gov/pubmed/21493805
http://www.ncbi.nlm.nih.gov/pubmed/17384640
http://www.ncbi.nlm.nih.gov/pubmed/23065766
http://www.ncbi.nlm.nih.gov/pubmed/17384640
invalid literal for int() with base 10: 'NO ID'
http://www.ncbi.nlm.nih.gov/pubmed/17384640
http://www.ncbi.nlm.nih.gov/pubmed/21815884
http://www.ncbi.nlm.nih.gov/pubmed/22677571
http://www.ncbi.nlm.nih.gov/pubmed/17384640
http://www.ncbi.nlm.nih.gov/pubmed/17384640
http://www.ncbi.nlm.nih.gov/pubmed/17384640
http://www.ncbi.nlm.nih.gov/pubmed/17384640
http://www.ncbi.nlm.nih.gov/pubmed/23352160
http://www.ncbi.nlm.nih.gov/pubmed/11857564
http://www.ncbi.nlm.nih.gov/pubmed/22727569
http://www.ncbi.nlm.nih.gov/pubmed/24516753
http://www.ncbi.nlm.nih.gov/pubmed/12118532
http://www.ncbi.nlm.nih.gov/pubmed/14517957
http://www.ncbi.nlm.nih.gov/pubmed/1547285
http://www.ncbi.nlm.nih.gov/pubmed/9621512
http://www.ncbi.nlm.nih.gov/pubmed/18378174
http://www.ncbi.nlm.nih.gov/pubmed/9239422
http://www.ncbi.nlm.nih.gov/pubmed/19026396
http://www.ncbi.nlm.nih.gov/pubmed/19026396
http://www.ncbi.nlm.nih.gov/pubmed/21963443
http://www.ncbi.nlm.nih.gov/pubmed/22865819
http://www.ncbi.nlm.nih.gov/pubmed/20431009
http://www.ncbi.nlm.nih.gov/pubmed/11336668
http://www.ncbi.nlm.nih.gov/pubmed/11336668
http://www.ncbi.nlm.nih.gov/pubmed/21390052
http://www.ncbi.nlm.nih.gov/pubmed/21184155
http://www.ncbi.nlm.nih.gov/pubmed/23701501
http://www.ncbi.nlm.nih.gov/pubmed/19953608
http://www.ncbi.nlm.nih.gov/pubmed/11336668
http://www.ncbi.nlm.nih.gov/pubmed/19967552
http://www.ncbi.nlm.nih.gov/pubmed/21482675
http://www.ncbi.nlm.nih.gov/pubmed/23881933
http://www.ncbi.nlm.nih.gov/pubmed/9618162
http://www.ncbi.nlm.nih.gov/pubmed/12390976
http://www.ncbi.nlm.nih.gov/pubmed/9817918
http://www.ncbi.nlm.nih.gov/pubmed/11175293
http://www.ncbi.nlm.nih.gov/pubmed/9489699
http://www.ncbi.nlm.nih.gov/pubmed/22042873
http://www.ncbi.nlm.nih.gov/pubmed/12812979
http://www.ncbi.nlm.nih.gov/pubmed/17533144
http://www.ncbi.nlm.nih.gov/pubmed/23176821
http://www.ncbi.nlm.nih.gov/pubmed/23176821
http://www.ncbi.nlm.nih.gov/pubmed/24482476
http://www.ncbi.nlm.nih.gov/pubmed/19110212
http://www.ncbi.nlm.nih.gov/pubmed/20137776
http://www.ncbi.nlm.nih.gov/pubmed/23542697
http://www.ncbi.nlm.nih.gov/pubmed/23542697
http://www.ncbi.nlm.nih.gov/pubmed/19716701
http://www.ncbi.nlm.nih.gov/pubmed/17626518
http://www.ncbi.nlm.nih.gov/pubmed/14724127
http://www.ncbi.nlm.nih.gov/pubmed/11073539
http://www.ncbi.nlm.nih.gov/pubmed/24441330
http://www.ncbi.nlm.nih.gov/pubmed/10717012
http://www.ncbi.nlm.nih.gov/pubmed/14724127
http://www.ncbi.nlm.nih.gov/pubmed/23687351
http://www.ncbi.nlm.nih.gov/pubmed/14676472
http://www.ncbi.nlm.nih.gov/pubmed/17868390
http://www.ncbi.nlm.nih.gov/pubmed/20352026
http://www.ncbi.nlm.nih.gov/pubmed/17171570
http://www.ncbi.nlm.nih.gov/pubmed/23114594
http://www.ncbi.nlm.nih.gov/pubmed/23274426
http://www.ncbi.nlm.nih.gov/pubmed/23542698
http://www.ncbi.nlm.nih.gov/pubmed/17073823
http://www.ncbi.nlm.nih.gov/pubmed/17452231
http://www.ncbi.nlm.nih.gov/pubmed/19394258
http://www.ncbi.nlm.nih.gov/pubmed/18205204
http://www.ncbi.nlm.nih.gov/pubmed/17073823
http://www.ncbi.nlm.nih.gov/pubmed/17280874
http://www.ncbi.nlm.nih.gov/pubmed/23042628
http://www.ncbi.nlm.nih.gov/pubmed/10995508
http://www.ncbi.nlm.nih.gov/pubmed/17595012
http://www.ncbi.nlm.nih.gov/pubmed/20635399
http://www.ncbi.nlm.nih.gov/pubmed/9653161
http://www.ncbi.nlm.nih.gov/pubmed/11427181
http://www.ncbi.nlm.nih.gov/pubmed/9360932
http://www.ncbi.nlm.nih.gov/pubmed/21266384
http://www.ncbi.nlm.nih.gov/pubmed/21882293
http://www.ncbi.nlm.nih.gov/pubmed/21205968
http://www.ncbi.nlm.nih.gov/pubmed/21205968
http://www.ncbi.nlm.nih.gov/pubmed/21501861
http://www.ncbi.nlm.nih.gov/pubmed/21501861
http://www.ncbi.nlm.nih.gov/pubmed/22306653
http://www.ncbi.nlm.nih.gov/pubmed/20850505
http://www.ncbi.nlm.nih.gov/pubmed/17286247
http://www.ncbi.nlm.nih.gov/pubmed/21739582
http://www.ncbi.nlm.nih.gov/pubmed/18627054
http://www.ncbi.nlm.nih.gov/pubmed/16332973
http://www.ncbi.nlm.nih.gov/pubmed/10364516
http://www.ncbi.nlm.nih.gov/pubmed/20022530
http://www.ncbi.nlm.nih.gov/pubmed/20022530
http://www.ncbi.nlm.nih.gov/pubmed/12925875
http://www.ncbi.nlm.nih.gov/pubmed/24721225
http://www.ncbi.nlm.nih.gov/pubmed/15185169
http://www.ncbi.nlm.nih.gov/pubmed/24721225
http://www.ncbi.nlm.nih.gov/pubmed/19795139
http://www.ncbi.nlm.nih.gov/pubmed/15185169
http://www.ncbi.nlm.nih.gov/pubmed/17715288
http://www.ncbi.nlm.nih.gov/pubmed/14659407
http://www.ncbi.nlm.nih.gov/pubmed/17041906
http://www.ncbi.nlm.nih.gov/pubmed/8789442
http://www.ncbi.nlm.nih.gov/pubmed/12354438
http://www.ncbi.nlm.nih.gov/pubmed/15952989
http://www.ncbi.nlm.nih.gov/pubmed/11524473
http://www.ncbi.nlm.nih.gov/pubmed/10464635
http://www.ncbi.nlm.nih.gov/pubmed/17726484
http://www.ncbi.nlm.nih.gov/pubmed/17259292
http://www.ncbi.nlm.nih.gov/pubmed/17041906
http://www.ncbi.nlm.nih.gov/pubmed/19959795
http://www.ncbi.nlm.nih.gov/pubmed/12632325
http://www.ncbi.nlm.nih.gov/pubmed/18059005
http://www.ncbi.nlm.nih.gov/pubmed/19937601
http://www.ncbi.nlm.nih.gov/pubmed/21515508
http://www.ncbi.nlm.nih.gov/pubmed/21515508
http://www.ncbi.nlm.nih.gov/pubmed/19783145
http://www.ncbi.nlm.nih.gov/pubmed/17041906
http://www.ncbi.nlm.nih.gov/pubmed/19937601
http://www.ncbi.nlm.nih.gov/pubmed/8279470
http://www.ncbi.nlm.nih.gov/pubmed/16077730
http://www.ncbi.nlm.nih.gov/pubmed/18348289
http://www.ncbi.nlm.nih.gov/pubmed/21851881
http://www.ncbi.nlm.nih.gov/pubmed/16834926
http://www.ncbi.nlm.nih.gov/pubmed/20485447
http://www.ncbi.nlm.nih.gov/pubmed/18652600
http://www.ncbi.nlm.nih.gov/pubmed/23756440
http://www.ncbi.nlm.nih.gov/pubmed/22194990
http://www.ncbi.nlm.nih.gov/pubmed/21396098
http://www.ncbi.nlm.nih.gov/pubmed/22223181
http://www.ncbi.nlm.nih.gov/pubmed/18652600
http://www.ncbi.nlm.nih.gov/pubmed/17259292
http://www.ncbi.nlm.nih.gov/pubmed/18583217
http://www.ncbi.nlm.nih.gov/pubmed/17726484
http://www.ncbi.nlm.nih.gov/pubmed/21515508
http://www.ncbi.nlm.nih.gov/pubmed/18652600
http://www.ncbi.nlm.nih.gov/pubmed/20485447
http://www.ncbi.nlm.nih.gov/pubmed/23536893
http://www.ncbi.nlm.nih.gov/pubmed/21515508
http://www.ncbi.nlm.nih.gov/pubmed/23756440
http://www.ncbi.nlm.nih.gov/pubmed/10094565
http://www.ncbi.nlm.nih.gov/pubmed/8322822
http://www.ncbi.nlm.nih.gov/pubmed/12233050
http://www.ncbi.nlm.nih.gov/pubmed/18583217
http://www.ncbi.nlm.nih.gov/pubmed/19937601
http://www.ncbi.nlm.nih.gov/pubmed/20485447
http://www.ncbi.nlm.nih.gov/pubmed/15351422
http://www.ncbi.nlm.nih.gov/pubmed/17041906
http://www.ncbi.nlm.nih.gov/pubmed/9298822
http://www.ncbi.nlm.nih.gov/pubmed/7951253
http://www.ncbi.nlm.nih.gov/pubmed/11524473
http://www.ncbi.nlm.nih.gov/pubmed/20485447
http://www.ncbi.nlm.nih.gov/pubmed/20485447
http://www.ncbi.nlm.nih.gov/pubmed/19783145
http://www.ncbi.nlm.nih.gov/pubmed/14695533
http://www.ncbi.nlm.nih.gov/pubmed/15351422
http://www.ncbi.nlm.nih.gov/pubmed/20485447
http://www.ncbi.nlm.nih.gov/pubmed/17041906
http://www.ncbi.nlm.nih.gov/pubmed/14695533
http://www.ncbi.nlm.nih.gov/pubmed/19760747
http://www.ncbi.nlm.nih.gov/pubmed/11241855
http://www.ncbi.nlm.nih.gov/pubmed/19760747
http://www.ncbi.nlm.nih.gov/pubmed/20485447
http://www.ncbi.nlm.nih.gov/pubmed/18348289
http://www.ncbi.nlm.nih.gov/pubmed/12754707
http://www.ncbi.nlm.nih.gov/pubmed/10094556
http://www.ncbi.nlm.nih.gov/pubmed/23536893
http://www.ncbi.nlm.nih.gov/pubmed/19783145
http://www.ncbi.nlm.nih.gov/pubmed/16834926
http://www.ncbi.nlm.nih.gov/pubmed/12632325
http://www.ncbi.nlm.nih.gov/pubmed/11257468
http://www.ncbi.nlm.nih.gov/pubmed/14695533
http://www.ncbi.nlm.nih.gov/pubmed/19783145
http://www.ncbi.nlm.nih.gov/pubmed/19760747
http://www.ncbi.nlm.nih.gov/pubmed/19230662
http://www.ncbi.nlm.nih.gov/pubmed/19959795
http://www.ncbi.nlm.nih.gov/pubmed/23536893
http://www.ncbi.nlm.nih.gov/pubmed/10464635
http://www.ncbi.nlm.nih.gov/pubmed/10533061
http://www.ncbi.nlm.nih.gov/pubmed/19937601
http://www.ncbi.nlm.nih.gov/pubmed/8199594
http://www.ncbi.nlm.nih.gov/pubmed/9410897
http://www.ncbi.nlm.nih.gov/pubmed/23092449
http://www.ncbi.nlm.nih.gov/pubmed/20485447
http://www.ncbi.nlm.nih.gov/pubmed/11039581
http://www.ncbi.nlm.nih.gov/pubmed/19937601
http://www.ncbi.nlm.nih.gov/pubmed/19937601
http://www.ncbi.nlm.nih.gov/pubmed/18684626
http://www.ncbi.nlm.nih.gov/pubmed/17041906
http://www.ncbi.nlm.nih.gov/pubmed/19937601
http://www.ncbi.nlm.nih.gov/pubmed/19937601
http://www.ncbi.nlm.nih.gov/pubmed/17259292
http://www.ncbi.nlm.nih.gov/pubmed/19409785
http://www.ncbi.nlm.nih.gov/pubmed/17041906
http://www.ncbi.nlm.nih.gov/pubmed/23871722
http://www.ncbi.nlm.nih.gov/pubmed/19937601
http://www.ncbi.nlm.nih.gov/pubmed/15351422
http://www.ncbi.nlm.nih.gov/pubmed/11524473
http://www.ncbi.nlm.nih.gov/pubmed/17041906
http://www.ncbi.nlm.nih.gov/pubmed/16077730
http://www.ncbi.nlm.nih.gov/pubmed/11524473
http://www.ncbi.nlm.nih.gov/pubmed/19783145
http://www.ncbi.nlm.nih.gov/pubmed/14695533
http://www.ncbi.nlm.nih.gov/pubmed/19409785
http://www.ncbi.nlm.nih.gov/pubmed/14695533
http://www.ncbi.nlm.nih.gov/pubmed/19760747
http://www.ncbi.nlm.nih.gov/pubmed/17041906
http://www.ncbi.nlm.nih.gov/pubmed/17259292
http://www.ncbi.nlm.nih.gov/pubmed/11524473
http://www.ncbi.nlm.nih.gov/pubmed/16834926
http://www.ncbi.nlm.nih.gov/pubmed/17041906
http://www.ncbi.nlm.nih.gov/pubmed/23536893
http://www.ncbi.nlm.nih.gov/pubmed/15952989
http://www.ncbi.nlm.nih.gov/pubmed/17259292
http://www.ncbi.nlm.nih.gov/pubmed/17726484
http://www.ncbi.nlm.nih.gov/pubmed/18348289
http://www.ncbi.nlm.nih.gov/pubmed/19783145
http://www.ncbi.nlm.nih.gov/pubmed/17253928
http://www.ncbi.nlm.nih.gov/pubmed/23536893
http://www.ncbi.nlm.nih.gov/pubmed/21515508


PS:

Read file <data/skip/scraping_pubmed_chunks/logs/chunk9.e> for stderr output of this job.

