Sender: LSF System <lsf@node0920>
Subject: Job 9582132: <scrape.13> in cluster <cromwell> Done

Job <scrape.13> was submitted from host <gold> by user <birnbaum> in cluster <cromwell>.
Job was executed on host(s) <node0920>, in queue <hour>, as user <birnbaum> in cluster <cromwell>.
</home/unix/birnbaum> was used as the home directory.
</humgen/atgu1/fs03/birnbaum/cryptic-splice> was used as the working directory.
Started at Thu Jun  2 16:37:53 2016
Results reported on Thu Jun  2 16:47:16 2016

Your job looked like:

------------------------------------------------------------
# LSBATCH: User input
python src/scrape_pubmed_abstracts.py -p data/skip/hgmd_splice_pmids.txt --include "exon skipping" --include "skipping of exon" --exclude "cryptic splice site" --exclude "cryptic donor" --exclude "cryptic acceptor" -o data/skip/scraping_pubmed_chunks/chunk13.txt --chunk 13/30
------------------------------------------------------------

Successfully completed.

Resource usage summary:

    CPU time :               110.47 sec.
    Max Memory :             51 MB
    Average Memory :         48.80 MB
    Total Requested Memory : 750.00 MB
    Delta Memory :           699.00 MB
    (Delta: the difference between Total Requested Memory and Max Memory.)
    Max Processes :          3
    Max Threads :            4

The output (if any) follows:

http://www.ncbi.nlm.nih.gov/pubmed/8894692
http://www.ncbi.nlm.nih.gov/pubmed/21907952
http://www.ncbi.nlm.nih.gov/pubmed/17627385
http://www.ncbi.nlm.nih.gov/pubmed/12161601
http://www.ncbi.nlm.nih.gov/pubmed/19293843
http://www.ncbi.nlm.nih.gov/pubmed/8894692
http://www.ncbi.nlm.nih.gov/pubmed/18435798
http://www.ncbi.nlm.nih.gov/pubmed/16222657
http://www.ncbi.nlm.nih.gov/pubmed/10756346
http://www.ncbi.nlm.nih.gov/pubmed/17657824
http://www.ncbi.nlm.nih.gov/pubmed/16222657
http://www.ncbi.nlm.nih.gov/pubmed/11933199
http://www.ncbi.nlm.nih.gov/pubmed/21542060
http://www.ncbi.nlm.nih.gov/pubmed/21542060
http://www.ncbi.nlm.nih.gov/pubmed/19293843
http://www.ncbi.nlm.nih.gov/pubmed/18435798
http://www.ncbi.nlm.nih.gov/pubmed/19293843
http://www.ncbi.nlm.nih.gov/pubmed/19293843
http://www.ncbi.nlm.nih.gov/pubmed/10464652
invalid literal for int() with base 10: 'ABST'
http://www.ncbi.nlm.nih.gov/pubmed/18795226
invalid literal for int() with base 10: 'ABST'
http://www.ncbi.nlm.nih.gov/pubmed/24613577
http://www.ncbi.nlm.nih.gov/pubmed/21594993
http://www.ncbi.nlm.nih.gov/pubmed/15241795
http://www.ncbi.nlm.nih.gov/pubmed/11700157
http://www.ncbi.nlm.nih.gov/pubmed/17657824
http://www.ncbi.nlm.nih.gov/pubmed/10464652
http://www.ncbi.nlm.nih.gov/pubmed/11754102
http://www.ncbi.nlm.nih.gov/pubmed/11754102
http://www.ncbi.nlm.nih.gov/pubmed/9106527
http://www.ncbi.nlm.nih.gov/pubmed/18767143
http://www.ncbi.nlm.nih.gov/pubmed/17345643
http://www.ncbi.nlm.nih.gov/pubmed/9199560
http://www.ncbi.nlm.nih.gov/pubmed/17345643
http://www.ncbi.nlm.nih.gov/pubmed/17345643
http://www.ncbi.nlm.nih.gov/pubmed/9714438
http://www.ncbi.nlm.nih.gov/pubmed/15121784
http://www.ncbi.nlm.nih.gov/pubmed/18767143
http://www.ncbi.nlm.nih.gov/pubmed/8900230
http://www.ncbi.nlm.nih.gov/pubmed/17345643
http://www.ncbi.nlm.nih.gov/pubmed/24360804
http://www.ncbi.nlm.nih.gov/pubmed/19038853
http://www.ncbi.nlm.nih.gov/pubmed/24112787
http://www.ncbi.nlm.nih.gov/pubmed/23545275
http://www.ncbi.nlm.nih.gov/pubmed/22495306
http://www.ncbi.nlm.nih.gov/pubmed/20412370
http://www.ncbi.nlm.nih.gov/pubmed/20105171
http://www.ncbi.nlm.nih.gov/pubmed/10417624
http://www.ncbi.nlm.nih.gov/pubmed/17723290
http://www.ncbi.nlm.nih.gov/pubmed/20105171
http://www.ncbi.nlm.nih.gov/pubmed/20412370
http://www.ncbi.nlm.nih.gov/pubmed/20412370
http://www.ncbi.nlm.nih.gov/pubmed/12880438
http://www.ncbi.nlm.nih.gov/pubmed/19693296
http://www.ncbi.nlm.nih.gov/pubmed/1729699
http://www.ncbi.nlm.nih.gov/pubmed/9740256
http://www.ncbi.nlm.nih.gov/pubmed/7910885
http://www.ncbi.nlm.nih.gov/pubmed/8481408
http://www.ncbi.nlm.nih.gov/pubmed/9585598
http://www.ncbi.nlm.nih.gov/pubmed/20105171
http://www.ncbi.nlm.nih.gov/pubmed/23364466
http://www.ncbi.nlm.nih.gov/pubmed/9649563
http://www.ncbi.nlm.nih.gov/pubmed/17196862
http://www.ncbi.nlm.nih.gov/pubmed/20105171
http://www.ncbi.nlm.nih.gov/pubmed/9649563
http://www.ncbi.nlm.nih.gov/pubmed/19888946
http://www.ncbi.nlm.nih.gov/pubmed/8151124
http://www.ncbi.nlm.nih.gov/pubmed/17196862
http://www.ncbi.nlm.nih.gov/pubmed/16385445
http://www.ncbi.nlm.nih.gov/pubmed/8781532
http://www.ncbi.nlm.nih.gov/pubmed/9585598
http://www.ncbi.nlm.nih.gov/pubmed/10417624
http://www.ncbi.nlm.nih.gov/pubmed/11442767
http://www.ncbi.nlm.nih.gov/pubmed/19693296
http://www.ncbi.nlm.nih.gov/pubmed/20412370
http://www.ncbi.nlm.nih.gov/pubmed/10431482
http://www.ncbi.nlm.nih.gov/pubmed/20105171
http://www.ncbi.nlm.nih.gov/pubmed/17196862
http://www.ncbi.nlm.nih.gov/pubmed/10417624
http://www.ncbi.nlm.nih.gov/pubmed/8364548
http://www.ncbi.nlm.nih.gov/pubmed/7918679
http://www.ncbi.nlm.nih.gov/pubmed/23364466
http://www.ncbi.nlm.nih.gov/pubmed/9585598
http://www.ncbi.nlm.nih.gov/pubmed/7541650
http://www.ncbi.nlm.nih.gov/pubmed/10417624
http://www.ncbi.nlm.nih.gov/pubmed/8500787
http://www.ncbi.nlm.nih.gov/pubmed/10417624
http://www.ncbi.nlm.nih.gov/pubmed/9585598
http://www.ncbi.nlm.nih.gov/pubmed/23364466
http://www.ncbi.nlm.nih.gov/pubmed/7910885
http://www.ncbi.nlm.nih.gov/pubmed/21936020
http://www.ncbi.nlm.nih.gov/pubmed/21936020
http://www.ncbi.nlm.nih.gov/pubmed/17460733
http://www.ncbi.nlm.nih.gov/pubmed/16051467
http://www.ncbi.nlm.nih.gov/pubmed/16675959
http://www.ncbi.nlm.nih.gov/pubmed/17460733
http://www.ncbi.nlm.nih.gov/pubmed/12668616
http://www.ncbi.nlm.nih.gov/pubmed/14962093
http://www.ncbi.nlm.nih.gov/pubmed/17854379
http://www.ncbi.nlm.nih.gov/pubmed/22564402
http://www.ncbi.nlm.nih.gov/pubmed/19234463
http://www.ncbi.nlm.nih.gov/pubmed/21441448
http://www.ncbi.nlm.nih.gov/pubmed/22639050
http://www.ncbi.nlm.nih.gov/pubmed/10891444
http://www.ncbi.nlm.nih.gov/pubmed/16241964
http://www.ncbi.nlm.nih.gov/pubmed/18771425
invalid literal for int() with base 10: 'LSDB'
http://www.ncbi.nlm.nih.gov/pubmed/17295221
http://www.ncbi.nlm.nih.gov/pubmed/23560673
http://www.ncbi.nlm.nih.gov/pubmed/10891444
http://www.ncbi.nlm.nih.gov/pubmed/23560673
http://www.ncbi.nlm.nih.gov/pubmed/16420582
http://www.ncbi.nlm.nih.gov/pubmed/24560896
http://www.ncbi.nlm.nih.gov/pubmed/12393540
http://www.ncbi.nlm.nih.gov/pubmed/12529761
http://www.ncbi.nlm.nih.gov/pubmed/12393540
http://www.ncbi.nlm.nih.gov/pubmed/16689768
http://www.ncbi.nlm.nih.gov/pubmed/20082460
http://www.ncbi.nlm.nih.gov/pubmed/23443263
http://www.ncbi.nlm.nih.gov/pubmed/19332693
http://www.ncbi.nlm.nih.gov/pubmed/23466821
http://www.ncbi.nlm.nih.gov/pubmed/23466821
http://www.ncbi.nlm.nih.gov/pubmed/17564959
http://www.ncbi.nlm.nih.gov/pubmed/23466821
http://www.ncbi.nlm.nih.gov/pubmed/19102732
http://www.ncbi.nlm.nih.gov/pubmed/22319038
http://www.ncbi.nlm.nih.gov/pubmed/17264867
http://www.ncbi.nlm.nih.gov/pubmed/22724017
http://www.ncbi.nlm.nih.gov/pubmed/20696889
http://www.ncbi.nlm.nih.gov/pubmed/24031091
http://www.ncbi.nlm.nih.gov/pubmed/17154279
http://www.ncbi.nlm.nih.gov/pubmed/12627230
http://www.ncbi.nlm.nih.gov/pubmed/20079901
http://www.ncbi.nlm.nih.gov/pubmed/20696889
http://www.ncbi.nlm.nih.gov/pubmed/23348397
http://www.ncbi.nlm.nih.gov/pubmed/23533228
http://www.ncbi.nlm.nih.gov/pubmed/22319038
http://www.ncbi.nlm.nih.gov/pubmed/12627230
http://www.ncbi.nlm.nih.gov/pubmed/17154279
http://www.ncbi.nlm.nih.gov/pubmed/23533228
http://www.ncbi.nlm.nih.gov/pubmed/18462018
http://www.ncbi.nlm.nih.gov/pubmed/7795583
http://www.ncbi.nlm.nih.gov/pubmed/10425034
http://www.ncbi.nlm.nih.gov/pubmed/10394936
http://www.ncbi.nlm.nih.gov/pubmed/9048930
http://www.ncbi.nlm.nih.gov/pubmed/7795583
http://www.ncbi.nlm.nih.gov/pubmed/7795583
http://www.ncbi.nlm.nih.gov/pubmed/10394936
http://www.ncbi.nlm.nih.gov/pubmed/7987400
http://www.ncbi.nlm.nih.gov/pubmed/21524234
http://www.ncbi.nlm.nih.gov/pubmed/11001902
http://www.ncbi.nlm.nih.gov/pubmed/11019970
http://www.ncbi.nlm.nih.gov/pubmed/11354637
http://www.ncbi.nlm.nih.gov/pubmed/11001903
http://www.ncbi.nlm.nih.gov/pubmed/20580695
http://www.ncbi.nlm.nih.gov/pubmed/17854317
http://www.ncbi.nlm.nih.gov/pubmed/23560673
http://www.ncbi.nlm.nih.gov/pubmed/8470043
http://www.ncbi.nlm.nih.gov/pubmed/15937070
http://www.ncbi.nlm.nih.gov/pubmed/12761039
http://www.ncbi.nlm.nih.gov/pubmed/21398687
http://www.ncbi.nlm.nih.gov/pubmed/16881969
http://www.ncbi.nlm.nih.gov/pubmed/11865300
http://www.ncbi.nlm.nih.gov/pubmed/15663510
http://www.ncbi.nlm.nih.gov/pubmed/21398687
http://www.ncbi.nlm.nih.gov/pubmed/19687455
http://www.ncbi.nlm.nih.gov/pubmed/19118816
http://www.ncbi.nlm.nih.gov/pubmed/19118816
http://www.ncbi.nlm.nih.gov/pubmed/21705420
http://www.ncbi.nlm.nih.gov/pubmed/22061863
http://www.ncbi.nlm.nih.gov/pubmed/20620061
http://www.ncbi.nlm.nih.gov/pubmed/20961758
http://www.ncbi.nlm.nih.gov/pubmed/24144914
http://www.ncbi.nlm.nih.gov/pubmed/17124507
http://www.ncbi.nlm.nih.gov/pubmed/18234728
http://www.ncbi.nlm.nih.gov/pubmed/17124507
http://www.ncbi.nlm.nih.gov/pubmed/19802896
http://www.ncbi.nlm.nih.gov/pubmed/20618353
http://www.ncbi.nlm.nih.gov/pubmed/18234728
http://www.ncbi.nlm.nih.gov/pubmed/20413710
http://www.ncbi.nlm.nih.gov/pubmed/18234728
http://www.ncbi.nlm.nih.gov/pubmed/15852235
http://www.ncbi.nlm.nih.gov/pubmed/23356225
http://www.ncbi.nlm.nih.gov/pubmed/19785621
http://www.ncbi.nlm.nih.gov/pubmed/17611575
http://www.ncbi.nlm.nih.gov/pubmed/18234728
http://www.ncbi.nlm.nih.gov/pubmed/14627671
http://www.ncbi.nlm.nih.gov/pubmed/15852235
http://www.ncbi.nlm.nih.gov/pubmed/15852235
http://www.ncbi.nlm.nih.gov/pubmed/20413710
http://www.ncbi.nlm.nih.gov/pubmed/15249610
http://www.ncbi.nlm.nih.gov/pubmed/19917821
http://www.ncbi.nlm.nih.gov/pubmed/23032111
http://www.ncbi.nlm.nih.gov/pubmed/16299064
http://www.ncbi.nlm.nih.gov/pubmed/11532987
http://www.ncbi.nlm.nih.gov/pubmed/9883725
http://www.ncbi.nlm.nih.gov/pubmed/9883725
http://www.ncbi.nlm.nih.gov/pubmed/16684786
http://www.ncbi.nlm.nih.gov/pubmed/20598277
http://www.ncbi.nlm.nih.gov/pubmed/23636902
http://www.ncbi.nlm.nih.gov/pubmed/9883725
http://www.ncbi.nlm.nih.gov/pubmed/14988809
http://www.ncbi.nlm.nih.gov/pubmed/16684786
http://www.ncbi.nlm.nih.gov/pubmed/18427995
http://www.ncbi.nlm.nih.gov/pubmed/11532987
http://www.ncbi.nlm.nih.gov/pubmed/22190451
http://www.ncbi.nlm.nih.gov/pubmed/24167460
http://www.ncbi.nlm.nih.gov/pubmed/23591405
http://www.ncbi.nlm.nih.gov/pubmed/20518025
http://www.ncbi.nlm.nih.gov/pubmed/15000256
http://www.ncbi.nlm.nih.gov/pubmed/21937992
http://www.ncbi.nlm.nih.gov/pubmed/20942809
http://www.ncbi.nlm.nih.gov/pubmed/21741320
http://www.ncbi.nlm.nih.gov/pubmed/11120765
http://www.ncbi.nlm.nih.gov/pubmed/18489537
http://www.ncbi.nlm.nih.gov/pubmed/20650610
http://www.ncbi.nlm.nih.gov/pubmed/18951619
http://www.ncbi.nlm.nih.gov/pubmed/11753102
http://www.ncbi.nlm.nih.gov/pubmed/20842625
http://www.ncbi.nlm.nih.gov/pubmed/18951619
http://www.ncbi.nlm.nih.gov/pubmed/20842625
http://www.ncbi.nlm.nih.gov/pubmed/18951619
http://www.ncbi.nlm.nih.gov/pubmed/24551978
http://www.ncbi.nlm.nih.gov/pubmed/18671281
http://www.ncbi.nlm.nih.gov/pubmed/17163535
http://www.ncbi.nlm.nih.gov/pubmed/23221805
http://www.ncbi.nlm.nih.gov/pubmed/18203166
http://www.ncbi.nlm.nih.gov/pubmed/17397053
http://www.ncbi.nlm.nih.gov/pubmed/21303855
http://www.ncbi.nlm.nih.gov/pubmed/21746984
http://www.ncbi.nlm.nih.gov/pubmed/17013395
http://www.ncbi.nlm.nih.gov/pubmed/17013395
http://www.ncbi.nlm.nih.gov/pubmed/22262942
http://www.ncbi.nlm.nih.gov/pubmed/17013395
http://www.ncbi.nlm.nih.gov/pubmed/17013395
http://www.ncbi.nlm.nih.gov/pubmed/17013395
http://www.ncbi.nlm.nih.gov/pubmed/17397053
http://www.ncbi.nlm.nih.gov/pubmed/17013395
http://www.ncbi.nlm.nih.gov/pubmed/22982992
http://www.ncbi.nlm.nih.gov/pubmed/18787525
http://www.ncbi.nlm.nih.gov/pubmed/17434869
http://www.ncbi.nlm.nih.gov/pubmed/15342698
http://www.ncbi.nlm.nih.gov/pubmed/18081026
http://www.ncbi.nlm.nih.gov/pubmed/15162322
http://www.ncbi.nlm.nih.gov/pubmed/8097260
http://www.ncbi.nlm.nih.gov/pubmed/20817676
http://www.ncbi.nlm.nih.gov/pubmed/22244934
http://www.ncbi.nlm.nih.gov/pubmed/22292843
http://www.ncbi.nlm.nih.gov/pubmed/20232451
http://www.ncbi.nlm.nih.gov/pubmed/21160488
http://www.ncbi.nlm.nih.gov/pubmed/20668259
http://www.ncbi.nlm.nih.gov/pubmed/19182486
http://www.ncbi.nlm.nih.gov/pubmed/10766903
http://www.ncbi.nlm.nih.gov/pubmed/20151403
invalid literal for int() with base 10: 'NO ID'
http://www.ncbi.nlm.nih.gov/pubmed/18682748
http://www.ncbi.nlm.nih.gov/pubmed/8596916
http://www.ncbi.nlm.nih.gov/pubmed/10732799
http://www.ncbi.nlm.nih.gov/pubmed/21636066
http://www.ncbi.nlm.nih.gov/pubmed/8733042
http://www.ncbi.nlm.nih.gov/pubmed/10748407
http://www.ncbi.nlm.nih.gov/pubmed/19762333
http://www.ncbi.nlm.nih.gov/pubmed/10612834
http://www.ncbi.nlm.nih.gov/pubmed/7668282
http://www.ncbi.nlm.nih.gov/pubmed/22050868
http://www.ncbi.nlm.nih.gov/pubmed/19118303
http://www.ncbi.nlm.nih.gov/pubmed/15466166
http://www.ncbi.nlm.nih.gov/pubmed/22552160
http://www.ncbi.nlm.nih.gov/pubmed/22552160
http://www.ncbi.nlm.nih.gov/pubmed/18425781
http://www.ncbi.nlm.nih.gov/pubmed/18429042
http://www.ncbi.nlm.nih.gov/pubmed/24685124
http://www.ncbi.nlm.nih.gov/pubmed/7881425
http://www.ncbi.nlm.nih.gov/pubmed/22133539
http://www.ncbi.nlm.nih.gov/pubmed/7881425
http://www.ncbi.nlm.nih.gov/pubmed/22252923
http://www.ncbi.nlm.nih.gov/pubmed/24269976
http://www.ncbi.nlm.nih.gov/pubmed/16838077
http://www.ncbi.nlm.nih.gov/pubmed/16917947
http://www.ncbi.nlm.nih.gov/pubmed/18425781
http://www.ncbi.nlm.nih.gov/pubmed/18429042
http://www.ncbi.nlm.nih.gov/pubmed/18425781
http://www.ncbi.nlm.nih.gov/pubmed/22676651
http://www.ncbi.nlm.nih.gov/pubmed/19775921
http://www.ncbi.nlm.nih.gov/pubmed/22252923
http://www.ncbi.nlm.nih.gov/pubmed/17056254
http://www.ncbi.nlm.nih.gov/pubmed/18425781
http://www.ncbi.nlm.nih.gov/pubmed/17723315
http://www.ncbi.nlm.nih.gov/pubmed/14695532
http://www.ncbi.nlm.nih.gov/pubmed/18425781
http://www.ncbi.nlm.nih.gov/pubmed/18425781
http://www.ncbi.nlm.nih.gov/pubmed/22252923
http://www.ncbi.nlm.nih.gov/pubmed/16838077
http://www.ncbi.nlm.nih.gov/pubmed/24158270
http://www.ncbi.nlm.nih.gov/pubmed/18425781
http://www.ncbi.nlm.nih.gov/pubmed/9425285
http://www.ncbi.nlm.nih.gov/pubmed/24011652
http://www.ncbi.nlm.nih.gov/pubmed/22644586
http://www.ncbi.nlm.nih.gov/pubmed/22252923
http://www.ncbi.nlm.nih.gov/pubmed/23430949
http://www.ncbi.nlm.nih.gov/pubmed/24513544
http://www.ncbi.nlm.nih.gov/pubmed/11738358
invalid literal for int() with base 10: 'NO ID'
http://www.ncbi.nlm.nih.gov/pubmed/23062590
http://www.ncbi.nlm.nih.gov/pubmed/14695532
http://www.ncbi.nlm.nih.gov/pubmed/17616415
http://www.ncbi.nlm.nih.gov/pubmed/19609281
http://www.ncbi.nlm.nih.gov/pubmed/18285536
http://www.ncbi.nlm.nih.gov/pubmed/20080426
http://www.ncbi.nlm.nih.gov/pubmed/22252923
http://www.ncbi.nlm.nih.gov/pubmed/16917947
http://www.ncbi.nlm.nih.gov/pubmed/18425781
http://www.ncbi.nlm.nih.gov/pubmed/22252923
http://www.ncbi.nlm.nih.gov/pubmed/24269976
http://www.ncbi.nlm.nih.gov/pubmed/18425781
http://www.ncbi.nlm.nih.gov/pubmed/18607768
http://www.ncbi.nlm.nih.gov/pubmed/16917947
http://www.ncbi.nlm.nih.gov/pubmed/9259196
http://www.ncbi.nlm.nih.gov/pubmed/16917947
http://www.ncbi.nlm.nih.gov/pubmed/18458862
http://www.ncbi.nlm.nih.gov/pubmed/19588081
http://www.ncbi.nlm.nih.gov/pubmed/18425781
http://www.ncbi.nlm.nih.gov/pubmed/22194990
http://www.ncbi.nlm.nih.gov/pubmed/10189220
http://www.ncbi.nlm.nih.gov/pubmed/18425781
http://www.ncbi.nlm.nih.gov/pubmed/18425781
http://www.ncbi.nlm.nih.gov/pubmed/22252923
http://www.ncbi.nlm.nih.gov/pubmed/11343339
http://www.ncbi.nlm.nih.gov/pubmed/24158270
http://www.ncbi.nlm.nih.gov/pubmed/11949932
http://www.ncbi.nlm.nih.gov/pubmed/18425781
http://www.ncbi.nlm.nih.gov/pubmed/17598645
http://www.ncbi.nlm.nih.gov/pubmed/12117362
http://www.ncbi.nlm.nih.gov/pubmed/8940268
http://www.ncbi.nlm.nih.gov/pubmed/20886637
http://www.ncbi.nlm.nih.gov/pubmed/10464649
http://www.ncbi.nlm.nih.gov/pubmed/9338580
http://www.ncbi.nlm.nih.gov/pubmed/22115770
http://www.ncbi.nlm.nih.gov/pubmed/16378744
http://www.ncbi.nlm.nih.gov/pubmed/7987329
http://www.ncbi.nlm.nih.gov/pubmed/23876334
http://www.ncbi.nlm.nih.gov/pubmed/16287098
http://www.ncbi.nlm.nih.gov/pubmed/9298823
http://www.ncbi.nlm.nih.gov/pubmed/24035930
http://www.ncbi.nlm.nih.gov/pubmed/9298823
http://www.ncbi.nlm.nih.gov/pubmed/23137060
http://www.ncbi.nlm.nih.gov/pubmed/23876334
http://www.ncbi.nlm.nih.gov/pubmed/9375852
http://www.ncbi.nlm.nih.gov/pubmed/9290256
http://www.ncbi.nlm.nih.gov/pubmed/20574428
http://www.ncbi.nlm.nih.gov/pubmed/20574428
http://www.ncbi.nlm.nih.gov/pubmed/23876334
http://www.ncbi.nlm.nih.gov/pubmed/15235041
http://www.ncbi.nlm.nih.gov/pubmed/9298823
http://www.ncbi.nlm.nih.gov/pubmed/15235041
http://www.ncbi.nlm.nih.gov/pubmed/15235041
http://www.ncbi.nlm.nih.gov/pubmed/18710657
http://www.ncbi.nlm.nih.gov/pubmed/22952570
http://www.ncbi.nlm.nih.gov/pubmed/15687324
http://www.ncbi.nlm.nih.gov/pubmed/19297793
http://www.ncbi.nlm.nih.gov/pubmed/15133511
http://www.ncbi.nlm.nih.gov/pubmed/15133511
http://www.ncbi.nlm.nih.gov/pubmed/17311862
http://www.ncbi.nlm.nih.gov/pubmed/22944367
http://www.ncbi.nlm.nih.gov/pubmed/22944367
http://www.ncbi.nlm.nih.gov/pubmed/22944367
http://www.ncbi.nlm.nih.gov/pubmed/22944367
http://www.ncbi.nlm.nih.gov/pubmed/8406510
http://www.ncbi.nlm.nih.gov/pubmed/21150919
http://www.ncbi.nlm.nih.gov/pubmed/11754113
http://www.ncbi.nlm.nih.gov/pubmed/7550229
http://www.ncbi.nlm.nih.gov/pubmed/23749220
http://www.ncbi.nlm.nih.gov/pubmed/19375122
http://www.ncbi.nlm.nih.gov/pubmed/7887416
http://www.ncbi.nlm.nih.gov/pubmed/10408771
http://www.ncbi.nlm.nih.gov/pubmed/22944367
http://www.ncbi.nlm.nih.gov/pubmed/10408771
http://www.ncbi.nlm.nih.gov/pubmed/10408771
http://www.ncbi.nlm.nih.gov/pubmed/7887416
http://www.ncbi.nlm.nih.gov/pubmed/22944367
http://www.ncbi.nlm.nih.gov/pubmed/10408771
http://www.ncbi.nlm.nih.gov/pubmed/17041746
http://www.ncbi.nlm.nih.gov/pubmed/20547145
http://www.ncbi.nlm.nih.gov/pubmed/15841485
http://www.ncbi.nlm.nih.gov/pubmed/22944367
http://www.ncbi.nlm.nih.gov/pubmed/8651275
http://www.ncbi.nlm.nih.gov/pubmed/23846910
http://www.ncbi.nlm.nih.gov/pubmed/23234264
http://www.ncbi.nlm.nih.gov/pubmed/11136556
http://www.ncbi.nlm.nih.gov/pubmed/17587580
http://www.ncbi.nlm.nih.gov/pubmed/17331252
http://www.ncbi.nlm.nih.gov/pubmed/17587580
http://www.ncbi.nlm.nih.gov/pubmed/14718689
http://www.ncbi.nlm.nih.gov/pubmed/15897506
http://www.ncbi.nlm.nih.gov/pubmed/24463508
http://www.ncbi.nlm.nih.gov/pubmed/19369636
http://www.ncbi.nlm.nih.gov/pubmed/16783379
http://www.ncbi.nlm.nih.gov/pubmed/23365458
http://www.ncbi.nlm.nih.gov/pubmed/22147895
http://www.ncbi.nlm.nih.gov/pubmed/21670465
http://www.ncbi.nlm.nih.gov/pubmed/21765025
http://www.ncbi.nlm.nih.gov/pubmed/16934006
http://www.ncbi.nlm.nih.gov/pubmed/21242646
http://www.ncbi.nlm.nih.gov/pubmed/17210674
http://www.ncbi.nlm.nih.gov/pubmed/14985365
http://www.ncbi.nlm.nih.gov/pubmed/23223019
http://www.ncbi.nlm.nih.gov/pubmed/22158542
http://www.ncbi.nlm.nih.gov/pubmed/23223019
http://www.ncbi.nlm.nih.gov/pubmed/23223019
http://www.ncbi.nlm.nih.gov/pubmed/22158542
http://www.ncbi.nlm.nih.gov/pubmed/22158542
invalid literal for int() with base 10: 'NO ID'
http://www.ncbi.nlm.nih.gov/pubmed/7694727
http://www.ncbi.nlm.nih.gov/pubmed/23430543
http://www.ncbi.nlm.nih.gov/pubmed/11933202
http://www.ncbi.nlm.nih.gov/pubmed/7655857
http://www.ncbi.nlm.nih.gov/pubmed/1558964
http://www.ncbi.nlm.nih.gov/pubmed/9683600
http://www.ncbi.nlm.nih.gov/pubmed/17059888
http://www.ncbi.nlm.nih.gov/pubmed/11783951
http://www.ncbi.nlm.nih.gov/pubmed/9554746
http://www.ncbi.nlm.nih.gov/pubmed/18987351
http://www.ncbi.nlm.nih.gov/pubmed/16329099
http://www.ncbi.nlm.nih.gov/pubmed/24022302
http://www.ncbi.nlm.nih.gov/pubmed/16329099
http://www.ncbi.nlm.nih.gov/pubmed/19433656
http://www.ncbi.nlm.nih.gov/pubmed/17689991
http://www.ncbi.nlm.nih.gov/pubmed/17395504
http://www.ncbi.nlm.nih.gov/pubmed/24434810
http://www.ncbi.nlm.nih.gov/pubmed/18338393
http://www.ncbi.nlm.nih.gov/pubmed/22658918
http://www.ncbi.nlm.nih.gov/pubmed/17689991
http://www.ncbi.nlm.nih.gov/pubmed/24022302
http://www.ncbi.nlm.nih.gov/pubmed/15452297
http://www.ncbi.nlm.nih.gov/pubmed/16874838
http://www.ncbi.nlm.nih.gov/pubmed/17662246
http://www.ncbi.nlm.nih.gov/pubmed/19813197
http://www.ncbi.nlm.nih.gov/pubmed/8613547
http://www.ncbi.nlm.nih.gov/pubmed/23014386
http://www.ncbi.nlm.nih.gov/pubmed/20532556
http://www.ncbi.nlm.nih.gov/pubmed/7795610
http://www.ncbi.nlm.nih.gov/pubmed/9600243
http://www.ncbi.nlm.nih.gov/pubmed/11058907
http://www.ncbi.nlm.nih.gov/pubmed/10699052
http://www.ncbi.nlm.nih.gov/pubmed/11058907
http://www.ncbi.nlm.nih.gov/pubmed/9711871
http://www.ncbi.nlm.nih.gov/pubmed/21176883
http://www.ncbi.nlm.nih.gov/pubmed/10699052
http://www.ncbi.nlm.nih.gov/pubmed/10699052
http://www.ncbi.nlm.nih.gov/pubmed/18683078
http://www.ncbi.nlm.nih.gov/pubmed/9778264
http://www.ncbi.nlm.nih.gov/pubmed/19332422
http://www.ncbi.nlm.nih.gov/pubmed/17898029
http://www.ncbi.nlm.nih.gov/pubmed/10732814
http://www.ncbi.nlm.nih.gov/pubmed/8619546
http://www.ncbi.nlm.nih.gov/pubmed/19491146
http://www.ncbi.nlm.nih.gov/pubmed/19491146
http://www.ncbi.nlm.nih.gov/pubmed/7544125
http://www.ncbi.nlm.nih.gov/pubmed/17898029


PS:

Read file <data/skip/scraping_pubmed_chunks/logs/chunk13.e> for stderr output of this job.

