Sender: LSF System <lsf@node0910>
Subject: Job 9582140: <scrape.21> in cluster <cromwell> Done

Job <scrape.21> was submitted from host <gold> by user <birnbaum> in cluster <cromwell>.
Job was executed on host(s) <node0910>, in queue <hour>, as user <birnbaum> in cluster <cromwell>.
</home/unix/birnbaum> was used as the home directory.
</humgen/atgu1/fs03/birnbaum/cryptic-splice> was used as the working directory.
Started at Thu Jun  2 16:38:02 2016
Results reported on Thu Jun  2 16:48:42 2016

Your job looked like:

------------------------------------------------------------
# LSBATCH: User input
python src/scrape_pubmed_abstracts.py -p data/skip/hgmd_splice_pmids.txt --include "exon skipping" --include "skipping of exon" --exclude "cryptic splice site" --exclude "cryptic donor" --exclude "cryptic acceptor" -o data/skip/scraping_pubmed_chunks/chunk21.txt --chunk 21/30
------------------------------------------------------------

Successfully completed.

Resource usage summary:

    CPU time :               107.00 sec.
    Max Memory :             2250 MB
    Average Memory :         2248.86 MB
    Total Requested Memory : 750.00 MB
    Delta Memory :           -1500.00 MB
    (Delta: the difference between Total Requested Memory and Max Memory.)
    Max Processes :          3
    Max Threads :            4

The output (if any) follows:

http://www.ncbi.nlm.nih.gov/pubmed/16983642
http://www.ncbi.nlm.nih.gov/pubmed/7913580
http://www.ncbi.nlm.nih.gov/pubmed/8882871
http://www.ncbi.nlm.nih.gov/pubmed/16983642
http://www.ncbi.nlm.nih.gov/pubmed/8755919
http://www.ncbi.nlm.nih.gov/pubmed/9605590
http://www.ncbi.nlm.nih.gov/pubmed/7913580
http://www.ncbi.nlm.nih.gov/pubmed/8379998
http://www.ncbi.nlm.nih.gov/pubmed/18554169
http://www.ncbi.nlm.nih.gov/pubmed/15684865
http://www.ncbi.nlm.nih.gov/pubmed/15684865
http://www.ncbi.nlm.nih.gov/pubmed/18033041
http://www.ncbi.nlm.nih.gov/pubmed/15684865
http://www.ncbi.nlm.nih.gov/pubmed/18554169
http://www.ncbi.nlm.nih.gov/pubmed/9605590
http://www.ncbi.nlm.nih.gov/pubmed/20445339
http://www.ncbi.nlm.nih.gov/pubmed/16983642
http://www.ncbi.nlm.nih.gov/pubmed/11085592
http://www.ncbi.nlm.nih.gov/pubmed/15684865
http://www.ncbi.nlm.nih.gov/pubmed/10369886
http://www.ncbi.nlm.nih.gov/pubmed/16983642
http://www.ncbi.nlm.nih.gov/pubmed/15684865
http://www.ncbi.nlm.nih.gov/pubmed/7913580
http://www.ncbi.nlm.nih.gov/pubmed/7913580
http://www.ncbi.nlm.nih.gov/pubmed/8882871
http://www.ncbi.nlm.nih.gov/pubmed/7535084
http://www.ncbi.nlm.nih.gov/pubmed/7535084
http://www.ncbi.nlm.nih.gov/pubmed/9466995
http://www.ncbi.nlm.nih.gov/pubmed/15684865
http://www.ncbi.nlm.nih.gov/pubmed/16983642
http://www.ncbi.nlm.nih.gov/pubmed/7759081
http://www.ncbi.nlm.nih.gov/pubmed/18033041
http://www.ncbi.nlm.nih.gov/pubmed/7759081
http://www.ncbi.nlm.nih.gov/pubmed/9643284
http://www.ncbi.nlm.nih.gov/pubmed/8012353
http://www.ncbi.nlm.nih.gov/pubmed/15684865
http://www.ncbi.nlm.nih.gov/pubmed/9605590
http://www.ncbi.nlm.nih.gov/pubmed/7535084
http://www.ncbi.nlm.nih.gov/pubmed/17607601
http://www.ncbi.nlm.nih.gov/pubmed/21906157
http://www.ncbi.nlm.nih.gov/pubmed/8698340
http://www.ncbi.nlm.nih.gov/pubmed/9605590
http://www.ncbi.nlm.nih.gov/pubmed/15684865
http://www.ncbi.nlm.nih.gov/pubmed/15684865
http://www.ncbi.nlm.nih.gov/pubmed/9605590
http://www.ncbi.nlm.nih.gov/pubmed/8755919
http://www.ncbi.nlm.nih.gov/pubmed/16983642
http://www.ncbi.nlm.nih.gov/pubmed/10790209
http://www.ncbi.nlm.nih.gov/pubmed/20445339
http://www.ncbi.nlm.nih.gov/pubmed/18033041
http://www.ncbi.nlm.nih.gov/pubmed/20673863
http://www.ncbi.nlm.nih.gov/pubmed/20673863
http://www.ncbi.nlm.nih.gov/pubmed/21944046
http://www.ncbi.nlm.nih.gov/pubmed/22077971
http://www.ncbi.nlm.nih.gov/pubmed/14564667
http://www.ncbi.nlm.nih.gov/pubmed/16736028
http://www.ncbi.nlm.nih.gov/pubmed/15987698
http://www.ncbi.nlm.nih.gov/pubmed/17557927
http://www.ncbi.nlm.nih.gov/pubmed/17557927
http://www.ncbi.nlm.nih.gov/pubmed/17661813
http://www.ncbi.nlm.nih.gov/pubmed/17661813
http://www.ncbi.nlm.nih.gov/pubmed/20824775
http://www.ncbi.nlm.nih.gov/pubmed/20824775
http://www.ncbi.nlm.nih.gov/pubmed/20824775
http://www.ncbi.nlm.nih.gov/pubmed/20358602
http://www.ncbi.nlm.nih.gov/pubmed/17106445
http://www.ncbi.nlm.nih.gov/pubmed/20358602
http://www.ncbi.nlm.nih.gov/pubmed/15591270
http://www.ncbi.nlm.nih.gov/pubmed/17221863
http://www.ncbi.nlm.nih.gov/pubmed/15318302
http://www.ncbi.nlm.nih.gov/pubmed/20824775
http://www.ncbi.nlm.nih.gov/pubmed/24218399
http://www.ncbi.nlm.nih.gov/pubmed/17221863
http://www.ncbi.nlm.nih.gov/pubmed/17661813
http://www.ncbi.nlm.nih.gov/pubmed/19242925
http://www.ncbi.nlm.nih.gov/pubmed/20824775
http://www.ncbi.nlm.nih.gov/pubmed/16236812
http://www.ncbi.nlm.nih.gov/pubmed/15318302
http://www.ncbi.nlm.nih.gov/pubmed/15146185
http://www.ncbi.nlm.nih.gov/pubmed/20358602
http://www.ncbi.nlm.nih.gov/pubmed/20824775
http://www.ncbi.nlm.nih.gov/pubmed/16236812
http://www.ncbi.nlm.nih.gov/pubmed/23254390
http://www.ncbi.nlm.nih.gov/pubmed/17661813
http://www.ncbi.nlm.nih.gov/pubmed/20124326
http://www.ncbi.nlm.nih.gov/pubmed/15318302
http://www.ncbi.nlm.nih.gov/pubmed/20824775
http://www.ncbi.nlm.nih.gov/pubmed/22857006
http://www.ncbi.nlm.nih.gov/pubmed/24218399
http://www.ncbi.nlm.nih.gov/pubmed/20824775
http://www.ncbi.nlm.nih.gov/pubmed/15146186
http://www.ncbi.nlm.nih.gov/pubmed/20824775
http://www.ncbi.nlm.nih.gov/pubmed/17661813
http://www.ncbi.nlm.nih.gov/pubmed/23505322
http://www.ncbi.nlm.nih.gov/pubmed/23505322
http://www.ncbi.nlm.nih.gov/pubmed/15318302
http://www.ncbi.nlm.nih.gov/pubmed/15146185
http://www.ncbi.nlm.nih.gov/pubmed/15318302
http://www.ncbi.nlm.nih.gov/pubmed/23505322
http://www.ncbi.nlm.nih.gov/pubmed/16236812
http://www.ncbi.nlm.nih.gov/pubmed/15318302
http://www.ncbi.nlm.nih.gov/pubmed/16236812
http://www.ncbi.nlm.nih.gov/pubmed/20818383
http://www.ncbi.nlm.nih.gov/pubmed/21555194
http://www.ncbi.nlm.nih.gov/pubmed/17702043
http://www.ncbi.nlm.nih.gov/pubmed/15289765
http://www.ncbi.nlm.nih.gov/pubmed/12891678
http://www.ncbi.nlm.nih.gov/pubmed/22825795
http://www.ncbi.nlm.nih.gov/pubmed/22155464
http://www.ncbi.nlm.nih.gov/pubmed/10587520
http://www.ncbi.nlm.nih.gov/pubmed/24362370
http://www.ncbi.nlm.nih.gov/pubmed/24362370
invalid literal for int() with base 10: 'LSDB'
invalid literal for int() with base 10: 'LSDB'
http://www.ncbi.nlm.nih.gov/pubmed/19309689
http://www.ncbi.nlm.nih.gov/pubmed/16462743
http://www.ncbi.nlm.nih.gov/pubmed/16462743
http://www.ncbi.nlm.nih.gov/pubmed/18039680
http://www.ncbi.nlm.nih.gov/pubmed/22865819
http://www.ncbi.nlm.nih.gov/pubmed/17360648
http://www.ncbi.nlm.nih.gov/pubmed/22842229
http://www.ncbi.nlm.nih.gov/pubmed/22634753
http://www.ncbi.nlm.nih.gov/pubmed/22634753
http://www.ncbi.nlm.nih.gov/pubmed/16278823
http://www.ncbi.nlm.nih.gov/pubmed/19426395
http://www.ncbi.nlm.nih.gov/pubmed/19064609
http://www.ncbi.nlm.nih.gov/pubmed/19064609
http://www.ncbi.nlm.nih.gov/pubmed/19933292
http://www.ncbi.nlm.nih.gov/pubmed/16648850
http://www.ncbi.nlm.nih.gov/pubmed/21457232
http://www.ncbi.nlm.nih.gov/pubmed/21457232
http://www.ncbi.nlm.nih.gov/pubmed/16773578
http://www.ncbi.nlm.nih.gov/pubmed/16864835
http://www.ncbi.nlm.nih.gov/pubmed/10802807
http://www.ncbi.nlm.nih.gov/pubmed/16126423
http://www.ncbi.nlm.nih.gov/pubmed/24386122
http://www.ncbi.nlm.nih.gov/pubmed/12955717
http://www.ncbi.nlm.nih.gov/pubmed/24386122
http://www.ncbi.nlm.nih.gov/pubmed/22676771
http://www.ncbi.nlm.nih.gov/pubmed/12955717
http://www.ncbi.nlm.nih.gov/pubmed/12955717
http://www.ncbi.nlm.nih.gov/pubmed/12955717
http://www.ncbi.nlm.nih.gov/pubmed/20718790
http://www.ncbi.nlm.nih.gov/pubmed/23430855
http://www.ncbi.nlm.nih.gov/pubmed/12955717
http://www.ncbi.nlm.nih.gov/pubmed/24035292
http://www.ncbi.nlm.nih.gov/pubmed/16126423
http://www.ncbi.nlm.nih.gov/pubmed/12401890
http://www.ncbi.nlm.nih.gov/pubmed/11479732
http://www.ncbi.nlm.nih.gov/pubmed/20718790
http://www.ncbi.nlm.nih.gov/pubmed/11349231
http://www.ncbi.nlm.nih.gov/pubmed/16098014
http://www.ncbi.nlm.nih.gov/pubmed/11333381
http://www.ncbi.nlm.nih.gov/pubmed/19252935
http://www.ncbi.nlm.nih.gov/pubmed/15459971
http://www.ncbi.nlm.nih.gov/pubmed/20718790
http://www.ncbi.nlm.nih.gov/pubmed/16098014
http://www.ncbi.nlm.nih.gov/pubmed/21245028
http://www.ncbi.nlm.nih.gov/pubmed/10480349
http://www.ncbi.nlm.nih.gov/pubmed/11349231
http://www.ncbi.nlm.nih.gov/pubmed/19718781
http://www.ncbi.nlm.nih.gov/pubmed/24055112
http://www.ncbi.nlm.nih.gov/pubmed/12955717
http://www.ncbi.nlm.nih.gov/pubmed/11567215
http://www.ncbi.nlm.nih.gov/pubmed/23352160
http://www.ncbi.nlm.nih.gov/pubmed/9361039
http://www.ncbi.nlm.nih.gov/pubmed/23559409
http://www.ncbi.nlm.nih.gov/pubmed/23559409
http://www.ncbi.nlm.nih.gov/pubmed/18076122
http://www.ncbi.nlm.nih.gov/pubmed/9326933
http://www.ncbi.nlm.nih.gov/pubmed/23559409
http://www.ncbi.nlm.nih.gov/pubmed/10839884
http://www.ncbi.nlm.nih.gov/pubmed/18371931
http://www.ncbi.nlm.nih.gov/pubmed/23188109
http://www.ncbi.nlm.nih.gov/pubmed/23559409
http://www.ncbi.nlm.nih.gov/pubmed/23559409
http://www.ncbi.nlm.nih.gov/pubmed/23559409
http://www.ncbi.nlm.nih.gov/pubmed/17855640
http://www.ncbi.nlm.nih.gov/pubmed/12872122
http://www.ncbi.nlm.nih.gov/pubmed/23188109
http://www.ncbi.nlm.nih.gov/pubmed/18076122
http://www.ncbi.nlm.nih.gov/pubmed/23559409
http://www.ncbi.nlm.nih.gov/pubmed/19177160
http://www.ncbi.nlm.nih.gov/pubmed/23188109
http://www.ncbi.nlm.nih.gov/pubmed/12205563
http://www.ncbi.nlm.nih.gov/pubmed/23188109
http://www.ncbi.nlm.nih.gov/pubmed/12205563
http://www.ncbi.nlm.nih.gov/pubmed/23559409
http://www.ncbi.nlm.nih.gov/pubmed/12205563
http://www.ncbi.nlm.nih.gov/pubmed/23559409
http://www.ncbi.nlm.nih.gov/pubmed/20172850
http://www.ncbi.nlm.nih.gov/pubmed/19406966
http://www.ncbi.nlm.nih.gov/pubmed/20507940
http://www.ncbi.nlm.nih.gov/pubmed/23595123
http://www.ncbi.nlm.nih.gov/pubmed/11854170
http://www.ncbi.nlm.nih.gov/pubmed/11854170
http://www.ncbi.nlm.nih.gov/pubmed/20507940
http://www.ncbi.nlm.nih.gov/pubmed/11317351
http://www.ncbi.nlm.nih.gov/pubmed/18614772
http://www.ncbi.nlm.nih.gov/pubmed/9915943
http://www.ncbi.nlm.nih.gov/pubmed/18503012
http://www.ncbi.nlm.nih.gov/pubmed/20172850
http://www.ncbi.nlm.nih.gov/pubmed/15338398
http://www.ncbi.nlm.nih.gov/pubmed/20172850
http://www.ncbi.nlm.nih.gov/pubmed/23949594
http://www.ncbi.nlm.nih.gov/pubmed/20798252
http://www.ncbi.nlm.nih.gov/pubmed/22099579
http://www.ncbi.nlm.nih.gov/pubmed/19406966
http://www.ncbi.nlm.nih.gov/pubmed/11317351
invalid literal for int() with base 10: 'LSDB'
http://www.ncbi.nlm.nih.gov/pubmed/11317351
http://www.ncbi.nlm.nih.gov/pubmed/18503012
http://www.ncbi.nlm.nih.gov/pubmed/9915943
http://www.ncbi.nlm.nih.gov/pubmed/17371932
http://www.ncbi.nlm.nih.gov/pubmed/18614772
http://www.ncbi.nlm.nih.gov/pubmed/22584503
http://www.ncbi.nlm.nih.gov/pubmed/20507940
http://www.ncbi.nlm.nih.gov/pubmed/21125408
http://www.ncbi.nlm.nih.gov/pubmed/15253708
http://www.ncbi.nlm.nih.gov/pubmed/24227627
http://www.ncbi.nlm.nih.gov/pubmed/18216321
http://www.ncbi.nlm.nih.gov/pubmed/24227627
http://www.ncbi.nlm.nih.gov/pubmed/24227627
http://www.ncbi.nlm.nih.gov/pubmed/23515051
http://www.ncbi.nlm.nih.gov/pubmed/14978175
http://www.ncbi.nlm.nih.gov/pubmed/18216321
http://www.ncbi.nlm.nih.gov/pubmed/17371932
http://www.ncbi.nlm.nih.gov/pubmed/11805166
http://www.ncbi.nlm.nih.gov/pubmed/24227627
http://www.ncbi.nlm.nih.gov/pubmed/23645318
http://www.ncbi.nlm.nih.gov/pubmed/17899208
http://www.ncbi.nlm.nih.gov/pubmed/14978175
http://www.ncbi.nlm.nih.gov/pubmed/24227627
http://www.ncbi.nlm.nih.gov/pubmed/18709391
http://www.ncbi.nlm.nih.gov/pubmed/15146390
http://www.ncbi.nlm.nih.gov/pubmed/22691581
http://www.ncbi.nlm.nih.gov/pubmed/15146390
http://www.ncbi.nlm.nih.gov/pubmed/12172217
http://www.ncbi.nlm.nih.gov/pubmed/23018754
http://www.ncbi.nlm.nih.gov/pubmed/19129717
http://www.ncbi.nlm.nih.gov/pubmed/19508677
http://www.ncbi.nlm.nih.gov/pubmed/17054721
http://www.ncbi.nlm.nih.gov/pubmed/17054721
http://www.ncbi.nlm.nih.gov/pubmed/24702954
http://www.ncbi.nlm.nih.gov/pubmed/15212141
http://www.ncbi.nlm.nih.gov/pubmed/18424465
http://www.ncbi.nlm.nih.gov/pubmed/16611713
http://www.ncbi.nlm.nih.gov/pubmed/19912655
http://www.ncbi.nlm.nih.gov/pubmed/16972228
http://www.ncbi.nlm.nih.gov/pubmed/23175692
http://www.ncbi.nlm.nih.gov/pubmed/19439508
http://www.ncbi.nlm.nih.gov/pubmed/21242195
http://www.ncbi.nlm.nih.gov/pubmed/22337556
http://www.ncbi.nlm.nih.gov/pubmed/19876911
http://www.ncbi.nlm.nih.gov/pubmed/15742365
http://www.ncbi.nlm.nih.gov/pubmed/17565729
http://www.ncbi.nlm.nih.gov/pubmed/17565729
http://www.ncbi.nlm.nih.gov/pubmed/16547423
http://www.ncbi.nlm.nih.gov/pubmed/23190751
http://www.ncbi.nlm.nih.gov/pubmed/16247291
http://www.ncbi.nlm.nih.gov/pubmed/12464997
http://www.ncbi.nlm.nih.gov/pubmed/14571271
http://www.ncbi.nlm.nih.gov/pubmed/15742365
http://www.ncbi.nlm.nih.gov/pubmed/17565729
http://www.ncbi.nlm.nih.gov/pubmed/15942875
http://www.ncbi.nlm.nih.gov/pubmed/14571271
http://www.ncbi.nlm.nih.gov/pubmed/11896389
http://www.ncbi.nlm.nih.gov/pubmed/16247291
http://www.ncbi.nlm.nih.gov/pubmed/15452385
http://www.ncbi.nlm.nih.gov/pubmed/14571271
http://www.ncbi.nlm.nih.gov/pubmed/16232326
http://www.ncbi.nlm.nih.gov/pubmed/15942875
http://www.ncbi.nlm.nih.gov/pubmed/15689440
http://www.ncbi.nlm.nih.gov/pubmed/18764845
http://www.ncbi.nlm.nih.gov/pubmed/22577224
http://www.ncbi.nlm.nih.gov/pubmed/22541559
http://www.ncbi.nlm.nih.gov/pubmed/24482476
http://www.ncbi.nlm.nih.gov/pubmed/24482476
http://www.ncbi.nlm.nih.gov/pubmed/19623099
invalid literal for int() with base 10: 'ABST'
http://www.ncbi.nlm.nih.gov/pubmed/12580951
invalid literal for int() with base 10: 'ABST'
http://www.ncbi.nlm.nih.gov/pubmed/11369620
http://www.ncbi.nlm.nih.gov/pubmed/18322713
http://www.ncbi.nlm.nih.gov/pubmed/8696348
http://www.ncbi.nlm.nih.gov/pubmed/21708027
http://www.ncbi.nlm.nih.gov/pubmed/16373086
http://www.ncbi.nlm.nih.gov/pubmed/10330344
http://www.ncbi.nlm.nih.gov/pubmed/11139246
http://www.ncbi.nlm.nih.gov/pubmed/21708027
http://www.ncbi.nlm.nih.gov/pubmed/11668614
http://www.ncbi.nlm.nih.gov/pubmed/10330344
http://www.ncbi.nlm.nih.gov/pubmed/10982191
http://www.ncbi.nlm.nih.gov/pubmed/20818383
http://www.ncbi.nlm.nih.gov/pubmed/17249548
http://www.ncbi.nlm.nih.gov/pubmed/12552565
http://www.ncbi.nlm.nih.gov/pubmed/15732009
http://www.ncbi.nlm.nih.gov/pubmed/1992472
http://www.ncbi.nlm.nih.gov/pubmed/1487247
http://www.ncbi.nlm.nih.gov/pubmed/1427882
http://www.ncbi.nlm.nih.gov/pubmed/23018678
http://www.ncbi.nlm.nih.gov/pubmed/21541274
http://www.ncbi.nlm.nih.gov/pubmed/23504663
http://www.ncbi.nlm.nih.gov/pubmed/18821858
http://www.ncbi.nlm.nih.gov/pubmed/21458243
http://www.ncbi.nlm.nih.gov/pubmed/12876664
http://www.ncbi.nlm.nih.gov/pubmed/24361966
http://www.ncbi.nlm.nih.gov/pubmed/10649493
http://www.ncbi.nlm.nih.gov/pubmed/12713581
http://www.ncbi.nlm.nih.gov/pubmed/22042571
http://www.ncbi.nlm.nih.gov/pubmed/10987646
http://www.ncbi.nlm.nih.gov/pubmed/8302318
http://www.ncbi.nlm.nih.gov/pubmed/24461674
http://www.ncbi.nlm.nih.gov/pubmed/19397757
http://www.ncbi.nlm.nih.gov/pubmed/15712365
http://www.ncbi.nlm.nih.gov/pubmed/24361966
http://www.ncbi.nlm.nih.gov/pubmed/7762554
http://www.ncbi.nlm.nih.gov/pubmed/18036783
http://www.ncbi.nlm.nih.gov/pubmed/7762554
http://www.ncbi.nlm.nih.gov/pubmed/18680187
http://www.ncbi.nlm.nih.gov/pubmed/20426782
http://www.ncbi.nlm.nih.gov/pubmed/22734612
http://www.ncbi.nlm.nih.gov/pubmed/20727516
http://www.ncbi.nlm.nih.gov/pubmed/21031565
http://www.ncbi.nlm.nih.gov/pubmed/16381338
http://www.ncbi.nlm.nih.gov/pubmed/18480301
http://www.ncbi.nlm.nih.gov/pubmed/15108291
http://www.ncbi.nlm.nih.gov/pubmed/10923037
http://www.ncbi.nlm.nih.gov/pubmed/21031565
http://www.ncbi.nlm.nih.gov/pubmed/10923037
http://www.ncbi.nlm.nih.gov/pubmed/18480301
invalid literal for int() with base 10: 'LSDB'
http://www.ncbi.nlm.nih.gov/pubmed/21031565
http://www.ncbi.nlm.nih.gov/pubmed/14981612
http://www.ncbi.nlm.nih.gov/pubmed/21031565
invalid literal for int() with base 10: 'LSDB'
http://www.ncbi.nlm.nih.gov/pubmed/9632163
http://www.ncbi.nlm.nih.gov/pubmed/21031565
http://www.ncbi.nlm.nih.gov/pubmed/21031565
http://www.ncbi.nlm.nih.gov/pubmed/21031565
invalid literal for int() with base 10: 'NO ID'
http://www.ncbi.nlm.nih.gov/pubmed/21031565
http://www.ncbi.nlm.nih.gov/pubmed/23047739
http://www.ncbi.nlm.nih.gov/pubmed/19390221
http://www.ncbi.nlm.nih.gov/pubmed/15627218
invalid literal for int() with base 10: 'LSDB'
http://www.ncbi.nlm.nih.gov/pubmed/10923037
http://www.ncbi.nlm.nih.gov/pubmed/21031565
http://www.ncbi.nlm.nih.gov/pubmed/23033313
http://www.ncbi.nlm.nih.gov/pubmed/18546297
http://www.ncbi.nlm.nih.gov/pubmed/12595504
invalid literal for int() with base 10: 'NO ID'
http://www.ncbi.nlm.nih.gov/pubmed/23033313
http://www.ncbi.nlm.nih.gov/pubmed/18546297
http://www.ncbi.nlm.nih.gov/pubmed/22548404
http://www.ncbi.nlm.nih.gov/pubmed/23033313
http://www.ncbi.nlm.nih.gov/pubmed/18546297
http://www.ncbi.nlm.nih.gov/pubmed/18546297
http://www.ncbi.nlm.nih.gov/pubmed/18546297
http://www.ncbi.nlm.nih.gov/pubmed/18546297
http://www.ncbi.nlm.nih.gov/pubmed/18546297
http://www.ncbi.nlm.nih.gov/pubmed/11950863
http://www.ncbi.nlm.nih.gov/pubmed/23033313
http://www.ncbi.nlm.nih.gov/pubmed/22619378
http://www.ncbi.nlm.nih.gov/pubmed/23871722
http://www.ncbi.nlm.nih.gov/pubmed/21195604
http://www.ncbi.nlm.nih.gov/pubmed/20157015
http://www.ncbi.nlm.nih.gov/pubmed/11440988
http://www.ncbi.nlm.nih.gov/pubmed/17722006
http://www.ncbi.nlm.nih.gov/pubmed/15948788
http://www.ncbi.nlm.nih.gov/pubmed/16323009
http://www.ncbi.nlm.nih.gov/pubmed/14961560
http://www.ncbi.nlm.nih.gov/pubmed/17722006
http://www.ncbi.nlm.nih.gov/pubmed/22857269
http://www.ncbi.nlm.nih.gov/pubmed/12063046
http://www.ncbi.nlm.nih.gov/pubmed/11810270
http://www.ncbi.nlm.nih.gov/pubmed/17722006
http://www.ncbi.nlm.nih.gov/pubmed/11810270
http://www.ncbi.nlm.nih.gov/pubmed/19319978
http://www.ncbi.nlm.nih.gov/pubmed/19319978
http://www.ncbi.nlm.nih.gov/pubmed/19319978
http://www.ncbi.nlm.nih.gov/pubmed/19319978
http://www.ncbi.nlm.nih.gov/pubmed/19319978
http://www.ncbi.nlm.nih.gov/pubmed/19319978
http://www.ncbi.nlm.nih.gov/pubmed/17722006
http://www.ncbi.nlm.nih.gov/pubmed/11440989
http://www.ncbi.nlm.nih.gov/pubmed/16323009
http://www.ncbi.nlm.nih.gov/pubmed/19319978
http://www.ncbi.nlm.nih.gov/pubmed/15617556
http://www.ncbi.nlm.nih.gov/pubmed/19319978
http://www.ncbi.nlm.nih.gov/pubmed/19319978
http://www.ncbi.nlm.nih.gov/pubmed/19319978
http://www.ncbi.nlm.nih.gov/pubmed/19319978
http://www.ncbi.nlm.nih.gov/pubmed/19319978
http://www.ncbi.nlm.nih.gov/pubmed/16323009
http://www.ncbi.nlm.nih.gov/pubmed/16006781
http://www.ncbi.nlm.nih.gov/pubmed/22857269
http://www.ncbi.nlm.nih.gov/pubmed/19319978
http://www.ncbi.nlm.nih.gov/pubmed/16323009
http://www.ncbi.nlm.nih.gov/pubmed/16021496
http://www.ncbi.nlm.nih.gov/pubmed/19319978
http://www.ncbi.nlm.nih.gov/pubmed/22857269
http://www.ncbi.nlm.nih.gov/pubmed/19319978
http://www.ncbi.nlm.nih.gov/pubmed/19319978
http://www.ncbi.nlm.nih.gov/pubmed/11440989
http://www.ncbi.nlm.nih.gov/pubmed/11440988
http://www.ncbi.nlm.nih.gov/pubmed/16323009
http://www.ncbi.nlm.nih.gov/pubmed/23401657
http://www.ncbi.nlm.nih.gov/pubmed/19319978
http://www.ncbi.nlm.nih.gov/pubmed/11810270
http://www.ncbi.nlm.nih.gov/pubmed/22857269
http://www.ncbi.nlm.nih.gov/pubmed/11440988
http://www.ncbi.nlm.nih.gov/pubmed/19319978
http://www.ncbi.nlm.nih.gov/pubmed/12036970
http://www.ncbi.nlm.nih.gov/pubmed/16323009
http://www.ncbi.nlm.nih.gov/pubmed/17722006
http://www.ncbi.nlm.nih.gov/pubmed/14961560
http://www.ncbi.nlm.nih.gov/pubmed/19319978
http://www.ncbi.nlm.nih.gov/pubmed/11810270
http://www.ncbi.nlm.nih.gov/pubmed/18222991
http://www.ncbi.nlm.nih.gov/pubmed/11810270
http://www.ncbi.nlm.nih.gov/pubmed/19319978
http://www.ncbi.nlm.nih.gov/pubmed/17722006
http://www.ncbi.nlm.nih.gov/pubmed/11440989
http://www.ncbi.nlm.nih.gov/pubmed/19319978
http://www.ncbi.nlm.nih.gov/pubmed/11810296
http://www.ncbi.nlm.nih.gov/pubmed/19319978
http://www.ncbi.nlm.nih.gov/pubmed/16735988
http://www.ncbi.nlm.nih.gov/pubmed/14961560
http://www.ncbi.nlm.nih.gov/pubmed/12036970
http://www.ncbi.nlm.nih.gov/pubmed/11810270
http://www.ncbi.nlm.nih.gov/pubmed/22857269
http://www.ncbi.nlm.nih.gov/pubmed/17722006
http://www.ncbi.nlm.nih.gov/pubmed/19112530
http://www.ncbi.nlm.nih.gov/pubmed/11017079
http://www.ncbi.nlm.nih.gov/pubmed/24051421
invalid literal for int() with base 10: 'NO ID'
http://www.ncbi.nlm.nih.gov/pubmed/11668429
http://www.ncbi.nlm.nih.gov/pubmed/16221952
http://www.ncbi.nlm.nih.gov/pubmed/11933204
http://www.ncbi.nlm.nih.gov/pubmed/21613650
http://www.ncbi.nlm.nih.gov/pubmed/12939304
http://www.ncbi.nlm.nih.gov/pubmed/22796589
http://www.ncbi.nlm.nih.gov/pubmed/15312511
http://www.ncbi.nlm.nih.gov/pubmed/15312511
http://www.ncbi.nlm.nih.gov/pubmed/12939304
http://www.ncbi.nlm.nih.gov/pubmed/21358632
http://www.ncbi.nlm.nih.gov/pubmed/22333897
http://www.ncbi.nlm.nih.gov/pubmed/23772242
http://www.ncbi.nlm.nih.gov/pubmed/12627228
http://www.ncbi.nlm.nih.gov/pubmed/17400532
http://www.ncbi.nlm.nih.gov/pubmed/8862622
http://www.ncbi.nlm.nih.gov/pubmed/16786505
http://www.ncbi.nlm.nih.gov/pubmed/9266388
http://www.ncbi.nlm.nih.gov/pubmed/9143919
http://www.ncbi.nlm.nih.gov/pubmed/12083811
http://www.ncbi.nlm.nih.gov/pubmed/16786505
http://www.ncbi.nlm.nih.gov/pubmed/8566955
http://www.ncbi.nlm.nih.gov/pubmed/12175783
http://www.ncbi.nlm.nih.gov/pubmed/1480464


PS:

Read file <data/skip/scraping_pubmed_chunks/logs/chunk21.e> for stderr output of this job.

