Sender: LSF System <lsf@node0915>
Subject: Job 9582121: <scrape.2> in cluster <cromwell> Done

Job <scrape.2> was submitted from host <gold> by user <birnbaum> in cluster <cromwell>.
Job was executed on host(s) <node0915>, in queue <hour>, as user <birnbaum> in cluster <cromwell>.
</home/unix/birnbaum> was used as the home directory.
</humgen/atgu1/fs03/birnbaum/cryptic-splice> was used as the working directory.
Started at Thu Jun  2 16:37:41 2016
Results reported on Thu Jun  2 16:47:45 2016

Your job looked like:

------------------------------------------------------------
# LSBATCH: User input
python src/scrape_pubmed_abstracts.py -p data/skip/hgmd_splice_pmids.txt --include "exon skipping" --include "skipping of exon" --exclude "cryptic splice site" --exclude "cryptic donor" --exclude "cryptic acceptor" -o data/skip/scraping_pubmed_chunks/chunk2.txt --chunk 2/30
------------------------------------------------------------

Successfully completed.

Resource usage summary:

    CPU time :               110.60 sec.
    Max Memory :             52 MB
    Average Memory :         50.23 MB
    Total Requested Memory : 750.00 MB
    Delta Memory :           698.00 MB
    (Delta: the difference between Total Requested Memory and Max Memory.)
    Max Processes :          3
    Max Threads :            4

The output (if any) follows:

http://www.ncbi.nlm.nih.gov/pubmed/19836009
http://www.ncbi.nlm.nih.gov/pubmed/20141359
http://www.ncbi.nlm.nih.gov/pubmed/22821605
http://www.ncbi.nlm.nih.gov/pubmed/21933234
http://www.ncbi.nlm.nih.gov/pubmed/21933234
http://www.ncbi.nlm.nih.gov/pubmed/21083709
http://www.ncbi.nlm.nih.gov/pubmed/15146470
http://www.ncbi.nlm.nih.gov/pubmed/15955093
http://www.ncbi.nlm.nih.gov/pubmed/18799292
http://www.ncbi.nlm.nih.gov/pubmed/20300939
http://www.ncbi.nlm.nih.gov/pubmed/21083709
http://www.ncbi.nlm.nih.gov/pubmed/15955093
http://www.ncbi.nlm.nih.gov/pubmed/23336285
http://www.ncbi.nlm.nih.gov/pubmed/18319074
http://www.ncbi.nlm.nih.gov/pubmed/18319074
http://www.ncbi.nlm.nih.gov/pubmed/11932268
http://www.ncbi.nlm.nih.gov/pubmed/11932268
http://www.ncbi.nlm.nih.gov/pubmed/11812766
http://www.ncbi.nlm.nih.gov/pubmed/23055421
http://www.ncbi.nlm.nih.gov/pubmed/10090474
http://www.ncbi.nlm.nih.gov/pubmed/19968979
http://www.ncbi.nlm.nih.gov/pubmed/19968979
http://www.ncbi.nlm.nih.gov/pubmed/8411707
http://www.ncbi.nlm.nih.gov/pubmed/10399108
http://www.ncbi.nlm.nih.gov/pubmed/1879549
http://www.ncbi.nlm.nih.gov/pubmed/22284826
http://www.ncbi.nlm.nih.gov/pubmed/22277967
http://www.ncbi.nlm.nih.gov/pubmed/22284826
http://www.ncbi.nlm.nih.gov/pubmed/22277967
http://www.ncbi.nlm.nih.gov/pubmed/22415731
http://www.ncbi.nlm.nih.gov/pubmed/8702417
http://www.ncbi.nlm.nih.gov/pubmed/23507172
http://www.ncbi.nlm.nih.gov/pubmed/21857385
http://www.ncbi.nlm.nih.gov/pubmed/20648714
http://www.ncbi.nlm.nih.gov/pubmed/19951495
http://www.ncbi.nlm.nih.gov/pubmed/10472540
http://www.ncbi.nlm.nih.gov/pubmed/20648714
http://www.ncbi.nlm.nih.gov/pubmed/23649758
http://www.ncbi.nlm.nih.gov/pubmed/10472540
http://www.ncbi.nlm.nih.gov/pubmed/19951465
http://www.ncbi.nlm.nih.gov/pubmed/19951495
http://www.ncbi.nlm.nih.gov/pubmed/10982190
http://www.ncbi.nlm.nih.gov/pubmed/9490286
http://www.ncbi.nlm.nih.gov/pubmed/10925384
http://www.ncbi.nlm.nih.gov/pubmed/10472540
http://www.ncbi.nlm.nih.gov/pubmed/19834502
http://www.ncbi.nlm.nih.gov/pubmed/24257475
http://www.ncbi.nlm.nih.gov/pubmed/10801050
http://www.ncbi.nlm.nih.gov/pubmed/12442284
http://www.ncbi.nlm.nih.gov/pubmed/19951465
http://www.ncbi.nlm.nih.gov/pubmed/19951465
http://www.ncbi.nlm.nih.gov/pubmed/17047887
http://www.ncbi.nlm.nih.gov/pubmed/19834502
http://www.ncbi.nlm.nih.gov/pubmed/14557463
http://www.ncbi.nlm.nih.gov/pubmed/12765973
http://www.ncbi.nlm.nih.gov/pubmed/14557463
http://www.ncbi.nlm.nih.gov/pubmed/12765973
http://www.ncbi.nlm.nih.gov/pubmed/11967537
http://www.ncbi.nlm.nih.gov/pubmed/12765973
http://www.ncbi.nlm.nih.gov/pubmed/11967537
http://www.ncbi.nlm.nih.gov/pubmed/19602223
http://www.ncbi.nlm.nih.gov/pubmed/24452034
http://www.ncbi.nlm.nih.gov/pubmed/16116425
http://www.ncbi.nlm.nih.gov/pubmed/16598200
http://www.ncbi.nlm.nih.gov/pubmed/15253729
http://www.ncbi.nlm.nih.gov/pubmed/19479957
http://www.ncbi.nlm.nih.gov/pubmed/15961946
http://www.ncbi.nlm.nih.gov/pubmed/19479957
http://www.ncbi.nlm.nih.gov/pubmed/17495019
http://www.ncbi.nlm.nih.gov/pubmed/10862087
http://www.ncbi.nlm.nih.gov/pubmed/19479957
http://www.ncbi.nlm.nih.gov/pubmed/19479957
http://www.ncbi.nlm.nih.gov/pubmed/15963748
http://www.ncbi.nlm.nih.gov/pubmed/17495019
http://www.ncbi.nlm.nih.gov/pubmed/17460142
http://www.ncbi.nlm.nih.gov/pubmed/15110324
http://www.ncbi.nlm.nih.gov/pubmed/19479957
http://www.ncbi.nlm.nih.gov/pubmed/15110324
http://www.ncbi.nlm.nih.gov/pubmed/10862087
http://www.ncbi.nlm.nih.gov/pubmed/10862087
http://www.ncbi.nlm.nih.gov/pubmed/15849466
http://www.ncbi.nlm.nih.gov/pubmed/19479957
http://www.ncbi.nlm.nih.gov/pubmed/23352160
http://www.ncbi.nlm.nih.gov/pubmed/19619139
http://www.ncbi.nlm.nih.gov/pubmed/16453322
http://www.ncbi.nlm.nih.gov/pubmed/16453322
http://www.ncbi.nlm.nih.gov/pubmed/16155189
http://www.ncbi.nlm.nih.gov/pubmed/22848652
http://www.ncbi.nlm.nih.gov/pubmed/16155189
http://www.ncbi.nlm.nih.gov/pubmed/15372234
http://www.ncbi.nlm.nih.gov/pubmed/12715918
http://www.ncbi.nlm.nih.gov/pubmed/14962793
http://www.ncbi.nlm.nih.gov/pubmed/20506337
http://www.ncbi.nlm.nih.gov/pubmed/17360484
http://www.ncbi.nlm.nih.gov/pubmed/19883897
http://www.ncbi.nlm.nih.gov/pubmed/20530095
http://www.ncbi.nlm.nih.gov/pubmed/17609395
http://www.ncbi.nlm.nih.gov/pubmed/16728643
http://www.ncbi.nlm.nih.gov/pubmed/18381572
http://www.ncbi.nlm.nih.gov/pubmed/10873396
http://www.ncbi.nlm.nih.gov/pubmed/17964524
invalid literal for int() with base 10: 'NO ID'
invalid literal for int() with base 10: 'ABST'
http://www.ncbi.nlm.nih.gov/pubmed/11524731
invalid literal for int() with base 10: 'ABST'
http://www.ncbi.nlm.nih.gov/pubmed/18682433
http://www.ncbi.nlm.nih.gov/pubmed/19209622
http://www.ncbi.nlm.nih.gov/pubmed/9921903
invalid literal for int() with base 10: 'ABST'
http://www.ncbi.nlm.nih.gov/pubmed/21505073
http://www.ncbi.nlm.nih.gov/pubmed/17118990
http://www.ncbi.nlm.nih.gov/pubmed/15712268
http://www.ncbi.nlm.nih.gov/pubmed/9888391
http://www.ncbi.nlm.nih.gov/pubmed/11524731
http://www.ncbi.nlm.nih.gov/pubmed/19043417
http://www.ncbi.nlm.nih.gov/pubmed/19043417
http://www.ncbi.nlm.nih.gov/pubmed/21802064
http://www.ncbi.nlm.nih.gov/pubmed/22935719
http://www.ncbi.nlm.nih.gov/pubmed/15303011
http://www.ncbi.nlm.nih.gov/pubmed/15303011
http://www.ncbi.nlm.nih.gov/pubmed/24166784
http://www.ncbi.nlm.nih.gov/pubmed/24166784
http://www.ncbi.nlm.nih.gov/pubmed/24166784
http://www.ncbi.nlm.nih.gov/pubmed/11781148
http://www.ncbi.nlm.nih.gov/pubmed/22227324
http://www.ncbi.nlm.nih.gov/pubmed/15976105
http://www.ncbi.nlm.nih.gov/pubmed/22613267
http://www.ncbi.nlm.nih.gov/pubmed/17644793
http://www.ncbi.nlm.nih.gov/pubmed/24627724
http://www.ncbi.nlm.nih.gov/pubmed/1390939
http://www.ncbi.nlm.nih.gov/pubmed/10446380
http://www.ncbi.nlm.nih.gov/pubmed/18154732
http://www.ncbi.nlm.nih.gov/pubmed/3353369
http://www.ncbi.nlm.nih.gov/pubmed/21739576
http://www.ncbi.nlm.nih.gov/pubmed/23312594
http://www.ncbi.nlm.nih.gov/pubmed/10854114
http://www.ncbi.nlm.nih.gov/pubmed/10854114
http://www.ncbi.nlm.nih.gov/pubmed/10577908
http://www.ncbi.nlm.nih.gov/pubmed/10577908
http://www.ncbi.nlm.nih.gov/pubmed/21872273
http://www.ncbi.nlm.nih.gov/pubmed/10577908
http://www.ncbi.nlm.nih.gov/pubmed/10577908
http://www.ncbi.nlm.nih.gov/pubmed/24377952
http://www.ncbi.nlm.nih.gov/pubmed/10577908
http://www.ncbi.nlm.nih.gov/pubmed/10577908
http://www.ncbi.nlm.nih.gov/pubmed/15241804
http://www.ncbi.nlm.nih.gov/pubmed/10577908
http://www.ncbi.nlm.nih.gov/pubmed/14635103
http://www.ncbi.nlm.nih.gov/pubmed/14635103
http://www.ncbi.nlm.nih.gov/pubmed/9683595
http://www.ncbi.nlm.nih.gov/pubmed/14635103
http://www.ncbi.nlm.nih.gov/pubmed/14635103
http://www.ncbi.nlm.nih.gov/pubmed/14635103
http://www.ncbi.nlm.nih.gov/pubmed/9683595
http://www.ncbi.nlm.nih.gov/pubmed/17433748
http://www.ncbi.nlm.nih.gov/pubmed/23350806
http://www.ncbi.nlm.nih.gov/pubmed/20814824
http://www.ncbi.nlm.nih.gov/pubmed/24664145
http://www.ncbi.nlm.nih.gov/pubmed/20814824
http://www.ncbi.nlm.nih.gov/pubmed/18717709
http://www.ncbi.nlm.nih.gov/pubmed/20554659
http://www.ncbi.nlm.nih.gov/pubmed/23683770
http://www.ncbi.nlm.nih.gov/pubmed/20554659
http://www.ncbi.nlm.nih.gov/pubmed/17068770
http://www.ncbi.nlm.nih.gov/pubmed/20814824
http://www.ncbi.nlm.nih.gov/pubmed/21733724
http://www.ncbi.nlm.nih.gov/pubmed/16491085
http://www.ncbi.nlm.nih.gov/pubmed/18717709
http://www.ncbi.nlm.nih.gov/pubmed/16491085
http://www.ncbi.nlm.nih.gov/pubmed/20554659
http://www.ncbi.nlm.nih.gov/pubmed/17068770
http://www.ncbi.nlm.nih.gov/pubmed/22305855
http://www.ncbi.nlm.nih.gov/pubmed/17721876
http://www.ncbi.nlm.nih.gov/pubmed/23350806
http://www.ncbi.nlm.nih.gov/pubmed/20882353
http://www.ncbi.nlm.nih.gov/pubmed/18541450
http://www.ncbi.nlm.nih.gov/pubmed/15880727
http://www.ncbi.nlm.nih.gov/pubmed/12205126
http://www.ncbi.nlm.nih.gov/pubmed/15532022
http://www.ncbi.nlm.nih.gov/pubmed/8535439
http://www.ncbi.nlm.nih.gov/pubmed/15532022
http://www.ncbi.nlm.nih.gov/pubmed/8071980
http://www.ncbi.nlm.nih.gov/pubmed/15880727
http://www.ncbi.nlm.nih.gov/pubmed/23806237
http://www.ncbi.nlm.nih.gov/pubmed/20679665
http://www.ncbi.nlm.nih.gov/pubmed/15108280
http://www.ncbi.nlm.nih.gov/pubmed/10914684
http://www.ncbi.nlm.nih.gov/pubmed/16007612
http://www.ncbi.nlm.nih.gov/pubmed/15235028
http://www.ncbi.nlm.nih.gov/pubmed/15235028
http://www.ncbi.nlm.nih.gov/pubmed/19862844
http://www.ncbi.nlm.nih.gov/pubmed/19131948
http://www.ncbi.nlm.nih.gov/pubmed/18347291
http://www.ncbi.nlm.nih.gov/pubmed/22622417
http://www.ncbi.nlm.nih.gov/pubmed/19131948
http://www.ncbi.nlm.nih.gov/pubmed/10679946
http://www.ncbi.nlm.nih.gov/pubmed/22300680
http://www.ncbi.nlm.nih.gov/pubmed/20924064
http://www.ncbi.nlm.nih.gov/pubmed/9781036
http://www.ncbi.nlm.nih.gov/pubmed/15694177
http://www.ncbi.nlm.nih.gov/pubmed/17922851
http://www.ncbi.nlm.nih.gov/pubmed/10094560
http://www.ncbi.nlm.nih.gov/pubmed/9781036
http://www.ncbi.nlm.nih.gov/pubmed/21713987
http://www.ncbi.nlm.nih.gov/pubmed/20924064
http://www.ncbi.nlm.nih.gov/pubmed/10679946
http://www.ncbi.nlm.nih.gov/pubmed/15694177
http://www.ncbi.nlm.nih.gov/pubmed/11438998
http://www.ncbi.nlm.nih.gov/pubmed/23282280
http://www.ncbi.nlm.nih.gov/pubmed/19122027
http://www.ncbi.nlm.nih.gov/pubmed/20018642
http://www.ncbi.nlm.nih.gov/pubmed/24144828
http://www.ncbi.nlm.nih.gov/pubmed/12145748
http://www.ncbi.nlm.nih.gov/pubmed/18810511
http://www.ncbi.nlm.nih.gov/pubmed/20451171
http://www.ncbi.nlm.nih.gov/pubmed/19409524
http://www.ncbi.nlm.nih.gov/pubmed/22865819
http://www.ncbi.nlm.nih.gov/pubmed/21054481
http://www.ncbi.nlm.nih.gov/pubmed/8162013
http://www.ncbi.nlm.nih.gov/pubmed/23295284
http://www.ncbi.nlm.nih.gov/pubmed/8162013
http://www.ncbi.nlm.nih.gov/pubmed/7493017
http://www.ncbi.nlm.nih.gov/pubmed/14745940
http://www.ncbi.nlm.nih.gov/pubmed/14745940
http://www.ncbi.nlm.nih.gov/pubmed/14745940
http://www.ncbi.nlm.nih.gov/pubmed/22929189
http://www.ncbi.nlm.nih.gov/pubmed/18181028
http://www.ncbi.nlm.nih.gov/pubmed/22929189
http://www.ncbi.nlm.nih.gov/pubmed/22929189
http://www.ncbi.nlm.nih.gov/pubmed/22929189
http://www.ncbi.nlm.nih.gov/pubmed/12590260
http://www.ncbi.nlm.nih.gov/pubmed/15024727
http://www.ncbi.nlm.nih.gov/pubmed/22929189
http://www.ncbi.nlm.nih.gov/pubmed/19299230
http://www.ncbi.nlm.nih.gov/pubmed/16450403
http://www.ncbi.nlm.nih.gov/pubmed/11139253
http://www.ncbi.nlm.nih.gov/pubmed/22062970
http://www.ncbi.nlm.nih.gov/pubmed/11372755
http://www.ncbi.nlm.nih.gov/pubmed/8640229
http://www.ncbi.nlm.nih.gov/pubmed/17327413
http://www.ncbi.nlm.nih.gov/pubmed/12899723
http://www.ncbi.nlm.nih.gov/pubmed/11372755
http://www.ncbi.nlm.nih.gov/pubmed/11372755
http://www.ncbi.nlm.nih.gov/pubmed/8640229
http://www.ncbi.nlm.nih.gov/pubmed/8640229
http://www.ncbi.nlm.nih.gov/pubmed/11326272
http://www.ncbi.nlm.nih.gov/pubmed/21782149
http://www.ncbi.nlm.nih.gov/pubmed/24463508
http://www.ncbi.nlm.nih.gov/pubmed/23793029
http://www.ncbi.nlm.nih.gov/pubmed/23793029
http://www.ncbi.nlm.nih.gov/pubmed/21092923
http://www.ncbi.nlm.nih.gov/pubmed/23607914
http://www.ncbi.nlm.nih.gov/pubmed/23670307
http://www.ncbi.nlm.nih.gov/pubmed/20096397
http://www.ncbi.nlm.nih.gov/pubmed/22402862
http://www.ncbi.nlm.nih.gov/pubmed/23606453
http://www.ncbi.nlm.nih.gov/pubmed/22980763
http://www.ncbi.nlm.nih.gov/pubmed/23663589
http://www.ncbi.nlm.nih.gov/pubmed/22402862
http://www.ncbi.nlm.nih.gov/pubmed/23606453
http://www.ncbi.nlm.nih.gov/pubmed/22527239
http://www.ncbi.nlm.nih.gov/pubmed/22499103
http://www.ncbi.nlm.nih.gov/pubmed/24239059
http://www.ncbi.nlm.nih.gov/pubmed/23606453
http://www.ncbi.nlm.nih.gov/pubmed/23050857
http://www.ncbi.nlm.nih.gov/pubmed/21107324
http://www.ncbi.nlm.nih.gov/pubmed/21511967
http://www.ncbi.nlm.nih.gov/pubmed/23602711
http://www.ncbi.nlm.nih.gov/pubmed/14508707
http://www.ncbi.nlm.nih.gov/pubmed/14508707
http://www.ncbi.nlm.nih.gov/pubmed/22042284
http://www.ncbi.nlm.nih.gov/pubmed/14508707
http://www.ncbi.nlm.nih.gov/pubmed/22300424
http://www.ncbi.nlm.nih.gov/pubmed/22383261
http://www.ncbi.nlm.nih.gov/pubmed/14508707
http://www.ncbi.nlm.nih.gov/pubmed/14508707
http://www.ncbi.nlm.nih.gov/pubmed/24720851
http://www.ncbi.nlm.nih.gov/pubmed/19057675
http://www.ncbi.nlm.nih.gov/pubmed/17617514
http://www.ncbi.nlm.nih.gov/pubmed/18428203
http://www.ncbi.nlm.nih.gov/pubmed/23756445
http://www.ncbi.nlm.nih.gov/pubmed/14566336
http://www.ncbi.nlm.nih.gov/pubmed/19559397
http://www.ncbi.nlm.nih.gov/pubmed/22431159
http://www.ncbi.nlm.nih.gov/pubmed/22431159
http://www.ncbi.nlm.nih.gov/pubmed/15459959
invalid literal for int() with base 10: 'HGOL'
http://www.ncbi.nlm.nih.gov/pubmed/11247896
http://www.ncbi.nlm.nih.gov/pubmed/15459959
http://www.ncbi.nlm.nih.gov/pubmed/9950360
http://www.ncbi.nlm.nih.gov/pubmed/20685668
http://www.ncbi.nlm.nih.gov/pubmed/20685668
http://www.ncbi.nlm.nih.gov/pubmed/19196998
http://www.ncbi.nlm.nih.gov/pubmed/11933206
http://www.ncbi.nlm.nih.gov/pubmed/8990002
http://www.ncbi.nlm.nih.gov/pubmed/20685668
http://www.ncbi.nlm.nih.gov/pubmed/11933206
http://www.ncbi.nlm.nih.gov/pubmed/21476993
http://www.ncbi.nlm.nih.gov/pubmed/20223039
http://www.ncbi.nlm.nih.gov/pubmed/24599579
http://www.ncbi.nlm.nih.gov/pubmed/22987206
http://www.ncbi.nlm.nih.gov/pubmed/19196998
http://www.ncbi.nlm.nih.gov/pubmed/19029688
http://www.ncbi.nlm.nih.gov/pubmed/20685668
http://www.ncbi.nlm.nih.gov/pubmed/8990002
http://www.ncbi.nlm.nih.gov/pubmed/8990002
http://www.ncbi.nlm.nih.gov/pubmed/17026565
http://www.ncbi.nlm.nih.gov/pubmed/19029688
http://www.ncbi.nlm.nih.gov/pubmed/15459959
http://www.ncbi.nlm.nih.gov/pubmed/20685668
http://www.ncbi.nlm.nih.gov/pubmed/15459959
http://www.ncbi.nlm.nih.gov/pubmed/14523376
http://www.ncbi.nlm.nih.gov/pubmed/20685668
http://www.ncbi.nlm.nih.gov/pubmed/19111562
http://www.ncbi.nlm.nih.gov/pubmed/15459959
http://www.ncbi.nlm.nih.gov/pubmed/20685668
http://www.ncbi.nlm.nih.gov/pubmed/11247896
http://www.ncbi.nlm.nih.gov/pubmed/21078199
invalid literal for int() with base 10: 'HGOL'
http://www.ncbi.nlm.nih.gov/pubmed/11768390
http://www.ncbi.nlm.nih.gov/pubmed/19036155
http://www.ncbi.nlm.nih.gov/pubmed/11247896
http://www.ncbi.nlm.nih.gov/pubmed/20685668
http://www.ncbi.nlm.nih.gov/pubmed/24599579
http://www.ncbi.nlm.nih.gov/pubmed/9950360
http://www.ncbi.nlm.nih.gov/pubmed/15459959
http://www.ncbi.nlm.nih.gov/pubmed/20685668
http://www.ncbi.nlm.nih.gov/pubmed/19279422
http://www.ncbi.nlm.nih.gov/pubmed/17882487
http://www.ncbi.nlm.nih.gov/pubmed/24599579
http://www.ncbi.nlm.nih.gov/pubmed/23159591
http://www.ncbi.nlm.nih.gov/pubmed/23159591
http://www.ncbi.nlm.nih.gov/pubmed/20682701
http://www.ncbi.nlm.nih.gov/pubmed/23159591
http://www.ncbi.nlm.nih.gov/pubmed/8381580
http://www.ncbi.nlm.nih.gov/pubmed/23159591
http://www.ncbi.nlm.nih.gov/pubmed/15771908
http://www.ncbi.nlm.nih.gov/pubmed/21779980
http://www.ncbi.nlm.nih.gov/pubmed/24599579
http://www.ncbi.nlm.nih.gov/pubmed/24599579
http://www.ncbi.nlm.nih.gov/pubmed/11247896
http://www.ncbi.nlm.nih.gov/pubmed/20924072
http://www.ncbi.nlm.nih.gov/pubmed/15459959
http://www.ncbi.nlm.nih.gov/pubmed/10598803
http://www.ncbi.nlm.nih.gov/pubmed/11247896
http://www.ncbi.nlm.nih.gov/pubmed/15459959
http://www.ncbi.nlm.nih.gov/pubmed/15459959
http://www.ncbi.nlm.nih.gov/pubmed/20223039
http://www.ncbi.nlm.nih.gov/pubmed/9375853
http://www.ncbi.nlm.nih.gov/pubmed/12010888
http://www.ncbi.nlm.nih.gov/pubmed/12010888
http://www.ncbi.nlm.nih.gov/pubmed/17411426
http://www.ncbi.nlm.nih.gov/pubmed/20924072
http://www.ncbi.nlm.nih.gov/pubmed/10083733
http://www.ncbi.nlm.nih.gov/pubmed/20223039
http://www.ncbi.nlm.nih.gov/pubmed/20333795
http://www.ncbi.nlm.nih.gov/pubmed/22431159
http://www.ncbi.nlm.nih.gov/pubmed/19196998
http://www.ncbi.nlm.nih.gov/pubmed/9950360
http://www.ncbi.nlm.nih.gov/pubmed/7959691
http://www.ncbi.nlm.nih.gov/pubmed/8381580
http://www.ncbi.nlm.nih.gov/pubmed/17411426
http://www.ncbi.nlm.nih.gov/pubmed/12702169
http://www.ncbi.nlm.nih.gov/pubmed/20685668
http://www.ncbi.nlm.nih.gov/pubmed/8990002
http://www.ncbi.nlm.nih.gov/pubmed/24599579
http://www.ncbi.nlm.nih.gov/pubmed/7833936
http://www.ncbi.nlm.nih.gov/pubmed/20223039
http://www.ncbi.nlm.nih.gov/pubmed/8381580
http://www.ncbi.nlm.nih.gov/pubmed/18433509
http://www.ncbi.nlm.nih.gov/pubmed/9669663
http://www.ncbi.nlm.nih.gov/pubmed/20649969
http://www.ncbi.nlm.nih.gov/pubmed/8381580
http://www.ncbi.nlm.nih.gov/pubmed/18433509
http://www.ncbi.nlm.nih.gov/pubmed/8844222
http://www.ncbi.nlm.nih.gov/pubmed/20685668
http://www.ncbi.nlm.nih.gov/pubmed/15459959
http://www.ncbi.nlm.nih.gov/pubmed/17489848
http://www.ncbi.nlm.nih.gov/pubmed/8381580
http://www.ncbi.nlm.nih.gov/pubmed/20685668
http://www.ncbi.nlm.nih.gov/pubmed/20685668
http://www.ncbi.nlm.nih.gov/pubmed/24599579
http://www.ncbi.nlm.nih.gov/pubmed/12007223
http://www.ncbi.nlm.nih.gov/pubmed/15459959
http://www.ncbi.nlm.nih.gov/pubmed/23159591
http://www.ncbi.nlm.nih.gov/pubmed/23159591
http://www.ncbi.nlm.nih.gov/pubmed/8125478
http://www.ncbi.nlm.nih.gov/pubmed/20223039
invalid literal for int() with base 10: 'HGOL'
http://www.ncbi.nlm.nih.gov/pubmed/19029688
http://www.ncbi.nlm.nih.gov/pubmed/9931341
http://www.ncbi.nlm.nih.gov/pubmed/2107739
http://www.ncbi.nlm.nih.gov/pubmed/19410254
http://www.ncbi.nlm.nih.gov/pubmed/21122665
http://www.ncbi.nlm.nih.gov/pubmed/16687148
http://www.ncbi.nlm.nih.gov/pubmed/18088255
http://www.ncbi.nlm.nih.gov/pubmed/12872264
http://www.ncbi.nlm.nih.gov/pubmed/17570373
http://www.ncbi.nlm.nih.gov/pubmed/12124991
http://www.ncbi.nlm.nih.gov/pubmed/17570373
http://www.ncbi.nlm.nih.gov/pubmed/19084451
http://www.ncbi.nlm.nih.gov/pubmed/8014581
http://www.ncbi.nlm.nih.gov/pubmed/17158591
http://www.ncbi.nlm.nih.gov/pubmed/17158591
http://www.ncbi.nlm.nih.gov/pubmed/1770316
http://www.ncbi.nlm.nih.gov/pubmed/11940084
http://www.ncbi.nlm.nih.gov/pubmed/17158591
http://www.ncbi.nlm.nih.gov/pubmed/17517592
http://www.ncbi.nlm.nih.gov/pubmed/3263393
http://www.ncbi.nlm.nih.gov/pubmed/23701270
http://www.ncbi.nlm.nih.gov/pubmed/23685560
http://www.ncbi.nlm.nih.gov/pubmed/3029073
http://www.ncbi.nlm.nih.gov/pubmed/14506070
http://www.ncbi.nlm.nih.gov/pubmed/15365154
http://www.ncbi.nlm.nih.gov/pubmed/20814834
http://www.ncbi.nlm.nih.gov/pubmed/12191971
http://www.ncbi.nlm.nih.gov/pubmed/14599123
http://www.ncbi.nlm.nih.gov/pubmed/12239222
http://www.ncbi.nlm.nih.gov/pubmed/19463997
http://www.ncbi.nlm.nih.gov/pubmed/9627582
http://www.ncbi.nlm.nih.gov/pubmed/20150575
http://www.ncbi.nlm.nih.gov/pubmed/15941919
http://www.ncbi.nlm.nih.gov/pubmed/16470553
http://www.ncbi.nlm.nih.gov/pubmed/9345099
http://www.ncbi.nlm.nih.gov/pubmed/20672904
invalid literal for int() with base 10: 'ABST'
http://www.ncbi.nlm.nih.gov/pubmed/16544039
http://www.ncbi.nlm.nih.gov/pubmed/11788645
http://www.ncbi.nlm.nih.gov/pubmed/2236003
http://www.ncbi.nlm.nih.gov/pubmed/22799610
http://www.ncbi.nlm.nih.gov/pubmed/11172634
http://www.ncbi.nlm.nih.gov/pubmed/1458719
http://www.ncbi.nlm.nih.gov/pubmed/11587068
http://www.ncbi.nlm.nih.gov/pubmed/10999818
http://www.ncbi.nlm.nih.gov/pubmed/20150575
http://www.ncbi.nlm.nih.gov/pubmed/8174721
http://www.ncbi.nlm.nih.gov/pubmed/11397856
http://www.ncbi.nlm.nih.gov/pubmed/23812912
http://www.ncbi.nlm.nih.gov/pubmed/7649538
http://www.ncbi.nlm.nih.gov/pubmed/23430921
http://www.ncbi.nlm.nih.gov/pubmed/7649538
http://www.ncbi.nlm.nih.gov/pubmed/21802329
http://www.ncbi.nlm.nih.gov/pubmed/21802329
http://www.ncbi.nlm.nih.gov/pubmed/11017088
http://www.ncbi.nlm.nih.gov/pubmed/20817676
http://www.ncbi.nlm.nih.gov/pubmed/23033978
http://www.ncbi.nlm.nih.gov/pubmed/23929686
http://www.ncbi.nlm.nih.gov/pubmed/23929686
http://www.ncbi.nlm.nih.gov/pubmed/22405089
http://www.ncbi.nlm.nih.gov/pubmed/23849777
http://www.ncbi.nlm.nih.gov/pubmed/22334370
http://www.ncbi.nlm.nih.gov/pubmed/22773737
http://www.ncbi.nlm.nih.gov/pubmed/23849778
http://www.ncbi.nlm.nih.gov/pubmed/9819708
http://www.ncbi.nlm.nih.gov/pubmed/1670590
http://www.ncbi.nlm.nih.gov/pubmed/7581401
http://www.ncbi.nlm.nih.gov/pubmed/15375602
invalid literal for int() with base 10: 'ABST'
http://www.ncbi.nlm.nih.gov/pubmed/14571263
http://www.ncbi.nlm.nih.gov/pubmed/14517960
http://www.ncbi.nlm.nih.gov/pubmed/20890085


PS:

Read file <data/skip/scraping_pubmed_chunks/logs/chunk2.e> for stderr output of this job.

