Sender: LSF System <lsf@node0904>
Subject: Job 9582129: <scrape.10> in cluster <cromwell> Done

Job <scrape.10> was submitted from host <gold> by user <birnbaum> in cluster <cromwell>.
Job was executed on host(s) <node0904>, in queue <hour>, as user <birnbaum> in cluster <cromwell>.
</home/unix/birnbaum> was used as the home directory.
</humgen/atgu1/fs03/birnbaum/cryptic-splice> was used as the working directory.
Started at Thu Jun  2 16:37:50 2016
Results reported on Thu Jun  2 16:47:38 2016

Your job looked like:

------------------------------------------------------------
# LSBATCH: User input
python src/scrape_pubmed_abstracts.py -p data/skip/hgmd_splice_pmids.txt --include "exon skipping" --include "skipping of exon" --exclude "cryptic splice site" --exclude "cryptic donor" --exclude "cryptic acceptor" -o data/skip/scraping_pubmed_chunks/chunk10.txt --chunk 10/30
------------------------------------------------------------

Successfully completed.

Resource usage summary:

    CPU time :               112.44 sec.
    Max Memory :             51 MB
    Average Memory :         48.95 MB
    Total Requested Memory : 750.00 MB
    Delta Memory :           699.00 MB
    (Delta: the difference between Total Requested Memory and Max Memory.)
    Max Processes :          3
    Max Threads :            4

The output (if any) follows:

http://www.ncbi.nlm.nih.gov/pubmed/17041906
http://www.ncbi.nlm.nih.gov/pubmed/17041906
http://www.ncbi.nlm.nih.gov/pubmed/8401539
http://www.ncbi.nlm.nih.gov/pubmed/19937601
http://www.ncbi.nlm.nih.gov/pubmed/17041906
http://www.ncbi.nlm.nih.gov/pubmed/20485447
http://www.ncbi.nlm.nih.gov/pubmed/19937601
http://www.ncbi.nlm.nih.gov/pubmed/21396098
http://www.ncbi.nlm.nih.gov/pubmed/21396098
http://www.ncbi.nlm.nih.gov/pubmed/17726484
http://www.ncbi.nlm.nih.gov/pubmed/17726484
http://www.ncbi.nlm.nih.gov/pubmed/20485447
http://www.ncbi.nlm.nih.gov/pubmed/19409785
http://www.ncbi.nlm.nih.gov/pubmed/8840119
http://www.ncbi.nlm.nih.gov/pubmed/19937601
http://www.ncbi.nlm.nih.gov/pubmed/20485447
http://www.ncbi.nlm.nih.gov/pubmed/17041906
http://www.ncbi.nlm.nih.gov/pubmed/19937601
http://www.ncbi.nlm.nih.gov/pubmed/19001018
http://www.ncbi.nlm.nih.gov/pubmed/23536893
http://www.ncbi.nlm.nih.gov/pubmed/18059005
http://www.ncbi.nlm.nih.gov/pubmed/11524473
http://www.ncbi.nlm.nih.gov/pubmed/20485447
http://www.ncbi.nlm.nih.gov/pubmed/17726484
http://www.ncbi.nlm.nih.gov/pubmed/19937601
http://www.ncbi.nlm.nih.gov/pubmed/15351422
http://www.ncbi.nlm.nih.gov/pubmed/23092449
http://www.ncbi.nlm.nih.gov/pubmed/18059005
http://www.ncbi.nlm.nih.gov/pubmed/7951253
http://www.ncbi.nlm.nih.gov/pubmed/17041906
http://www.ncbi.nlm.nih.gov/pubmed/17041906
http://www.ncbi.nlm.nih.gov/pubmed/12359139
http://www.ncbi.nlm.nih.gov/pubmed/16633967
http://www.ncbi.nlm.nih.gov/pubmed/15351422
http://www.ncbi.nlm.nih.gov/pubmed/19937601
http://www.ncbi.nlm.nih.gov/pubmed/23536893
http://www.ncbi.nlm.nih.gov/pubmed/9544849
http://www.ncbi.nlm.nih.gov/pubmed/9452089
http://www.ncbi.nlm.nih.gov/pubmed/9628192
http://www.ncbi.nlm.nih.gov/pubmed/17041906
http://www.ncbi.nlm.nih.gov/pubmed/19937601
http://www.ncbi.nlm.nih.gov/pubmed/17259292
http://www.ncbi.nlm.nih.gov/pubmed/19937601
http://www.ncbi.nlm.nih.gov/pubmed/17259292
http://www.ncbi.nlm.nih.gov/pubmed/19760747
http://www.ncbi.nlm.nih.gov/pubmed/8730289
http://www.ncbi.nlm.nih.gov/pubmed/19040728
http://www.ncbi.nlm.nih.gov/pubmed/17259292
http://www.ncbi.nlm.nih.gov/pubmed/19937601
http://www.ncbi.nlm.nih.gov/pubmed/11524473
http://www.ncbi.nlm.nih.gov/pubmed/19937601
http://www.ncbi.nlm.nih.gov/pubmed/19937601
http://www.ncbi.nlm.nih.gov/pubmed/20485447
http://www.ncbi.nlm.nih.gov/pubmed/8401537
http://www.ncbi.nlm.nih.gov/pubmed/19959795
http://www.ncbi.nlm.nih.gov/pubmed/19959795
http://www.ncbi.nlm.nih.gov/pubmed/19959795
http://www.ncbi.nlm.nih.gov/pubmed/19937601
http://www.ncbi.nlm.nih.gov/pubmed/20485447
http://www.ncbi.nlm.nih.gov/pubmed/8950674
http://www.ncbi.nlm.nih.gov/pubmed/19959795
http://www.ncbi.nlm.nih.gov/pubmed/11710958
http://www.ncbi.nlm.nih.gov/pubmed/21515508
http://www.ncbi.nlm.nih.gov/pubmed/14695533
http://www.ncbi.nlm.nih.gov/pubmed/14659407
http://www.ncbi.nlm.nih.gov/pubmed/17726484
http://www.ncbi.nlm.nih.gov/pubmed/19602481
http://www.ncbi.nlm.nih.gov/pubmed/19937601
http://www.ncbi.nlm.nih.gov/pubmed/14659407
http://www.ncbi.nlm.nih.gov/pubmed/17259292
http://www.ncbi.nlm.nih.gov/pubmed/17041906
http://www.ncbi.nlm.nih.gov/pubmed/7668256
http://www.ncbi.nlm.nih.gov/pubmed/19937601
http://www.ncbi.nlm.nih.gov/pubmed/19602481
http://www.ncbi.nlm.nih.gov/pubmed/12754707
http://www.ncbi.nlm.nih.gov/pubmed/19602481
http://www.ncbi.nlm.nih.gov/pubmed/17041906
http://www.ncbi.nlm.nih.gov/pubmed/17726484
http://www.ncbi.nlm.nih.gov/pubmed/19937601
http://www.ncbi.nlm.nih.gov/pubmed/8950674
http://www.ncbi.nlm.nih.gov/pubmed/19602481
http://www.ncbi.nlm.nih.gov/pubmed/17259292
http://www.ncbi.nlm.nih.gov/pubmed/17041906
http://www.ncbi.nlm.nih.gov/pubmed/8281150
http://www.ncbi.nlm.nih.gov/pubmed/23536893
http://www.ncbi.nlm.nih.gov/pubmed/17726484
http://www.ncbi.nlm.nih.gov/pubmed/15351422
http://www.ncbi.nlm.nih.gov/pubmed/19783145
http://www.ncbi.nlm.nih.gov/pubmed/10909857
http://www.ncbi.nlm.nih.gov/pubmed/10722962
http://www.ncbi.nlm.nih.gov/pubmed/10722962
http://www.ncbi.nlm.nih.gov/pubmed/20485447
http://www.ncbi.nlm.nih.gov/pubmed/11710958
http://www.ncbi.nlm.nih.gov/pubmed/19409785
http://www.ncbi.nlm.nih.gov/pubmed/17726484
http://www.ncbi.nlm.nih.gov/pubmed/19937601
http://www.ncbi.nlm.nih.gov/pubmed/21515508
http://www.ncbi.nlm.nih.gov/pubmed/19937601
http://www.ncbi.nlm.nih.gov/pubmed/17041906
http://www.ncbi.nlm.nih.gov/pubmed/1549596
http://www.ncbi.nlm.nih.gov/pubmed/17253928
http://www.ncbi.nlm.nih.gov/pubmed/8589698
http://www.ncbi.nlm.nih.gov/pubmed/9544849
http://www.ncbi.nlm.nih.gov/pubmed/7581396
http://www.ncbi.nlm.nih.gov/pubmed/17726484
http://www.ncbi.nlm.nih.gov/pubmed/19937601
http://www.ncbi.nlm.nih.gov/pubmed/1549596
http://www.ncbi.nlm.nih.gov/pubmed/19783145
http://www.ncbi.nlm.nih.gov/pubmed/17253928
http://www.ncbi.nlm.nih.gov/pubmed/21515508
http://www.ncbi.nlm.nih.gov/pubmed/8281150
http://www.ncbi.nlm.nih.gov/pubmed/19937601
http://www.ncbi.nlm.nih.gov/pubmed/9143930
http://www.ncbi.nlm.nih.gov/pubmed/19602481
http://www.ncbi.nlm.nih.gov/pubmed/8281150
http://www.ncbi.nlm.nih.gov/pubmed/19760747
http://www.ncbi.nlm.nih.gov/pubmed/23352160
http://www.ncbi.nlm.nih.gov/pubmed/12398835
http://www.ncbi.nlm.nih.gov/pubmed/10533061
http://www.ncbi.nlm.nih.gov/pubmed/19602481
http://www.ncbi.nlm.nih.gov/pubmed/17726484
http://www.ncbi.nlm.nih.gov/pubmed/10533061
http://www.ncbi.nlm.nih.gov/pubmed/14659407
http://www.ncbi.nlm.nih.gov/pubmed/16077730
http://www.ncbi.nlm.nih.gov/pubmed/21515508
http://www.ncbi.nlm.nih.gov/pubmed/17033625
http://www.ncbi.nlm.nih.gov/pubmed/20499351
http://www.ncbi.nlm.nih.gov/pubmed/24360805
http://www.ncbi.nlm.nih.gov/pubmed/24360805
http://www.ncbi.nlm.nih.gov/pubmed/16627867
http://www.ncbi.nlm.nih.gov/pubmed/16627867
http://www.ncbi.nlm.nih.gov/pubmed/16627867
http://www.ncbi.nlm.nih.gov/pubmed/22416021
http://www.ncbi.nlm.nih.gov/pubmed/19357118
http://www.ncbi.nlm.nih.gov/pubmed/21270641
http://www.ncbi.nlm.nih.gov/pubmed/23891469
http://www.ncbi.nlm.nih.gov/pubmed/11788826
http://www.ncbi.nlm.nih.gov/pubmed/16627867
http://www.ncbi.nlm.nih.gov/pubmed/16627867
http://www.ncbi.nlm.nih.gov/pubmed/19357118
http://www.ncbi.nlm.nih.gov/pubmed/16858015
http://www.ncbi.nlm.nih.gov/pubmed/16858015
http://www.ncbi.nlm.nih.gov/pubmed/16858015
http://www.ncbi.nlm.nih.gov/pubmed/18950741
http://www.ncbi.nlm.nih.gov/pubmed/18950741
http://www.ncbi.nlm.nih.gov/pubmed/22522442
http://www.ncbi.nlm.nih.gov/pubmed/16055927
http://www.ncbi.nlm.nih.gov/pubmed/22563501
http://www.ncbi.nlm.nih.gov/pubmed/10588719
http://www.ncbi.nlm.nih.gov/pubmed/12208751
http://www.ncbi.nlm.nih.gov/pubmed/23522784
http://www.ncbi.nlm.nih.gov/pubmed/20004785
http://www.ncbi.nlm.nih.gov/pubmed/20004785
http://www.ncbi.nlm.nih.gov/pubmed/22476911
http://www.ncbi.nlm.nih.gov/pubmed/20004785
http://www.ncbi.nlm.nih.gov/pubmed/24743019
http://www.ncbi.nlm.nih.gov/pubmed/19776401
http://www.ncbi.nlm.nih.gov/pubmed/19776401
http://www.ncbi.nlm.nih.gov/pubmed/22968740
http://www.ncbi.nlm.nih.gov/pubmed/22661499
http://www.ncbi.nlm.nih.gov/pubmed/18626973
http://www.ncbi.nlm.nih.gov/pubmed/16917026
http://www.ncbi.nlm.nih.gov/pubmed/18626973
http://www.ncbi.nlm.nih.gov/pubmed/22661499
http://www.ncbi.nlm.nih.gov/pubmed/22661499
http://www.ncbi.nlm.nih.gov/pubmed/23240525
http://www.ncbi.nlm.nih.gov/pubmed/20012313
http://www.ncbi.nlm.nih.gov/pubmed/22492991
http://www.ncbi.nlm.nih.gov/pubmed/15771971
http://www.ncbi.nlm.nih.gov/pubmed/16641202
http://www.ncbi.nlm.nih.gov/pubmed/23109149
http://www.ncbi.nlm.nih.gov/pubmed/23352160
http://www.ncbi.nlm.nih.gov/pubmed/22653751
http://www.ncbi.nlm.nih.gov/pubmed/20803296
http://www.ncbi.nlm.nih.gov/pubmed/15899693
http://www.ncbi.nlm.nih.gov/pubmed/12651840
http://www.ncbi.nlm.nih.gov/pubmed/8892022
http://www.ncbi.nlm.nih.gov/pubmed/18829695
http://www.ncbi.nlm.nih.gov/pubmed/21482675
http://www.ncbi.nlm.nih.gov/pubmed/19377476
http://www.ncbi.nlm.nih.gov/pubmed/23812740
http://www.ncbi.nlm.nih.gov/pubmed/20864495
http://www.ncbi.nlm.nih.gov/pubmed/23671136
http://www.ncbi.nlm.nih.gov/pubmed/17186466
http://www.ncbi.nlm.nih.gov/pubmed/21606396
http://www.ncbi.nlm.nih.gov/pubmed/21606396
http://www.ncbi.nlm.nih.gov/pubmed/18197079
http://www.ncbi.nlm.nih.gov/pubmed/23974871
http://www.ncbi.nlm.nih.gov/pubmed/17194569
http://www.ncbi.nlm.nih.gov/pubmed/10332028
http://www.ncbi.nlm.nih.gov/pubmed/19157795
http://www.ncbi.nlm.nih.gov/pubmed/19157795
http://www.ncbi.nlm.nih.gov/pubmed/19157795
http://www.ncbi.nlm.nih.gov/pubmed/18632414
http://www.ncbi.nlm.nih.gov/pubmed/16505173
http://www.ncbi.nlm.nih.gov/pubmed/21606396
http://www.ncbi.nlm.nih.gov/pubmed/20400443
http://www.ncbi.nlm.nih.gov/pubmed/20400443
http://www.ncbi.nlm.nih.gov/pubmed/16543896
http://www.ncbi.nlm.nih.gov/pubmed/21606390
http://www.ncbi.nlm.nih.gov/pubmed/16774985
http://www.ncbi.nlm.nih.gov/pubmed/15941723
http://www.ncbi.nlm.nih.gov/pubmed/10594734
http://www.ncbi.nlm.nih.gov/pubmed/17026502
http://www.ncbi.nlm.nih.gov/pubmed/15241678
http://www.ncbi.nlm.nih.gov/pubmed/19026876
http://www.ncbi.nlm.nih.gov/pubmed/20146806
http://www.ncbi.nlm.nih.gov/pubmed/11175790
http://www.ncbi.nlm.nih.gov/pubmed/18521831
http://www.ncbi.nlm.nih.gov/pubmed/22125647
http://www.ncbi.nlm.nih.gov/pubmed/23862974
http://www.ncbi.nlm.nih.gov/pubmed/23862974
http://www.ncbi.nlm.nih.gov/pubmed/24423310
http://www.ncbi.nlm.nih.gov/pubmed/21900383
http://www.ncbi.nlm.nih.gov/pubmed/16322276
http://www.ncbi.nlm.nih.gov/pubmed/15464420
http://www.ncbi.nlm.nih.gov/pubmed/12554689
http://www.ncbi.nlm.nih.gov/pubmed/21280149
http://www.ncbi.nlm.nih.gov/pubmed/12554689
http://www.ncbi.nlm.nih.gov/pubmed/20865280
http://www.ncbi.nlm.nih.gov/pubmed/15464420
http://www.ncbi.nlm.nih.gov/pubmed/15464420
http://www.ncbi.nlm.nih.gov/pubmed/16097008
http://www.ncbi.nlm.nih.gov/pubmed/12491225
http://www.ncbi.nlm.nih.gov/pubmed/23456818
http://www.ncbi.nlm.nih.gov/pubmed/23456818
http://www.ncbi.nlm.nih.gov/pubmed/23456818
http://www.ncbi.nlm.nih.gov/pubmed/23456818
http://www.ncbi.nlm.nih.gov/pubmed/19361615
http://www.ncbi.nlm.nih.gov/pubmed/23456818
http://www.ncbi.nlm.nih.gov/pubmed/23456818
http://www.ncbi.nlm.nih.gov/pubmed/23339108
http://www.ncbi.nlm.nih.gov/pubmed/21211617
http://www.ncbi.nlm.nih.gov/pubmed/22499340
http://www.ncbi.nlm.nih.gov/pubmed/22495309
http://www.ncbi.nlm.nih.gov/pubmed/23160955
http://www.ncbi.nlm.nih.gov/pubmed/12410383
http://www.ncbi.nlm.nih.gov/pubmed/22297152
http://www.ncbi.nlm.nih.gov/pubmed/18396043
http://www.ncbi.nlm.nih.gov/pubmed/18853459
http://www.ncbi.nlm.nih.gov/pubmed/17994539
http://www.ncbi.nlm.nih.gov/pubmed/16100712
http://www.ncbi.nlm.nih.gov/pubmed/12767493
http://www.ncbi.nlm.nih.gov/pubmed/18306167
http://www.ncbi.nlm.nih.gov/pubmed/17070050
http://www.ncbi.nlm.nih.gov/pubmed/19528035
http://www.ncbi.nlm.nih.gov/pubmed/20544924
http://www.ncbi.nlm.nih.gov/pubmed/17070050
http://www.ncbi.nlm.nih.gov/pubmed/23254335
http://www.ncbi.nlm.nih.gov/pubmed/21522182
http://www.ncbi.nlm.nih.gov/pubmed/22194990
http://www.ncbi.nlm.nih.gov/pubmed/19528035
http://www.ncbi.nlm.nih.gov/pubmed/18853459
http://www.ncbi.nlm.nih.gov/pubmed/12796534
http://www.ncbi.nlm.nih.gov/pubmed/21522182
http://www.ncbi.nlm.nih.gov/pubmed/19528035
http://www.ncbi.nlm.nih.gov/pubmed/16996541
http://www.ncbi.nlm.nih.gov/pubmed/11532985
http://www.ncbi.nlm.nih.gov/pubmed/17994539
http://www.ncbi.nlm.nih.gov/pubmed/23406536
http://www.ncbi.nlm.nih.gov/pubmed/19493611
http://www.ncbi.nlm.nih.gov/pubmed/19528035
http://www.ncbi.nlm.nih.gov/pubmed/16606933
http://www.ncbi.nlm.nih.gov/pubmed/18853459
http://www.ncbi.nlm.nih.gov/pubmed/23519732
http://www.ncbi.nlm.nih.gov/pubmed/16010686
http://www.ncbi.nlm.nih.gov/pubmed/20544924
http://www.ncbi.nlm.nih.gov/pubmed/18853459
http://www.ncbi.nlm.nih.gov/pubmed/18853459
http://www.ncbi.nlm.nih.gov/pubmed/23243261
http://www.ncbi.nlm.nih.gov/pubmed/22194990
http://www.ncbi.nlm.nih.gov/pubmed/18396043
http://www.ncbi.nlm.nih.gov/pubmed/23243261
http://www.ncbi.nlm.nih.gov/pubmed/10766988
http://www.ncbi.nlm.nih.gov/pubmed/16100712
http://www.ncbi.nlm.nih.gov/pubmed/19528035
invalid literal for int() with base 10: 'NO ID'
http://www.ncbi.nlm.nih.gov/pubmed/16312142
http://www.ncbi.nlm.nih.gov/pubmed/21522182
http://www.ncbi.nlm.nih.gov/pubmed/20544924
http://www.ncbi.nlm.nih.gov/pubmed/16100712
http://www.ncbi.nlm.nih.gov/pubmed/16100712
http://www.ncbi.nlm.nih.gov/pubmed/18853459
http://www.ncbi.nlm.nih.gov/pubmed/9731526
http://www.ncbi.nlm.nih.gov/pubmed/12410383
http://www.ncbi.nlm.nih.gov/pubmed/21522182
http://www.ncbi.nlm.nih.gov/pubmed/20535123
http://www.ncbi.nlm.nih.gov/pubmed/23872636
http://www.ncbi.nlm.nih.gov/pubmed/11982764
http://www.ncbi.nlm.nih.gov/pubmed/10391219
http://www.ncbi.nlm.nih.gov/pubmed/12509714
http://www.ncbi.nlm.nih.gov/pubmed/23236030
http://www.ncbi.nlm.nih.gov/pubmed/23236030
http://www.ncbi.nlm.nih.gov/pubmed/23261301
http://www.ncbi.nlm.nih.gov/pubmed/17927570
http://www.ncbi.nlm.nih.gov/pubmed/16274456
http://www.ncbi.nlm.nih.gov/pubmed/23789600
http://www.ncbi.nlm.nih.gov/pubmed/23682690
http://www.ncbi.nlm.nih.gov/pubmed/17927570
http://www.ncbi.nlm.nih.gov/pubmed/17927570
http://www.ncbi.nlm.nih.gov/pubmed/22032522
http://www.ncbi.nlm.nih.gov/pubmed/20979233
http://www.ncbi.nlm.nih.gov/pubmed/21357618
http://www.ncbi.nlm.nih.gov/pubmed/18821982
http://www.ncbi.nlm.nih.gov/pubmed/9736768
http://www.ncbi.nlm.nih.gov/pubmed/21357618
invalid literal for int() with base 10: 'HGOL'
invalid literal for int() with base 10: 'HGOL'
invalid literal for int() with base 10: 'HGOL'
http://www.ncbi.nlm.nih.gov/pubmed/11295832
invalid literal for int() with base 10: 'HGOL'
http://www.ncbi.nlm.nih.gov/pubmed/21357618
http://www.ncbi.nlm.nih.gov/pubmed/18510547
http://www.ncbi.nlm.nih.gov/pubmed/18231121
http://www.ncbi.nlm.nih.gov/pubmed/18231121
http://www.ncbi.nlm.nih.gov/pubmed/11295832
http://www.ncbi.nlm.nih.gov/pubmed/11279189
invalid literal for int() with base 10: 'HGOL'
http://www.ncbi.nlm.nih.gov/pubmed/18510547
http://www.ncbi.nlm.nih.gov/pubmed/18231121
http://www.ncbi.nlm.nih.gov/pubmed/20979233
http://www.ncbi.nlm.nih.gov/pubmed/15373768
http://www.ncbi.nlm.nih.gov/pubmed/20033817
http://www.ncbi.nlm.nih.gov/pubmed/20199431
http://www.ncbi.nlm.nih.gov/pubmed/16435307
http://www.ncbi.nlm.nih.gov/pubmed/22032522
http://www.ncbi.nlm.nih.gov/pubmed/18816645
http://www.ncbi.nlm.nih.gov/pubmed/20817676
http://www.ncbi.nlm.nih.gov/pubmed/9721987
http://www.ncbi.nlm.nih.gov/pubmed/14633923
http://www.ncbi.nlm.nih.gov/pubmed/23352160
http://www.ncbi.nlm.nih.gov/pubmed/16685650
http://www.ncbi.nlm.nih.gov/pubmed/18627045
http://www.ncbi.nlm.nih.gov/pubmed/15166289
http://www.ncbi.nlm.nih.gov/pubmed/20565770
http://www.ncbi.nlm.nih.gov/pubmed/17941886
http://www.ncbi.nlm.nih.gov/pubmed/15959873
http://www.ncbi.nlm.nih.gov/pubmed/15959873
http://www.ncbi.nlm.nih.gov/pubmed/15166289
http://www.ncbi.nlm.nih.gov/pubmed/16685650
http://www.ncbi.nlm.nih.gov/pubmed/15166289
http://www.ncbi.nlm.nih.gov/pubmed/23879989
http://www.ncbi.nlm.nih.gov/pubmed/24470203
http://www.ncbi.nlm.nih.gov/pubmed/22305528
http://www.ncbi.nlm.nih.gov/pubmed/24470203
http://www.ncbi.nlm.nih.gov/pubmed/23188108
http://www.ncbi.nlm.nih.gov/pubmed/24470203
http://www.ncbi.nlm.nih.gov/pubmed/24470203
http://www.ncbi.nlm.nih.gov/pubmed/23879989
http://www.ncbi.nlm.nih.gov/pubmed/23879989
http://www.ncbi.nlm.nih.gov/pubmed/24470203
http://www.ncbi.nlm.nih.gov/pubmed/24470203
http://www.ncbi.nlm.nih.gov/pubmed/23188108
http://www.ncbi.nlm.nih.gov/pubmed/23239648
http://www.ncbi.nlm.nih.gov/pubmed/24470203
http://www.ncbi.nlm.nih.gov/pubmed/19264732
http://www.ncbi.nlm.nih.gov/pubmed/23232695
http://www.ncbi.nlm.nih.gov/pubmed/19264732
http://www.ncbi.nlm.nih.gov/pubmed/21910222
http://www.ncbi.nlm.nih.gov/pubmed/12960215
http://www.ncbi.nlm.nih.gov/pubmed/24168455
http://www.ncbi.nlm.nih.gov/pubmed/24292273
http://www.ncbi.nlm.nih.gov/pubmed/24292273
http://www.ncbi.nlm.nih.gov/pubmed/24292273
http://www.ncbi.nlm.nih.gov/pubmed/24292273
http://www.ncbi.nlm.nih.gov/pubmed/24135949
http://www.ncbi.nlm.nih.gov/pubmed/24292273
http://www.ncbi.nlm.nih.gov/pubmed/11835386
http://www.ncbi.nlm.nih.gov/pubmed/11835386
http://www.ncbi.nlm.nih.gov/pubmed/21560189
http://www.ncbi.nlm.nih.gov/pubmed/16807905
http://www.ncbi.nlm.nih.gov/pubmed/15136673
http://www.ncbi.nlm.nih.gov/pubmed/23585368
http://www.ncbi.nlm.nih.gov/pubmed/11675333
http://www.ncbi.nlm.nih.gov/pubmed/22624626
http://www.ncbi.nlm.nih.gov/pubmed/10581030
http://www.ncbi.nlm.nih.gov/pubmed/10581030
http://www.ncbi.nlm.nih.gov/pubmed/23463630
http://www.ncbi.nlm.nih.gov/pubmed/23463630
http://www.ncbi.nlm.nih.gov/pubmed/10581030
http://www.ncbi.nlm.nih.gov/pubmed/10581030
http://www.ncbi.nlm.nih.gov/pubmed/21425445
http://www.ncbi.nlm.nih.gov/pubmed/19036076
http://www.ncbi.nlm.nih.gov/pubmed/23463630
http://www.ncbi.nlm.nih.gov/pubmed/23463630
http://www.ncbi.nlm.nih.gov/pubmed/10689937
http://www.ncbi.nlm.nih.gov/pubmed/8595433
http://www.ncbi.nlm.nih.gov/pubmed/8595407
http://www.ncbi.nlm.nih.gov/pubmed/18646565
http://www.ncbi.nlm.nih.gov/pubmed/10382909
http://www.ncbi.nlm.nih.gov/pubmed/7894480
http://www.ncbi.nlm.nih.gov/pubmed/8595407
invalid literal for int() with base 10: 'LSDB'
http://www.ncbi.nlm.nih.gov/pubmed/9536090
invalid literal for int() with base 10: 'LSDB'
http://www.ncbi.nlm.nih.gov/pubmed/9266737
http://www.ncbi.nlm.nih.gov/pubmed/18646565
http://www.ncbi.nlm.nih.gov/pubmed/11385714
http://www.ncbi.nlm.nih.gov/pubmed/24001973
http://www.ncbi.nlm.nih.gov/pubmed/8528262
http://www.ncbi.nlm.nih.gov/pubmed/8528262
http://www.ncbi.nlm.nih.gov/pubmed/9359037
http://www.ncbi.nlm.nih.gov/pubmed/15024396
http://www.ncbi.nlm.nih.gov/pubmed/15024396
http://www.ncbi.nlm.nih.gov/pubmed/15723871
http://www.ncbi.nlm.nih.gov/pubmed/11487571
http://www.ncbi.nlm.nih.gov/pubmed/21597265
http://www.ncbi.nlm.nih.gov/pubmed/23352160
http://www.ncbi.nlm.nih.gov/pubmed/16752392
http://www.ncbi.nlm.nih.gov/pubmed/10982033
http://www.ncbi.nlm.nih.gov/pubmed/16690726
http://www.ncbi.nlm.nih.gov/pubmed/23535011
http://www.ncbi.nlm.nih.gov/pubmed/22991266
http://www.ncbi.nlm.nih.gov/pubmed/16752392
http://www.ncbi.nlm.nih.gov/pubmed/15024723
http://www.ncbi.nlm.nih.gov/pubmed/15024723
http://www.ncbi.nlm.nih.gov/pubmed/21158752
http://www.ncbi.nlm.nih.gov/pubmed/16542389
http://www.ncbi.nlm.nih.gov/pubmed/16752392
http://www.ncbi.nlm.nih.gov/pubmed/21158752
http://www.ncbi.nlm.nih.gov/pubmed/15880681
http://www.ncbi.nlm.nih.gov/pubmed/18673552
http://www.ncbi.nlm.nih.gov/pubmed/16429404
http://www.ncbi.nlm.nih.gov/pubmed/16542389
http://www.ncbi.nlm.nih.gov/pubmed/15687131
http://www.ncbi.nlm.nih.gov/pubmed/16752392
http://www.ncbi.nlm.nih.gov/pubmed/17384219
http://www.ncbi.nlm.nih.gov/pubmed/12673790
http://www.ncbi.nlm.nih.gov/pubmed/16705692
http://www.ncbi.nlm.nih.gov/pubmed/9245986
http://www.ncbi.nlm.nih.gov/pubmed/9366572
http://www.ncbi.nlm.nih.gov/pubmed/15517393
http://www.ncbi.nlm.nih.gov/pubmed/11793473
http://www.ncbi.nlm.nih.gov/pubmed/12920067
http://www.ncbi.nlm.nih.gov/pubmed/16164574
http://www.ncbi.nlm.nih.gov/pubmed/12673790
http://www.ncbi.nlm.nih.gov/pubmed/16752392
http://www.ncbi.nlm.nih.gov/pubmed/12673790
http://www.ncbi.nlm.nih.gov/pubmed/23535011
http://www.ncbi.nlm.nih.gov/pubmed/9554745
http://www.ncbi.nlm.nih.gov/pubmed/21158752
http://www.ncbi.nlm.nih.gov/pubmed/24196379
http://www.ncbi.nlm.nih.gov/pubmed/12920067
http://www.ncbi.nlm.nih.gov/pubmed/15024723
http://www.ncbi.nlm.nih.gov/pubmed/10625079
http://www.ncbi.nlm.nih.gov/pubmed/16525724
http://www.ncbi.nlm.nih.gov/pubmed/16540754
http://www.ncbi.nlm.nih.gov/pubmed/16429404
http://www.ncbi.nlm.nih.gov/pubmed/15880681
http://www.ncbi.nlm.nih.gov/pubmed/16429404
http://www.ncbi.nlm.nih.gov/pubmed/16690726
http://www.ncbi.nlm.nih.gov/pubmed/23046070
http://www.ncbi.nlm.nih.gov/pubmed/16752392
http://www.ncbi.nlm.nih.gov/pubmed/22991266
http://www.ncbi.nlm.nih.gov/pubmed/16705692
http://www.ncbi.nlm.nih.gov/pubmed/19270816
http://www.ncbi.nlm.nih.gov/pubmed/15517393
http://www.ncbi.nlm.nih.gov/pubmed/9245986
http://www.ncbi.nlm.nih.gov/pubmed/15712271
http://www.ncbi.nlm.nih.gov/pubmed/16752392
http://www.ncbi.nlm.nih.gov/pubmed/16164574


PS:

Read file <data/skip/scraping_pubmed_chunks/logs/chunk10.e> for stderr output of this job.

