Sender: LSF System <lsf@node0910>
Subject: Job 9582138: <scrape.19> in cluster <cromwell> Done

Job <scrape.19> was submitted from host <gold> by user <birnbaum> in cluster <cromwell>.
Job was executed on host(s) <node0910>, in queue <hour>, as user <birnbaum> in cluster <cromwell>.
</home/unix/birnbaum> was used as the home directory.
</humgen/atgu1/fs03/birnbaum/cryptic-splice> was used as the working directory.
Started at Thu Jun  2 16:37:59 2016
Results reported on Thu Jun  2 16:48:33 2016

Your job looked like:

------------------------------------------------------------
# LSBATCH: User input
python src/scrape_pubmed_abstracts.py -p data/skip/hgmd_splice_pmids.txt --include "exon skipping" --include "skipping of exon" --exclude "cryptic splice site" --exclude "cryptic donor" --exclude "cryptic acceptor" -o data/skip/scraping_pubmed_chunks/chunk19.txt --chunk 19/30
------------------------------------------------------------

Successfully completed.

Resource usage summary:

    CPU time :               106.85 sec.
    Max Memory :             55 MB
    Average Memory :         53.07 MB
    Total Requested Memory : 750.00 MB
    Delta Memory :           695.00 MB
    (Delta: the difference between Total Requested Memory and Max Memory.)
    Max Processes :          3
    Max Threads :            4

The output (if any) follows:

http://www.ncbi.nlm.nih.gov/pubmed/22865819
http://www.ncbi.nlm.nih.gov/pubmed/19653001
http://www.ncbi.nlm.nih.gov/pubmed/15744043
http://www.ncbi.nlm.nih.gov/pubmed/17024375
http://www.ncbi.nlm.nih.gov/pubmed/16631427
http://www.ncbi.nlm.nih.gov/pubmed/10631160
http://www.ncbi.nlm.nih.gov/pubmed/9843207
http://www.ncbi.nlm.nih.gov/pubmed/24095820
http://www.ncbi.nlm.nih.gov/pubmed/9921896
http://www.ncbi.nlm.nih.gov/pubmed/16021469
http://www.ncbi.nlm.nih.gov/pubmed/9921896
http://www.ncbi.nlm.nih.gov/pubmed/19544009
http://www.ncbi.nlm.nih.gov/pubmed/10980531
http://www.ncbi.nlm.nih.gov/pubmed/16470591
http://www.ncbi.nlm.nih.gov/pubmed/10971406
http://www.ncbi.nlm.nih.gov/pubmed/18090929
http://www.ncbi.nlm.nih.gov/pubmed/16470591
http://www.ncbi.nlm.nih.gov/pubmed/16219544
http://www.ncbi.nlm.nih.gov/pubmed/15108282
http://www.ncbi.nlm.nih.gov/pubmed/18329934
http://www.ncbi.nlm.nih.gov/pubmed/19748572
http://www.ncbi.nlm.nih.gov/pubmed/20074988
http://www.ncbi.nlm.nih.gov/pubmed/22824774
http://www.ncbi.nlm.nih.gov/pubmed/23714749
http://www.ncbi.nlm.nih.gov/pubmed/19475438
http://www.ncbi.nlm.nih.gov/pubmed/21504504
http://www.ncbi.nlm.nih.gov/pubmed/19691535
http://www.ncbi.nlm.nih.gov/pubmed/19918771
http://www.ncbi.nlm.nih.gov/pubmed/9187667
http://www.ncbi.nlm.nih.gov/pubmed/15241803
http://www.ncbi.nlm.nih.gov/pubmed/17030746
http://www.ncbi.nlm.nih.gov/pubmed/20556410
http://www.ncbi.nlm.nih.gov/pubmed/15654338
http://www.ncbi.nlm.nih.gov/pubmed/15654338
http://www.ncbi.nlm.nih.gov/pubmed/15654338
http://www.ncbi.nlm.nih.gov/pubmed/19732584
http://www.ncbi.nlm.nih.gov/pubmed/21227757
http://www.ncbi.nlm.nih.gov/pubmed/21227757
http://www.ncbi.nlm.nih.gov/pubmed/21227757
http://www.ncbi.nlm.nih.gov/pubmed/24146633
http://www.ncbi.nlm.nih.gov/pubmed/19685281
http://www.ncbi.nlm.nih.gov/pubmed/9311737
http://www.ncbi.nlm.nih.gov/pubmed/17453009
http://www.ncbi.nlm.nih.gov/pubmed/18805575
http://www.ncbi.nlm.nih.gov/pubmed/15713769
http://www.ncbi.nlm.nih.gov/pubmed/18561205
http://www.ncbi.nlm.nih.gov/pubmed/16995940
http://www.ncbi.nlm.nih.gov/pubmed/19250818
http://www.ncbi.nlm.nih.gov/pubmed/12624141
http://www.ncbi.nlm.nih.gov/pubmed/15365996
http://www.ncbi.nlm.nih.gov/pubmed/12362047
http://www.ncbi.nlm.nih.gov/pubmed/17569143
http://www.ncbi.nlm.nih.gov/pubmed/18566915
http://www.ncbi.nlm.nih.gov/pubmed/21642682
http://www.ncbi.nlm.nih.gov/pubmed/11809679
http://www.ncbi.nlm.nih.gov/pubmed/18561205
http://www.ncbi.nlm.nih.gov/pubmed/11772966
invalid literal for int() with base 10: 'LSDB'
http://www.ncbi.nlm.nih.gov/pubmed/24710284
http://www.ncbi.nlm.nih.gov/pubmed/22166501
http://www.ncbi.nlm.nih.gov/pubmed/20587412
http://www.ncbi.nlm.nih.gov/pubmed/8062247
http://www.ncbi.nlm.nih.gov/pubmed/16142001
http://www.ncbi.nlm.nih.gov/pubmed/17453009
http://www.ncbi.nlm.nih.gov/pubmed/15849733
http://www.ncbi.nlm.nih.gov/pubmed/15235030
http://www.ncbi.nlm.nih.gov/pubmed/12624141
http://www.ncbi.nlm.nih.gov/pubmed/21056691
http://www.ncbi.nlm.nih.gov/pubmed/15849733
http://www.ncbi.nlm.nih.gov/pubmed/24362816
http://www.ncbi.nlm.nih.gov/pubmed/7797014
http://www.ncbi.nlm.nih.gov/pubmed/18307539
http://www.ncbi.nlm.nih.gov/pubmed/12362047
http://www.ncbi.nlm.nih.gov/pubmed/15309712
invalid literal for int() with base 10: 'LSDB'
http://www.ncbi.nlm.nih.gov/pubmed/9718327
http://www.ncbi.nlm.nih.gov/pubmed/15849733
http://www.ncbi.nlm.nih.gov/pubmed/21778331
http://www.ncbi.nlm.nih.gov/pubmed/8062247
http://www.ncbi.nlm.nih.gov/pubmed/11208710
http://www.ncbi.nlm.nih.gov/pubmed/15713769
http://www.ncbi.nlm.nih.gov/pubmed/12386821
http://www.ncbi.nlm.nih.gov/pubmed/18561205
http://www.ncbi.nlm.nih.gov/pubmed/21286823
http://www.ncbi.nlm.nih.gov/pubmed/21642682
http://www.ncbi.nlm.nih.gov/pubmed/12624141
http://www.ncbi.nlm.nih.gov/pubmed/15849733
http://www.ncbi.nlm.nih.gov/pubmed/17939062
http://www.ncbi.nlm.nih.gov/pubmed/24710284
http://www.ncbi.nlm.nih.gov/pubmed/16395668
http://www.ncbi.nlm.nih.gov/pubmed/15926618
http://www.ncbi.nlm.nih.gov/pubmed/20007843
http://www.ncbi.nlm.nih.gov/pubmed/12373605
http://www.ncbi.nlm.nih.gov/pubmed/16451135
http://www.ncbi.nlm.nih.gov/pubmed/12624141
http://www.ncbi.nlm.nih.gov/pubmed/19760518
http://www.ncbi.nlm.nih.gov/pubmed/12658575
http://www.ncbi.nlm.nih.gov/pubmed/15520370
http://www.ncbi.nlm.nih.gov/pubmed/11524701
http://www.ncbi.nlm.nih.gov/pubmed/16995940
http://www.ncbi.nlm.nih.gov/pubmed/16395668
http://www.ncbi.nlm.nih.gov/pubmed/16995940
http://www.ncbi.nlm.nih.gov/pubmed/20587412
http://www.ncbi.nlm.nih.gov/pubmed/20052760
http://www.ncbi.nlm.nih.gov/pubmed/18566915
http://www.ncbi.nlm.nih.gov/pubmed/8062247
http://www.ncbi.nlm.nih.gov/pubmed/10777691
http://www.ncbi.nlm.nih.gov/pubmed/18566915
http://www.ncbi.nlm.nih.gov/pubmed/12624141
http://www.ncbi.nlm.nih.gov/pubmed/15849733
http://www.ncbi.nlm.nih.gov/pubmed/18566915
http://www.ncbi.nlm.nih.gov/pubmed/14970868
http://www.ncbi.nlm.nih.gov/pubmed/10480359
invalid literal for int() with base 10: 'HGOL'
http://www.ncbi.nlm.nih.gov/pubmed/14970868
http://www.ncbi.nlm.nih.gov/pubmed/15849733
http://www.ncbi.nlm.nih.gov/pubmed/12200596
http://www.ncbi.nlm.nih.gov/pubmed/21590452
http://www.ncbi.nlm.nih.gov/pubmed/21879275
http://www.ncbi.nlm.nih.gov/pubmed/19267393
http://www.ncbi.nlm.nih.gov/pubmed/16341550
http://www.ncbi.nlm.nih.gov/pubmed/15849733
http://www.ncbi.nlm.nih.gov/pubmed/20937110
http://www.ncbi.nlm.nih.gov/pubmed/8566964
http://www.ncbi.nlm.nih.gov/pubmed/12112654
http://www.ncbi.nlm.nih.gov/pubmed/16395668
http://www.ncbi.nlm.nih.gov/pubmed/11839723
http://www.ncbi.nlm.nih.gov/pubmed/17453009
http://www.ncbi.nlm.nih.gov/pubmed/17054581
http://www.ncbi.nlm.nih.gov/pubmed/15849733
http://www.ncbi.nlm.nih.gov/pubmed/9222765
http://www.ncbi.nlm.nih.gov/pubmed/15849733
http://www.ncbi.nlm.nih.gov/pubmed/16736289
http://www.ncbi.nlm.nih.gov/pubmed/12624141
http://www.ncbi.nlm.nih.gov/pubmed/10196371
http://www.ncbi.nlm.nih.gov/pubmed/9087566
http://www.ncbi.nlm.nih.gov/pubmed/22949379
http://www.ncbi.nlm.nih.gov/pubmed/11112663
http://www.ncbi.nlm.nih.gov/pubmed/9311737
http://www.ncbi.nlm.nih.gov/pubmed/21128252
http://www.ncbi.nlm.nih.gov/pubmed/17259933
http://www.ncbi.nlm.nih.gov/pubmed/20487569
http://www.ncbi.nlm.nih.gov/pubmed/22306203
http://www.ncbi.nlm.nih.gov/pubmed/17453009
http://www.ncbi.nlm.nih.gov/pubmed/16010685
http://www.ncbi.nlm.nih.gov/pubmed/10537275
http://www.ncbi.nlm.nih.gov/pubmed/16010685
http://www.ncbi.nlm.nih.gov/pubmed/20487569
http://www.ncbi.nlm.nih.gov/pubmed/21590452
http://www.ncbi.nlm.nih.gov/pubmed/20682701
http://www.ncbi.nlm.nih.gov/pubmed/10508506
http://www.ncbi.nlm.nih.gov/pubmed/18566915
http://www.ncbi.nlm.nih.gov/pubmed/10508506
http://www.ncbi.nlm.nih.gov/pubmed/18566915
http://www.ncbi.nlm.nih.gov/pubmed/21056691
http://www.ncbi.nlm.nih.gov/pubmed/15042613
http://www.ncbi.nlm.nih.gov/pubmed/15042613
http://www.ncbi.nlm.nih.gov/pubmed/12839931
http://www.ncbi.nlm.nih.gov/pubmed/16287155
http://www.ncbi.nlm.nih.gov/pubmed/15215484
http://www.ncbi.nlm.nih.gov/pubmed/18788550
http://www.ncbi.nlm.nih.gov/pubmed/21907147
http://www.ncbi.nlm.nih.gov/pubmed/21813566
http://www.ncbi.nlm.nih.gov/pubmed/8940272
http://www.ncbi.nlm.nih.gov/pubmed/22947400
http://www.ncbi.nlm.nih.gov/pubmed/7726158
http://www.ncbi.nlm.nih.gov/pubmed/12733064
http://www.ncbi.nlm.nih.gov/pubmed/20356773
http://www.ncbi.nlm.nih.gov/pubmed/12733064
invalid literal for int() with base 10: 'HGOL'
http://www.ncbi.nlm.nih.gov/pubmed/10063835
http://www.ncbi.nlm.nih.gov/pubmed/19084976
http://www.ncbi.nlm.nih.gov/pubmed/9305655
http://www.ncbi.nlm.nih.gov/pubmed/9285787
http://www.ncbi.nlm.nih.gov/pubmed/23559977
http://www.ncbi.nlm.nih.gov/pubmed/10063835
http://www.ncbi.nlm.nih.gov/pubmed/10063835
http://www.ncbi.nlm.nih.gov/pubmed/11793470
http://www.ncbi.nlm.nih.gov/pubmed/11793470
http://www.ncbi.nlm.nih.gov/pubmed/15725586
http://www.ncbi.nlm.nih.gov/pubmed/22435031
http://www.ncbi.nlm.nih.gov/pubmed/10790201
http://www.ncbi.nlm.nih.gov/pubmed/23346162
http://www.ncbi.nlm.nih.gov/pubmed/11793470
http://www.ncbi.nlm.nih.gov/pubmed/12522554
http://www.ncbi.nlm.nih.gov/pubmed/11793470
http://www.ncbi.nlm.nih.gov/pubmed/10502779
http://www.ncbi.nlm.nih.gov/pubmed/12522554
http://www.ncbi.nlm.nih.gov/pubmed/12522554
http://www.ncbi.nlm.nih.gov/pubmed/10502779
http://www.ncbi.nlm.nih.gov/pubmed/10063835
http://www.ncbi.nlm.nih.gov/pubmed/10063835
http://www.ncbi.nlm.nih.gov/pubmed/22968136
http://www.ncbi.nlm.nih.gov/pubmed/22968136
http://www.ncbi.nlm.nih.gov/pubmed/9305655
http://www.ncbi.nlm.nih.gov/pubmed/12522554
http://www.ncbi.nlm.nih.gov/pubmed/17537630
http://www.ncbi.nlm.nih.gov/pubmed/24011703
http://www.ncbi.nlm.nih.gov/pubmed/20434914
http://www.ncbi.nlm.nih.gov/pubmed/9305655
http://www.ncbi.nlm.nih.gov/pubmed/22258523
http://www.ncbi.nlm.nih.gov/pubmed/10063835
http://www.ncbi.nlm.nih.gov/pubmed/10063835
http://www.ncbi.nlm.nih.gov/pubmed/10063835
http://www.ncbi.nlm.nih.gov/pubmed/9305655
http://www.ncbi.nlm.nih.gov/pubmed/22968136
http://www.ncbi.nlm.nih.gov/pubmed/9851444
invalid literal for int() with base 10: 'ABST'
http://www.ncbi.nlm.nih.gov/pubmed/10790201
http://www.ncbi.nlm.nih.gov/pubmed/20434914
http://www.ncbi.nlm.nih.gov/pubmed/10802647
http://www.ncbi.nlm.nih.gov/pubmed/23352160
http://www.ncbi.nlm.nih.gov/pubmed/17855449
http://www.ncbi.nlm.nih.gov/pubmed/21652546
http://www.ncbi.nlm.nih.gov/pubmed/22887477
http://www.ncbi.nlm.nih.gov/pubmed/9683607
http://www.ncbi.nlm.nih.gov/pubmed/9683607
http://www.ncbi.nlm.nih.gov/pubmed/12068375
http://www.ncbi.nlm.nih.gov/pubmed/20120036
http://www.ncbi.nlm.nih.gov/pubmed/16143868
http://www.ncbi.nlm.nih.gov/pubmed/17132287
http://www.ncbi.nlm.nih.gov/pubmed/17275380
http://www.ncbi.nlm.nih.gov/pubmed/10679949
http://www.ncbi.nlm.nih.gov/pubmed/8533758
http://www.ncbi.nlm.nih.gov/pubmed/8111381
http://www.ncbi.nlm.nih.gov/pubmed/8533758
http://www.ncbi.nlm.nih.gov/pubmed/10946006
http://www.ncbi.nlm.nih.gov/pubmed/23043934
http://www.ncbi.nlm.nih.gov/pubmed/20592474
http://www.ncbi.nlm.nih.gov/pubmed/21394827
http://www.ncbi.nlm.nih.gov/pubmed/19056372
http://www.ncbi.nlm.nih.gov/pubmed/23043934
http://www.ncbi.nlm.nih.gov/pubmed/21394827
http://www.ncbi.nlm.nih.gov/pubmed/10446076
http://www.ncbi.nlm.nih.gov/pubmed/19885554
http://www.ncbi.nlm.nih.gov/pubmed/15781192
http://www.ncbi.nlm.nih.gov/pubmed/16281286
http://www.ncbi.nlm.nih.gov/pubmed/16281286
http://www.ncbi.nlm.nih.gov/pubmed/17966092
http://www.ncbi.nlm.nih.gov/pubmed/15643616
http://www.ncbi.nlm.nih.gov/pubmed/16281286
http://www.ncbi.nlm.nih.gov/pubmed/7602808
http://www.ncbi.nlm.nih.gov/pubmed/15643616
http://www.ncbi.nlm.nih.gov/pubmed/16281286
http://www.ncbi.nlm.nih.gov/pubmed/22727635
http://www.ncbi.nlm.nih.gov/pubmed/16281286
http://www.ncbi.nlm.nih.gov/pubmed/19806564
http://www.ncbi.nlm.nih.gov/pubmed/16281286
http://www.ncbi.nlm.nih.gov/pubmed/23430940
http://www.ncbi.nlm.nih.gov/pubmed/21671183
http://www.ncbi.nlm.nih.gov/pubmed/11350191
http://www.ncbi.nlm.nih.gov/pubmed/10923046
http://www.ncbi.nlm.nih.gov/pubmed/17075691
http://www.ncbi.nlm.nih.gov/pubmed/15643616
http://www.ncbi.nlm.nih.gov/pubmed/21671183
http://www.ncbi.nlm.nih.gov/pubmed/15643616
http://www.ncbi.nlm.nih.gov/pubmed/16281286
http://www.ncbi.nlm.nih.gov/pubmed/15643616
http://www.ncbi.nlm.nih.gov/pubmed/12853198
http://www.ncbi.nlm.nih.gov/pubmed/15180946
http://www.ncbi.nlm.nih.gov/pubmed/17949294
http://www.ncbi.nlm.nih.gov/pubmed/17949294
http://www.ncbi.nlm.nih.gov/pubmed/20725929
http://www.ncbi.nlm.nih.gov/pubmed/15635083
http://www.ncbi.nlm.nih.gov/pubmed/16557584
http://www.ncbi.nlm.nih.gov/pubmed/12853198
http://www.ncbi.nlm.nih.gov/pubmed/15366000
http://www.ncbi.nlm.nih.gov/pubmed/16557584
http://www.ncbi.nlm.nih.gov/pubmed/18515411
http://www.ncbi.nlm.nih.gov/pubmed/17489848
invalid literal for int() with base 10: 'LSDB'
http://www.ncbi.nlm.nih.gov/pubmed/22983302
http://www.ncbi.nlm.nih.gov/pubmed/21708801
http://www.ncbi.nlm.nih.gov/pubmed/16255052
http://www.ncbi.nlm.nih.gov/pubmed/22159817
http://www.ncbi.nlm.nih.gov/pubmed/22885443
http://www.ncbi.nlm.nih.gov/pubmed/16835861
http://www.ncbi.nlm.nih.gov/pubmed/22246419
invalid literal for int() with base 10: 'LSDB'
http://www.ncbi.nlm.nih.gov/pubmed/19786432
http://www.ncbi.nlm.nih.gov/pubmed/15519027
http://www.ncbi.nlm.nih.gov/pubmed/9562578
http://www.ncbi.nlm.nih.gov/pubmed/20135149
http://www.ncbi.nlm.nih.gov/pubmed/21302287
http://www.ncbi.nlm.nih.gov/pubmed/16858239
http://www.ncbi.nlm.nih.gov/pubmed/20624503
http://www.ncbi.nlm.nih.gov/pubmed/22112859
http://www.ncbi.nlm.nih.gov/pubmed/20624503
http://www.ncbi.nlm.nih.gov/pubmed/18258667
http://www.ncbi.nlm.nih.gov/pubmed/12707239
http://www.ncbi.nlm.nih.gov/pubmed/18258667
http://www.ncbi.nlm.nih.gov/pubmed/12110947
http://www.ncbi.nlm.nih.gov/pubmed/20031602
http://www.ncbi.nlm.nih.gov/pubmed/15563892
http://www.ncbi.nlm.nih.gov/pubmed/15114369
http://www.ncbi.nlm.nih.gov/pubmed/22178992
http://www.ncbi.nlm.nih.gov/pubmed/16199542
http://www.ncbi.nlm.nih.gov/pubmed/16679492
http://www.ncbi.nlm.nih.gov/pubmed/16335287
http://www.ncbi.nlm.nih.gov/pubmed/12707239
http://www.ncbi.nlm.nih.gov/pubmed/22112859
http://www.ncbi.nlm.nih.gov/pubmed/23054336
http://www.ncbi.nlm.nih.gov/pubmed/22857948
http://www.ncbi.nlm.nih.gov/pubmed/23283745
http://www.ncbi.nlm.nih.gov/pubmed/7493026
http://www.ncbi.nlm.nih.gov/pubmed/16181148
invalid literal for int() with base 10: 'HGOL'
http://www.ncbi.nlm.nih.gov/pubmed/23711808
http://www.ncbi.nlm.nih.gov/pubmed/21750094
http://www.ncbi.nlm.nih.gov/pubmed/9048664
http://www.ncbi.nlm.nih.gov/pubmed/23283745
http://www.ncbi.nlm.nih.gov/pubmed/9562578
http://www.ncbi.nlm.nih.gov/pubmed/9048664
http://www.ncbi.nlm.nih.gov/pubmed/15519027
http://www.ncbi.nlm.nih.gov/pubmed/16858239
http://www.ncbi.nlm.nih.gov/pubmed/22429680
http://www.ncbi.nlm.nih.gov/pubmed/23711808
http://www.ncbi.nlm.nih.gov/pubmed/23283745
http://www.ncbi.nlm.nih.gov/pubmed/11815426
http://www.ncbi.nlm.nih.gov/pubmed/9241277
http://www.ncbi.nlm.nih.gov/pubmed/20215591
http://www.ncbi.nlm.nih.gov/pubmed/20433692
http://www.ncbi.nlm.nih.gov/pubmed/23690394
http://www.ncbi.nlm.nih.gov/pubmed/7493025
http://www.ncbi.nlm.nih.gov/pubmed/18258667
http://www.ncbi.nlm.nih.gov/pubmed/17937428
http://www.ncbi.nlm.nih.gov/pubmed/9218526
http://www.ncbi.nlm.nih.gov/pubmed/16715312
http://www.ncbi.nlm.nih.gov/pubmed/23283745
http://www.ncbi.nlm.nih.gov/pubmed/9562578
http://www.ncbi.nlm.nih.gov/pubmed/20474083
http://www.ncbi.nlm.nih.gov/pubmed/19659763
http://www.ncbi.nlm.nih.gov/pubmed/21165360
http://www.ncbi.nlm.nih.gov/pubmed/12110947
http://www.ncbi.nlm.nih.gov/pubmed/20624503
http://www.ncbi.nlm.nih.gov/pubmed/19406073
http://www.ncbi.nlm.nih.gov/pubmed/9562578
http://www.ncbi.nlm.nih.gov/pubmed/9048664
invalid literal for int() with base 10: 'LSDB'
http://www.ncbi.nlm.nih.gov/pubmed/23233322
http://www.ncbi.nlm.nih.gov/pubmed/23074333
http://www.ncbi.nlm.nih.gov/pubmed/15114369
http://www.ncbi.nlm.nih.gov/pubmed/23711808
http://www.ncbi.nlm.nih.gov/pubmed/21750094
http://www.ncbi.nlm.nih.gov/pubmed/24510615
http://www.ncbi.nlm.nih.gov/pubmed/18337725
http://www.ncbi.nlm.nih.gov/pubmed/18337725
http://www.ncbi.nlm.nih.gov/pubmed/21937134
http://www.ncbi.nlm.nih.gov/pubmed/16444274
http://www.ncbi.nlm.nih.gov/pubmed/20418530
http://www.ncbi.nlm.nih.gov/pubmed/20418530
http://www.ncbi.nlm.nih.gov/pubmed/20656787
http://www.ncbi.nlm.nih.gov/pubmed/21750094
http://www.ncbi.nlm.nih.gov/pubmed/20474083
http://www.ncbi.nlm.nih.gov/pubmed/23711808
http://www.ncbi.nlm.nih.gov/pubmed/18506004
http://www.ncbi.nlm.nih.gov/pubmed/18506004
http://www.ncbi.nlm.nih.gov/pubmed/23911319
http://www.ncbi.nlm.nih.gov/pubmed/11748309
http://www.ncbi.nlm.nih.gov/pubmed/19035361
http://www.ncbi.nlm.nih.gov/pubmed/17472811
http://www.ncbi.nlm.nih.gov/pubmed/23865914
http://www.ncbi.nlm.nih.gov/pubmed/21117948
http://www.ncbi.nlm.nih.gov/pubmed/24206587
http://www.ncbi.nlm.nih.gov/pubmed/23208854
http://www.ncbi.nlm.nih.gov/pubmed/24123792
http://www.ncbi.nlm.nih.gov/pubmed/23767834
http://www.ncbi.nlm.nih.gov/pubmed/19888295
http://www.ncbi.nlm.nih.gov/pubmed/19309289
http://www.ncbi.nlm.nih.gov/pubmed/11735029
http://www.ncbi.nlm.nih.gov/pubmed/17546645
http://www.ncbi.nlm.nih.gov/pubmed/17853461
http://www.ncbi.nlm.nih.gov/pubmed/19309289
http://www.ncbi.nlm.nih.gov/pubmed/12032315
http://www.ncbi.nlm.nih.gov/pubmed/12032315
http://www.ncbi.nlm.nih.gov/pubmed/20186687
http://www.ncbi.nlm.nih.gov/pubmed/18724368
http://www.ncbi.nlm.nih.gov/pubmed/20186687
http://www.ncbi.nlm.nih.gov/pubmed/21206382
http://www.ncbi.nlm.nih.gov/pubmed/20186687
http://www.ncbi.nlm.nih.gov/pubmed/24123792
http://www.ncbi.nlm.nih.gov/pubmed/18212818
http://www.ncbi.nlm.nih.gov/pubmed/23635807
http://www.ncbi.nlm.nih.gov/pubmed/21436283
http://www.ncbi.nlm.nih.gov/pubmed/24831256
http://www.ncbi.nlm.nih.gov/pubmed/15823922
http://www.ncbi.nlm.nih.gov/pubmed/8900236
http://www.ncbi.nlm.nih.gov/pubmed/10930322
http://www.ncbi.nlm.nih.gov/pubmed/17960123
http://www.ncbi.nlm.nih.gov/pubmed/21569298
http://www.ncbi.nlm.nih.gov/pubmed/22135276
http://www.ncbi.nlm.nih.gov/pubmed/21031134
http://www.ncbi.nlm.nih.gov/pubmed/18181211
http://www.ncbi.nlm.nih.gov/pubmed/9382091
http://www.ncbi.nlm.nih.gov/pubmed/16679490
http://www.ncbi.nlm.nih.gov/pubmed/19074810
http://www.ncbi.nlm.nih.gov/pubmed/23770805
http://www.ncbi.nlm.nih.gov/pubmed/20052763
http://www.ncbi.nlm.nih.gov/pubmed/22135276
http://www.ncbi.nlm.nih.gov/pubmed/16963483
http://www.ncbi.nlm.nih.gov/pubmed/10094549
http://www.ncbi.nlm.nih.gov/pubmed/9718356
http://www.ncbi.nlm.nih.gov/pubmed/9002678
http://www.ncbi.nlm.nih.gov/pubmed/9171832
http://www.ncbi.nlm.nih.gov/pubmed/21873662
http://www.ncbi.nlm.nih.gov/pubmed/18181211
http://www.ncbi.nlm.nih.gov/pubmed/15660226
http://www.ncbi.nlm.nih.gov/pubmed/16963483
http://www.ncbi.nlm.nih.gov/pubmed/10930322
http://www.ncbi.nlm.nih.gov/pubmed/16470552
http://www.ncbi.nlm.nih.gov/pubmed/16963483
http://www.ncbi.nlm.nih.gov/pubmed/23559863
http://www.ncbi.nlm.nih.gov/pubmed/23770805
http://www.ncbi.nlm.nih.gov/pubmed/24164807
http://www.ncbi.nlm.nih.gov/pubmed/9382091
http://www.ncbi.nlm.nih.gov/pubmed/18181211
http://www.ncbi.nlm.nih.gov/pubmed/18463160
http://www.ncbi.nlm.nih.gov/pubmed/24498627
http://www.ncbi.nlm.nih.gov/pubmed/16963483
http://www.ncbi.nlm.nih.gov/pubmed/17087940
http://www.ncbi.nlm.nih.gov/pubmed/17087940
http://www.ncbi.nlm.nih.gov/pubmed/16282976
http://www.ncbi.nlm.nih.gov/pubmed/17087940
http://www.ncbi.nlm.nih.gov/pubmed/17893664
http://www.ncbi.nlm.nih.gov/pubmed/16863615
http://www.ncbi.nlm.nih.gov/pubmed/23033978
http://www.ncbi.nlm.nih.gov/pubmed/24431331
http://www.ncbi.nlm.nih.gov/pubmed/21204211
http://www.ncbi.nlm.nih.gov/pubmed/22976768
http://www.ncbi.nlm.nih.gov/pubmed/21685203
http://www.ncbi.nlm.nih.gov/pubmed/11153910
http://www.ncbi.nlm.nih.gov/pubmed/11793481
http://www.ncbi.nlm.nih.gov/pubmed/12754705
http://www.ncbi.nlm.nih.gov/pubmed/15050968
http://www.ncbi.nlm.nih.gov/pubmed/22495306
http://www.ncbi.nlm.nih.gov/pubmed/21765412
http://www.ncbi.nlm.nih.gov/pubmed/21765412
http://www.ncbi.nlm.nih.gov/pubmed/23100277
http://www.ncbi.nlm.nih.gov/pubmed/21765412
http://www.ncbi.nlm.nih.gov/pubmed/23100277
http://www.ncbi.nlm.nih.gov/pubmed/21765413
http://www.ncbi.nlm.nih.gov/pubmed/11133775
http://www.ncbi.nlm.nih.gov/pubmed/11133775
http://www.ncbi.nlm.nih.gov/pubmed/16972229
http://www.ncbi.nlm.nih.gov/pubmed/11133775
http://www.ncbi.nlm.nih.gov/pubmed/22924696
http://www.ncbi.nlm.nih.gov/pubmed/16972229
http://www.ncbi.nlm.nih.gov/pubmed/22514628
http://www.ncbi.nlm.nih.gov/pubmed/19624736
http://www.ncbi.nlm.nih.gov/pubmed/20167518
http://www.ncbi.nlm.nih.gov/pubmed/20167518
http://www.ncbi.nlm.nih.gov/pubmed/7803798
http://www.ncbi.nlm.nih.gov/pubmed/10498624
http://www.ncbi.nlm.nih.gov/pubmed/20167518
http://www.ncbi.nlm.nih.gov/pubmed/20167518
http://www.ncbi.nlm.nih.gov/pubmed/20167518
http://www.ncbi.nlm.nih.gov/pubmed/8781442
http://www.ncbi.nlm.nih.gov/pubmed/17435756
http://www.ncbi.nlm.nih.gov/pubmed/21430701
http://www.ncbi.nlm.nih.gov/pubmed/20929727


PS:

Read file <data/skip/scraping_pubmed_chunks/logs/chunk19.e> for stderr output of this job.

