Sender: LSF System <lsf@lsf-c007>
Subject: Job 9582123: <scrape.4> in cluster <cromwell> Done

Job <scrape.4> was submitted from host <gold> by user <birnbaum> in cluster <cromwell>.
Job was executed on host(s) <lsf-c007>, in queue <hour>, as user <birnbaum> in cluster <cromwell>.
</home/unix/birnbaum> was used as the home directory.
</humgen/atgu1/fs03/birnbaum/cryptic-splice> was used as the working directory.
Started at Thu Jun  2 16:37:43 2016
Results reported on Thu Jun  2 16:46:53 2016

Your job looked like:

------------------------------------------------------------
# LSBATCH: User input
python src/scrape_pubmed_abstracts.py -p data/skip/hgmd_splice_pmids.txt --include "exon skipping" --include "skipping of exon" --exclude "cryptic splice site" --exclude "cryptic donor" --exclude "cryptic acceptor" -o data/skip/scraping_pubmed_chunks/chunk4.txt --chunk 4/30
------------------------------------------------------------

Successfully completed.

Resource usage summary:

    CPU time :               75.04 sec.
    Max Memory :             52 MB
    Average Memory :         50.89 MB
    Total Requested Memory : 750.00 MB
    Delta Memory :           698.00 MB
    (Delta: the difference between Total Requested Memory and Max Memory.)
    Max Swap :               172 MB
    Max Processes :          3
    Max Threads :            4

The output (if any) follows:

http://www.ncbi.nlm.nih.gov/pubmed/21642631
http://www.ncbi.nlm.nih.gov/pubmed/22773737
http://www.ncbi.nlm.nih.gov/pubmed/24154662
http://www.ncbi.nlm.nih.gov/pubmed/21344540
http://www.ncbi.nlm.nih.gov/pubmed/20618352
http://www.ncbi.nlm.nih.gov/pubmed/11567139
http://www.ncbi.nlm.nih.gov/pubmed/21052717
http://www.ncbi.nlm.nih.gov/pubmed/12872256
http://www.ncbi.nlm.nih.gov/pubmed/12016587
http://www.ncbi.nlm.nih.gov/pubmed/19797195
http://www.ncbi.nlm.nih.gov/pubmed/11381270
http://www.ncbi.nlm.nih.gov/pubmed/11381270
http://www.ncbi.nlm.nih.gov/pubmed/15137946
http://www.ncbi.nlm.nih.gov/pubmed/21209035
http://www.ncbi.nlm.nih.gov/pubmed/16308660
http://www.ncbi.nlm.nih.gov/pubmed/20177705
http://www.ncbi.nlm.nih.gov/pubmed/19402160
http://www.ncbi.nlm.nih.gov/pubmed/22353939
http://www.ncbi.nlm.nih.gov/pubmed/24257694
http://www.ncbi.nlm.nih.gov/pubmed/16380913
http://www.ncbi.nlm.nih.gov/pubmed/16380913
http://www.ncbi.nlm.nih.gov/pubmed/24011989
http://www.ncbi.nlm.nih.gov/pubmed/8554068
http://www.ncbi.nlm.nih.gov/pubmed/20431954
http://www.ncbi.nlm.nih.gov/pubmed/19715473
http://www.ncbi.nlm.nih.gov/pubmed/19480318
http://www.ncbi.nlm.nih.gov/pubmed/19480318
http://www.ncbi.nlm.nih.gov/pubmed/8312380
http://www.ncbi.nlm.nih.gov/pubmed/22727569
http://www.ncbi.nlm.nih.gov/pubmed/24449431
http://www.ncbi.nlm.nih.gov/pubmed/22865819
http://www.ncbi.nlm.nih.gov/pubmed/23871722
http://www.ncbi.nlm.nih.gov/pubmed/19367324
http://www.ncbi.nlm.nih.gov/pubmed/15004558
http://www.ncbi.nlm.nih.gov/pubmed/15004558
http://www.ncbi.nlm.nih.gov/pubmed/19389488
http://www.ncbi.nlm.nih.gov/pubmed/12215968
http://www.ncbi.nlm.nih.gov/pubmed/12215968
http://www.ncbi.nlm.nih.gov/pubmed/23290749
http://www.ncbi.nlm.nih.gov/pubmed/21203346
http://www.ncbi.nlm.nih.gov/pubmed/10854112
http://www.ncbi.nlm.nih.gov/pubmed/21273940
http://www.ncbi.nlm.nih.gov/pubmed/21273940
http://www.ncbi.nlm.nih.gov/pubmed/21273940
http://www.ncbi.nlm.nih.gov/pubmed/22199244
http://www.ncbi.nlm.nih.gov/pubmed/23754947
http://www.ncbi.nlm.nih.gov/pubmed/17407155
http://www.ncbi.nlm.nih.gov/pubmed/17407155
http://www.ncbi.nlm.nih.gov/pubmed/17407155
http://www.ncbi.nlm.nih.gov/pubmed/17407155
http://www.ncbi.nlm.nih.gov/pubmed/17407155
http://www.ncbi.nlm.nih.gov/pubmed/17407155
http://www.ncbi.nlm.nih.gov/pubmed/17407155
http://www.ncbi.nlm.nih.gov/pubmed/17407155
http://www.ncbi.nlm.nih.gov/pubmed/17407155
http://www.ncbi.nlm.nih.gov/pubmed/10583958
http://www.ncbi.nlm.nih.gov/pubmed/18252212
http://www.ncbi.nlm.nih.gov/pubmed/20869035
http://www.ncbi.nlm.nih.gov/pubmed/17873119
http://www.ncbi.nlm.nih.gov/pubmed/16436638
http://www.ncbi.nlm.nih.gov/pubmed/18178612
http://www.ncbi.nlm.nih.gov/pubmed/15591269
http://www.ncbi.nlm.nih.gov/pubmed/20534176
http://www.ncbi.nlm.nih.gov/pubmed/16429395
http://www.ncbi.nlm.nih.gov/pubmed/16728714
http://www.ncbi.nlm.nih.gov/pubmed/16429395
http://www.ncbi.nlm.nih.gov/pubmed/22632830
http://www.ncbi.nlm.nih.gov/pubmed/16429395
http://www.ncbi.nlm.nih.gov/pubmed/18503968
http://www.ncbi.nlm.nih.gov/pubmed/23298310
http://www.ncbi.nlm.nih.gov/pubmed/22632830
http://www.ncbi.nlm.nih.gov/pubmed/20534176
http://www.ncbi.nlm.nih.gov/pubmed/16429395
http://www.ncbi.nlm.nih.gov/pubmed/18356561
http://www.ncbi.nlm.nih.gov/pubmed/20534176
http://www.ncbi.nlm.nih.gov/pubmed/20002458
http://www.ncbi.nlm.nih.gov/pubmed/16429395
http://www.ncbi.nlm.nih.gov/pubmed/12821254
http://www.ncbi.nlm.nih.gov/pubmed/11115378
http://www.ncbi.nlm.nih.gov/pubmed/16429395
http://www.ncbi.nlm.nih.gov/pubmed/16429395
http://www.ncbi.nlm.nih.gov/pubmed/20534176
http://www.ncbi.nlm.nih.gov/pubmed/18503968
http://www.ncbi.nlm.nih.gov/pubmed/18356561
http://www.ncbi.nlm.nih.gov/pubmed/23239986
http://www.ncbi.nlm.nih.gov/pubmed/18424508
http://www.ncbi.nlm.nih.gov/pubmed/14513821
http://www.ncbi.nlm.nih.gov/pubmed/22615956
http://www.ncbi.nlm.nih.gov/pubmed/12960223
http://www.ncbi.nlm.nih.gov/pubmed/22615956
http://www.ncbi.nlm.nih.gov/pubmed/22615956
http://www.ncbi.nlm.nih.gov/pubmed/15300854
http://www.ncbi.nlm.nih.gov/pubmed/23239986
http://www.ncbi.nlm.nih.gov/pubmed/17011978
http://www.ncbi.nlm.nih.gov/pubmed/9361038
http://www.ncbi.nlm.nih.gov/pubmed/17924331
http://www.ncbi.nlm.nih.gov/pubmed/17250666
http://www.ncbi.nlm.nih.gov/pubmed/9649133
http://www.ncbi.nlm.nih.gov/pubmed/19491284
http://www.ncbi.nlm.nih.gov/pubmed/18627636
http://www.ncbi.nlm.nih.gov/pubmed/7493024
http://www.ncbi.nlm.nih.gov/pubmed/15533909
http://www.ncbi.nlm.nih.gov/pubmed/21702907
http://www.ncbi.nlm.nih.gov/pubmed/19016756
http://www.ncbi.nlm.nih.gov/pubmed/12442273
http://www.ncbi.nlm.nih.gov/pubmed/7493024
http://www.ncbi.nlm.nih.gov/pubmed/12698193
http://www.ncbi.nlm.nih.gov/pubmed/12624724
http://www.ncbi.nlm.nih.gov/pubmed/12673801
http://www.ncbi.nlm.nih.gov/pubmed/10571952
http://www.ncbi.nlm.nih.gov/pubmed/21735045
http://www.ncbi.nlm.nih.gov/pubmed/9333265
http://www.ncbi.nlm.nih.gov/pubmed/12181777
http://www.ncbi.nlm.nih.gov/pubmed/23239986
http://www.ncbi.nlm.nih.gov/pubmed/12491499
http://www.ncbi.nlm.nih.gov/pubmed/15235020
http://www.ncbi.nlm.nih.gov/pubmed/23239986
http://www.ncbi.nlm.nih.gov/pubmed/21203900
http://www.ncbi.nlm.nih.gov/pubmed/17924331
http://www.ncbi.nlm.nih.gov/pubmed/18693280
http://www.ncbi.nlm.nih.gov/pubmed/12491499
http://www.ncbi.nlm.nih.gov/pubmed/22798144
http://www.ncbi.nlm.nih.gov/pubmed/20104584
http://www.ncbi.nlm.nih.gov/pubmed/10406662
http://www.ncbi.nlm.nih.gov/pubmed/11179017
invalid literal for int() with base 10: 'NO ID'
http://www.ncbi.nlm.nih.gov/pubmed/12938098
http://www.ncbi.nlm.nih.gov/pubmed/21638052
http://www.ncbi.nlm.nih.gov/pubmed/23451180
http://www.ncbi.nlm.nih.gov/pubmed/18424508
http://www.ncbi.nlm.nih.gov/pubmed/21735045
http://www.ncbi.nlm.nih.gov/pubmed/9452084
http://www.ncbi.nlm.nih.gov/pubmed/17924331
http://www.ncbi.nlm.nih.gov/pubmed/21769658
http://www.ncbi.nlm.nih.gov/pubmed/15235020
http://www.ncbi.nlm.nih.gov/pubmed/15117986
http://www.ncbi.nlm.nih.gov/pubmed/9482581
http://www.ncbi.nlm.nih.gov/pubmed/23239986
http://www.ncbi.nlm.nih.gov/pubmed/18662409
http://www.ncbi.nlm.nih.gov/pubmed/17922413
http://www.ncbi.nlm.nih.gov/pubmed/12402332
http://www.ncbi.nlm.nih.gov/pubmed/16324400
http://www.ncbi.nlm.nih.gov/pubmed/12928470
http://www.ncbi.nlm.nih.gov/pubmed/12960223
http://www.ncbi.nlm.nih.gov/pubmed/22438049
http://www.ncbi.nlm.nih.gov/pubmed/12955719
http://www.ncbi.nlm.nih.gov/pubmed/15564800
http://www.ncbi.nlm.nih.gov/pubmed/9760198
http://www.ncbi.nlm.nih.gov/pubmed/7493024
http://www.ncbi.nlm.nih.gov/pubmed/10755399
http://www.ncbi.nlm.nih.gov/pubmed/8644702
http://www.ncbi.nlm.nih.gov/pubmed/10644434
http://www.ncbi.nlm.nih.gov/pubmed/22970155
http://www.ncbi.nlm.nih.gov/pubmed/23239986
http://www.ncbi.nlm.nih.gov/pubmed/22333603
http://www.ncbi.nlm.nih.gov/pubmed/14684619
http://www.ncbi.nlm.nih.gov/pubmed/17924331
http://www.ncbi.nlm.nih.gov/pubmed/23239986
http://www.ncbi.nlm.nih.gov/pubmed/22034289
http://www.ncbi.nlm.nih.gov/pubmed/21120943
http://www.ncbi.nlm.nih.gov/pubmed/18704682
http://www.ncbi.nlm.nih.gov/pubmed/10644434
http://www.ncbi.nlm.nih.gov/pubmed/16287141
http://www.ncbi.nlm.nih.gov/pubmed/18693280
http://www.ncbi.nlm.nih.gov/pubmed/12497638
http://www.ncbi.nlm.nih.gov/pubmed/12497638
http://www.ncbi.nlm.nih.gov/pubmed/12497638
http://www.ncbi.nlm.nih.gov/pubmed/11149413
http://www.ncbi.nlm.nih.gov/pubmed/11802208
http://www.ncbi.nlm.nih.gov/pubmed/12497638
http://www.ncbi.nlm.nih.gov/pubmed/22217648
http://www.ncbi.nlm.nih.gov/pubmed/9333265
http://www.ncbi.nlm.nih.gov/pubmed/11802208
http://www.ncbi.nlm.nih.gov/pubmed/9391879
http://www.ncbi.nlm.nih.gov/pubmed/22762150
http://www.ncbi.nlm.nih.gov/pubmed/11084537
http://www.ncbi.nlm.nih.gov/pubmed/16324400
http://www.ncbi.nlm.nih.gov/pubmed/10804288
http://www.ncbi.nlm.nih.gov/pubmed/22762150
http://www.ncbi.nlm.nih.gov/pubmed/19329713
http://www.ncbi.nlm.nih.gov/pubmed/22798144
http://www.ncbi.nlm.nih.gov/pubmed/19941162
http://www.ncbi.nlm.nih.gov/pubmed/19215791
http://www.ncbi.nlm.nih.gov/pubmed/23239986
http://www.ncbi.nlm.nih.gov/pubmed/11802209
http://www.ncbi.nlm.nih.gov/pubmed/23239986
http://www.ncbi.nlm.nih.gov/pubmed/10874312
http://www.ncbi.nlm.nih.gov/pubmed/23239986
http://www.ncbi.nlm.nih.gov/pubmed/8595420
http://www.ncbi.nlm.nih.gov/pubmed/9354803
http://www.ncbi.nlm.nih.gov/pubmed/22434525
http://www.ncbi.nlm.nih.gov/pubmed/12955719
http://www.ncbi.nlm.nih.gov/pubmed/23239986
http://www.ncbi.nlm.nih.gov/pubmed/20875879
http://www.ncbi.nlm.nih.gov/pubmed/12034536
http://www.ncbi.nlm.nih.gov/pubmed/11428389
http://www.ncbi.nlm.nih.gov/pubmed/12624724
http://www.ncbi.nlm.nih.gov/pubmed/18645608
http://www.ncbi.nlm.nih.gov/pubmed/12402332
http://www.ncbi.nlm.nih.gov/pubmed/22762150
http://www.ncbi.nlm.nih.gov/pubmed/18627636
http://www.ncbi.nlm.nih.gov/pubmed/18703817
http://www.ncbi.nlm.nih.gov/pubmed/16683254
http://www.ncbi.nlm.nih.gov/pubmed/9333265
http://www.ncbi.nlm.nih.gov/pubmed/23239986
http://www.ncbi.nlm.nih.gov/pubmed/12037674
http://www.ncbi.nlm.nih.gov/pubmed/11385711
http://www.ncbi.nlm.nih.gov/pubmed/9150151
http://www.ncbi.nlm.nih.gov/pubmed/8533757
http://www.ncbi.nlm.nih.gov/pubmed/12960223
http://www.ncbi.nlm.nih.gov/pubmed/9333265
http://www.ncbi.nlm.nih.gov/pubmed/7493024
http://www.ncbi.nlm.nih.gov/pubmed/21120943
http://www.ncbi.nlm.nih.gov/pubmed/9805131
http://www.ncbi.nlm.nih.gov/pubmed/22762150
http://www.ncbi.nlm.nih.gov/pubmed/16683254
http://www.ncbi.nlm.nih.gov/pubmed/21309043
http://www.ncbi.nlm.nih.gov/pubmed/7894493
http://www.ncbi.nlm.nih.gov/pubmed/22798144
http://www.ncbi.nlm.nih.gov/pubmed/22333603
http://www.ncbi.nlm.nih.gov/pubmed/17924331
http://www.ncbi.nlm.nih.gov/pubmed/12774043
http://www.ncbi.nlm.nih.gov/pubmed/17924331
http://www.ncbi.nlm.nih.gov/pubmed/16619214
http://www.ncbi.nlm.nih.gov/pubmed/21769658
http://www.ncbi.nlm.nih.gov/pubmed/23451180
http://www.ncbi.nlm.nih.gov/pubmed/21934105
http://www.ncbi.nlm.nih.gov/pubmed/12960223
http://www.ncbi.nlm.nih.gov/pubmed/9333265
http://www.ncbi.nlm.nih.gov/pubmed/21673748
http://www.ncbi.nlm.nih.gov/pubmed/23239986
http://www.ncbi.nlm.nih.gov/pubmed/12601471
http://www.ncbi.nlm.nih.gov/pubmed/16683254
http://www.ncbi.nlm.nih.gov/pubmed/24395671
http://www.ncbi.nlm.nih.gov/pubmed/21638052
http://www.ncbi.nlm.nih.gov/pubmed/22753590
http://www.ncbi.nlm.nih.gov/pubmed/22513257
http://www.ncbi.nlm.nih.gov/pubmed/12065746
http://www.ncbi.nlm.nih.gov/pubmed/9150172
http://www.ncbi.nlm.nih.gov/pubmed/21394826
http://www.ncbi.nlm.nih.gov/pubmed/22970155
http://www.ncbi.nlm.nih.gov/pubmed/11802209
http://www.ncbi.nlm.nih.gov/pubmed/11304778
http://www.ncbi.nlm.nih.gov/pubmed/17011978
http://www.ncbi.nlm.nih.gov/pubmed/19179552
http://www.ncbi.nlm.nih.gov/pubmed/20858050
http://www.ncbi.nlm.nih.gov/pubmed/11389159
http://www.ncbi.nlm.nih.gov/pubmed/16683254
http://www.ncbi.nlm.nih.gov/pubmed/18693280
http://www.ncbi.nlm.nih.gov/pubmed/23531862
http://www.ncbi.nlm.nih.gov/pubmed/21394826
http://www.ncbi.nlm.nih.gov/pubmed/17924331
http://www.ncbi.nlm.nih.gov/pubmed/18424508
http://www.ncbi.nlm.nih.gov/pubmed/10449599
http://www.ncbi.nlm.nih.gov/pubmed/23853068
http://www.ncbi.nlm.nih.gov/pubmed/16683254
http://www.ncbi.nlm.nih.gov/pubmed/17657584
http://www.ncbi.nlm.nih.gov/pubmed/12624152
http://www.ncbi.nlm.nih.gov/pubmed/18703817
http://www.ncbi.nlm.nih.gov/pubmed/18424508
http://www.ncbi.nlm.nih.gov/pubmed/21673748
http://www.ncbi.nlm.nih.gov/pubmed/23249957
http://www.ncbi.nlm.nih.gov/pubmed/12474142
http://www.ncbi.nlm.nih.gov/pubmed/21673748
http://www.ncbi.nlm.nih.gov/pubmed/17924331
http://www.ncbi.nlm.nih.gov/pubmed/21614564
http://www.ncbi.nlm.nih.gov/pubmed/19619314
http://www.ncbi.nlm.nih.gov/pubmed/21735045
http://www.ncbi.nlm.nih.gov/pubmed/22632462
http://www.ncbi.nlm.nih.gov/pubmed/12698193
http://www.ncbi.nlm.nih.gov/pubmed/22729890
http://www.ncbi.nlm.nih.gov/pubmed/12601471
http://www.ncbi.nlm.nih.gov/pubmed/19530235
http://www.ncbi.nlm.nih.gov/pubmed/22632462
http://www.ncbi.nlm.nih.gov/pubmed/22632462
http://www.ncbi.nlm.nih.gov/pubmed/12606139
http://www.ncbi.nlm.nih.gov/pubmed/22632462
http://www.ncbi.nlm.nih.gov/pubmed/12065746
http://www.ncbi.nlm.nih.gov/pubmed/24302565
http://www.ncbi.nlm.nih.gov/pubmed/17011978
http://www.ncbi.nlm.nih.gov/pubmed/12938098
http://www.ncbi.nlm.nih.gov/pubmed/18092194
http://www.ncbi.nlm.nih.gov/pubmed/12955716
http://www.ncbi.nlm.nih.gov/pubmed/12624724
http://www.ncbi.nlm.nih.gov/pubmed/12237285
http://www.ncbi.nlm.nih.gov/pubmed/12624724
http://www.ncbi.nlm.nih.gov/pubmed/12601471
http://www.ncbi.nlm.nih.gov/pubmed/20033483
http://www.ncbi.nlm.nih.gov/pubmed/16619214
http://www.ncbi.nlm.nih.gov/pubmed/22217648
http://www.ncbi.nlm.nih.gov/pubmed/12845657
http://www.ncbi.nlm.nih.gov/pubmed/17011978
http://www.ncbi.nlm.nih.gov/pubmed/18597679
http://www.ncbi.nlm.nih.gov/pubmed/18693280
http://www.ncbi.nlm.nih.gov/pubmed/21638052
http://www.ncbi.nlm.nih.gov/pubmed/22513257
http://www.ncbi.nlm.nih.gov/pubmed/9971877
http://www.ncbi.nlm.nih.gov/pubmed/15340362
http://www.ncbi.nlm.nih.gov/pubmed/20104584
http://www.ncbi.nlm.nih.gov/pubmed/9609997
http://www.ncbi.nlm.nih.gov/pubmed/21735045
http://www.ncbi.nlm.nih.gov/pubmed/22632462
http://www.ncbi.nlm.nih.gov/pubmed/22632462
http://www.ncbi.nlm.nih.gov/pubmed/21735045
http://www.ncbi.nlm.nih.gov/pubmed/11857748
http://www.ncbi.nlm.nih.gov/pubmed/10638982
http://www.ncbi.nlm.nih.gov/pubmed/15340362
http://www.ncbi.nlm.nih.gov/pubmed/10449599
http://www.ncbi.nlm.nih.gov/pubmed/18489799
http://www.ncbi.nlm.nih.gov/pubmed/9150152
http://www.ncbi.nlm.nih.gov/pubmed/12759930
http://www.ncbi.nlm.nih.gov/pubmed/22632462
http://www.ncbi.nlm.nih.gov/pubmed/17924331
http://www.ncbi.nlm.nih.gov/pubmed/20960228
http://www.ncbi.nlm.nih.gov/pubmed/18424508
http://www.ncbi.nlm.nih.gov/pubmed/9609997
http://www.ncbi.nlm.nih.gov/pubmed/9150152
http://www.ncbi.nlm.nih.gov/pubmed/21769658
http://www.ncbi.nlm.nih.gov/pubmed/18424508
http://www.ncbi.nlm.nih.gov/pubmed/21673748
http://www.ncbi.nlm.nih.gov/pubmed/21638052
http://www.ncbi.nlm.nih.gov/pubmed/9971877
http://www.ncbi.nlm.nih.gov/pubmed/18489799
http://www.ncbi.nlm.nih.gov/pubmed/23451180
http://www.ncbi.nlm.nih.gov/pubmed/18703817
http://www.ncbi.nlm.nih.gov/pubmed/17924331
http://www.ncbi.nlm.nih.gov/pubmed/22666503
http://www.ncbi.nlm.nih.gov/pubmed/19267246
http://www.ncbi.nlm.nih.gov/pubmed/12759930
http://www.ncbi.nlm.nih.gov/pubmed/16760289
http://www.ncbi.nlm.nih.gov/pubmed/15800311
http://www.ncbi.nlm.nih.gov/pubmed/11802209
http://www.ncbi.nlm.nih.gov/pubmed/14647210
http://www.ncbi.nlm.nih.gov/pubmed/22962691
http://www.ncbi.nlm.nih.gov/pubmed/21673748
http://www.ncbi.nlm.nih.gov/pubmed/22425665
http://www.ncbi.nlm.nih.gov/pubmed/23983145
http://www.ncbi.nlm.nih.gov/pubmed/23983145
http://www.ncbi.nlm.nih.gov/pubmed/22962691
http://www.ncbi.nlm.nih.gov/pubmed/20215541
http://www.ncbi.nlm.nih.gov/pubmed/22762150
http://www.ncbi.nlm.nih.gov/pubmed/20455026
http://www.ncbi.nlm.nih.gov/pubmed/23983145
http://www.ncbi.nlm.nih.gov/pubmed/22962691
http://www.ncbi.nlm.nih.gov/pubmed/22962691
http://www.ncbi.nlm.nih.gov/pubmed/12960223
http://www.ncbi.nlm.nih.gov/pubmed/15004464
http://www.ncbi.nlm.nih.gov/pubmed/23983145
http://www.ncbi.nlm.nih.gov/pubmed/23983145
http://www.ncbi.nlm.nih.gov/pubmed/14574168
http://www.ncbi.nlm.nih.gov/pubmed/11185744
http://www.ncbi.nlm.nih.gov/pubmed/18819001
http://www.ncbi.nlm.nih.gov/pubmed/19329713
http://www.ncbi.nlm.nih.gov/pubmed/19656164
http://www.ncbi.nlm.nih.gov/pubmed/22762150
http://www.ncbi.nlm.nih.gov/pubmed/24607278
http://www.ncbi.nlm.nih.gov/pubmed/24123850
http://www.ncbi.nlm.nih.gov/pubmed/22977638
http://www.ncbi.nlm.nih.gov/pubmed/16116423
http://www.ncbi.nlm.nih.gov/pubmed/16116423
http://www.ncbi.nlm.nih.gov/pubmed/17668385
http://www.ncbi.nlm.nih.gov/pubmed/16735770
http://www.ncbi.nlm.nih.gov/pubmed/11479539
http://www.ncbi.nlm.nih.gov/pubmed/23430896
http://www.ncbi.nlm.nih.gov/pubmed/19226263
http://www.ncbi.nlm.nih.gov/pubmed/11479539
http://www.ncbi.nlm.nih.gov/pubmed/14557463
http://www.ncbi.nlm.nih.gov/pubmed/11479539
http://www.ncbi.nlm.nih.gov/pubmed/23564749
http://www.ncbi.nlm.nih.gov/pubmed/16583241
http://www.ncbi.nlm.nih.gov/pubmed/16683131
http://www.ncbi.nlm.nih.gov/pubmed/9158148
http://www.ncbi.nlm.nih.gov/pubmed/17185019
http://www.ncbi.nlm.nih.gov/pubmed/9396567
http://www.ncbi.nlm.nih.gov/pubmed/9545398
http://www.ncbi.nlm.nih.gov/pubmed/19904586
http://www.ncbi.nlm.nih.gov/pubmed/11564824
http://www.ncbi.nlm.nih.gov/pubmed/11438999
http://www.ncbi.nlm.nih.gov/pubmed/16943681
http://www.ncbi.nlm.nih.gov/pubmed/19067895
http://www.ncbi.nlm.nih.gov/pubmed/7633420
http://www.ncbi.nlm.nih.gov/pubmed/8090769
http://www.ncbi.nlm.nih.gov/pubmed/20723125
http://www.ncbi.nlm.nih.gov/pubmed/11438999
http://www.ncbi.nlm.nih.gov/pubmed/9545398
http://www.ncbi.nlm.nih.gov/pubmed/20122858
http://www.ncbi.nlm.nih.gov/pubmed/9545398
http://www.ncbi.nlm.nih.gov/pubmed/10737994
http://www.ncbi.nlm.nih.gov/pubmed/12768435
http://www.ncbi.nlm.nih.gov/pubmed/15661032
http://www.ncbi.nlm.nih.gov/pubmed/18677443
http://www.ncbi.nlm.nih.gov/pubmed/11192530
http://www.ncbi.nlm.nih.gov/pubmed/15661032
invalid literal for int() with base 10: 'HGOL'
http://www.ncbi.nlm.nih.gov/pubmed/19904586
http://www.ncbi.nlm.nih.gov/pubmed/8695804
http://www.ncbi.nlm.nih.gov/pubmed/14974089
http://www.ncbi.nlm.nih.gov/pubmed/7849721
http://www.ncbi.nlm.nih.gov/pubmed/15661032
http://www.ncbi.nlm.nih.gov/pubmed/9545398
invalid literal for int() with base 10: 'LSDB'
http://www.ncbi.nlm.nih.gov/pubmed/11286545
http://www.ncbi.nlm.nih.gov/pubmed/12204007
http://www.ncbi.nlm.nih.gov/pubmed/7711734
http://www.ncbi.nlm.nih.gov/pubmed/18726917
http://www.ncbi.nlm.nih.gov/pubmed/9192269
http://www.ncbi.nlm.nih.gov/pubmed/9445504
http://www.ncbi.nlm.nih.gov/pubmed/21039741
http://www.ncbi.nlm.nih.gov/pubmed/19904586
http://www.ncbi.nlm.nih.gov/pubmed/10737994
http://www.ncbi.nlm.nih.gov/pubmed/15024743
http://www.ncbi.nlm.nih.gov/pubmed/16943681
http://www.ncbi.nlm.nih.gov/pubmed/14974089
http://www.ncbi.nlm.nih.gov/pubmed/12204007
http://www.ncbi.nlm.nih.gov/pubmed/9445504
http://www.ncbi.nlm.nih.gov/pubmed/12405164
http://www.ncbi.nlm.nih.gov/pubmed/8695804
http://www.ncbi.nlm.nih.gov/pubmed/15661032
http://www.ncbi.nlm.nih.gov/pubmed/19904586
http://www.ncbi.nlm.nih.gov/pubmed/15661032
http://www.ncbi.nlm.nih.gov/pubmed/14974089
http://www.ncbi.nlm.nih.gov/pubmed/7633420
http://www.ncbi.nlm.nih.gov/pubmed/19904586
http://www.ncbi.nlm.nih.gov/pubmed/7849697
http://www.ncbi.nlm.nih.gov/pubmed/19419768
http://www.ncbi.nlm.nih.gov/pubmed/11472359
http://www.ncbi.nlm.nih.gov/pubmed/14974089
http://www.ncbi.nlm.nih.gov/pubmed/11472359
http://www.ncbi.nlm.nih.gov/pubmed/18677443
http://www.ncbi.nlm.nih.gov/pubmed/19419768
http://www.ncbi.nlm.nih.gov/pubmed/9545398
http://www.ncbi.nlm.nih.gov/pubmed/16712653
http://www.ncbi.nlm.nih.gov/pubmed/8013627
http://www.ncbi.nlm.nih.gov/pubmed/15661032
http://www.ncbi.nlm.nih.gov/pubmed/11472359
http://www.ncbi.nlm.nih.gov/pubmed/15661032
http://www.ncbi.nlm.nih.gov/pubmed/7633429
http://www.ncbi.nlm.nih.gov/pubmed/19039656
http://www.ncbi.nlm.nih.gov/pubmed/9106525
http://www.ncbi.nlm.nih.gov/pubmed/9106525
http://www.ncbi.nlm.nih.gov/pubmed/16712653
http://www.ncbi.nlm.nih.gov/pubmed/15661032
http://www.ncbi.nlm.nih.gov/pubmed/12405164
http://www.ncbi.nlm.nih.gov/pubmed/9260159
http://www.ncbi.nlm.nih.gov/pubmed/15661032
http://www.ncbi.nlm.nih.gov/pubmed/8695804
http://www.ncbi.nlm.nih.gov/pubmed/12655572
http://www.ncbi.nlm.nih.gov/pubmed/7633429
http://www.ncbi.nlm.nih.gov/pubmed/15661032
http://www.ncbi.nlm.nih.gov/pubmed/18677443
invalid literal for int() with base 10: 'LSDB'
http://www.ncbi.nlm.nih.gov/pubmed/14974089
http://www.ncbi.nlm.nih.gov/pubmed/8834236
invalid literal for int() with base 10: 'LSDB'
http://www.ncbi.nlm.nih.gov/pubmed/16160918
http://www.ncbi.nlm.nih.gov/pubmed/9545398
http://www.ncbi.nlm.nih.gov/pubmed/9445504
http://www.ncbi.nlm.nih.gov/pubmed/12405164
http://www.ncbi.nlm.nih.gov/pubmed/16943681
http://www.ncbi.nlm.nih.gov/pubmed/15661032
http://www.ncbi.nlm.nih.gov/pubmed/8695804


PS:

Read file <data/skip/scraping_pubmed_chunks/logs/chunk4.e> for stderr output of this job.

