Sender: LSF System <lsf@node0922>
Subject: Job 9582142: <scrape.23> in cluster <cromwell> Done

Job <scrape.23> was submitted from host <gold> by user <birnbaum> in cluster <cromwell>.
Job was executed on host(s) <node0922>, in queue <hour>, as user <birnbaum> in cluster <cromwell>.
</home/unix/birnbaum> was used as the home directory.
</humgen/atgu1/fs03/birnbaum/cryptic-splice> was used as the working directory.
Started at Thu Jun  2 16:38:04 2016
Results reported on Thu Jun  2 16:47:28 2016

Your job looked like:

------------------------------------------------------------
# LSBATCH: User input
python src/scrape_pubmed_abstracts.py -p data/skip/hgmd_splice_pmids.txt --include "exon skipping" --include "skipping of exon" --exclude "cryptic splice site" --exclude "cryptic donor" --exclude "cryptic acceptor" -o data/skip/scraping_pubmed_chunks/chunk23.txt --chunk 23/30
------------------------------------------------------------

Successfully completed.

Resource usage summary:

    CPU time :               110.50 sec.
    Max Memory :             307 MB
    Average Memory :         304.57 MB
    Total Requested Memory : 750.00 MB
    Delta Memory :           443.00 MB
    (Delta: the difference between Total Requested Memory and Max Memory.)
    Max Processes :          3
    Max Threads :            4

The output (if any) follows:

http://www.ncbi.nlm.nih.gov/pubmed/23352160
http://www.ncbi.nlm.nih.gov/pubmed/8659544
http://www.ncbi.nlm.nih.gov/pubmed/2140573
http://www.ncbi.nlm.nih.gov/pubmed/8659544
http://www.ncbi.nlm.nih.gov/pubmed/7518679
http://www.ncbi.nlm.nih.gov/pubmed/8444874
http://www.ncbi.nlm.nih.gov/pubmed/22133655
http://www.ncbi.nlm.nih.gov/pubmed/7513946
http://www.ncbi.nlm.nih.gov/pubmed/24482476
http://www.ncbi.nlm.nih.gov/pubmed/8122886
http://www.ncbi.nlm.nih.gov/pubmed/17661373
http://www.ncbi.nlm.nih.gov/pubmed/8615693
http://www.ncbi.nlm.nih.gov/pubmed/16567715
http://www.ncbi.nlm.nih.gov/pubmed/24499211
http://www.ncbi.nlm.nih.gov/pubmed/22976764
http://www.ncbi.nlm.nih.gov/pubmed/19625727
http://www.ncbi.nlm.nih.gov/pubmed/24499211
http://www.ncbi.nlm.nih.gov/pubmed/23352160
invalid literal for int() with base 10: 'NO ID'
http://www.ncbi.nlm.nih.gov/pubmed/21902834
http://www.ncbi.nlm.nih.gov/pubmed/22101457
http://www.ncbi.nlm.nih.gov/pubmed/18162710
http://www.ncbi.nlm.nih.gov/pubmed/9097956
http://www.ncbi.nlm.nih.gov/pubmed/9768674
http://www.ncbi.nlm.nih.gov/pubmed/10737991
http://www.ncbi.nlm.nih.gov/pubmed/23079138
http://www.ncbi.nlm.nih.gov/pubmed/23079138
http://www.ncbi.nlm.nih.gov/pubmed/22577109
http://www.ncbi.nlm.nih.gov/pubmed/18625346
http://www.ncbi.nlm.nih.gov/pubmed/22695891
http://www.ncbi.nlm.nih.gov/pubmed/9097956
http://www.ncbi.nlm.nih.gov/pubmed/10439971
http://www.ncbi.nlm.nih.gov/pubmed/11502829
http://www.ncbi.nlm.nih.gov/pubmed/18625346
invalid literal for int() with base 10: 'NO ID'
http://www.ncbi.nlm.nih.gov/pubmed/19219621
http://www.ncbi.nlm.nih.gov/pubmed/9199930
http://www.ncbi.nlm.nih.gov/pubmed/9097956
http://www.ncbi.nlm.nih.gov/pubmed/10439971
http://www.ncbi.nlm.nih.gov/pubmed/18162710
http://www.ncbi.nlm.nih.gov/pubmed/18625346
invalid literal for int() with base 10: 'NO ID'
http://www.ncbi.nlm.nih.gov/pubmed/21050253
http://www.ncbi.nlm.nih.gov/pubmed/19219621
http://www.ncbi.nlm.nih.gov/pubmed/19219621
http://www.ncbi.nlm.nih.gov/pubmed/21050253
http://www.ncbi.nlm.nih.gov/pubmed/21293852
http://www.ncbi.nlm.nih.gov/pubmed/9097956
http://www.ncbi.nlm.nih.gov/pubmed/10439971
http://www.ncbi.nlm.nih.gov/pubmed/11502829
http://www.ncbi.nlm.nih.gov/pubmed/10439971
http://www.ncbi.nlm.nih.gov/pubmed/10737991
http://www.ncbi.nlm.nih.gov/pubmed/12414858
http://www.ncbi.nlm.nih.gov/pubmed/22913777
http://www.ncbi.nlm.nih.gov/pubmed/22101457
http://www.ncbi.nlm.nih.gov/pubmed/10737991
http://www.ncbi.nlm.nih.gov/pubmed/19219621
http://www.ncbi.nlm.nih.gov/pubmed/10737991
http://www.ncbi.nlm.nih.gov/pubmed/19219621
http://www.ncbi.nlm.nih.gov/pubmed/22577109
http://www.ncbi.nlm.nih.gov/pubmed/19219621
http://www.ncbi.nlm.nih.gov/pubmed/19219621
http://www.ncbi.nlm.nih.gov/pubmed/18625346
http://www.ncbi.nlm.nih.gov/pubmed/21902834
http://www.ncbi.nlm.nih.gov/pubmed/10439971
http://www.ncbi.nlm.nih.gov/pubmed/18252791
http://www.ncbi.nlm.nih.gov/pubmed/19219621
http://www.ncbi.nlm.nih.gov/pubmed/21902834
http://www.ncbi.nlm.nih.gov/pubmed/9097956
http://www.ncbi.nlm.nih.gov/pubmed/7550339
http://www.ncbi.nlm.nih.gov/pubmed/7550339
http://www.ncbi.nlm.nih.gov/pubmed/19219621
http://www.ncbi.nlm.nih.gov/pubmed/12414858
http://www.ncbi.nlm.nih.gov/pubmed/9097956
http://www.ncbi.nlm.nih.gov/pubmed/11502821
invalid literal for int() with base 10: 'LSDB'
http://www.ncbi.nlm.nih.gov/pubmed/9199930
http://www.ncbi.nlm.nih.gov/pubmed/9768674
http://www.ncbi.nlm.nih.gov/pubmed/14564077
http://www.ncbi.nlm.nih.gov/pubmed/10439971
http://www.ncbi.nlm.nih.gov/pubmed/9097956
http://www.ncbi.nlm.nih.gov/pubmed/15674390
http://www.ncbi.nlm.nih.gov/pubmed/15466013
http://www.ncbi.nlm.nih.gov/pubmed/9731190
http://www.ncbi.nlm.nih.gov/pubmed/12862311
http://www.ncbi.nlm.nih.gov/pubmed/9870210
http://www.ncbi.nlm.nih.gov/pubmed/7711737
http://www.ncbi.nlm.nih.gov/pubmed/21131218
invalid literal for int() with base 10: 'NO ID'
http://www.ncbi.nlm.nih.gov/pubmed/21646031
invalid literal for int() with base 10: 'NO ID'
invalid literal for int() with base 10: 'NO ID'
invalid literal for int() with base 10: 'NO ID'
http://www.ncbi.nlm.nih.gov/pubmed/17689125
http://www.ncbi.nlm.nih.gov/pubmed/21646031
http://www.ncbi.nlm.nih.gov/pubmed/9215682
http://www.ncbi.nlm.nih.gov/pubmed/9402963
invalid literal for int() with base 10: 'NO ID'
http://www.ncbi.nlm.nih.gov/pubmed/21646031
http://www.ncbi.nlm.nih.gov/pubmed/9245685
http://www.ncbi.nlm.nih.gov/pubmed/24389071
http://www.ncbi.nlm.nih.gov/pubmed/11600883
http://www.ncbi.nlm.nih.gov/pubmed/11600883
http://www.ncbi.nlm.nih.gov/pubmed/9326939
http://www.ncbi.nlm.nih.gov/pubmed/10767344
http://www.ncbi.nlm.nih.gov/pubmed/14974078
http://www.ncbi.nlm.nih.gov/pubmed/14974078
http://www.ncbi.nlm.nih.gov/pubmed/14974078
http://www.ncbi.nlm.nih.gov/pubmed/14974078
http://www.ncbi.nlm.nih.gov/pubmed/23479567
http://www.ncbi.nlm.nih.gov/pubmed/22444671
http://www.ncbi.nlm.nih.gov/pubmed/24253414
http://www.ncbi.nlm.nih.gov/pubmed/22683086
http://www.ncbi.nlm.nih.gov/pubmed/23733340
http://www.ncbi.nlm.nih.gov/pubmed/17016694
http://www.ncbi.nlm.nih.gov/pubmed/17016694
http://www.ncbi.nlm.nih.gov/pubmed/14551916
http://www.ncbi.nlm.nih.gov/pubmed/17016694
http://www.ncbi.nlm.nih.gov/pubmed/15902656
http://www.ncbi.nlm.nih.gov/pubmed/19909517
http://www.ncbi.nlm.nih.gov/pubmed/20356854
http://www.ncbi.nlm.nih.gov/pubmed/10937553
http://www.ncbi.nlm.nih.gov/pubmed/14985297
http://www.ncbi.nlm.nih.gov/pubmed/8944018
http://www.ncbi.nlm.nih.gov/pubmed/8944018
http://www.ncbi.nlm.nih.gov/pubmed/10051017
http://www.ncbi.nlm.nih.gov/pubmed/22569110
http://www.ncbi.nlm.nih.gov/pubmed/22508176
http://www.ncbi.nlm.nih.gov/pubmed/22508176
http://www.ncbi.nlm.nih.gov/pubmed/22508176
http://www.ncbi.nlm.nih.gov/pubmed/22508176
http://www.ncbi.nlm.nih.gov/pubmed/22508176
http://www.ncbi.nlm.nih.gov/pubmed/17582161
http://www.ncbi.nlm.nih.gov/pubmed/10612835
http://www.ncbi.nlm.nih.gov/pubmed/11857740
http://www.ncbi.nlm.nih.gov/pubmed/18837007
http://www.ncbi.nlm.nih.gov/pubmed/22508176
http://www.ncbi.nlm.nih.gov/pubmed/10364515
http://www.ncbi.nlm.nih.gov/pubmed/17582161
http://www.ncbi.nlm.nih.gov/pubmed/10854095
http://www.ncbi.nlm.nih.gov/pubmed/17582161
http://www.ncbi.nlm.nih.gov/pubmed/17582161
http://www.ncbi.nlm.nih.gov/pubmed/11967008
http://www.ncbi.nlm.nih.gov/pubmed/11857740
http://www.ncbi.nlm.nih.gov/pubmed/22508176
http://www.ncbi.nlm.nih.gov/pubmed/10577909
http://www.ncbi.nlm.nih.gov/pubmed/21115670
http://www.ncbi.nlm.nih.gov/pubmed/12842373
http://www.ncbi.nlm.nih.gov/pubmed/22508176
http://www.ncbi.nlm.nih.gov/pubmed/17574468
http://www.ncbi.nlm.nih.gov/pubmed/23300259
http://www.ncbi.nlm.nih.gov/pubmed/11115377
http://www.ncbi.nlm.nih.gov/pubmed/22367170
http://www.ncbi.nlm.nih.gov/pubmed/22508176
http://www.ncbi.nlm.nih.gov/pubmed/22508176
http://www.ncbi.nlm.nih.gov/pubmed/17582161
http://www.ncbi.nlm.nih.gov/pubmed/22508176
http://www.ncbi.nlm.nih.gov/pubmed/23985799
http://www.ncbi.nlm.nih.gov/pubmed/17582161
http://www.ncbi.nlm.nih.gov/pubmed/24694054
http://www.ncbi.nlm.nih.gov/pubmed/17574468
http://www.ncbi.nlm.nih.gov/pubmed/17574468
http://www.ncbi.nlm.nih.gov/pubmed/22508176
http://www.ncbi.nlm.nih.gov/pubmed/22508176
http://www.ncbi.nlm.nih.gov/pubmed/22508176
http://www.ncbi.nlm.nih.gov/pubmed/11115377
http://www.ncbi.nlm.nih.gov/pubmed/23300259
http://www.ncbi.nlm.nih.gov/pubmed/22383692
http://www.ncbi.nlm.nih.gov/pubmed/11216660
http://www.ncbi.nlm.nih.gov/pubmed/22508176
http://www.ncbi.nlm.nih.gov/pubmed/21115670
http://www.ncbi.nlm.nih.gov/pubmed/22508176
http://www.ncbi.nlm.nih.gov/pubmed/21551026
http://www.ncbi.nlm.nih.gov/pubmed/21115670
http://www.ncbi.nlm.nih.gov/pubmed/18640754
http://www.ncbi.nlm.nih.gov/pubmed/23300259
http://www.ncbi.nlm.nih.gov/pubmed/22508176
http://www.ncbi.nlm.nih.gov/pubmed/22508176
http://www.ncbi.nlm.nih.gov/pubmed/22508176
http://www.ncbi.nlm.nih.gov/pubmed/17582161
http://www.ncbi.nlm.nih.gov/pubmed/19686598
http://www.ncbi.nlm.nih.gov/pubmed/22508176
http://www.ncbi.nlm.nih.gov/pubmed/10923038
http://www.ncbi.nlm.nih.gov/pubmed/22367170
http://www.ncbi.nlm.nih.gov/pubmed/17582161
http://www.ncbi.nlm.nih.gov/pubmed/9199561
http://www.ncbi.nlm.nih.gov/pubmed/17574468
http://www.ncbi.nlm.nih.gov/pubmed/22508176
http://www.ncbi.nlm.nih.gov/pubmed/11967008
http://www.ncbi.nlm.nih.gov/pubmed/22508176
http://www.ncbi.nlm.nih.gov/pubmed/22367170
http://www.ncbi.nlm.nih.gov/pubmed/22508176
http://www.ncbi.nlm.nih.gov/pubmed/24694054
http://www.ncbi.nlm.nih.gov/pubmed/23300259
http://www.ncbi.nlm.nih.gov/pubmed/22508176
http://www.ncbi.nlm.nih.gov/pubmed/17582161
http://www.ncbi.nlm.nih.gov/pubmed/22508176
http://www.ncbi.nlm.nih.gov/pubmed/9199561
http://www.ncbi.nlm.nih.gov/pubmed/12070253
http://www.ncbi.nlm.nih.gov/pubmed/22508176
http://www.ncbi.nlm.nih.gov/pubmed/22508176
http://www.ncbi.nlm.nih.gov/pubmed/10200984
http://www.ncbi.nlm.nih.gov/pubmed/24575920
http://www.ncbi.nlm.nih.gov/pubmed/24575920
http://www.ncbi.nlm.nih.gov/pubmed/10200984
http://www.ncbi.nlm.nih.gov/pubmed/12070253
http://www.ncbi.nlm.nih.gov/pubmed/11115377
http://www.ncbi.nlm.nih.gov/pubmed/22508176
http://www.ncbi.nlm.nih.gov/pubmed/22508176
http://www.ncbi.nlm.nih.gov/pubmed/22508176
http://www.ncbi.nlm.nih.gov/pubmed/11115377
http://www.ncbi.nlm.nih.gov/pubmed/12707387
http://www.ncbi.nlm.nih.gov/pubmed/22508176
http://www.ncbi.nlm.nih.gov/pubmed/22508176
http://www.ncbi.nlm.nih.gov/pubmed/17100995
http://www.ncbi.nlm.nih.gov/pubmed/9326320
http://www.ncbi.nlm.nih.gov/pubmed/17582161
http://www.ncbi.nlm.nih.gov/pubmed/17582161
http://www.ncbi.nlm.nih.gov/pubmed/12707387
http://www.ncbi.nlm.nih.gov/pubmed/21551026
http://www.ncbi.nlm.nih.gov/pubmed/10541293
http://www.ncbi.nlm.nih.gov/pubmed/22508176
http://www.ncbi.nlm.nih.gov/pubmed/17582161
http://www.ncbi.nlm.nih.gov/pubmed/9326320
http://www.ncbi.nlm.nih.gov/pubmed/9326320
http://www.ncbi.nlm.nih.gov/pubmed/22508176
http://www.ncbi.nlm.nih.gov/pubmed/17100995
http://www.ncbi.nlm.nih.gov/pubmed/22185115
http://www.ncbi.nlm.nih.gov/pubmed/12707387
http://www.ncbi.nlm.nih.gov/pubmed/22508176
http://www.ncbi.nlm.nih.gov/pubmed/11007674
http://www.ncbi.nlm.nih.gov/pubmed/22383692
http://www.ncbi.nlm.nih.gov/pubmed/22508176
http://www.ncbi.nlm.nih.gov/pubmed/20950398
http://www.ncbi.nlm.nih.gov/pubmed/22508176
http://www.ncbi.nlm.nih.gov/pubmed/22508176
http://www.ncbi.nlm.nih.gov/pubmed/22508176
http://www.ncbi.nlm.nih.gov/pubmed/9326320
http://www.ncbi.nlm.nih.gov/pubmed/17574468
http://www.ncbi.nlm.nih.gov/pubmed/17582161
http://www.ncbi.nlm.nih.gov/pubmed/17574468
http://www.ncbi.nlm.nih.gov/pubmed/22863349
http://www.ncbi.nlm.nih.gov/pubmed/24694054
http://www.ncbi.nlm.nih.gov/pubmed/22508176
http://www.ncbi.nlm.nih.gov/pubmed/15805161
http://www.ncbi.nlm.nih.gov/pubmed/15805161
http://www.ncbi.nlm.nih.gov/pubmed/12506140
http://www.ncbi.nlm.nih.gov/pubmed/16133180
http://www.ncbi.nlm.nih.gov/pubmed/12506140
http://www.ncbi.nlm.nih.gov/pubmed/16897190
http://www.ncbi.nlm.nih.gov/pubmed/19940839
http://www.ncbi.nlm.nih.gov/pubmed/15698423
http://www.ncbi.nlm.nih.gov/pubmed/12846734
http://www.ncbi.nlm.nih.gov/pubmed/15805161
http://www.ncbi.nlm.nih.gov/pubmed/15805161
http://www.ncbi.nlm.nih.gov/pubmed/12846734
http://www.ncbi.nlm.nih.gov/pubmed/15805161
http://www.ncbi.nlm.nih.gov/pubmed/15698423
http://www.ncbi.nlm.nih.gov/pubmed/15805161
http://www.ncbi.nlm.nih.gov/pubmed/12874454
http://www.ncbi.nlm.nih.gov/pubmed/12846734
http://www.ncbi.nlm.nih.gov/pubmed/19021639
http://www.ncbi.nlm.nih.gov/pubmed/16133180
http://www.ncbi.nlm.nih.gov/pubmed/19940839
http://www.ncbi.nlm.nih.gov/pubmed/15805161
http://www.ncbi.nlm.nih.gov/pubmed/12874454
http://www.ncbi.nlm.nih.gov/pubmed/15805161
http://www.ncbi.nlm.nih.gov/pubmed/15805161
http://www.ncbi.nlm.nih.gov/pubmed/16133180
http://www.ncbi.nlm.nih.gov/pubmed/14971004
http://www.ncbi.nlm.nih.gov/pubmed/23582048
http://www.ncbi.nlm.nih.gov/pubmed/15108281
http://www.ncbi.nlm.nih.gov/pubmed/16133180
http://www.ncbi.nlm.nih.gov/pubmed/23582048
http://www.ncbi.nlm.nih.gov/pubmed/12846734
http://www.ncbi.nlm.nih.gov/pubmed/23352160
http://www.ncbi.nlm.nih.gov/pubmed/23352160
http://www.ncbi.nlm.nih.gov/pubmed/16704447
http://www.ncbi.nlm.nih.gov/pubmed/8180378
http://www.ncbi.nlm.nih.gov/pubmed/10354117
http://www.ncbi.nlm.nih.gov/pubmed/16704447
http://www.ncbi.nlm.nih.gov/pubmed/16704447
http://www.ncbi.nlm.nih.gov/pubmed/15982340
http://www.ncbi.nlm.nih.gov/pubmed/9160692
http://www.ncbi.nlm.nih.gov/pubmed/9166866
http://www.ncbi.nlm.nih.gov/pubmed/16704447
http://www.ncbi.nlm.nih.gov/pubmed/16704447
http://www.ncbi.nlm.nih.gov/pubmed/16704447
http://www.ncbi.nlm.nih.gov/pubmed/16704447
http://www.ncbi.nlm.nih.gov/pubmed/18759866
http://www.ncbi.nlm.nih.gov/pubmed/15953013
http://www.ncbi.nlm.nih.gov/pubmed/10087985
http://www.ncbi.nlm.nih.gov/pubmed/16704447
http://www.ncbi.nlm.nih.gov/pubmed/10087985
invalid literal for int() with base 10: 'ABST'
http://www.ncbi.nlm.nih.gov/pubmed/10354117
http://www.ncbi.nlm.nih.gov/pubmed/18759866
http://www.ncbi.nlm.nih.gov/pubmed/10087985
http://www.ncbi.nlm.nih.gov/pubmed/18759866
http://www.ncbi.nlm.nih.gov/pubmed/9166866
http://www.ncbi.nlm.nih.gov/pubmed/16704447
http://www.ncbi.nlm.nih.gov/pubmed/9160692
http://www.ncbi.nlm.nih.gov/pubmed/15953013
http://www.ncbi.nlm.nih.gov/pubmed/15953013
http://www.ncbi.nlm.nih.gov/pubmed/10233227
http://www.ncbi.nlm.nih.gov/pubmed/15140237
http://www.ncbi.nlm.nih.gov/pubmed/16159729
http://www.ncbi.nlm.nih.gov/pubmed/11994137
http://www.ncbi.nlm.nih.gov/pubmed/15086548
http://www.ncbi.nlm.nih.gov/pubmed/24073657
http://www.ncbi.nlm.nih.gov/pubmed/10951270
http://www.ncbi.nlm.nih.gov/pubmed/20400443
http://www.ncbi.nlm.nih.gov/pubmed/23671136
http://www.ncbi.nlm.nih.gov/pubmed/23671136
http://www.ncbi.nlm.nih.gov/pubmed/20031617
http://www.ncbi.nlm.nih.gov/pubmed/19955750
http://www.ncbi.nlm.nih.gov/pubmed/15489853
http://www.ncbi.nlm.nih.gov/pubmed/20031616
http://www.ncbi.nlm.nih.gov/pubmed/17041889
http://www.ncbi.nlm.nih.gov/pubmed/15489853
http://www.ncbi.nlm.nih.gov/pubmed/20031617
http://www.ncbi.nlm.nih.gov/pubmed/15489853
http://www.ncbi.nlm.nih.gov/pubmed/24125834
http://www.ncbi.nlm.nih.gov/pubmed/23671136
http://www.ncbi.nlm.nih.gov/pubmed/20400443
http://www.ncbi.nlm.nih.gov/pubmed/16549640
http://www.ncbi.nlm.nih.gov/pubmed/18662195
http://www.ncbi.nlm.nih.gov/pubmed/20400443
http://www.ncbi.nlm.nih.gov/pubmed/20400443
http://www.ncbi.nlm.nih.gov/pubmed/20400443
http://www.ncbi.nlm.nih.gov/pubmed/22137173
http://www.ncbi.nlm.nih.gov/pubmed/19138334
http://www.ncbi.nlm.nih.gov/pubmed/16783378
http://www.ncbi.nlm.nih.gov/pubmed/20619503
http://www.ncbi.nlm.nih.gov/pubmed/20584031
http://www.ncbi.nlm.nih.gov/pubmed/22213678
http://www.ncbi.nlm.nih.gov/pubmed/20669327
http://www.ncbi.nlm.nih.gov/pubmed/20584031
http://www.ncbi.nlm.nih.gov/pubmed/24252552
http://www.ncbi.nlm.nih.gov/pubmed/23167750
http://www.ncbi.nlm.nih.gov/pubmed/24684524
http://www.ncbi.nlm.nih.gov/pubmed/23913798
http://www.ncbi.nlm.nih.gov/pubmed/23913798
http://www.ncbi.nlm.nih.gov/pubmed/22458588
http://www.ncbi.nlm.nih.gov/pubmed/18065803
http://www.ncbi.nlm.nih.gov/pubmed/18065803
http://www.ncbi.nlm.nih.gov/pubmed/15681471
http://www.ncbi.nlm.nih.gov/pubmed/23289980
http://www.ncbi.nlm.nih.gov/pubmed/23289980
http://www.ncbi.nlm.nih.gov/pubmed/23289980
http://www.ncbi.nlm.nih.gov/pubmed/17404618
http://www.ncbi.nlm.nih.gov/pubmed/16849641
http://www.ncbi.nlm.nih.gov/pubmed/17900274
http://www.ncbi.nlm.nih.gov/pubmed/19373890
http://www.ncbi.nlm.nih.gov/pubmed/15355432
http://www.ncbi.nlm.nih.gov/pubmed/21345103
http://www.ncbi.nlm.nih.gov/pubmed/10874315
http://www.ncbi.nlm.nih.gov/pubmed/21699693
http://www.ncbi.nlm.nih.gov/pubmed/21699693
http://www.ncbi.nlm.nih.gov/pubmed/21699693
http://www.ncbi.nlm.nih.gov/pubmed/9220536
http://www.ncbi.nlm.nih.gov/pubmed/22689593
http://www.ncbi.nlm.nih.gov/pubmed/22689593
http://www.ncbi.nlm.nih.gov/pubmed/18470932
http://www.ncbi.nlm.nih.gov/pubmed/15712223
http://www.ncbi.nlm.nih.gov/pubmed/23771846
http://www.ncbi.nlm.nih.gov/pubmed/23771846
http://www.ncbi.nlm.nih.gov/pubmed/11093273
http://www.ncbi.nlm.nih.gov/pubmed/24685771
http://www.ncbi.nlm.nih.gov/pubmed/11071483
http://www.ncbi.nlm.nih.gov/pubmed/15712223
invalid literal for int() with base 10: 'LSDB'
http://www.ncbi.nlm.nih.gov/pubmed/21679407
http://www.ncbi.nlm.nih.gov/pubmed/12601703
http://www.ncbi.nlm.nih.gov/pubmed/12601703
http://www.ncbi.nlm.nih.gov/pubmed/7531827
http://www.ncbi.nlm.nih.gov/pubmed/11071483
http://www.ncbi.nlm.nih.gov/pubmed/18470932
http://www.ncbi.nlm.nih.gov/pubmed/11093273
http://www.ncbi.nlm.nih.gov/pubmed/18470932
http://www.ncbi.nlm.nih.gov/pubmed/19328639
http://www.ncbi.nlm.nih.gov/pubmed/7509235
http://www.ncbi.nlm.nih.gov/pubmed/14681886
http://www.ncbi.nlm.nih.gov/pubmed/23711321
http://www.ncbi.nlm.nih.gov/pubmed/23771846
http://www.ncbi.nlm.nih.gov/pubmed/23771846
http://www.ncbi.nlm.nih.gov/pubmed/23771846
http://www.ncbi.nlm.nih.gov/pubmed/10401787
http://www.ncbi.nlm.nih.gov/pubmed/9894878
http://www.ncbi.nlm.nih.gov/pubmed/10417279
http://www.ncbi.nlm.nih.gov/pubmed/11093273
http://www.ncbi.nlm.nih.gov/pubmed/23347225
http://www.ncbi.nlm.nih.gov/pubmed/15712223
http://www.ncbi.nlm.nih.gov/pubmed/11071483
http://www.ncbi.nlm.nih.gov/pubmed/10417279
http://www.ncbi.nlm.nih.gov/pubmed/24139698
http://www.ncbi.nlm.nih.gov/pubmed/24088043
http://www.ncbi.nlm.nih.gov/pubmed/20817676
http://www.ncbi.nlm.nih.gov/pubmed/15844218
http://www.ncbi.nlm.nih.gov/pubmed/11350185
http://www.ncbi.nlm.nih.gov/pubmed/16376131
http://www.ncbi.nlm.nih.gov/pubmed/15844218
http://www.ncbi.nlm.nih.gov/pubmed/15844218
http://www.ncbi.nlm.nih.gov/pubmed/10527672
http://www.ncbi.nlm.nih.gov/pubmed/19235233
http://www.ncbi.nlm.nih.gov/pubmed/16376131
http://www.ncbi.nlm.nih.gov/pubmed/17307006
http://www.ncbi.nlm.nih.gov/pubmed/19235233
http://www.ncbi.nlm.nih.gov/pubmed/22006697
http://www.ncbi.nlm.nih.gov/pubmed/9187667
http://www.ncbi.nlm.nih.gov/pubmed/22382358
http://www.ncbi.nlm.nih.gov/pubmed/16199442
http://www.ncbi.nlm.nih.gov/pubmed/11085599
http://www.ncbi.nlm.nih.gov/pubmed/11369192
http://www.ncbi.nlm.nih.gov/pubmed/8012365
http://www.ncbi.nlm.nih.gov/pubmed/22006697
http://www.ncbi.nlm.nih.gov/pubmed/24710284
http://www.ncbi.nlm.nih.gov/pubmed/16472587
http://www.ncbi.nlm.nih.gov/pubmed/24710284
http://www.ncbi.nlm.nih.gov/pubmed/16619239
http://www.ncbi.nlm.nih.gov/pubmed/18602922
http://www.ncbi.nlm.nih.gov/pubmed/19132747
http://www.ncbi.nlm.nih.gov/pubmed/20186688
http://www.ncbi.nlm.nih.gov/pubmed/23709753
http://www.ncbi.nlm.nih.gov/pubmed/24710284
http://www.ncbi.nlm.nih.gov/pubmed/19132747
http://www.ncbi.nlm.nih.gov/pubmed/18602922
http://www.ncbi.nlm.nih.gov/pubmed/20587412
http://www.ncbi.nlm.nih.gov/pubmed/23709753
http://www.ncbi.nlm.nih.gov/pubmed/16619239
http://www.ncbi.nlm.nih.gov/pubmed/23629955
http://www.ncbi.nlm.nih.gov/pubmed/19156169
http://www.ncbi.nlm.nih.gov/pubmed/21261604
http://www.ncbi.nlm.nih.gov/pubmed/18602922
http://www.ncbi.nlm.nih.gov/pubmed/23709753
http://www.ncbi.nlm.nih.gov/pubmed/19039682
http://www.ncbi.nlm.nih.gov/pubmed/18349382
http://www.ncbi.nlm.nih.gov/pubmed/1560016
http://www.ncbi.nlm.nih.gov/pubmed/11453975
http://www.ncbi.nlm.nih.gov/pubmed/9067751
http://www.ncbi.nlm.nih.gov/pubmed/21073837
http://www.ncbi.nlm.nih.gov/pubmed/24332944
http://www.ncbi.nlm.nih.gov/pubmed/22832386
http://www.ncbi.nlm.nih.gov/pubmed/22832386
http://www.ncbi.nlm.nih.gov/pubmed/16505250
http://www.ncbi.nlm.nih.gov/pubmed/24355708
http://www.ncbi.nlm.nih.gov/pubmed/15772097
http://www.ncbi.nlm.nih.gov/pubmed/24387993
http://www.ncbi.nlm.nih.gov/pubmed/23230001
http://www.ncbi.nlm.nih.gov/pubmed/18546365
http://www.ncbi.nlm.nih.gov/pubmed/21670405
http://www.ncbi.nlm.nih.gov/pubmed/15689359
http://www.ncbi.nlm.nih.gov/pubmed/19500334
http://www.ncbi.nlm.nih.gov/pubmed/21235791
http://www.ncbi.nlm.nih.gov/pubmed/21880868
http://www.ncbi.nlm.nih.gov/pubmed/24130121
http://www.ncbi.nlm.nih.gov/pubmed/17344931
http://www.ncbi.nlm.nih.gov/pubmed/18368133
http://www.ncbi.nlm.nih.gov/pubmed/21131976
http://www.ncbi.nlm.nih.gov/pubmed/21855841


PS:

Read file <data/skip/scraping_pubmed_chunks/logs/chunk23.e> for stderr output of this job.

