Sender: LSF System <lsf@node0922>
Subject: Job 9582143: <scrape.24> in cluster <cromwell> Done

Job <scrape.24> was submitted from host <gold> by user <birnbaum> in cluster <cromwell>.
Job was executed on host(s) <node0922>, in queue <hour>, as user <birnbaum> in cluster <cromwell>.
</home/unix/birnbaum> was used as the home directory.
</humgen/atgu1/fs03/birnbaum/cryptic-splice> was used as the working directory.
Started at Thu Jun  2 16:38:05 2016
Results reported on Thu Jun  2 16:48:23 2016

Your job looked like:

------------------------------------------------------------
# LSBATCH: User input
python src/scrape_pubmed_abstracts.py -p data/skip/hgmd_splice_pmids.txt --include "exon skipping" --include "skipping of exon" --exclude "cryptic splice site" --exclude "cryptic donor" --exclude "cryptic acceptor" -o data/skip/scraping_pubmed_chunks/chunk24.txt --chunk 24/30
------------------------------------------------------------

Successfully completed.

Resource usage summary:

    CPU time :               113.43 sec.
    Max Memory :             53 MB
    Average Memory :         50.42 MB
    Total Requested Memory : 750.00 MB
    Delta Memory :           697.00 MB
    (Delta: the difference between Total Requested Memory and Max Memory.)
    Max Processes :          3
    Max Threads :            4

The output (if any) follows:

http://www.ncbi.nlm.nih.gov/pubmed/21855841
http://www.ncbi.nlm.nih.gov/pubmed/22036171
http://www.ncbi.nlm.nih.gov/pubmed/23355746
http://www.ncbi.nlm.nih.gov/pubmed/23355746
http://www.ncbi.nlm.nih.gov/pubmed/23355746
invalid literal for int() with base 10: 'HGOL'
http://www.ncbi.nlm.nih.gov/pubmed/11709191
http://www.ncbi.nlm.nih.gov/pubmed/11709191
http://www.ncbi.nlm.nih.gov/pubmed/15938569
http://www.ncbi.nlm.nih.gov/pubmed/17878207
invalid literal for int() with base 10: 'HGOL'
invalid literal for int() with base 10: 'HGOL'
http://www.ncbi.nlm.nih.gov/pubmed/21983716
http://www.ncbi.nlm.nih.gov/pubmed/17559086
http://www.ncbi.nlm.nih.gov/pubmed/17878207
http://www.ncbi.nlm.nih.gov/pubmed/15466003
invalid literal for int() with base 10: 'HGOL'
http://www.ncbi.nlm.nih.gov/pubmed/16575835
http://www.ncbi.nlm.nih.gov/pubmed/16717220
http://www.ncbi.nlm.nih.gov/pubmed/17559086
http://www.ncbi.nlm.nih.gov/pubmed/17559086
http://www.ncbi.nlm.nih.gov/pubmed/18752264
http://www.ncbi.nlm.nih.gov/pubmed/17559086
http://www.ncbi.nlm.nih.gov/pubmed/18752264
http://www.ncbi.nlm.nih.gov/pubmed/17559086
http://www.ncbi.nlm.nih.gov/pubmed/17559086
http://www.ncbi.nlm.nih.gov/pubmed/19138766
http://www.ncbi.nlm.nih.gov/pubmed/19138766
http://www.ncbi.nlm.nih.gov/pubmed/18513969
http://www.ncbi.nlm.nih.gov/pubmed/18752264
http://www.ncbi.nlm.nih.gov/pubmed/18752264
http://www.ncbi.nlm.nih.gov/pubmed/17559086
http://www.ncbi.nlm.nih.gov/pubmed/15894594
http://www.ncbi.nlm.nih.gov/pubmed/18752264
http://www.ncbi.nlm.nih.gov/pubmed/20582942
http://www.ncbi.nlm.nih.gov/pubmed/12724622
http://www.ncbi.nlm.nih.gov/pubmed/23878291
http://www.ncbi.nlm.nih.gov/pubmed/14758361
http://www.ncbi.nlm.nih.gov/pubmed/15793702
http://www.ncbi.nlm.nih.gov/pubmed/19056490
http://www.ncbi.nlm.nih.gov/pubmed/20854095
http://www.ncbi.nlm.nih.gov/pubmed/19586929
http://www.ncbi.nlm.nih.gov/pubmed/21472892
http://www.ncbi.nlm.nih.gov/pubmed/21472892
http://www.ncbi.nlm.nih.gov/pubmed/19586929
http://www.ncbi.nlm.nih.gov/pubmed/18325042
http://www.ncbi.nlm.nih.gov/pubmed/19221286
http://www.ncbi.nlm.nih.gov/pubmed/19309688
http://www.ncbi.nlm.nih.gov/pubmed/19277062
http://www.ncbi.nlm.nih.gov/pubmed/20854095
http://www.ncbi.nlm.nih.gov/pubmed/17546031
http://www.ncbi.nlm.nih.gov/pubmed/21472892
http://www.ncbi.nlm.nih.gov/pubmed/24686849
http://www.ncbi.nlm.nih.gov/pubmed/22010633
http://www.ncbi.nlm.nih.gov/pubmed/16505001
http://www.ncbi.nlm.nih.gov/pubmed/21722153
http://www.ncbi.nlm.nih.gov/pubmed/21282188
http://www.ncbi.nlm.nih.gov/pubmed/11249940
http://www.ncbi.nlm.nih.gov/pubmed/12655566
http://www.ncbi.nlm.nih.gov/pubmed/10486317
http://www.ncbi.nlm.nih.gov/pubmed/9811936
http://www.ncbi.nlm.nih.gov/pubmed/11348478
http://www.ncbi.nlm.nih.gov/pubmed/12859407
http://www.ncbi.nlm.nih.gov/pubmed/10486317
http://www.ncbi.nlm.nih.gov/pubmed/11474578
http://www.ncbi.nlm.nih.gov/pubmed/10486317
http://www.ncbi.nlm.nih.gov/pubmed/11348478
http://www.ncbi.nlm.nih.gov/pubmed/11474578
http://www.ncbi.nlm.nih.gov/pubmed/19460837
http://www.ncbi.nlm.nih.gov/pubmed/11474578
http://www.ncbi.nlm.nih.gov/pubmed/18570668
http://www.ncbi.nlm.nih.gov/pubmed/10486317
http://www.ncbi.nlm.nih.gov/pubmed/19460837
http://www.ncbi.nlm.nih.gov/pubmed/16922948
http://www.ncbi.nlm.nih.gov/pubmed/19460837
http://www.ncbi.nlm.nih.gov/pubmed/10486317
http://www.ncbi.nlm.nih.gov/pubmed/12899439
http://www.ncbi.nlm.nih.gov/pubmed/10486317
http://www.ncbi.nlm.nih.gov/pubmed/18570668
http://www.ncbi.nlm.nih.gov/pubmed/10486317
http://www.ncbi.nlm.nih.gov/pubmed/19460837
http://www.ncbi.nlm.nih.gov/pubmed/10486317
http://www.ncbi.nlm.nih.gov/pubmed/10486317
http://www.ncbi.nlm.nih.gov/pubmed/17044973
http://www.ncbi.nlm.nih.gov/pubmed/10679943
http://www.ncbi.nlm.nih.gov/pubmed/16759889
http://www.ncbi.nlm.nih.gov/pubmed/21990111
http://www.ncbi.nlm.nih.gov/pubmed/21990111
http://www.ncbi.nlm.nih.gov/pubmed/23374165
http://www.ncbi.nlm.nih.gov/pubmed/19793312
http://www.ncbi.nlm.nih.gov/pubmed/22387303
invalid literal for int() with base 10: 'HGOL'
http://www.ncbi.nlm.nih.gov/pubmed/21990111
http://www.ncbi.nlm.nih.gov/pubmed/23374165
http://www.ncbi.nlm.nih.gov/pubmed/10679943
http://www.ncbi.nlm.nih.gov/pubmed/9664077
http://www.ncbi.nlm.nih.gov/pubmed/24146633
http://www.ncbi.nlm.nih.gov/pubmed/8554050
http://www.ncbi.nlm.nih.gov/pubmed/21664999
http://www.ncbi.nlm.nih.gov/pubmed/22122778
http://www.ncbi.nlm.nih.gov/pubmed/19168450
http://www.ncbi.nlm.nih.gov/pubmed/24463508
http://www.ncbi.nlm.nih.gov/pubmed/24463508
http://www.ncbi.nlm.nih.gov/pubmed/23352160
http://www.ncbi.nlm.nih.gov/pubmed/23756439
http://www.ncbi.nlm.nih.gov/pubmed/16801347
http://www.ncbi.nlm.nih.gov/pubmed/24470238
http://www.ncbi.nlm.nih.gov/pubmed/16801347
http://www.ncbi.nlm.nih.gov/pubmed/12213893
http://www.ncbi.nlm.nih.gov/pubmed/11115848
http://www.ncbi.nlm.nih.gov/pubmed/20358582
http://www.ncbi.nlm.nih.gov/pubmed/19293268
http://www.ncbi.nlm.nih.gov/pubmed/19833579
http://www.ncbi.nlm.nih.gov/pubmed/19293268
http://www.ncbi.nlm.nih.gov/pubmed/18056771
http://www.ncbi.nlm.nih.gov/pubmed/19293268
http://www.ncbi.nlm.nih.gov/pubmed/21540154
http://www.ncbi.nlm.nih.gov/pubmed/11115848
http://www.ncbi.nlm.nih.gov/pubmed/15521956
http://www.ncbi.nlm.nih.gov/pubmed/20358582
http://www.ncbi.nlm.nih.gov/pubmed/19293268
http://www.ncbi.nlm.nih.gov/pubmed/15371594
http://www.ncbi.nlm.nih.gov/pubmed/19293268
http://www.ncbi.nlm.nih.gov/pubmed/18445140
http://www.ncbi.nlm.nih.gov/pubmed/19293268
http://www.ncbi.nlm.nih.gov/pubmed/19293268
http://www.ncbi.nlm.nih.gov/pubmed/15371594
http://www.ncbi.nlm.nih.gov/pubmed/19293268
http://www.ncbi.nlm.nih.gov/pubmed/12424709
http://www.ncbi.nlm.nih.gov/pubmed/19293268
http://www.ncbi.nlm.nih.gov/pubmed/20358582
http://www.ncbi.nlm.nih.gov/pubmed/15371594
http://www.ncbi.nlm.nih.gov/pubmed/10973256
http://www.ncbi.nlm.nih.gov/pubmed/20358582
http://www.ncbi.nlm.nih.gov/pubmed/23319571
http://www.ncbi.nlm.nih.gov/pubmed/15824357
http://www.ncbi.nlm.nih.gov/pubmed/12577059
http://www.ncbi.nlm.nih.gov/pubmed/20095989
http://www.ncbi.nlm.nih.gov/pubmed/12577059
http://www.ncbi.nlm.nih.gov/pubmed/12529853
http://www.ncbi.nlm.nih.gov/pubmed/7482420
http://www.ncbi.nlm.nih.gov/pubmed/16360797
http://www.ncbi.nlm.nih.gov/pubmed/7482420
http://www.ncbi.nlm.nih.gov/pubmed/12705793
http://www.ncbi.nlm.nih.gov/pubmed/7482420
http://www.ncbi.nlm.nih.gov/pubmed/22545135
http://www.ncbi.nlm.nih.gov/pubmed/7482420
http://www.ncbi.nlm.nih.gov/pubmed/22627591
http://www.ncbi.nlm.nih.gov/pubmed/8972002
http://www.ncbi.nlm.nih.gov/pubmed/10942114
http://www.ncbi.nlm.nih.gov/pubmed/7482420
http://www.ncbi.nlm.nih.gov/pubmed/8883262
http://www.ncbi.nlm.nih.gov/pubmed/7482420
http://www.ncbi.nlm.nih.gov/pubmed/1868249
http://www.ncbi.nlm.nih.gov/pubmed/10805275
http://www.ncbi.nlm.nih.gov/pubmed/1868249
http://www.ncbi.nlm.nih.gov/pubmed/1868249
http://www.ncbi.nlm.nih.gov/pubmed/22627591
http://www.ncbi.nlm.nih.gov/pubmed/22627591
http://www.ncbi.nlm.nih.gov/pubmed/8244342
http://www.ncbi.nlm.nih.gov/pubmed/22627591
http://www.ncbi.nlm.nih.gov/pubmed/1301954
http://www.ncbi.nlm.nih.gov/pubmed/7482420
http://www.ncbi.nlm.nih.gov/pubmed/8400292
http://www.ncbi.nlm.nih.gov/pubmed/12960605
http://www.ncbi.nlm.nih.gov/pubmed/7482420
http://www.ncbi.nlm.nih.gov/pubmed/10669160
http://www.ncbi.nlm.nih.gov/pubmed/20554613
http://www.ncbi.nlm.nih.gov/pubmed/24763286
http://www.ncbi.nlm.nih.gov/pubmed/24516651
http://www.ncbi.nlm.nih.gov/pubmed/23462753
http://www.ncbi.nlm.nih.gov/pubmed/24154662
http://www.ncbi.nlm.nih.gov/pubmed/15472232
http://www.ncbi.nlm.nih.gov/pubmed/9824293
http://www.ncbi.nlm.nih.gov/pubmed/8977443
http://www.ncbi.nlm.nih.gov/pubmed/10706858
http://www.ncbi.nlm.nih.gov/pubmed/12960605
http://www.ncbi.nlm.nih.gov/pubmed/10456456
http://www.ncbi.nlm.nih.gov/pubmed/8943854
http://www.ncbi.nlm.nih.gov/pubmed/7545463
http://www.ncbi.nlm.nih.gov/pubmed/22261441
http://www.ncbi.nlm.nih.gov/pubmed/7579449
http://www.ncbi.nlm.nih.gov/pubmed/9241758
http://www.ncbi.nlm.nih.gov/pubmed/18435454
http://www.ncbi.nlm.nih.gov/pubmed/9657428
http://www.ncbi.nlm.nih.gov/pubmed/22627591
http://www.ncbi.nlm.nih.gov/pubmed/15147381
http://www.ncbi.nlm.nih.gov/pubmed/11369411
http://www.ncbi.nlm.nih.gov/pubmed/22627591
http://www.ncbi.nlm.nih.gov/pubmed/10706858
http://www.ncbi.nlm.nih.gov/pubmed/23813890
http://www.ncbi.nlm.nih.gov/pubmed/11297755
http://www.ncbi.nlm.nih.gov/pubmed/22261441
http://www.ncbi.nlm.nih.gov/pubmed/12681974
http://www.ncbi.nlm.nih.gov/pubmed/9031442
http://www.ncbi.nlm.nih.gov/pubmed/11858485
http://www.ncbi.nlm.nih.gov/pubmed/9375743
http://www.ncbi.nlm.nih.gov/pubmed/9031442
http://www.ncbi.nlm.nih.gov/pubmed/18954896
http://www.ncbi.nlm.nih.gov/pubmed/7545463
http://www.ncbi.nlm.nih.gov/pubmed/7803790
http://www.ncbi.nlm.nih.gov/pubmed/16868938
http://www.ncbi.nlm.nih.gov/pubmed/12960605
http://www.ncbi.nlm.nih.gov/pubmed/22627591
http://www.ncbi.nlm.nih.gov/pubmed/9241758
http://www.ncbi.nlm.nih.gov/pubmed/22261441
http://www.ncbi.nlm.nih.gov/pubmed/18435454
http://www.ncbi.nlm.nih.gov/pubmed/18841302
http://www.ncbi.nlm.nih.gov/pubmed/23813890
http://www.ncbi.nlm.nih.gov/pubmed/14671240
http://www.ncbi.nlm.nih.gov/pubmed/24202059
http://www.ncbi.nlm.nih.gov/pubmed/17325180
http://www.ncbi.nlm.nih.gov/pubmed/19618371
http://www.ncbi.nlm.nih.gov/pubmed/16708387
http://www.ncbi.nlm.nih.gov/pubmed/16708387
http://www.ncbi.nlm.nih.gov/pubmed/15162096
http://www.ncbi.nlm.nih.gov/pubmed/11545739
http://www.ncbi.nlm.nih.gov/pubmed/16917484
http://www.ncbi.nlm.nih.gov/pubmed/20939871
http://www.ncbi.nlm.nih.gov/pubmed/17325180
http://www.ncbi.nlm.nih.gov/pubmed/24265693
http://www.ncbi.nlm.nih.gov/pubmed/16708387
http://www.ncbi.nlm.nih.gov/pubmed/20861475
http://www.ncbi.nlm.nih.gov/pubmed/16340530
http://www.ncbi.nlm.nih.gov/pubmed/11139241
http://www.ncbi.nlm.nih.gov/pubmed/17653047
http://www.ncbi.nlm.nih.gov/pubmed/22243967
http://www.ncbi.nlm.nih.gov/pubmed/22243967
http://www.ncbi.nlm.nih.gov/pubmed/23077026
http://www.ncbi.nlm.nih.gov/pubmed/23077024
http://www.ncbi.nlm.nih.gov/pubmed/12765848
http://www.ncbi.nlm.nih.gov/pubmed/20001681
http://www.ncbi.nlm.nih.gov/pubmed/21952138
http://www.ncbi.nlm.nih.gov/pubmed/22109105
http://www.ncbi.nlm.nih.gov/pubmed/24146633
http://www.ncbi.nlm.nih.gov/pubmed/19267410
http://www.ncbi.nlm.nih.gov/pubmed/8554069
http://www.ncbi.nlm.nih.gov/pubmed/2066109
http://www.ncbi.nlm.nih.gov/pubmed/24478108
http://www.ncbi.nlm.nih.gov/pubmed/19267410
http://www.ncbi.nlm.nih.gov/pubmed/9452052
http://www.ncbi.nlm.nih.gov/pubmed/8742474
http://www.ncbi.nlm.nih.gov/pubmed/16170650
http://www.ncbi.nlm.nih.gov/pubmed/20643764
http://www.ncbi.nlm.nih.gov/pubmed/16301862
http://www.ncbi.nlm.nih.gov/pubmed/16301862
http://www.ncbi.nlm.nih.gov/pubmed/18502968
http://www.ncbi.nlm.nih.gov/pubmed/16301862
http://www.ncbi.nlm.nih.gov/pubmed/18502968
http://www.ncbi.nlm.nih.gov/pubmed/16301862
http://www.ncbi.nlm.nih.gov/pubmed/19002359
http://www.ncbi.nlm.nih.gov/pubmed/8840969
http://www.ncbi.nlm.nih.gov/pubmed/15459969
http://www.ncbi.nlm.nih.gov/pubmed/9415689
http://www.ncbi.nlm.nih.gov/pubmed/16088933
http://www.ncbi.nlm.nih.gov/pubmed/16203740
http://www.ncbi.nlm.nih.gov/pubmed/24204797
http://www.ncbi.nlm.nih.gov/pubmed/21368767
http://www.ncbi.nlm.nih.gov/pubmed/22952776
http://www.ncbi.nlm.nih.gov/pubmed/22952776
http://www.ncbi.nlm.nih.gov/pubmed/15712338
http://www.ncbi.nlm.nih.gov/pubmed/10649784
http://www.ncbi.nlm.nih.gov/pubmed/15459969
http://www.ncbi.nlm.nih.gov/pubmed/12655573
http://www.ncbi.nlm.nih.gov/pubmed/19521425
http://www.ncbi.nlm.nih.gov/pubmed/8981943
http://www.ncbi.nlm.nih.gov/pubmed/18502968
http://www.ncbi.nlm.nih.gov/pubmed/22952776
http://www.ncbi.nlm.nih.gov/pubmed/11886535
http://www.ncbi.nlm.nih.gov/pubmed/23335809
http://www.ncbi.nlm.nih.gov/pubmed/22320991
http://www.ncbi.nlm.nih.gov/pubmed/9467011
http://www.ncbi.nlm.nih.gov/pubmed/21194675
http://www.ncbi.nlm.nih.gov/pubmed/10400993
http://www.ncbi.nlm.nih.gov/pubmed/9467011
http://www.ncbi.nlm.nih.gov/pubmed/10234502
http://www.ncbi.nlm.nih.gov/pubmed/21194675
http://www.ncbi.nlm.nih.gov/pubmed/23335809
http://www.ncbi.nlm.nih.gov/pubmed/9832031
http://www.ncbi.nlm.nih.gov/pubmed/11071384
http://www.ncbi.nlm.nih.gov/pubmed/21194675
http://www.ncbi.nlm.nih.gov/pubmed/9259288
http://www.ncbi.nlm.nih.gov/pubmed/24375884
http://www.ncbi.nlm.nih.gov/pubmed/11071384
http://www.ncbi.nlm.nih.gov/pubmed/12786840
http://www.ncbi.nlm.nih.gov/pubmed/9425889
http://www.ncbi.nlm.nih.gov/pubmed/17526801
http://www.ncbi.nlm.nih.gov/pubmed/11332402
http://www.ncbi.nlm.nih.gov/pubmed/21194675
http://www.ncbi.nlm.nih.gov/pubmed/10400993
http://www.ncbi.nlm.nih.gov/pubmed/15372512
http://www.ncbi.nlm.nih.gov/pubmed/23335809
http://www.ncbi.nlm.nih.gov/pubmed/19265751
http://www.ncbi.nlm.nih.gov/pubmed/19265751
http://www.ncbi.nlm.nih.gov/pubmed/10400993
http://www.ncbi.nlm.nih.gov/pubmed/10959096
http://www.ncbi.nlm.nih.gov/pubmed/11071384
http://www.ncbi.nlm.nih.gov/pubmed/10234502
http://www.ncbi.nlm.nih.gov/pubmed/9600246
http://www.ncbi.nlm.nih.gov/pubmed/15372512
http://www.ncbi.nlm.nih.gov/pubmed/21194675
http://www.ncbi.nlm.nih.gov/pubmed/21194675
http://www.ncbi.nlm.nih.gov/pubmed/19265751
http://www.ncbi.nlm.nih.gov/pubmed/24411943
http://www.ncbi.nlm.nih.gov/pubmed/12372404
http://www.ncbi.nlm.nih.gov/pubmed/1302009
http://www.ncbi.nlm.nih.gov/pubmed/24058597
http://www.ncbi.nlm.nih.gov/pubmed/19061984
http://www.ncbi.nlm.nih.gov/pubmed/9649554
http://www.ncbi.nlm.nih.gov/pubmed/20152661
http://www.ncbi.nlm.nih.gov/pubmed/19061984
http://www.ncbi.nlm.nih.gov/pubmed/23771181
http://www.ncbi.nlm.nih.gov/pubmed/23771181
http://www.ncbi.nlm.nih.gov/pubmed/23771181
http://www.ncbi.nlm.nih.gov/pubmed/21533187
http://www.ncbi.nlm.nih.gov/pubmed/21533187
http://www.ncbi.nlm.nih.gov/pubmed/21533187
http://www.ncbi.nlm.nih.gov/pubmed/10700239
http://www.ncbi.nlm.nih.gov/pubmed/12073144
http://www.ncbi.nlm.nih.gov/pubmed/7621884
http://www.ncbi.nlm.nih.gov/pubmed/12716971
http://www.ncbi.nlm.nih.gov/pubmed/21722858
http://www.ncbi.nlm.nih.gov/pubmed/21722858
http://www.ncbi.nlm.nih.gov/pubmed/20684003
http://www.ncbi.nlm.nih.gov/pubmed/19350512
http://www.ncbi.nlm.nih.gov/pubmed/16917893
http://www.ncbi.nlm.nih.gov/pubmed/9222757
http://www.ncbi.nlm.nih.gov/pubmed/22237589
http://www.ncbi.nlm.nih.gov/pubmed/21542064
http://www.ncbi.nlm.nih.gov/pubmed/22237589
http://www.ncbi.nlm.nih.gov/pubmed/8841415
invalid literal for int() with base 10: 'HGOL'
http://www.ncbi.nlm.nih.gov/pubmed/10319579
http://www.ncbi.nlm.nih.gov/pubmed/19350512
http://www.ncbi.nlm.nih.gov/pubmed/19715471
http://www.ncbi.nlm.nih.gov/pubmed/20691405
http://www.ncbi.nlm.nih.gov/pubmed/19648921
http://www.ncbi.nlm.nih.gov/pubmed/24035636
http://www.ncbi.nlm.nih.gov/pubmed/19648921
http://www.ncbi.nlm.nih.gov/pubmed/19648921
http://www.ncbi.nlm.nih.gov/pubmed/19648921
http://www.ncbi.nlm.nih.gov/pubmed/19648921
http://www.ncbi.nlm.nih.gov/pubmed/9536091
http://www.ncbi.nlm.nih.gov/pubmed/21646031
http://www.ncbi.nlm.nih.gov/pubmed/9529348
http://www.ncbi.nlm.nih.gov/pubmed/21646031
http://www.ncbi.nlm.nih.gov/pubmed/21646031
http://www.ncbi.nlm.nih.gov/pubmed/9529348
http://www.ncbi.nlm.nih.gov/pubmed/16786513
http://www.ncbi.nlm.nih.gov/pubmed/8279469
http://www.ncbi.nlm.nih.gov/pubmed/12929201
http://www.ncbi.nlm.nih.gov/pubmed/17324573
http://www.ncbi.nlm.nih.gov/pubmed/19472443
http://www.ncbi.nlm.nih.gov/pubmed/16786513
http://www.ncbi.nlm.nih.gov/pubmed/19433441
http://www.ncbi.nlm.nih.gov/pubmed/19251976
http://www.ncbi.nlm.nih.gov/pubmed/19433441
http://www.ncbi.nlm.nih.gov/pubmed/17404776
http://www.ncbi.nlm.nih.gov/pubmed/16786513
http://www.ncbi.nlm.nih.gov/pubmed/19472443
http://www.ncbi.nlm.nih.gov/pubmed/16786513
http://www.ncbi.nlm.nih.gov/pubmed/16786513
http://www.ncbi.nlm.nih.gov/pubmed/14551916
http://www.ncbi.nlm.nih.gov/pubmed/23430801
http://www.ncbi.nlm.nih.gov/pubmed/9341885
http://www.ncbi.nlm.nih.gov/pubmed/7627180
http://www.ncbi.nlm.nih.gov/pubmed/10408783
http://www.ncbi.nlm.nih.gov/pubmed/7627180
http://www.ncbi.nlm.nih.gov/pubmed/21412941
http://www.ncbi.nlm.nih.gov/pubmed/23599695
http://www.ncbi.nlm.nih.gov/pubmed/10835631
http://www.ncbi.nlm.nih.gov/pubmed/19953648
http://www.ncbi.nlm.nih.gov/pubmed/19953648
http://www.ncbi.nlm.nih.gov/pubmed/10835631
http://www.ncbi.nlm.nih.gov/pubmed/20159109
http://www.ncbi.nlm.nih.gov/pubmed/23420520
http://www.ncbi.nlm.nih.gov/pubmed/23453666
http://www.ncbi.nlm.nih.gov/pubmed/23420520
http://www.ncbi.nlm.nih.gov/pubmed/23420520
http://www.ncbi.nlm.nih.gov/pubmed/20512159
http://www.ncbi.nlm.nih.gov/pubmed/15696165
http://www.ncbi.nlm.nih.gov/pubmed/15696165
http://www.ncbi.nlm.nih.gov/pubmed/23420520
http://www.ncbi.nlm.nih.gov/pubmed/16532399
http://www.ncbi.nlm.nih.gov/pubmed/22542183
http://www.ncbi.nlm.nih.gov/pubmed/16474176
http://www.ncbi.nlm.nih.gov/pubmed/24093751
http://www.ncbi.nlm.nih.gov/pubmed/24139550
http://www.ncbi.nlm.nih.gov/pubmed/20400964
http://www.ncbi.nlm.nih.gov/pubmed/22006311
http://www.ncbi.nlm.nih.gov/pubmed/21616938
http://www.ncbi.nlm.nih.gov/pubmed/22538716
http://www.ncbi.nlm.nih.gov/pubmed/20400964
http://www.ncbi.nlm.nih.gov/pubmed/22725699
http://www.ncbi.nlm.nih.gov/pubmed/22725699
http://www.ncbi.nlm.nih.gov/pubmed/21822267
http://www.ncbi.nlm.nih.gov/pubmed/21822267
http://www.ncbi.nlm.nih.gov/pubmed/22652533
http://www.ncbi.nlm.nih.gov/pubmed/21184155
http://www.ncbi.nlm.nih.gov/pubmed/20157724
http://www.ncbi.nlm.nih.gov/pubmed/16931511
http://www.ncbi.nlm.nih.gov/pubmed/16945936
http://www.ncbi.nlm.nih.gov/pubmed/12807980
http://www.ncbi.nlm.nih.gov/pubmed/22678886
http://www.ncbi.nlm.nih.gov/pubmed/20635367
http://www.ncbi.nlm.nih.gov/pubmed/22569581
http://www.ncbi.nlm.nih.gov/pubmed/24047924
http://www.ncbi.nlm.nih.gov/pubmed/17847012
http://www.ncbi.nlm.nih.gov/pubmed/24038909
http://www.ncbi.nlm.nih.gov/pubmed/18446851
http://www.ncbi.nlm.nih.gov/pubmed/24038909
http://www.ncbi.nlm.nih.gov/pubmed/18446851
http://www.ncbi.nlm.nih.gov/pubmed/18446851
http://www.ncbi.nlm.nih.gov/pubmed/23165854
http://www.ncbi.nlm.nih.gov/pubmed/18446851
http://www.ncbi.nlm.nih.gov/pubmed/24038909
http://www.ncbi.nlm.nih.gov/pubmed/18446851
http://www.ncbi.nlm.nih.gov/pubmed/18363760
http://www.ncbi.nlm.nih.gov/pubmed/24038909
http://www.ncbi.nlm.nih.gov/pubmed/24038909
http://www.ncbi.nlm.nih.gov/pubmed/18446851
http://www.ncbi.nlm.nih.gov/pubmed/18446851
http://www.ncbi.nlm.nih.gov/pubmed/17576779
http://www.ncbi.nlm.nih.gov/pubmed/22736936
http://www.ncbi.nlm.nih.gov/pubmed/16463005
http://www.ncbi.nlm.nih.gov/pubmed/15776430
http://www.ncbi.nlm.nih.gov/pubmed/24225018
http://www.ncbi.nlm.nih.gov/pubmed/14722923
http://www.ncbi.nlm.nih.gov/pubmed/12541220
http://www.ncbi.nlm.nih.gov/pubmed/18449911
http://www.ncbi.nlm.nih.gov/pubmed/12541220
http://www.ncbi.nlm.nih.gov/pubmed/8178820
http://www.ncbi.nlm.nih.gov/pubmed/9639842
http://www.ncbi.nlm.nih.gov/pubmed/20090211
http://www.ncbi.nlm.nih.gov/pubmed/21763628
http://www.ncbi.nlm.nih.gov/pubmed/2601691
http://www.ncbi.nlm.nih.gov/pubmed/10671068
http://www.ncbi.nlm.nih.gov/pubmed/24225018
http://www.ncbi.nlm.nih.gov/pubmed/16343894
http://www.ncbi.nlm.nih.gov/pubmed/15884040
http://www.ncbi.nlm.nih.gov/pubmed/9311732
http://www.ncbi.nlm.nih.gov/pubmed/10882758
http://www.ncbi.nlm.nih.gov/pubmed/10882758
http://www.ncbi.nlm.nih.gov/pubmed/8651278
http://www.ncbi.nlm.nih.gov/pubmed/18181215
http://www.ncbi.nlm.nih.gov/pubmed/8118465
http://www.ncbi.nlm.nih.gov/pubmed/10671068
http://www.ncbi.nlm.nih.gov/pubmed/12541220
http://www.ncbi.nlm.nih.gov/pubmed/15166261
http://www.ncbi.nlm.nih.gov/pubmed/17096365
http://www.ncbi.nlm.nih.gov/pubmed/18449911
http://www.ncbi.nlm.nih.gov/pubmed/14722923
http://www.ncbi.nlm.nih.gov/pubmed/10671068
http://www.ncbi.nlm.nih.gov/pubmed/12541220
http://www.ncbi.nlm.nih.gov/pubmed/12541220
http://www.ncbi.nlm.nih.gov/pubmed/22205104
http://www.ncbi.nlm.nih.gov/pubmed/12187430
http://www.ncbi.nlm.nih.gov/pubmed/18181215
http://www.ncbi.nlm.nih.gov/pubmed/15884040
http://www.ncbi.nlm.nih.gov/pubmed/12541220


PS:

Read file <data/skip/scraping_pubmed_chunks/logs/chunk24.e> for stderr output of this job.

