Sender: LSF System <lsf@node0922>
Subject: Job 9582144: <scrape.25> in cluster <cromwell> Done

Job <scrape.25> was submitted from host <gold> by user <birnbaum> in cluster <cromwell>.
Job was executed on host(s) <node0922>, in queue <hour>, as user <birnbaum> in cluster <cromwell>.
</home/unix/birnbaum> was used as the home directory.
</humgen/atgu1/fs03/birnbaum/cryptic-splice> was used as the working directory.
Started at Thu Jun  2 16:38:06 2016
Results reported on Thu Jun  2 16:47:56 2016

Your job looked like:

------------------------------------------------------------
# LSBATCH: User input
python src/scrape_pubmed_abstracts.py -p data/skip/hgmd_splice_pmids.txt --include "exon skipping" --include "skipping of exon" --exclude "cryptic splice site" --exclude "cryptic donor" --exclude "cryptic acceptor" -o data/skip/scraping_pubmed_chunks/chunk25.txt --chunk 25/30
------------------------------------------------------------

Successfully completed.

Resource usage summary:

    CPU time :               111.24 sec.
    Max Memory :             2250 MB
    Average Memory :         2249.00 MB
    Total Requested Memory : 750.00 MB
    Delta Memory :           -1500.00 MB
    (Delta: the difference between Total Requested Memory and Max Memory.)
    Max Processes :          3
    Max Threads :            4

The output (if any) follows:

http://www.ncbi.nlm.nih.gov/pubmed/14769601
http://www.ncbi.nlm.nih.gov/pubmed/18181215
http://www.ncbi.nlm.nih.gov/pubmed/14722923
http://www.ncbi.nlm.nih.gov/pubmed/15884040
http://www.ncbi.nlm.nih.gov/pubmed/23301675
http://www.ncbi.nlm.nih.gov/pubmed/11480772
http://www.ncbi.nlm.nih.gov/pubmed/24225018
http://www.ncbi.nlm.nih.gov/pubmed/19280657
http://www.ncbi.nlm.nih.gov/pubmed/15884040
http://www.ncbi.nlm.nih.gov/pubmed/8651278
http://www.ncbi.nlm.nih.gov/pubmed/14769601
http://www.ncbi.nlm.nih.gov/pubmed/24225018
http://www.ncbi.nlm.nih.gov/pubmed/11189328
http://www.ncbi.nlm.nih.gov/pubmed/11480772
http://www.ncbi.nlm.nih.gov/pubmed/18449911
http://www.ncbi.nlm.nih.gov/pubmed/7981694
http://www.ncbi.nlm.nih.gov/pubmed/11317357
http://www.ncbi.nlm.nih.gov/pubmed/18449911
http://www.ncbi.nlm.nih.gov/pubmed/8651278
http://www.ncbi.nlm.nih.gov/pubmed/14722923
http://www.ncbi.nlm.nih.gov/pubmed/15776430
http://www.ncbi.nlm.nih.gov/pubmed/15884040
http://www.ncbi.nlm.nih.gov/pubmed/18181215
http://www.ncbi.nlm.nih.gov/pubmed/12541220
http://www.ncbi.nlm.nih.gov/pubmed/8178820
http://www.ncbi.nlm.nih.gov/pubmed/24225018
http://www.ncbi.nlm.nih.gov/pubmed/7704558
http://www.ncbi.nlm.nih.gov/pubmed/18181215
http://www.ncbi.nlm.nih.gov/pubmed/22963398
http://www.ncbi.nlm.nih.gov/pubmed/8651278
http://www.ncbi.nlm.nih.gov/pubmed/11317357
http://www.ncbi.nlm.nih.gov/pubmed/8364580
http://www.ncbi.nlm.nih.gov/pubmed/15884040
http://www.ncbi.nlm.nih.gov/pubmed/18449911
http://www.ncbi.nlm.nih.gov/pubmed/17096365
http://www.ncbi.nlm.nih.gov/pubmed/12541220
http://www.ncbi.nlm.nih.gov/pubmed/15605413
http://www.ncbi.nlm.nih.gov/pubmed/14769601
http://www.ncbi.nlm.nih.gov/pubmed/18181215
http://www.ncbi.nlm.nih.gov/pubmed/24225018
http://www.ncbi.nlm.nih.gov/pubmed/14722923
http://www.ncbi.nlm.nih.gov/pubmed/24225018
http://www.ncbi.nlm.nih.gov/pubmed/12541220
http://www.ncbi.nlm.nih.gov/pubmed/15605413
http://www.ncbi.nlm.nih.gov/pubmed/15884040
http://www.ncbi.nlm.nih.gov/pubmed/15884040
http://www.ncbi.nlm.nih.gov/pubmed/12402348
http://www.ncbi.nlm.nih.gov/pubmed/18181215
http://www.ncbi.nlm.nih.gov/pubmed/15884040
http://www.ncbi.nlm.nih.gov/pubmed/15605413
http://www.ncbi.nlm.nih.gov/pubmed/17960112
http://www.ncbi.nlm.nih.gov/pubmed/12541220
http://www.ncbi.nlm.nih.gov/pubmed/2521957
http://www.ncbi.nlm.nih.gov/pubmed/22205104
http://www.ncbi.nlm.nih.gov/pubmed/9341870
http://www.ncbi.nlm.nih.gov/pubmed/11668642
http://www.ncbi.nlm.nih.gov/pubmed/1662795
http://www.ncbi.nlm.nih.gov/pubmed/12541220
http://www.ncbi.nlm.nih.gov/pubmed/12402348
http://www.ncbi.nlm.nih.gov/pubmed/14722923
http://www.ncbi.nlm.nih.gov/pubmed/18449911
http://www.ncbi.nlm.nih.gov/pubmed/2601691
http://www.ncbi.nlm.nih.gov/pubmed/18181215
http://www.ncbi.nlm.nih.gov/pubmed/15884040
http://www.ncbi.nlm.nih.gov/pubmed/24225018
http://www.ncbi.nlm.nih.gov/pubmed/20090211
http://www.ncbi.nlm.nih.gov/pubmed/24225018
http://www.ncbi.nlm.nih.gov/pubmed/18449911
http://www.ncbi.nlm.nih.gov/pubmed/24282159
http://www.ncbi.nlm.nih.gov/pubmed/14769601
http://www.ncbi.nlm.nih.gov/pubmed/15605413
http://www.ncbi.nlm.nih.gov/pubmed/24225018
http://www.ncbi.nlm.nih.gov/pubmed/14625809
http://www.ncbi.nlm.nih.gov/pubmed/12173465
http://www.ncbi.nlm.nih.gov/pubmed/23532519
http://www.ncbi.nlm.nih.gov/pubmed/12541220
http://www.ncbi.nlm.nih.gov/pubmed/12541220
http://www.ncbi.nlm.nih.gov/pubmed/18449911
http://www.ncbi.nlm.nih.gov/pubmed/17299438
http://www.ncbi.nlm.nih.gov/pubmed/18449911
http://www.ncbi.nlm.nih.gov/pubmed/18181215
http://www.ncbi.nlm.nih.gov/pubmed/16343894
http://www.ncbi.nlm.nih.gov/pubmed/23301675
http://www.ncbi.nlm.nih.gov/pubmed/24225018
http://www.ncbi.nlm.nih.gov/pubmed/11333669
http://www.ncbi.nlm.nih.gov/pubmed/18181215
http://www.ncbi.nlm.nih.gov/pubmed/12541220
http://www.ncbi.nlm.nih.gov/pubmed/15605413
http://www.ncbi.nlm.nih.gov/pubmed/12541220
http://www.ncbi.nlm.nih.gov/pubmed/16595082
http://www.ncbi.nlm.nih.gov/pubmed/15605413
http://www.ncbi.nlm.nih.gov/pubmed/18449911
http://www.ncbi.nlm.nih.gov/pubmed/18449911
http://www.ncbi.nlm.nih.gov/pubmed/18181215
http://www.ncbi.nlm.nih.gov/pubmed/10671068
http://www.ncbi.nlm.nih.gov/pubmed/20090211
http://www.ncbi.nlm.nih.gov/pubmed/12955724
http://www.ncbi.nlm.nih.gov/pubmed/15776430
http://www.ncbi.nlm.nih.gov/pubmed/22084214
http://www.ncbi.nlm.nih.gov/pubmed/17960112
http://www.ncbi.nlm.nih.gov/pubmed/16595082
http://www.ncbi.nlm.nih.gov/pubmed/10991691
http://www.ncbi.nlm.nih.gov/pubmed/12541220
http://www.ncbi.nlm.nih.gov/pubmed/8364580
http://www.ncbi.nlm.nih.gov/pubmed/24225018
http://www.ncbi.nlm.nih.gov/pubmed/7795591
http://www.ncbi.nlm.nih.gov/pubmed/8651278
http://www.ncbi.nlm.nih.gov/pubmed/8651278
http://www.ncbi.nlm.nih.gov/pubmed/11317357
http://www.ncbi.nlm.nih.gov/pubmed/17960112
http://www.ncbi.nlm.nih.gov/pubmed/18181215
http://www.ncbi.nlm.nih.gov/pubmed/12541220
http://www.ncbi.nlm.nih.gov/pubmed/11668642
http://www.ncbi.nlm.nih.gov/pubmed/22219649
http://www.ncbi.nlm.nih.gov/pubmed/11317357
http://www.ncbi.nlm.nih.gov/pubmed/24225018
http://www.ncbi.nlm.nih.gov/pubmed/19280657
http://www.ncbi.nlm.nih.gov/pubmed/11317357
http://www.ncbi.nlm.nih.gov/pubmed/12541220
http://www.ncbi.nlm.nih.gov/pubmed/18181215
http://www.ncbi.nlm.nih.gov/pubmed/24225018
http://www.ncbi.nlm.nih.gov/pubmed/8364580
http://www.ncbi.nlm.nih.gov/pubmed/14722923
http://www.ncbi.nlm.nih.gov/pubmed/18449911
http://www.ncbi.nlm.nih.gov/pubmed/18181215
http://www.ncbi.nlm.nih.gov/pubmed/14722923
http://www.ncbi.nlm.nih.gov/pubmed/22180099
http://www.ncbi.nlm.nih.gov/pubmed/21998596
http://www.ncbi.nlm.nih.gov/pubmed/24319099
http://www.ncbi.nlm.nih.gov/pubmed/23889995
http://www.ncbi.nlm.nih.gov/pubmed/24259342
http://www.ncbi.nlm.nih.gov/pubmed/23189188
http://www.ncbi.nlm.nih.gov/pubmed/17186464
http://www.ncbi.nlm.nih.gov/pubmed/24265693
http://www.ncbi.nlm.nih.gov/pubmed/22065924
http://www.ncbi.nlm.nih.gov/pubmed/15322982
http://www.ncbi.nlm.nih.gov/pubmed/21529959
http://www.ncbi.nlm.nih.gov/pubmed/19215054
http://www.ncbi.nlm.nih.gov/pubmed/18644145
http://www.ncbi.nlm.nih.gov/pubmed/21618648
http://www.ncbi.nlm.nih.gov/pubmed/16826527
http://www.ncbi.nlm.nih.gov/pubmed/18321925
http://www.ncbi.nlm.nih.gov/pubmed/22703882
http://www.ncbi.nlm.nih.gov/pubmed/19072839
http://www.ncbi.nlm.nih.gov/pubmed/21618648
http://www.ncbi.nlm.nih.gov/pubmed/18321925
http://www.ncbi.nlm.nih.gov/pubmed/18321925
http://www.ncbi.nlm.nih.gov/pubmed/10973257
http://www.ncbi.nlm.nih.gov/pubmed/22095942
http://www.ncbi.nlm.nih.gov/pubmed/22095942
http://www.ncbi.nlm.nih.gov/pubmed/16116425
http://www.ncbi.nlm.nih.gov/pubmed/18192836
http://www.ncbi.nlm.nih.gov/pubmed/16116425
http://www.ncbi.nlm.nih.gov/pubmed/15142370
http://www.ncbi.nlm.nih.gov/pubmed/15579915
http://www.ncbi.nlm.nih.gov/pubmed/9090527
http://www.ncbi.nlm.nih.gov/pubmed/7997019
http://www.ncbi.nlm.nih.gov/pubmed/10458491
http://www.ncbi.nlm.nih.gov/pubmed/11436122
http://www.ncbi.nlm.nih.gov/pubmed/10090908
http://www.ncbi.nlm.nih.gov/pubmed/8896569
http://www.ncbi.nlm.nih.gov/pubmed/22174939
http://www.ncbi.nlm.nih.gov/pubmed/11955539
http://www.ncbi.nlm.nih.gov/pubmed/12566528
http://www.ncbi.nlm.nih.gov/pubmed/9090527
http://www.ncbi.nlm.nih.gov/pubmed/7704557
http://www.ncbi.nlm.nih.gov/pubmed/9094028
http://www.ncbi.nlm.nih.gov/pubmed/22174939
http://www.ncbi.nlm.nih.gov/pubmed/17108762
http://www.ncbi.nlm.nih.gov/pubmed/22174939
http://www.ncbi.nlm.nih.gov/pubmed/22174939
http://www.ncbi.nlm.nih.gov/pubmed/22174939
http://www.ncbi.nlm.nih.gov/pubmed/10090908
http://www.ncbi.nlm.nih.gov/pubmed/21222160
http://www.ncbi.nlm.nih.gov/pubmed/7581377
http://www.ncbi.nlm.nih.gov/pubmed/12872262
http://www.ncbi.nlm.nih.gov/pubmed/11436122
http://www.ncbi.nlm.nih.gov/pubmed/12872262
http://www.ncbi.nlm.nih.gov/pubmed/22174939
http://www.ncbi.nlm.nih.gov/pubmed/22174939
http://www.ncbi.nlm.nih.gov/pubmed/12872262
http://www.ncbi.nlm.nih.gov/pubmed/11955539
http://www.ncbi.nlm.nih.gov/pubmed/21542403
http://www.ncbi.nlm.nih.gov/pubmed/22174939
http://www.ncbi.nlm.nih.gov/pubmed/7704557
http://www.ncbi.nlm.nih.gov/pubmed/22174939
http://www.ncbi.nlm.nih.gov/pubmed/15744028
http://www.ncbi.nlm.nih.gov/pubmed/22174939
http://www.ncbi.nlm.nih.gov/pubmed/17091122
http://www.ncbi.nlm.nih.gov/pubmed/17108762
http://www.ncbi.nlm.nih.gov/pubmed/10790203
http://www.ncbi.nlm.nih.gov/pubmed/7581377
http://www.ncbi.nlm.nih.gov/pubmed/22174939
http://www.ncbi.nlm.nih.gov/pubmed/22395866
http://www.ncbi.nlm.nih.gov/pubmed/15744028
http://www.ncbi.nlm.nih.gov/pubmed/22648184
http://www.ncbi.nlm.nih.gov/pubmed/22174939
http://www.ncbi.nlm.nih.gov/pubmed/9401005
http://www.ncbi.nlm.nih.gov/pubmed/10079298
http://www.ncbi.nlm.nih.gov/pubmed/7744245
http://www.ncbi.nlm.nih.gov/pubmed/20148032
http://www.ncbi.nlm.nih.gov/pubmed/20148032
http://www.ncbi.nlm.nih.gov/pubmed/20148032
http://www.ncbi.nlm.nih.gov/pubmed/14574520
http://www.ncbi.nlm.nih.gov/pubmed/16003176
http://www.ncbi.nlm.nih.gov/pubmed/9716608
http://www.ncbi.nlm.nih.gov/pubmed/9746795
http://www.ncbi.nlm.nih.gov/pubmed/9759472
http://www.ncbi.nlm.nih.gov/pubmed/9442063
http://www.ncbi.nlm.nih.gov/pubmed/10467273
http://www.ncbi.nlm.nih.gov/pubmed/19453979
http://www.ncbi.nlm.nih.gov/pubmed/23252593
http://www.ncbi.nlm.nih.gov/pubmed/19453979
http://www.ncbi.nlm.nih.gov/pubmed/9657766
http://www.ncbi.nlm.nih.gov/pubmed/23252593
http://www.ncbi.nlm.nih.gov/pubmed/19453979
invalid literal for int() with base 10: 'LSDB'
http://www.ncbi.nlm.nih.gov/pubmed/17348873
http://www.ncbi.nlm.nih.gov/pubmed/23228153
http://www.ncbi.nlm.nih.gov/pubmed/15752151
http://www.ncbi.nlm.nih.gov/pubmed/11495631
http://www.ncbi.nlm.nih.gov/pubmed/17465951
http://www.ncbi.nlm.nih.gov/pubmed/23216299
http://www.ncbi.nlm.nih.gov/pubmed/19243542
http://www.ncbi.nlm.nih.gov/pubmed/23216299
http://www.ncbi.nlm.nih.gov/pubmed/23216299
http://www.ncbi.nlm.nih.gov/pubmed/20723165
http://www.ncbi.nlm.nih.gov/pubmed/23228153
invalid literal for int() with base 10: 'HGOL'
invalid literal for int() with base 10: 'HGOL'
invalid literal for int() with base 10: 'LSDB'
http://www.ncbi.nlm.nih.gov/pubmed/11495631
invalid literal for int() with base 10: 'HGOL'
http://www.ncbi.nlm.nih.gov/pubmed/17465951
http://www.ncbi.nlm.nih.gov/pubmed/11495631
http://www.ncbi.nlm.nih.gov/pubmed/10874327
http://www.ncbi.nlm.nih.gov/pubmed/20591486
http://www.ncbi.nlm.nih.gov/pubmed/18837008
http://www.ncbi.nlm.nih.gov/pubmed/8317502
http://www.ncbi.nlm.nih.gov/pubmed/7819178
http://www.ncbi.nlm.nih.gov/pubmed/8807346
http://www.ncbi.nlm.nih.gov/pubmed/11868161
http://www.ncbi.nlm.nih.gov/pubmed/10102299
http://www.ncbi.nlm.nih.gov/pubmed/22559933
http://www.ncbi.nlm.nih.gov/pubmed/23665959
http://www.ncbi.nlm.nih.gov/pubmed/23022099
http://www.ncbi.nlm.nih.gov/pubmed/23592335
http://www.ncbi.nlm.nih.gov/pubmed/23592335
http://www.ncbi.nlm.nih.gov/pubmed/17846997
http://www.ncbi.nlm.nih.gov/pubmed/24183309
http://www.ncbi.nlm.nih.gov/pubmed/17846997
http://www.ncbi.nlm.nih.gov/pubmed/24183309
http://www.ncbi.nlm.nih.gov/pubmed/22882256
http://www.ncbi.nlm.nih.gov/pubmed/17846997
http://www.ncbi.nlm.nih.gov/pubmed/16845400
http://www.ncbi.nlm.nih.gov/pubmed/24183309
http://www.ncbi.nlm.nih.gov/pubmed/24183309
http://www.ncbi.nlm.nih.gov/pubmed/19525954
http://www.ncbi.nlm.nih.gov/pubmed/19525954
http://www.ncbi.nlm.nih.gov/pubmed/23352160
http://www.ncbi.nlm.nih.gov/pubmed/22495306
http://www.ncbi.nlm.nih.gov/pubmed/15105459
http://www.ncbi.nlm.nih.gov/pubmed/21850172
http://www.ncbi.nlm.nih.gov/pubmed/22424600
http://www.ncbi.nlm.nih.gov/pubmed/22424600
http://www.ncbi.nlm.nih.gov/pubmed/11992260
http://www.ncbi.nlm.nih.gov/pubmed/10937588
http://www.ncbi.nlm.nih.gov/pubmed/20625056
http://www.ncbi.nlm.nih.gov/pubmed/11462235
http://www.ncbi.nlm.nih.gov/pubmed/18552978
http://www.ncbi.nlm.nih.gov/pubmed/16969763
http://www.ncbi.nlm.nih.gov/pubmed/18552978
http://www.ncbi.nlm.nih.gov/pubmed/19516003
http://www.ncbi.nlm.nih.gov/pubmed/14564670
http://www.ncbi.nlm.nih.gov/pubmed/14564670
http://www.ncbi.nlm.nih.gov/pubmed/9326941
http://www.ncbi.nlm.nih.gov/pubmed/21911650
http://www.ncbi.nlm.nih.gov/pubmed/18539930
http://www.ncbi.nlm.nih.gov/pubmed/15024725
http://www.ncbi.nlm.nih.gov/pubmed/14611946
http://www.ncbi.nlm.nih.gov/pubmed/16123401
http://www.ncbi.nlm.nih.gov/pubmed/11095629
http://www.ncbi.nlm.nih.gov/pubmed/16123401
http://www.ncbi.nlm.nih.gov/pubmed/9501220
http://www.ncbi.nlm.nih.gov/pubmed/16123401
http://www.ncbi.nlm.nih.gov/pubmed/11095629
http://www.ncbi.nlm.nih.gov/pubmed/22807296
http://www.ncbi.nlm.nih.gov/pubmed/22164218
http://www.ncbi.nlm.nih.gov/pubmed/16123401
http://www.ncbi.nlm.nih.gov/pubmed/10090910
http://www.ncbi.nlm.nih.gov/pubmed/9326941
http://www.ncbi.nlm.nih.gov/pubmed/10480356
http://www.ncbi.nlm.nih.gov/pubmed/10480356
http://www.ncbi.nlm.nih.gov/pubmed/23150612
http://www.ncbi.nlm.nih.gov/pubmed/9326322
http://www.ncbi.nlm.nih.gov/pubmed/21326217
http://www.ncbi.nlm.nih.gov/pubmed/11992260
http://www.ncbi.nlm.nih.gov/pubmed/16969763
http://www.ncbi.nlm.nih.gov/pubmed/17195164
http://www.ncbi.nlm.nih.gov/pubmed/17195164
http://www.ncbi.nlm.nih.gov/pubmed/9326322
http://www.ncbi.nlm.nih.gov/pubmed/10482958
http://www.ncbi.nlm.nih.gov/pubmed/17724181
http://www.ncbi.nlm.nih.gov/pubmed/10937588
http://www.ncbi.nlm.nih.gov/pubmed/15364249
http://www.ncbi.nlm.nih.gov/pubmed/10482958
http://www.ncbi.nlm.nih.gov/pubmed/14516808
http://www.ncbi.nlm.nih.gov/pubmed/22277662
http://www.ncbi.nlm.nih.gov/pubmed/23847139
http://www.ncbi.nlm.nih.gov/pubmed/10937588
http://www.ncbi.nlm.nih.gov/pubmed/9399904
http://www.ncbi.nlm.nih.gov/pubmed/10937588
http://www.ncbi.nlm.nih.gov/pubmed/10094550
http://www.ncbi.nlm.nih.gov/pubmed/23150612
http://www.ncbi.nlm.nih.gov/pubmed/10737996
invalid literal for int() with base 10: 'HGOL'
http://www.ncbi.nlm.nih.gov/pubmed/9399904
http://www.ncbi.nlm.nih.gov/pubmed/17195164
http://www.ncbi.nlm.nih.gov/pubmed/14564670
http://www.ncbi.nlm.nih.gov/pubmed/18552978
http://www.ncbi.nlm.nih.gov/pubmed/10482958
http://www.ncbi.nlm.nih.gov/pubmed/11180598
http://www.ncbi.nlm.nih.gov/pubmed/23372056
http://www.ncbi.nlm.nih.gov/pubmed/17724181
http://www.ncbi.nlm.nih.gov/pubmed/21602930
http://www.ncbi.nlm.nih.gov/pubmed/17964524
http://www.ncbi.nlm.nih.gov/pubmed/15024725
http://www.ncbi.nlm.nih.gov/pubmed/16123401
http://www.ncbi.nlm.nih.gov/pubmed/21602930
http://www.ncbi.nlm.nih.gov/pubmed/23847139
http://www.ncbi.nlm.nih.gov/pubmed/20065226
http://www.ncbi.nlm.nih.gov/pubmed/16123401
http://www.ncbi.nlm.nih.gov/pubmed/15024725
http://www.ncbi.nlm.nih.gov/pubmed/23188109
http://www.ncbi.nlm.nih.gov/pubmed/17558407
http://www.ncbi.nlm.nih.gov/pubmed/17960139
http://www.ncbi.nlm.nih.gov/pubmed/19061985
http://www.ncbi.nlm.nih.gov/pubmed/20960466
http://www.ncbi.nlm.nih.gov/pubmed/19061985
http://www.ncbi.nlm.nih.gov/pubmed/19061985
http://www.ncbi.nlm.nih.gov/pubmed/19061985
http://www.ncbi.nlm.nih.gov/pubmed/19773262
http://www.ncbi.nlm.nih.gov/pubmed/18535205
http://www.ncbi.nlm.nih.gov/pubmed/19773262
http://www.ncbi.nlm.nih.gov/pubmed/19061985
http://www.ncbi.nlm.nih.gov/pubmed/19191325
http://www.ncbi.nlm.nih.gov/pubmed/19773262
http://www.ncbi.nlm.nih.gov/pubmed/19061985
http://www.ncbi.nlm.nih.gov/pubmed/19773262
http://www.ncbi.nlm.nih.gov/pubmed/20960466
http://www.ncbi.nlm.nih.gov/pubmed/15075082
http://www.ncbi.nlm.nih.gov/pubmed/20960466
http://www.ncbi.nlm.nih.gov/pubmed/10590074
http://www.ncbi.nlm.nih.gov/pubmed/9988267
http://www.ncbi.nlm.nih.gov/pubmed/12750732
http://www.ncbi.nlm.nih.gov/pubmed/12750732
http://www.ncbi.nlm.nih.gov/pubmed/20960466
invalid literal for int() with base 10: 'HGOL'
http://www.ncbi.nlm.nih.gov/pubmed/19689926
http://www.ncbi.nlm.nih.gov/pubmed/20960466
http://www.ncbi.nlm.nih.gov/pubmed/20960466
http://www.ncbi.nlm.nih.gov/pubmed/20960466
http://www.ncbi.nlm.nih.gov/pubmed/20960466
http://www.ncbi.nlm.nih.gov/pubmed/10590074
http://www.ncbi.nlm.nih.gov/pubmed/15384984
http://www.ncbi.nlm.nih.gov/pubmed/15384984
http://www.ncbi.nlm.nih.gov/pubmed/10590074
http://www.ncbi.nlm.nih.gov/pubmed/20960466
http://www.ncbi.nlm.nih.gov/pubmed/10590074
http://www.ncbi.nlm.nih.gov/pubmed/24675553
http://www.ncbi.nlm.nih.gov/pubmed/15075082
http://www.ncbi.nlm.nih.gov/pubmed/15075082
http://www.ncbi.nlm.nih.gov/pubmed/11112378
http://www.ncbi.nlm.nih.gov/pubmed/10590074
http://www.ncbi.nlm.nih.gov/pubmed/20960466
http://www.ncbi.nlm.nih.gov/pubmed/20116044
http://www.ncbi.nlm.nih.gov/pubmed/20116044
http://www.ncbi.nlm.nih.gov/pubmed/20116044
http://www.ncbi.nlm.nih.gov/pubmed/21414820
http://www.ncbi.nlm.nih.gov/pubmed/11992250
http://www.ncbi.nlm.nih.gov/pubmed/16879200
http://www.ncbi.nlm.nih.gov/pubmed/9837815
http://www.ncbi.nlm.nih.gov/pubmed/9837815
http://www.ncbi.nlm.nih.gov/pubmed/8955270
http://www.ncbi.nlm.nih.gov/pubmed/23261961
http://www.ncbi.nlm.nih.gov/pubmed/16879200
http://www.ncbi.nlm.nih.gov/pubmed/16306095
http://www.ncbi.nlm.nih.gov/pubmed/16879200
http://www.ncbi.nlm.nih.gov/pubmed/9837815
http://www.ncbi.nlm.nih.gov/pubmed/16879200
http://www.ncbi.nlm.nih.gov/pubmed/8955270
http://www.ncbi.nlm.nih.gov/pubmed/9837815
http://www.ncbi.nlm.nih.gov/pubmed/11992250
http://www.ncbi.nlm.nih.gov/pubmed/9832033
http://www.ncbi.nlm.nih.gov/pubmed/11992250
http://www.ncbi.nlm.nih.gov/pubmed/9837815
http://www.ncbi.nlm.nih.gov/pubmed/9832033
invalid literal for int() with base 10: 'LSDB'
http://www.ncbi.nlm.nih.gov/pubmed/9837815
http://www.ncbi.nlm.nih.gov/pubmed/9837815
http://www.ncbi.nlm.nih.gov/pubmed/19061985
http://www.ncbi.nlm.nih.gov/pubmed/23718193
http://www.ncbi.nlm.nih.gov/pubmed/20817676
http://www.ncbi.nlm.nih.gov/pubmed/23107649
http://www.ncbi.nlm.nih.gov/pubmed/19125351
http://www.ncbi.nlm.nih.gov/pubmed/17486094
http://www.ncbi.nlm.nih.gov/pubmed/20809529
http://www.ncbi.nlm.nih.gov/pubmed/9618178
http://www.ncbi.nlm.nih.gov/pubmed/9618178
http://www.ncbi.nlm.nih.gov/pubmed/9618178
http://www.ncbi.nlm.nih.gov/pubmed/11217940
http://www.ncbi.nlm.nih.gov/pubmed/12383832
http://www.ncbi.nlm.nih.gov/pubmed/19390641
http://www.ncbi.nlm.nih.gov/pubmed/18728755
http://www.ncbi.nlm.nih.gov/pubmed/19390641
http://www.ncbi.nlm.nih.gov/pubmed/24505212
http://www.ncbi.nlm.nih.gov/pubmed/9326935
http://www.ncbi.nlm.nih.gov/pubmed/9618178
http://www.ncbi.nlm.nih.gov/pubmed/23453514
http://www.ncbi.nlm.nih.gov/pubmed/23453514
http://www.ncbi.nlm.nih.gov/pubmed/9618178
http://www.ncbi.nlm.nih.gov/pubmed/9618178
http://www.ncbi.nlm.nih.gov/pubmed/17987333
http://www.ncbi.nlm.nih.gov/pubmed/12920343
http://www.ncbi.nlm.nih.gov/pubmed/10533068
http://www.ncbi.nlm.nih.gov/pubmed/9618178
http://www.ncbi.nlm.nih.gov/pubmed/9618178
http://www.ncbi.nlm.nih.gov/pubmed/22039241
http://www.ncbi.nlm.nih.gov/pubmed/23993197
http://www.ncbi.nlm.nih.gov/pubmed/23993197
http://www.ncbi.nlm.nih.gov/pubmed/23993197
http://www.ncbi.nlm.nih.gov/pubmed/23993197
http://www.ncbi.nlm.nih.gov/pubmed/23993197
http://www.ncbi.nlm.nih.gov/pubmed/18085567
http://www.ncbi.nlm.nih.gov/pubmed/17041604
http://www.ncbi.nlm.nih.gov/pubmed/17041604
http://www.ncbi.nlm.nih.gov/pubmed/17805348
http://www.ncbi.nlm.nih.gov/pubmed/23453664
http://www.ncbi.nlm.nih.gov/pubmed/23591994
http://www.ncbi.nlm.nih.gov/pubmed/18723428
http://www.ncbi.nlm.nih.gov/pubmed/24100448
http://www.ncbi.nlm.nih.gov/pubmed/10508512
http://www.ncbi.nlm.nih.gov/pubmed/24100448
http://www.ncbi.nlm.nih.gov/pubmed/14608356
http://www.ncbi.nlm.nih.gov/pubmed/20407796
http://www.ncbi.nlm.nih.gov/pubmed/16270353
http://www.ncbi.nlm.nih.gov/pubmed/11857736
http://www.ncbi.nlm.nih.gov/pubmed/21131390
http://www.ncbi.nlm.nih.gov/pubmed/20648631
http://www.ncbi.nlm.nih.gov/pubmed/12815605
http://www.ncbi.nlm.nih.gov/pubmed/10545612
http://www.ncbi.nlm.nih.gov/pubmed/11857736
http://www.ncbi.nlm.nih.gov/pubmed/16140555
http://www.ncbi.nlm.nih.gov/pubmed/12196916
http://www.ncbi.nlm.nih.gov/pubmed/16463420
http://www.ncbi.nlm.nih.gov/pubmed/12719381
http://www.ncbi.nlm.nih.gov/pubmed/18253926
http://www.ncbi.nlm.nih.gov/pubmed/17483490
http://www.ncbi.nlm.nih.gov/pubmed/18253926
http://www.ncbi.nlm.nih.gov/pubmed/16917943


PS:

Read file <data/skip/scraping_pubmed_chunks/logs/chunk25.e> for stderr output of this job.

